# started on Sat Nov 22 11:42:41 2025


 Performance counter stats for '/home/leonardo.tartini/PARCO-Computing-2026-245119/results1/bin/perf_seq_program /home/leonardo.tartini/PARCO-Computing-2026-245119/data_matrices1/crankseg_1.mtx 1':

     3,336,963,976      L1-dcache-loads:u                                           
        12,052,081      L1-dcache-load-misses:u   #    0.36% of all L1-dcache hits  
           121,592      LLC-loads:u                                                 
            77,101      LLC-load-misses:u         #   63.41% of all LL-cache hits   

       2.230983261 seconds time elapsed

       1.952422000 seconds user
       0.161786000 seconds sys


# started on Sat Nov 22 11:42:44 2025


 Performance counter stats for '/home/leonardo.tartini/PARCO-Computing-2026-245119/results1/bin/perf_seq_program /home/leonardo.tartini/PARCO-Computing-2026-245119/data_matrices1/crankseg_1.mtx 1':

     3,336,963,956      L1-dcache-loads:u                                           
        11,737,100      L1-dcache-load-misses:u   #    0.35% of all L1-dcache hits  
            80,770      LLC-loads:u                                                 
            51,351      LLC-load-misses:u         #   63.58% of all LL-cache hits   

       2.048519497 seconds time elapsed

       1.969102000 seconds user
       0.073853000 seconds sys


# started on Sat Nov 22 11:42:47 2025


 Performance counter stats for '/home/leonardo.tartini/PARCO-Computing-2026-245119/results1/bin/perf_seq_program /home/leonardo.tartini/PARCO-Computing-2026-245119/data_matrices1/crankseg_1.mtx 1':

     3,336,964,015      L1-dcache-loads:u                                           
        12,428,901      L1-dcache-load-misses:u   #    0.37% of all L1-dcache hits  
           148,611      LLC-loads:u                                                 
           111,859      LLC-load-misses:u         #   75.27% of all LL-cache hits   

       2.111943606 seconds time elapsed

       1.980582000 seconds user
       0.125656000 seconds sys


# started on Sat Nov 22 11:42:50 2025


 Performance counter stats for '/home/leonardo.tartini/PARCO-Computing-2026-245119/results1/bin/perf_seq_program /home/leonardo.tartini/PARCO-Computing-2026-245119/data_matrices1/crankseg_1.mtx 1':

     3,336,963,991      L1-dcache-loads:u                                           
        12,049,806      L1-dcache-load-misses:u   #    0.36% of all L1-dcache hits  
           120,975      LLC-loads:u                                                 
            78,387      LLC-load-misses:u         #   64.80% of all LL-cache hits   

       2.083396856 seconds time elapsed

       1.975114000 seconds user
       0.101748000 seconds sys


# started on Sat Nov 22 11:42:52 2025


 Performance counter stats for '/home/leonardo.tartini/PARCO-Computing-2026-245119/results1/bin/perf_seq_program /home/leonardo.tartini/PARCO-Computing-2026-245119/data_matrices1/crankseg_1.mtx 1':

     3,336,963,955      L1-dcache-loads:u                                           
        11,552,776      L1-dcache-load-misses:u   #    0.35% of all L1-dcache hits  
            78,143      LLC-loads:u                                                 
            49,434      LLC-load-misses:u         #   63.26% of all LL-cache hits   

       2.034451306 seconds time elapsed

       1.973526000 seconds user
       0.054875000 seconds sys


# started on Sat Nov 22 11:42:55 2025


 Performance counter stats for '/home/leonardo.tartini/PARCO-Computing-2026-245119/results1/bin/perf_seq_program /home/leonardo.tartini/PARCO-Computing-2026-245119/data_matrices1/crankseg_1.mtx 1':

     3,336,964,004      L1-dcache-loads:u                                           
        12,243,907      L1-dcache-load-misses:u   #    0.37% of all L1-dcache hits  
           125,063      LLC-loads:u                                                 
            84,588      LLC-load-misses:u         #   67.64% of all LL-cache hits   

       2.109129393 seconds time elapsed

       1.976264000 seconds user
       0.125698000 seconds sys


# started on Sat Nov 22 11:42:58 2025


 Performance counter stats for '/home/leonardo.tartini/PARCO-Computing-2026-245119/results1/bin/perf_seq_program /home/leonardo.tartini/PARCO-Computing-2026-245119/data_matrices1/crankseg_1.mtx 1':

     3,336,963,957      L1-dcache-loads:u                                           
        11,644,723      L1-dcache-load-misses:u   #    0.35% of all L1-dcache hits  
            78,821      LLC-loads:u                                                 
            50,886      LLC-load-misses:u         #   64.56% of all LL-cache hits   

       2.041439099 seconds time elapsed

       1.957235000 seconds user
       0.078848000 seconds sys


# started on Sat Nov 22 11:43:01 2025


 Performance counter stats for '/home/leonardo.tartini/PARCO-Computing-2026-245119/results1/bin/perf_seq_program /home/leonardo.tartini/PARCO-Computing-2026-245119/data_matrices1/crankseg_1.mtx 1':

     3,336,964,011      L1-dcache-loads:u                                           
        12,040,645      L1-dcache-load-misses:u   #    0.36% of all L1-dcache hits  
           120,083      LLC-loads:u                                                 
            79,716      LLC-load-misses:u         #   66.38% of all LL-cache hits   

       2.093098904 seconds time elapsed

       1.976557000 seconds user
       0.104711000 seconds sys


# started on Sat Nov 22 11:43:04 2025


 Performance counter stats for '/home/leonardo.tartini/PARCO-Computing-2026-245119/results1/bin/perf_seq_program /home/leonardo.tartini/PARCO-Computing-2026-245119/data_matrices1/crankseg_1.mtx 1':

     3,336,963,956      L1-dcache-loads:u                                           
        11,681,868      L1-dcache-load-misses:u   #    0.35% of all L1-dcache hits  
            78,124      LLC-loads:u                                                 
            50,391      LLC-load-misses:u         #   64.50% of all LL-cache hits   

       2.029870252 seconds time elapsed

       1.964247000 seconds user
       0.059855000 seconds sys


# started on Sat Nov 22 11:43:07 2025


 Performance counter stats for '/home/leonardo.tartini/PARCO-Computing-2026-245119/results1/bin/perf_seq_program /home/leonardo.tartini/PARCO-Computing-2026-245119/data_matrices1/crankseg_1.mtx 1':

     3,336,963,964      L1-dcache-loads:u                                           
        12,051,363      L1-dcache-load-misses:u   #    0.36% of all L1-dcache hits  
           121,089      LLC-loads:u                                                 
            79,118      LLC-load-misses:u         #   65.34% of all LL-cache hits   

       2.086803890 seconds time elapsed

       1.969418000 seconds user
       0.110742000 seconds sys


