# started on Sat Nov 22 12:34:58 2025


 Performance counter stats for '/home/leonardo.tartini/PARCO-Computing-2026-245119/results1/bin/perf_seq_program /home/leonardo.tartini/PARCO-Computing-2026-245119/data_matrices1/msdoor.mtx 1':

     7,009,345,084      L1-dcache-loads:u                                           
        16,614,482      L1-dcache-load-misses:u   #    0.24% of all L1-dcache hits  
           229,484      LLC-loads:u                                                 
            48,474      LLC-load-misses:u         #   21.12% of all LL-cache hits   

       4.803184692 seconds time elapsed

       4.311175000 seconds user
       0.219449000 seconds sys


# started on Sat Nov 22 12:35:03 2025


 Performance counter stats for '/home/leonardo.tartini/PARCO-Computing-2026-245119/results1/bin/perf_seq_program /home/leonardo.tartini/PARCO-Computing-2026-245119/data_matrices1/msdoor.mtx 1':

     7,009,345,195      L1-dcache-loads:u                                           
        17,501,596      L1-dcache-load-misses:u   #    0.25% of all L1-dcache hits  
           364,002      LLC-loads:u                                                 
           143,610      LLC-load-misses:u         #   39.45% of all LL-cache hits   

       4.531236181 seconds time elapsed

       4.264477000 seconds user
       0.254312000 seconds sys


# started on Sat Nov 22 12:35:09 2025


 Performance counter stats for '/home/leonardo.tartini/PARCO-Computing-2026-245119/results1/bin/perf_seq_program /home/leonardo.tartini/PARCO-Computing-2026-245119/data_matrices1/msdoor.mtx 1':

     7,009,345,101      L1-dcache-loads:u                                           
        16,848,327      L1-dcache-load-misses:u   #    0.24% of all L1-dcache hits  
           222,566      LLC-loads:u                                                 
            49,853      LLC-load-misses:u         #   22.40% of all LL-cache hits   

       4.388371908 seconds time elapsed

       4.246037000 seconds user
       0.130693000 seconds sys


# started on Sat Nov 22 12:35:14 2025


 Performance counter stats for '/home/leonardo.tartini/PARCO-Computing-2026-245119/results1/bin/perf_seq_program /home/leonardo.tartini/PARCO-Computing-2026-245119/data_matrices1/msdoor.mtx 1':

     7,009,345,104      L1-dcache-loads:u                                           
        16,558,373      L1-dcache-load-misses:u   #    0.24% of all L1-dcache hits  
           224,376      LLC-loads:u                                                 
            47,602      LLC-load-misses:u         #   21.22% of all LL-cache hits   

       4.390371582 seconds time elapsed

       4.246663000 seconds user
       0.132677000 seconds sys


# started on Sat Nov 22 12:35:19 2025


 Performance counter stats for '/home/leonardo.tartini/PARCO-Computing-2026-245119/results1/bin/perf_seq_program /home/leonardo.tartini/PARCO-Computing-2026-245119/data_matrices1/msdoor.mtx 1':

     7,009,345,193      L1-dcache-loads:u                                           
        17,414,081      L1-dcache-load-misses:u   #    0.25% of all L1-dcache hits  
           362,119      LLC-loads:u                                                 
           144,840      LLC-load-misses:u         #   40.00% of all LL-cache hits   

       4.506819308 seconds time elapsed

       4.253907000 seconds user
       0.241370000 seconds sys


# started on Sat Nov 22 12:35:25 2025


 Performance counter stats for '/home/leonardo.tartini/PARCO-Computing-2026-245119/results1/bin/perf_seq_program /home/leonardo.tartini/PARCO-Computing-2026-245119/data_matrices1/msdoor.mtx 1':

     7,009,345,107      L1-dcache-loads:u                                           
        16,694,256      L1-dcache-load-misses:u   #    0.24% of all L1-dcache hits  
           224,050      LLC-loads:u                                                 
            52,398      LLC-load-misses:u         #   23.39% of all LL-cache hits   

       4.411675271 seconds time elapsed

       4.240676000 seconds user
       0.157653000 seconds sys


# started on Sat Nov 22 12:35:30 2025


 Performance counter stats for '/home/leonardo.tartini/PARCO-Computing-2026-245119/results1/bin/perf_seq_program /home/leonardo.tartini/PARCO-Computing-2026-245119/data_matrices1/msdoor.mtx 1':

     7,009,345,216      L1-dcache-loads:u                                           
        17,664,155      L1-dcache-load-misses:u   #    0.25% of all L1-dcache hits  
           378,066      LLC-loads:u                                                 
           160,976      LLC-load-misses:u         #   42.58% of all LL-cache hits   

       4.554305982 seconds time elapsed

       4.250076000 seconds user
       0.288326000 seconds sys


# started on Sat Nov 22 12:35:35 2025


 Performance counter stats for '/home/leonardo.tartini/PARCO-Computing-2026-245119/results1/bin/perf_seq_program /home/leonardo.tartini/PARCO-Computing-2026-245119/data_matrices1/msdoor.mtx 1':

     7,009,345,102      L1-dcache-loads:u                                           
        16,537,754      L1-dcache-load-misses:u   #    0.24% of all L1-dcache hits  
           224,706      LLC-loads:u                                                 
            46,129      LLC-load-misses:u         #   20.53% of all LL-cache hits   

       4.386107801 seconds time elapsed

       4.250575000 seconds user
       0.124694000 seconds sys


# started on Sat Nov 22 12:35:41 2025


 Performance counter stats for '/home/leonardo.tartini/PARCO-Computing-2026-245119/results1/bin/perf_seq_program /home/leonardo.tartini/PARCO-Computing-2026-245119/data_matrices1/msdoor.mtx 1':

     7,009,345,222      L1-dcache-loads:u                                           
        17,562,503      L1-dcache-load-misses:u   #    0.25% of all L1-dcache hits  
           379,322      LLC-loads:u                                                 
           164,709      LLC-load-misses:u         #   43.42% of all LL-cache hits   

       4.515469286 seconds time elapsed

       4.284662000 seconds user
       0.219470000 seconds sys


# started on Sat Nov 22 12:35:46 2025


 Performance counter stats for '/home/leonardo.tartini/PARCO-Computing-2026-245119/results1/bin/perf_seq_program /home/leonardo.tartini/PARCO-Computing-2026-245119/data_matrices1/msdoor.mtx 1':

     7,009,345,108      L1-dcache-loads:u                                           
        16,618,636      L1-dcache-load-misses:u   #    0.24% of all L1-dcache hits  
           224,717      LLC-loads:u                                                 
            52,294      LLC-load-misses:u         #   23.27% of all LL-cache hits   

       4.403863271 seconds time elapsed

       4.240296000 seconds user
       0.151617000 seconds sys


