# started on Sat Nov 22 11:47:11 2025


 Performance counter stats for '/home/leonardo.tartini/PARCO-Computing-2026-245119/results2/bin/perf_seq_program /home/leonardo.tartini/PARCO-Computing-2026-245119/data_matrices2/ldoor.mtx 1':

    15,945,781,349      L1-dcache-loads:u                                           
        37,317,167      L1-dcache-load-misses:u   #    0.23% of all L1-dcache hits  
           595,389      LLC-loads:u                                                 
           161,902      LLC-load-misses:u         #   27.19% of all LL-cache hits   

      11.277688288 seconds time elapsed

       9.439355000 seconds user
       0.524574000 seconds sys


# started on Sat Nov 22 11:47:23 2025


 Performance counter stats for '/home/leonardo.tartini/PARCO-Computing-2026-245119/results2/bin/perf_seq_program /home/leonardo.tartini/PARCO-Computing-2026-245119/data_matrices2/ldoor.mtx 1':

    15,945,781,360      L1-dcache-loads:u                                           
        37,185,497      L1-dcache-load-misses:u   #    0.23% of all L1-dcache hits  
           573,081      LLC-loads:u                                                 
           156,108      LLC-load-misses:u         #   27.24% of all LL-cache hits   

       9.837638210 seconds time elapsed

       9.411703000 seconds user
       0.397972000 seconds sys


# started on Sat Nov 22 11:47:34 2025


 Performance counter stats for '/home/leonardo.tartini/PARCO-Computing-2026-245119/results2/bin/perf_seq_program /home/leonardo.tartini/PARCO-Computing-2026-245119/data_matrices2/ldoor.mtx 1':

    15,945,781,362      L1-dcache-loads:u                                           
        36,931,766      L1-dcache-load-misses:u   #    0.23% of all L1-dcache hits  
           572,775      LLC-loads:u                                                 
           146,176      LLC-load-misses:u         #   25.52% of all LL-cache hits   

       9.766186524 seconds time elapsed

       9.394441000 seconds user
       0.347166000 seconds sys


# started on Sat Nov 22 11:47:45 2025


 Performance counter stats for '/home/leonardo.tartini/PARCO-Computing-2026-245119/results2/bin/perf_seq_program /home/leonardo.tartini/PARCO-Computing-2026-245119/data_matrices2/ldoor.mtx 1':

    15,945,781,361      L1-dcache-loads:u                                           
        37,529,752      L1-dcache-load-misses:u   #    0.24% of all L1-dcache hits  
           574,936      LLC-loads:u                                                 
           137,320      LLC-load-misses:u         #   23.88% of all LL-cache hits   

      10.001156298 seconds time elapsed

       9.474090000 seconds user
       0.383748000 seconds sys


# started on Sat Nov 22 11:47:56 2025


 Performance counter stats for '/home/leonardo.tartini/PARCO-Computing-2026-245119/results2/bin/perf_seq_program /home/leonardo.tartini/PARCO-Computing-2026-245119/data_matrices2/ldoor.mtx 1':

    15,945,781,359      L1-dcache-loads:u                                           
        37,920,700      L1-dcache-load-misses:u   #    0.24% of all L1-dcache hits  
           565,304      LLC-loads:u                                                 
           149,518      LLC-load-misses:u         #   26.45% of all LL-cache hits   

       9.794723242 seconds time elapsed

       9.437427000 seconds user
       0.332240000 seconds sys


# started on Sat Nov 22 11:48:06 2025


 Performance counter stats for '/home/leonardo.tartini/PARCO-Computing-2026-245119/results2/bin/perf_seq_program /home/leonardo.tartini/PARCO-Computing-2026-245119/data_matrices2/ldoor.mtx 1':

    15,945,781,355      L1-dcache-loads:u                                           
        37,110,816      L1-dcache-load-misses:u   #    0.23% of all L1-dcache hits  
           565,133      LLC-loads:u                                                 
           132,724      LLC-load-misses:u         #   23.49% of all LL-cache hits   

       9.882314232 seconds time elapsed

       9.555960000 seconds user
       0.302271000 seconds sys


# started on Sat Nov 22 11:48:17 2025


 Performance counter stats for '/home/leonardo.tartini/PARCO-Computing-2026-245119/results2/bin/perf_seq_program /home/leonardo.tartini/PARCO-Computing-2026-245119/data_matrices2/ldoor.mtx 1':

    15,945,781,363      L1-dcache-loads:u                                           
        36,917,029      L1-dcache-load-misses:u   #    0.23% of all L1-dcache hits  
           567,832      LLC-loads:u                                                 
           140,676      LLC-load-misses:u         #   24.77% of all LL-cache hits   

       9.730654406 seconds time elapsed

       9.382857000 seconds user
       0.324269000 seconds sys


# started on Sat Nov 22 11:48:28 2025


 Performance counter stats for '/home/leonardo.tartini/PARCO-Computing-2026-245119/results2/bin/perf_seq_program /home/leonardo.tartini/PARCO-Computing-2026-245119/data_matrices2/ldoor.mtx 1':

    15,945,781,351      L1-dcache-loads:u                                           
        37,470,663      L1-dcache-load-misses:u   #    0.23% of all L1-dcache hits  
           566,198      LLC-loads:u                                                 
           137,260      LLC-load-misses:u         #   24.24% of all LL-cache hits   

       9.707106993 seconds time elapsed

       9.397739000 seconds user
       0.284326000 seconds sys


# started on Sat Nov 22 11:48:38 2025


 Performance counter stats for '/home/leonardo.tartini/PARCO-Computing-2026-245119/results2/bin/perf_seq_program /home/leonardo.tartini/PARCO-Computing-2026-245119/data_matrices2/ldoor.mtx 1':

    15,945,781,364      L1-dcache-loads:u                                           
        36,711,803      L1-dcache-load-misses:u   #    0.23% of all L1-dcache hits  
           573,583      LLC-loads:u                                                 
           166,601      LLC-load-misses:u         #   29.05% of all LL-cache hits   

       9.691371868 seconds time elapsed

       9.391429000 seconds user
       0.276335000 seconds sys


# started on Sat Nov 22 11:48:49 2025


 Performance counter stats for '/home/leonardo.tartini/PARCO-Computing-2026-245119/results2/bin/perf_seq_program /home/leonardo.tartini/PARCO-Computing-2026-245119/data_matrices2/ldoor.mtx 1':

    15,945,781,353      L1-dcache-loads:u                                           
        37,662,178      L1-dcache-load-misses:u   #    0.24% of all L1-dcache hits  
           568,820      LLC-loads:u                                                 
           159,347      LLC-load-misses:u         #   28.01% of all LL-cache hits   

       9.656164109 seconds time elapsed

       9.363062000 seconds user
       0.266375000 seconds sys


