# started on Sat Nov 22 14:10:16 2025


 Performance counter stats for '/home/leonardo.tartini/PARCO-Computing-2026-245119/results1/bin/perf_seq_program /home/leonardo.tartini/PARCO-Computing-2026-245119/data_matrices1/nd24k.mtx 1':

     9,234,522,008      L1-dcache-loads:u                                           
        36,675,129      L1-dcache-load-misses:u   #    0.40% of all L1-dcache hits  
           269,080      LLC-loads:u                                                 
           168,707      LLC-load-misses:u         #   62.70% of all LL-cache hits   

       6.684957569 seconds time elapsed

       5.840307000 seconds user
       0.256398000 seconds sys


# started on Sat Nov 22 14:10:24 2025


 Performance counter stats for '/home/leonardo.tartini/PARCO-Computing-2026-245119/results1/bin/perf_seq_program /home/leonardo.tartini/PARCO-Computing-2026-245119/data_matrices1/nd24k.mtx 1':

     9,234,522,024      L1-dcache-loads:u                                           
        36,723,141      L1-dcache-load-misses:u   #    0.40% of all L1-dcache hits  
           255,826      LLC-loads:u                                                 
           164,375      LLC-load-misses:u         #   64.25% of all LL-cache hits   

       6.066418405 seconds time elapsed

       5.859104000 seconds user
       0.191545000 seconds sys


# started on Sat Nov 22 14:10:31 2025


 Performance counter stats for '/home/leonardo.tartini/PARCO-Computing-2026-245119/results1/bin/perf_seq_program /home/leonardo.tartini/PARCO-Computing-2026-245119/data_matrices1/nd24k.mtx 1':

     9,234,522,145      L1-dcache-loads:u                                           
        38,358,450      L1-dcache-load-misses:u   #    0.42% of all L1-dcache hits  
           383,521      LLC-loads:u                                                 
           261,674      LLC-load-misses:u         #   68.23% of all LL-cache hits   

       6.190644603 seconds time elapsed

       5.828346000 seconds user
       0.347127000 seconds sys


# started on Sat Nov 22 14:10:38 2025


 Performance counter stats for '/home/leonardo.tartini/PARCO-Computing-2026-245119/results1/bin/perf_seq_program /home/leonardo.tartini/PARCO-Computing-2026-245119/data_matrices1/nd24k.mtx 1':

     9,234,522,034      L1-dcache-loads:u                                           
        36,822,202      L1-dcache-load-misses:u   #    0.40% of all L1-dcache hits  
           249,101      LLC-loads:u                                                 
           160,612      LLC-load-misses:u         #   64.48% of all LL-cache hits   

       6.064430410 seconds time elapsed

       5.857775000 seconds user
       0.191534000 seconds sys


# started on Sat Nov 22 14:10:44 2025


 Performance counter stats for '/home/leonardo.tartini/PARCO-Computing-2026-245119/results1/bin/perf_seq_program /home/leonardo.tartini/PARCO-Computing-2026-245119/data_matrices1/nd24k.mtx 1':

     9,234,522,023      L1-dcache-loads:u                                           
        36,354,692      L1-dcache-load-misses:u   #    0.39% of all L1-dcache hits  
           253,648      LLC-loads:u                                                 
           162,361      LLC-load-misses:u         #   64.01% of all LL-cache hits   

       6.064130257 seconds time elapsed

       5.831620000 seconds user
       0.216429000 seconds sys


# started on Sat Nov 22 14:10:51 2025


 Performance counter stats for '/home/leonardo.tartini/PARCO-Computing-2026-245119/results1/bin/perf_seq_program /home/leonardo.tartini/PARCO-Computing-2026-245119/data_matrices1/nd24k.mtx 1':

     9,234,522,134      L1-dcache-loads:u                                           
        38,562,207      L1-dcache-load-misses:u   #    0.42% of all L1-dcache hits  
           411,358      LLC-loads:u                                                 
           286,455      LLC-load-misses:u         #   69.64% of all LL-cache hits   

       6.219070021 seconds time elapsed

       5.896167000 seconds user
       0.307331000 seconds sys


# started on Sat Nov 22 14:10:58 2025


 Performance counter stats for '/home/leonardo.tartini/PARCO-Computing-2026-245119/results1/bin/perf_seq_program /home/leonardo.tartini/PARCO-Computing-2026-245119/data_matrices1/nd24k.mtx 1':

     9,234,522,021      L1-dcache-loads:u                                           
        36,877,133      L1-dcache-load-misses:u   #    0.40% of all L1-dcache hits  
           263,764      LLC-loads:u                                                 
           165,089      LLC-load-misses:u         #   62.59% of all LL-cache hits   

       6.043774747 seconds time elapsed

       5.842103000 seconds user
       0.186588000 seconds sys


# started on Sat Nov 22 14:11:05 2025


 Performance counter stats for '/home/leonardo.tartini/PARCO-Computing-2026-245119/results1/bin/perf_seq_program /home/leonardo.tartini/PARCO-Computing-2026-245119/data_matrices1/nd24k.mtx 1':

     9,234,522,025      L1-dcache-loads:u                                           
        36,667,819      L1-dcache-load-misses:u   #    0.40% of all L1-dcache hits  
           261,622      LLC-loads:u                                                 
           165,320      LLC-load-misses:u         #   63.19% of all LL-cache hits   

       6.023234626 seconds time elapsed

       5.838862000 seconds user
       0.168562000 seconds sys


# started on Sat Nov 22 14:11:12 2025


 Performance counter stats for '/home/leonardo.tartini/PARCO-Computing-2026-245119/results1/bin/perf_seq_program /home/leonardo.tartini/PARCO-Computing-2026-245119/data_matrices1/nd24k.mtx 1':

     9,234,522,131      L1-dcache-loads:u                                           
        38,769,653      L1-dcache-load-misses:u   #    0.42% of all L1-dcache hits  
           411,545      LLC-loads:u                                                 
           285,846      LLC-load-misses:u         #   69.46% of all LL-cache hits   

       6.203091989 seconds time elapsed

       5.845798000 seconds user
       0.327316000 seconds sys


# started on Sat Nov 22 14:11:19 2025


 Performance counter stats for '/home/leonardo.tartini/PARCO-Computing-2026-245119/results1/bin/perf_seq_program /home/leonardo.tartini/PARCO-Computing-2026-245119/data_matrices1/nd24k.mtx 1':

     9,234,522,023      L1-dcache-loads:u                                           
        36,432,564      L1-dcache-load-misses:u   #    0.39% of all L1-dcache hits  
           253,968      LLC-loads:u                                                 
           161,219      LLC-load-misses:u         #   63.48% of all LL-cache hits   

       6.052560161 seconds time elapsed

       5.854485000 seconds user
       0.182578000 seconds sys


