
=== MATRIX: msdoor.mtx ===

Schedule = 1 | Chunk size = 1 | Threads = 1 | WARM UP RUN
WARMUP_TIME=0.038364


Schedule = 1 | Chunk size = 1 | Threads = 1 | Run #0
SPMV_TIME=0.011425


Schedule = 1 | Chunk size = 1 | Threads = 1 | Run #1
SPMV_TIME=0.011293


Schedule = 1 | Chunk size = 1 | Threads = 1 | Run #2
SPMV_TIME=0.011497


Schedule = 1 | Chunk size = 1 | Threads = 1 | Run #3
SPMV_TIME=0.011280


Schedule = 1 | Chunk size = 1 | Threads = 1 | Run #4
SPMV_TIME=0.011270


Schedule = 1 | Chunk size = 1 | Threads = 1 | Run #5
SPMV_TIME=0.011368


Schedule = 1 | Chunk size = 1 | Threads = 1 | Run #6
SPMV_TIME=0.011388


Schedule = 1 | Chunk size = 1 | Threads = 1 | Run #7
SPMV_TIME=0.011477


Schedule = 1 | Chunk size = 1 | Threads = 1 | Run #8
SPMV_TIME=0.011241


Schedule = 1 | Chunk size = 1 | Threads = 1 | Run #9
SPMV_TIME=0.011263


=== MATRIX: msdoor.mtx ===

Schedule = 1 | Chunk size = 1 | Threads = 2 | WARM UP RUN
WARMUP_TIME=0.095442


Schedule = 1 | Chunk size = 1 | Threads = 2 | Run #0
SPMV_TIME=0.015052


Schedule = 1 | Chunk size = 1 | Threads = 2 | Run #1
SPMV_TIME=0.015031


Schedule = 1 | Chunk size = 1 | Threads = 2 | Run #2
SPMV_TIME=0.014938


Schedule = 1 | Chunk size = 1 | Threads = 2 | Run #3
SPMV_TIME=0.014932


Schedule = 1 | Chunk size = 1 | Threads = 2 | Run #4
SPMV_TIME=0.014885


Schedule = 1 | Chunk size = 1 | Threads = 2 | Run #5
SPMV_TIME=0.014868


Schedule = 1 | Chunk size = 1 | Threads = 2 | Run #6
SPMV_TIME=0.014866


Schedule = 1 | Chunk size = 1 | Threads = 2 | Run #7
SPMV_TIME=0.014855


Schedule = 1 | Chunk size = 1 | Threads = 2 | Run #8
SPMV_TIME=0.014879


Schedule = 1 | Chunk size = 1 | Threads = 2 | Run #9
SPMV_TIME=0.014898


=== MATRIX: msdoor.mtx ===

Schedule = 1 | Chunk size = 1 | Threads = 4 | WARM UP RUN
WARMUP_TIME=0.110728


Schedule = 1 | Chunk size = 1 | Threads = 4 | Run #0
SPMV_TIME=0.015911


Schedule = 1 | Chunk size = 1 | Threads = 4 | Run #1
SPMV_TIME=0.014702


Schedule = 1 | Chunk size = 1 | Threads = 4 | Run #2
SPMV_TIME=0.014390


Schedule = 1 | Chunk size = 1 | Threads = 4 | Run #3
SPMV_TIME=0.014202


Schedule = 1 | Chunk size = 1 | Threads = 4 | Run #4
SPMV_TIME=0.014142


Schedule = 1 | Chunk size = 1 | Threads = 4 | Run #5
SPMV_TIME=0.014040


Schedule = 1 | Chunk size = 1 | Threads = 4 | Run #6
SPMV_TIME=0.014161


Schedule = 1 | Chunk size = 1 | Threads = 4 | Run #7
SPMV_TIME=0.014135


Schedule = 1 | Chunk size = 1 | Threads = 4 | Run #8
SPMV_TIME=0.014128


Schedule = 1 | Chunk size = 1 | Threads = 4 | Run #9
SPMV_TIME=0.014217


=== MATRIX: msdoor.mtx ===

Schedule = 1 | Chunk size = 1 | Threads = 8 | WARM UP RUN
WARMUP_TIME=0.157819


Schedule = 1 | Chunk size = 1 | Threads = 8 | Run #0
SPMV_TIME=0.010660


Schedule = 1 | Chunk size = 1 | Threads = 8 | Run #1
SPMV_TIME=0.010482


Schedule = 1 | Chunk size = 1 | Threads = 8 | Run #2
SPMV_TIME=0.010436


Schedule = 1 | Chunk size = 1 | Threads = 8 | Run #3
SPMV_TIME=0.010377


Schedule = 1 | Chunk size = 1 | Threads = 8 | Run #4
SPMV_TIME=0.010340


Schedule = 1 | Chunk size = 1 | Threads = 8 | Run #5
SPMV_TIME=0.010399


Schedule = 1 | Chunk size = 1 | Threads = 8 | Run #6
SPMV_TIME=0.010359


Schedule = 1 | Chunk size = 1 | Threads = 8 | Run #7
SPMV_TIME=0.010407


Schedule = 1 | Chunk size = 1 | Threads = 8 | Run #8
SPMV_TIME=0.010362


Schedule = 1 | Chunk size = 1 | Threads = 8 | Run #9
SPMV_TIME=0.010365


=== MATRIX: msdoor.mtx ===

Schedule = 1 | Chunk size = 1 | Threads = 16 | WARM UP RUN
WARMUP_TIME=0.227149


Schedule = 1 | Chunk size = 1 | Threads = 16 | Run #0
SPMV_TIME=0.006711


Schedule = 1 | Chunk size = 1 | Threads = 16 | Run #1
SPMV_TIME=0.006557


Schedule = 1 | Chunk size = 1 | Threads = 16 | Run #2
SPMV_TIME=0.006501


Schedule = 1 | Chunk size = 1 | Threads = 16 | Run #3
SPMV_TIME=0.006429


Schedule = 1 | Chunk size = 1 | Threads = 16 | Run #4
SPMV_TIME=0.006447


Schedule = 1 | Chunk size = 1 | Threads = 16 | Run #5
SPMV_TIME=0.006408


Schedule = 1 | Chunk size = 1 | Threads = 16 | Run #6
SPMV_TIME=0.006413


Schedule = 1 | Chunk size = 1 | Threads = 16 | Run #7
SPMV_TIME=0.006413


Schedule = 1 | Chunk size = 1 | Threads = 16 | Run #8
SPMV_TIME=0.006410


Schedule = 1 | Chunk size = 1 | Threads = 16 | Run #9
SPMV_TIME=0.006371


=== MATRIX: msdoor.mtx ===

Schedule = 1 | Chunk size = 1 | Threads = 32 | WARM UP RUN
WARMUP_TIME=0.348439


Schedule = 1 | Chunk size = 1 | Threads = 32 | Run #0
SPMV_TIME=0.004534


Schedule = 1 | Chunk size = 1 | Threads = 32 | Run #1
SPMV_TIME=0.004326


Schedule = 1 | Chunk size = 1 | Threads = 32 | Run #2
SPMV_TIME=0.004300


Schedule = 1 | Chunk size = 1 | Threads = 32 | Run #3
SPMV_TIME=0.004305


Schedule = 1 | Chunk size = 1 | Threads = 32 | Run #4
SPMV_TIME=0.004299


Schedule = 1 | Chunk size = 1 | Threads = 32 | Run #5
SPMV_TIME=0.004279


Schedule = 1 | Chunk size = 1 | Threads = 32 | Run #6
SPMV_TIME=0.004294


Schedule = 1 | Chunk size = 1 | Threads = 32 | Run #7
SPMV_TIME=0.004282


Schedule = 1 | Chunk size = 1 | Threads = 32 | Run #8
SPMV_TIME=0.004289


Schedule = 1 | Chunk size = 1 | Threads = 32 | Run #9
SPMV_TIME=0.004263


=== MATRIX: msdoor.mtx ===

Schedule = 1 | Chunk size = 1 | Threads = 64 | WARM UP RUN
WARMUP_TIME=0.214235


Schedule = 1 | Chunk size = 1 | Threads = 64 | Run #0
SPMV_TIME=0.005246


Schedule = 1 | Chunk size = 1 | Threads = 64 | Run #1
SPMV_TIME=0.005182


Schedule = 1 | Chunk size = 1 | Threads = 64 | Run #2
SPMV_TIME=0.005116


Schedule = 1 | Chunk size = 1 | Threads = 64 | Run #3
SPMV_TIME=0.005063


Schedule = 1 | Chunk size = 1 | Threads = 64 | Run #4
SPMV_TIME=0.005033


Schedule = 1 | Chunk size = 1 | Threads = 64 | Run #5
SPMV_TIME=0.005021


Schedule = 1 | Chunk size = 1 | Threads = 64 | Run #6
SPMV_TIME=0.005028


Schedule = 1 | Chunk size = 1 | Threads = 64 | Run #7
SPMV_TIME=0.004993


Schedule = 1 | Chunk size = 1 | Threads = 64 | Run #8
SPMV_TIME=0.004991


Schedule = 1 | Chunk size = 1 | Threads = 64 | Run #9
SPMV_TIME=0.004968


=== MATRIX: msdoor.mtx ===

Schedule = 1 | Chunk size = 10 | Threads = 1 | WARM UP RUN
WARMUP_TIME=0.030047


Schedule = 1 | Chunk size = 10 | Threads = 1 | Run #0
SPMV_TIME=0.011179


Schedule = 1 | Chunk size = 10 | Threads = 1 | Run #1
SPMV_TIME=0.011143


Schedule = 1 | Chunk size = 10 | Threads = 1 | Run #2
SPMV_TIME=0.011192


Schedule = 1 | Chunk size = 10 | Threads = 1 | Run #3
SPMV_TIME=0.011075


Schedule = 1 | Chunk size = 10 | Threads = 1 | Run #4
SPMV_TIME=0.011199


Schedule = 1 | Chunk size = 10 | Threads = 1 | Run #5
SPMV_TIME=0.011152


Schedule = 1 | Chunk size = 10 | Threads = 1 | Run #6
SPMV_TIME=0.011099


Schedule = 1 | Chunk size = 10 | Threads = 1 | Run #7
SPMV_TIME=0.011143


Schedule = 1 | Chunk size = 10 | Threads = 1 | Run #8
SPMV_TIME=0.011137


Schedule = 1 | Chunk size = 10 | Threads = 1 | Run #9
SPMV_TIME=0.011161


=== MATRIX: msdoor.mtx ===

Schedule = 1 | Chunk size = 10 | Threads = 2 | WARM UP RUN
WARMUP_TIME=0.013567


Schedule = 1 | Chunk size = 10 | Threads = 2 | Run #0
SPMV_TIME=0.014288


Schedule = 1 | Chunk size = 10 | Threads = 2 | Run #1
SPMV_TIME=0.014041


Schedule = 1 | Chunk size = 10 | Threads = 2 | Run #2
SPMV_TIME=0.013975


Schedule = 1 | Chunk size = 10 | Threads = 2 | Run #3
SPMV_TIME=0.013936


Schedule = 1 | Chunk size = 10 | Threads = 2 | Run #4
SPMV_TIME=0.013874


Schedule = 1 | Chunk size = 10 | Threads = 2 | Run #5
SPMV_TIME=0.013864


Schedule = 1 | Chunk size = 10 | Threads = 2 | Run #6
SPMV_TIME=0.013863


Schedule = 1 | Chunk size = 10 | Threads = 2 | Run #7
SPMV_TIME=0.013827


Schedule = 1 | Chunk size = 10 | Threads = 2 | Run #8
SPMV_TIME=0.013824


Schedule = 1 | Chunk size = 10 | Threads = 2 | Run #9
SPMV_TIME=0.013814


=== MATRIX: msdoor.mtx ===

Schedule = 1 | Chunk size = 10 | Threads = 4 | WARM UP RUN
WARMUP_TIME=0.087703


Schedule = 1 | Chunk size = 10 | Threads = 4 | Run #0
SPMV_TIME=0.008181


Schedule = 1 | Chunk size = 10 | Threads = 4 | Run #1
SPMV_TIME=0.007996


Schedule = 1 | Chunk size = 10 | Threads = 4 | Run #2
SPMV_TIME=0.007905


Schedule = 1 | Chunk size = 10 | Threads = 4 | Run #3
SPMV_TIME=0.007767


Schedule = 1 | Chunk size = 10 | Threads = 4 | Run #4
SPMV_TIME=0.007720


Schedule = 1 | Chunk size = 10 | Threads = 4 | Run #5
SPMV_TIME=0.007708


Schedule = 1 | Chunk size = 10 | Threads = 4 | Run #6
SPMV_TIME=0.007715


Schedule = 1 | Chunk size = 10 | Threads = 4 | Run #7
SPMV_TIME=0.007679


Schedule = 1 | Chunk size = 10 | Threads = 4 | Run #8
SPMV_TIME=0.007656


Schedule = 1 | Chunk size = 10 | Threads = 4 | Run #9
SPMV_TIME=0.007650


=== MATRIX: msdoor.mtx ===

Schedule = 1 | Chunk size = 10 | Threads = 8 | WARM UP RUN
WARMUP_TIME=0.045708


Schedule = 1 | Chunk size = 10 | Threads = 8 | Run #0
SPMV_TIME=0.006591


Schedule = 1 | Chunk size = 10 | Threads = 8 | Run #1
SPMV_TIME=0.005919


Schedule = 1 | Chunk size = 10 | Threads = 8 | Run #2
SPMV_TIME=0.005852


Schedule = 1 | Chunk size = 10 | Threads = 8 | Run #3
SPMV_TIME=0.005805


Schedule = 1 | Chunk size = 10 | Threads = 8 | Run #4
SPMV_TIME=0.005777


Schedule = 1 | Chunk size = 10 | Threads = 8 | Run #5
SPMV_TIME=0.005760


Schedule = 1 | Chunk size = 10 | Threads = 8 | Run #6
SPMV_TIME=0.005729


Schedule = 1 | Chunk size = 10 | Threads = 8 | Run #7
SPMV_TIME=0.005757


Schedule = 1 | Chunk size = 10 | Threads = 8 | Run #8
SPMV_TIME=0.005740


Schedule = 1 | Chunk size = 10 | Threads = 8 | Run #9
SPMV_TIME=0.005746


=== MATRIX: msdoor.mtx ===

Schedule = 1 | Chunk size = 10 | Threads = 16 | WARM UP RUN
WARMUP_TIME=0.012496


Schedule = 1 | Chunk size = 10 | Threads = 16 | Run #0
SPMV_TIME=0.006053


Schedule = 1 | Chunk size = 10 | Threads = 16 | Run #1
SPMV_TIME=0.006103


Schedule = 1 | Chunk size = 10 | Threads = 16 | Run #2
SPMV_TIME=0.006074


Schedule = 1 | Chunk size = 10 | Threads = 16 | Run #3
SPMV_TIME=0.006072


Schedule = 1 | Chunk size = 10 | Threads = 16 | Run #4
SPMV_TIME=0.006073


Schedule = 1 | Chunk size = 10 | Threads = 16 | Run #5
SPMV_TIME=0.006066


Schedule = 1 | Chunk size = 10 | Threads = 16 | Run #6
SPMV_TIME=0.006079


Schedule = 1 | Chunk size = 10 | Threads = 16 | Run #7
SPMV_TIME=0.006074


Schedule = 1 | Chunk size = 10 | Threads = 16 | Run #8
SPMV_TIME=0.006068


Schedule = 1 | Chunk size = 10 | Threads = 16 | Run #9
SPMV_TIME=0.006070


=== MATRIX: msdoor.mtx ===

Schedule = 1 | Chunk size = 10 | Threads = 32 | WARM UP RUN
WARMUP_TIME=0.032210


Schedule = 1 | Chunk size = 10 | Threads = 32 | Run #0
SPMV_TIME=0.004710


Schedule = 1 | Chunk size = 10 | Threads = 32 | Run #1
SPMV_TIME=0.004398


Schedule = 1 | Chunk size = 10 | Threads = 32 | Run #2
SPMV_TIME=0.004200


Schedule = 1 | Chunk size = 10 | Threads = 32 | Run #3
SPMV_TIME=0.004132


Schedule = 1 | Chunk size = 10 | Threads = 32 | Run #4
SPMV_TIME=0.004064


Schedule = 1 | Chunk size = 10 | Threads = 32 | Run #5
SPMV_TIME=0.004033


Schedule = 1 | Chunk size = 10 | Threads = 32 | Run #6
SPMV_TIME=0.004024


Schedule = 1 | Chunk size = 10 | Threads = 32 | Run #7
SPMV_TIME=0.003991


Schedule = 1 | Chunk size = 10 | Threads = 32 | Run #8
SPMV_TIME=0.003989


Schedule = 1 | Chunk size = 10 | Threads = 32 | Run #9
SPMV_TIME=0.003982


=== MATRIX: msdoor.mtx ===

Schedule = 1 | Chunk size = 10 | Threads = 64 | WARM UP RUN
WARMUP_TIME=0.052647


Schedule = 1 | Chunk size = 10 | Threads = 64 | Run #0
SPMV_TIME=0.026292


Schedule = 1 | Chunk size = 10 | Threads = 64 | Run #1
SPMV_TIME=0.025967


Schedule = 1 | Chunk size = 10 | Threads = 64 | Run #2
SPMV_TIME=0.025995


Schedule = 1 | Chunk size = 10 | Threads = 64 | Run #3
SPMV_TIME=0.017992


Schedule = 1 | Chunk size = 10 | Threads = 64 | Run #4
SPMV_TIME=0.025991


Schedule = 1 | Chunk size = 10 | Threads = 64 | Run #5
SPMV_TIME=0.025995


Schedule = 1 | Chunk size = 10 | Threads = 64 | Run #6
SPMV_TIME=0.025993


Schedule = 1 | Chunk size = 10 | Threads = 64 | Run #7
SPMV_TIME=0.025995


Schedule = 1 | Chunk size = 10 | Threads = 64 | Run #8
SPMV_TIME=0.026001


Schedule = 1 | Chunk size = 10 | Threads = 64 | Run #9
SPMV_TIME=0.026000


=== MATRIX: msdoor.mtx ===

Schedule = 1 | Chunk size = 100 | Threads = 1 | WARM UP RUN
WARMUP_TIME=0.013031


Schedule = 1 | Chunk size = 100 | Threads = 1 | Run #0
SPMV_TIME=0.010941


Schedule = 1 | Chunk size = 100 | Threads = 1 | Run #1
SPMV_TIME=0.010963


Schedule = 1 | Chunk size = 100 | Threads = 1 | Run #2
SPMV_TIME=0.010936


Schedule = 1 | Chunk size = 100 | Threads = 1 | Run #3
SPMV_TIME=0.034634


Schedule = 1 | Chunk size = 100 | Threads = 1 | Run #4
SPMV_TIME=0.015172


Schedule = 1 | Chunk size = 100 | Threads = 1 | Run #5
SPMV_TIME=0.010961


Schedule = 1 | Chunk size = 100 | Threads = 1 | Run #6
SPMV_TIME=0.010948


Schedule = 1 | Chunk size = 100 | Threads = 1 | Run #7
SPMV_TIME=0.010885


Schedule = 1 | Chunk size = 100 | Threads = 1 | Run #8
SPMV_TIME=0.010874


Schedule = 1 | Chunk size = 100 | Threads = 1 | Run #9
SPMV_TIME=0.010976


=== MATRIX: msdoor.mtx ===

Schedule = 1 | Chunk size = 100 | Threads = 2 | WARM UP RUN
WARMUP_TIME=0.062535


Schedule = 1 | Chunk size = 100 | Threads = 2 | Run #0
SPMV_TIME=0.008470


Schedule = 1 | Chunk size = 100 | Threads = 2 | Run #1
SPMV_TIME=0.008092


Schedule = 1 | Chunk size = 100 | Threads = 2 | Run #2
SPMV_TIME=0.008063


Schedule = 1 | Chunk size = 100 | Threads = 2 | Run #3
SPMV_TIME=0.008050


Schedule = 1 | Chunk size = 100 | Threads = 2 | Run #4
SPMV_TIME=0.008062


Schedule = 1 | Chunk size = 100 | Threads = 2 | Run #5
SPMV_TIME=0.008039


Schedule = 1 | Chunk size = 100 | Threads = 2 | Run #6
SPMV_TIME=0.007991


Schedule = 1 | Chunk size = 100 | Threads = 2 | Run #7
SPMV_TIME=0.008023


Schedule = 1 | Chunk size = 100 | Threads = 2 | Run #8
SPMV_TIME=0.008000


Schedule = 1 | Chunk size = 100 | Threads = 2 | Run #9
SPMV_TIME=0.007977


=== MATRIX: msdoor.mtx ===

Schedule = 1 | Chunk size = 100 | Threads = 4 | WARM UP RUN
WARMUP_TIME=0.081807


Schedule = 1 | Chunk size = 100 | Threads = 4 | Run #0
SPMV_TIME=0.004376


Schedule = 1 | Chunk size = 100 | Threads = 4 | Run #1
SPMV_TIME=0.003987


Schedule = 1 | Chunk size = 100 | Threads = 4 | Run #2
SPMV_TIME=0.003982


Schedule = 1 | Chunk size = 100 | Threads = 4 | Run #3
SPMV_TIME=0.004009


Schedule = 1 | Chunk size = 100 | Threads = 4 | Run #4
SPMV_TIME=0.003958


Schedule = 1 | Chunk size = 100 | Threads = 4 | Run #5
SPMV_TIME=0.003938


Schedule = 1 | Chunk size = 100 | Threads = 4 | Run #6
SPMV_TIME=0.004032


Schedule = 1 | Chunk size = 100 | Threads = 4 | Run #7
SPMV_TIME=0.003907


Schedule = 1 | Chunk size = 100 | Threads = 4 | Run #8
SPMV_TIME=0.003927


Schedule = 1 | Chunk size = 100 | Threads = 4 | Run #9
SPMV_TIME=0.003978


=== MATRIX: msdoor.mtx ===

Schedule = 1 | Chunk size = 100 | Threads = 8 | WARM UP RUN
WARMUP_TIME=0.075935


Schedule = 1 | Chunk size = 100 | Threads = 8 | Run #0
SPMV_TIME=0.002985


Schedule = 1 | Chunk size = 100 | Threads = 8 | Run #1
SPMV_TIME=0.002722


Schedule = 1 | Chunk size = 100 | Threads = 8 | Run #2
SPMV_TIME=0.002705


Schedule = 1 | Chunk size = 100 | Threads = 8 | Run #3
SPMV_TIME=0.002703


Schedule = 1 | Chunk size = 100 | Threads = 8 | Run #4
SPMV_TIME=0.002671


Schedule = 1 | Chunk size = 100 | Threads = 8 | Run #5
SPMV_TIME=0.002658


Schedule = 1 | Chunk size = 100 | Threads = 8 | Run #6
SPMV_TIME=0.002650


Schedule = 1 | Chunk size = 100 | Threads = 8 | Run #7
SPMV_TIME=0.002690


Schedule = 1 | Chunk size = 100 | Threads = 8 | Run #8
SPMV_TIME=0.002664


Schedule = 1 | Chunk size = 100 | Threads = 8 | Run #9
SPMV_TIME=0.002653


=== MATRIX: msdoor.mtx ===

Schedule = 1 | Chunk size = 100 | Threads = 16 | WARM UP RUN
WARMUP_TIME=0.007837


Schedule = 1 | Chunk size = 100 | Threads = 16 | Run #0
SPMV_TIME=0.003176


Schedule = 1 | Chunk size = 100 | Threads = 16 | Run #1
SPMV_TIME=0.002689


Schedule = 1 | Chunk size = 100 | Threads = 16 | Run #2
SPMV_TIME=0.002444


Schedule = 1 | Chunk size = 100 | Threads = 16 | Run #3
SPMV_TIME=0.002340


Schedule = 1 | Chunk size = 100 | Threads = 16 | Run #4
SPMV_TIME=0.002296


Schedule = 1 | Chunk size = 100 | Threads = 16 | Run #5
SPMV_TIME=0.002286


Schedule = 1 | Chunk size = 100 | Threads = 16 | Run #6
SPMV_TIME=0.002259


Schedule = 1 | Chunk size = 100 | Threads = 16 | Run #7
SPMV_TIME=0.002260


Schedule = 1 | Chunk size = 100 | Threads = 16 | Run #8
SPMV_TIME=0.002264


Schedule = 1 | Chunk size = 100 | Threads = 16 | Run #9
SPMV_TIME=0.002257


=== MATRIX: msdoor.mtx ===

Schedule = 1 | Chunk size = 100 | Threads = 32 | WARM UP RUN
WARMUP_TIME=0.008731


Schedule = 1 | Chunk size = 100 | Threads = 32 | Run #0
SPMV_TIME=0.002882


Schedule = 1 | Chunk size = 100 | Threads = 32 | Run #1
SPMV_TIME=0.002285


Schedule = 1 | Chunk size = 100 | Threads = 32 | Run #2
SPMV_TIME=0.001933


Schedule = 1 | Chunk size = 100 | Threads = 32 | Run #3
SPMV_TIME=0.001785


Schedule = 1 | Chunk size = 100 | Threads = 32 | Run #4
SPMV_TIME=0.001718


Schedule = 1 | Chunk size = 100 | Threads = 32 | Run #5
SPMV_TIME=0.001688


Schedule = 1 | Chunk size = 100 | Threads = 32 | Run #6
SPMV_TIME=0.001675


Schedule = 1 | Chunk size = 100 | Threads = 32 | Run #7
SPMV_TIME=0.001659


Schedule = 1 | Chunk size = 100 | Threads = 32 | Run #8
SPMV_TIME=0.001648


Schedule = 1 | Chunk size = 100 | Threads = 32 | Run #9
SPMV_TIME=0.001655


=== MATRIX: msdoor.mtx ===

Schedule = 1 | Chunk size = 100 | Threads = 64 | WARM UP RUN
WARMUP_TIME=0.076720


Schedule = 1 | Chunk size = 100 | Threads = 64 | Run #0
SPMV_TIME=0.002689


Schedule = 1 | Chunk size = 100 | Threads = 64 | Run #1
SPMV_TIME=0.001110


Schedule = 1 | Chunk size = 100 | Threads = 64 | Run #2
SPMV_TIME=0.000919


Schedule = 1 | Chunk size = 100 | Threads = 64 | Run #3
SPMV_TIME=0.000833


Schedule = 1 | Chunk size = 100 | Threads = 64 | Run #4
SPMV_TIME=0.000833


Schedule = 1 | Chunk size = 100 | Threads = 64 | Run #5
SPMV_TIME=0.000801


Schedule = 1 | Chunk size = 100 | Threads = 64 | Run #6
SPMV_TIME=0.000814


Schedule = 1 | Chunk size = 100 | Threads = 64 | Run #7
SPMV_TIME=0.000781


Schedule = 1 | Chunk size = 100 | Threads = 64 | Run #8
SPMV_TIME=0.000797


Schedule = 1 | Chunk size = 100 | Threads = 64 | Run #9
SPMV_TIME=0.000791


=== MATRIX: msdoor.mtx ===

Schedule = 1 | Chunk size = 1000 | Threads = 1 | WARM UP RUN
WARMUP_TIME=0.038831


Schedule = 1 | Chunk size = 1000 | Threads = 1 | Run #0
SPMV_TIME=0.011171


Schedule = 1 | Chunk size = 1000 | Threads = 1 | Run #1
SPMV_TIME=0.011045


Schedule = 1 | Chunk size = 1000 | Threads = 1 | Run #2
SPMV_TIME=0.011099


Schedule = 1 | Chunk size = 1000 | Threads = 1 | Run #3
SPMV_TIME=0.011033


Schedule = 1 | Chunk size = 1000 | Threads = 1 | Run #4
SPMV_TIME=0.011133


Schedule = 1 | Chunk size = 1000 | Threads = 1 | Run #5
SPMV_TIME=0.011043


Schedule = 1 | Chunk size = 1000 | Threads = 1 | Run #6
SPMV_TIME=0.011039


Schedule = 1 | Chunk size = 1000 | Threads = 1 | Run #7
SPMV_TIME=0.011086


Schedule = 1 | Chunk size = 1000 | Threads = 1 | Run #8
SPMV_TIME=0.011111


Schedule = 1 | Chunk size = 1000 | Threads = 1 | Run #9
SPMV_TIME=0.011027


=== MATRIX: msdoor.mtx ===

Schedule = 1 | Chunk size = 1000 | Threads = 2 | WARM UP RUN
WARMUP_TIME=0.074415


Schedule = 1 | Chunk size = 1000 | Threads = 2 | Run #0
SPMV_TIME=0.007062


Schedule = 1 | Chunk size = 1000 | Threads = 2 | Run #1
SPMV_TIME=0.006714


Schedule = 1 | Chunk size = 1000 | Threads = 2 | Run #2
SPMV_TIME=0.006719


Schedule = 1 | Chunk size = 1000 | Threads = 2 | Run #3
SPMV_TIME=0.006667


Schedule = 1 | Chunk size = 1000 | Threads = 2 | Run #4
SPMV_TIME=0.006676


Schedule = 1 | Chunk size = 1000 | Threads = 2 | Run #5
SPMV_TIME=0.006621


Schedule = 1 | Chunk size = 1000 | Threads = 2 | Run #6
SPMV_TIME=0.006727


Schedule = 1 | Chunk size = 1000 | Threads = 2 | Run #7
SPMV_TIME=0.006672


Schedule = 1 | Chunk size = 1000 | Threads = 2 | Run #8
SPMV_TIME=0.006702


Schedule = 1 | Chunk size = 1000 | Threads = 2 | Run #9
SPMV_TIME=0.006650


=== MATRIX: msdoor.mtx ===

Schedule = 1 | Chunk size = 1000 | Threads = 4 | WARM UP RUN
WARMUP_TIME=0.068258


Schedule = 1 | Chunk size = 1000 | Threads = 4 | Run #0
SPMV_TIME=0.004115


Schedule = 1 | Chunk size = 1000 | Threads = 4 | Run #1
SPMV_TIME=0.003983


Schedule = 1 | Chunk size = 1000 | Threads = 4 | Run #2
SPMV_TIME=0.003953


Schedule = 1 | Chunk size = 1000 | Threads = 4 | Run #3
SPMV_TIME=0.003931


Schedule = 1 | Chunk size = 1000 | Threads = 4 | Run #4
SPMV_TIME=0.003867


Schedule = 1 | Chunk size = 1000 | Threads = 4 | Run #5
SPMV_TIME=0.003900


Schedule = 1 | Chunk size = 1000 | Threads = 4 | Run #6
SPMV_TIME=0.003900


Schedule = 1 | Chunk size = 1000 | Threads = 4 | Run #7
SPMV_TIME=0.003916


Schedule = 1 | Chunk size = 1000 | Threads = 4 | Run #8
SPMV_TIME=0.003891


Schedule = 1 | Chunk size = 1000 | Threads = 4 | Run #9
SPMV_TIME=0.003893


=== MATRIX: msdoor.mtx ===

Schedule = 1 | Chunk size = 1000 | Threads = 8 | WARM UP RUN
WARMUP_TIME=0.075286


Schedule = 1 | Chunk size = 1000 | Threads = 8 | Run #0
SPMV_TIME=0.002503


Schedule = 1 | Chunk size = 1000 | Threads = 8 | Run #1
SPMV_TIME=0.002184


Schedule = 1 | Chunk size = 1000 | Threads = 8 | Run #2
SPMV_TIME=0.002152


Schedule = 1 | Chunk size = 1000 | Threads = 8 | Run #3
SPMV_TIME=0.002170


Schedule = 1 | Chunk size = 1000 | Threads = 8 | Run #4
SPMV_TIME=0.002147


Schedule = 1 | Chunk size = 1000 | Threads = 8 | Run #5
SPMV_TIME=0.002111


Schedule = 1 | Chunk size = 1000 | Threads = 8 | Run #6
SPMV_TIME=0.002099


Schedule = 1 | Chunk size = 1000 | Threads = 8 | Run #7
SPMV_TIME=0.002104


Schedule = 1 | Chunk size = 1000 | Threads = 8 | Run #8
SPMV_TIME=0.002103


Schedule = 1 | Chunk size = 1000 | Threads = 8 | Run #9
SPMV_TIME=0.002133


=== MATRIX: msdoor.mtx ===

Schedule = 1 | Chunk size = 1000 | Threads = 16 | WARM UP RUN
WARMUP_TIME=0.063752


Schedule = 1 | Chunk size = 1000 | Threads = 16 | Run #0
SPMV_TIME=0.001922


Schedule = 1 | Chunk size = 1000 | Threads = 16 | Run #1
SPMV_TIME=0.001561


Schedule = 1 | Chunk size = 1000 | Threads = 16 | Run #2
SPMV_TIME=0.001525


Schedule = 1 | Chunk size = 1000 | Threads = 16 | Run #3
SPMV_TIME=0.001500


Schedule = 1 | Chunk size = 1000 | Threads = 16 | Run #4
SPMV_TIME=0.001497


Schedule = 1 | Chunk size = 1000 | Threads = 16 | Run #5
SPMV_TIME=0.001487


Schedule = 1 | Chunk size = 1000 | Threads = 16 | Run #6
SPMV_TIME=0.001494


Schedule = 1 | Chunk size = 1000 | Threads = 16 | Run #7
SPMV_TIME=0.001483


Schedule = 1 | Chunk size = 1000 | Threads = 16 | Run #8
SPMV_TIME=0.001487


Schedule = 1 | Chunk size = 1000 | Threads = 16 | Run #9
SPMV_TIME=0.001472


=== MATRIX: msdoor.mtx ===

Schedule = 1 | Chunk size = 1000 | Threads = 32 | WARM UP RUN
WARMUP_TIME=0.059429


Schedule = 1 | Chunk size = 1000 | Threads = 32 | Run #0
SPMV_TIME=0.001434


Schedule = 1 | Chunk size = 1000 | Threads = 32 | Run #1
SPMV_TIME=0.001087


Schedule = 1 | Chunk size = 1000 | Threads = 32 | Run #2
SPMV_TIME=0.000905


Schedule = 1 | Chunk size = 1000 | Threads = 32 | Run #3
SPMV_TIME=0.000829


Schedule = 1 | Chunk size = 1000 | Threads = 32 | Run #4
SPMV_TIME=0.000820


Schedule = 1 | Chunk size = 1000 | Threads = 32 | Run #5
SPMV_TIME=0.000795


Schedule = 1 | Chunk size = 1000 | Threads = 32 | Run #6
SPMV_TIME=0.000806


Schedule = 1 | Chunk size = 1000 | Threads = 32 | Run #7
SPMV_TIME=0.000798


Schedule = 1 | Chunk size = 1000 | Threads = 32 | Run #8
SPMV_TIME=0.000784


Schedule = 1 | Chunk size = 1000 | Threads = 32 | Run #9
SPMV_TIME=0.000771


=== MATRIX: msdoor.mtx ===

Schedule = 1 | Chunk size = 1000 | Threads = 64 | WARM UP RUN
WARMUP_TIME=0.100684


Schedule = 1 | Chunk size = 1000 | Threads = 64 | Run #0
SPMV_TIME=0.025491


Schedule = 1 | Chunk size = 1000 | Threads = 64 | Run #1
SPMV_TIME=0.026012


Schedule = 1 | Chunk size = 1000 | Threads = 64 | Run #2
SPMV_TIME=0.000503


Schedule = 1 | Chunk size = 1000 | Threads = 64 | Run #3
SPMV_TIME=0.000412


Schedule = 1 | Chunk size = 1000 | Threads = 64 | Run #4
SPMV_TIME=0.000386


Schedule = 1 | Chunk size = 1000 | Threads = 64 | Run #5
SPMV_TIME=0.000380


Schedule = 1 | Chunk size = 1000 | Threads = 64 | Run #6
SPMV_TIME=0.000400


Schedule = 1 | Chunk size = 1000 | Threads = 64 | Run #7
SPMV_TIME=0.000389


Schedule = 1 | Chunk size = 1000 | Threads = 64 | Run #8
SPMV_TIME=0.000395


Schedule = 1 | Chunk size = 1000 | Threads = 64 | Run #9
SPMV_TIME=0.000379


=== MATRIX: msdoor.mtx ===

Schedule = 1 | Chunk size = 10000 | Threads = 1 | WARM UP RUN
WARMUP_TIME=0.037924


Schedule = 1 | Chunk size = 10000 | Threads = 1 | Run #0
SPMV_TIME=0.011143


Schedule = 1 | Chunk size = 10000 | Threads = 1 | Run #1
SPMV_TIME=0.011168


Schedule = 1 | Chunk size = 10000 | Threads = 1 | Run #2
SPMV_TIME=0.011056


Schedule = 1 | Chunk size = 10000 | Threads = 1 | Run #3
SPMV_TIME=0.011096


Schedule = 1 | Chunk size = 10000 | Threads = 1 | Run #4
SPMV_TIME=0.011103


Schedule = 1 | Chunk size = 10000 | Threads = 1 | Run #5
SPMV_TIME=0.011036


Schedule = 1 | Chunk size = 10000 | Threads = 1 | Run #6
SPMV_TIME=0.011061


Schedule = 1 | Chunk size = 10000 | Threads = 1 | Run #7
SPMV_TIME=0.011015


Schedule = 1 | Chunk size = 10000 | Threads = 1 | Run #8
SPMV_TIME=0.011020


Schedule = 1 | Chunk size = 10000 | Threads = 1 | Run #9
SPMV_TIME=0.011091


=== MATRIX: msdoor.mtx ===

Schedule = 1 | Chunk size = 10000 | Threads = 2 | WARM UP RUN
WARMUP_TIME=0.073612


Schedule = 1 | Chunk size = 10000 | Threads = 2 | Run #0
SPMV_TIME=0.006747


Schedule = 1 | Chunk size = 10000 | Threads = 2 | Run #1
SPMV_TIME=0.006575


Schedule = 1 | Chunk size = 10000 | Threads = 2 | Run #2
SPMV_TIME=0.006572


Schedule = 1 | Chunk size = 10000 | Threads = 2 | Run #3
SPMV_TIME=0.006522


Schedule = 1 | Chunk size = 10000 | Threads = 2 | Run #4
SPMV_TIME=0.006493


Schedule = 1 | Chunk size = 10000 | Threads = 2 | Run #5
SPMV_TIME=0.006494


Schedule = 1 | Chunk size = 10000 | Threads = 2 | Run #6
SPMV_TIME=0.006503


Schedule = 1 | Chunk size = 10000 | Threads = 2 | Run #7
SPMV_TIME=0.006554


Schedule = 1 | Chunk size = 10000 | Threads = 2 | Run #8
SPMV_TIME=0.006614


Schedule = 1 | Chunk size = 10000 | Threads = 2 | Run #9
SPMV_TIME=0.006475


=== MATRIX: msdoor.mtx ===

Schedule = 1 | Chunk size = 10000 | Threads = 4 | WARM UP RUN
WARMUP_TIME=0.083863


Schedule = 1 | Chunk size = 10000 | Threads = 4 | Run #0
SPMV_TIME=0.003472


Schedule = 1 | Chunk size = 10000 | Threads = 4 | Run #1
SPMV_TIME=0.003380


Schedule = 1 | Chunk size = 10000 | Threads = 4 | Run #2
SPMV_TIME=0.003373


Schedule = 1 | Chunk size = 10000 | Threads = 4 | Run #3
SPMV_TIME=0.003292


Schedule = 1 | Chunk size = 10000 | Threads = 4 | Run #4
SPMV_TIME=0.003343


Schedule = 1 | Chunk size = 10000 | Threads = 4 | Run #5
SPMV_TIME=0.003360


Schedule = 1 | Chunk size = 10000 | Threads = 4 | Run #6
SPMV_TIME=0.003346


Schedule = 1 | Chunk size = 10000 | Threads = 4 | Run #7
SPMV_TIME=0.003373


Schedule = 1 | Chunk size = 10000 | Threads = 4 | Run #8
SPMV_TIME=0.003331


Schedule = 1 | Chunk size = 10000 | Threads = 4 | Run #9
SPMV_TIME=0.003273


=== MATRIX: msdoor.mtx ===

Schedule = 1 | Chunk size = 10000 | Threads = 8 | WARM UP RUN
WARMUP_TIME=0.065874


Schedule = 1 | Chunk size = 10000 | Threads = 8 | Run #0
SPMV_TIME=0.002120


Schedule = 1 | Chunk size = 10000 | Threads = 8 | Run #1
SPMV_TIME=0.001976


Schedule = 1 | Chunk size = 10000 | Threads = 8 | Run #2
SPMV_TIME=0.001952


Schedule = 1 | Chunk size = 10000 | Threads = 8 | Run #3
SPMV_TIME=0.001941


Schedule = 1 | Chunk size = 10000 | Threads = 8 | Run #4
SPMV_TIME=0.001934


Schedule = 1 | Chunk size = 10000 | Threads = 8 | Run #5
SPMV_TIME=0.001929


Schedule = 1 | Chunk size = 10000 | Threads = 8 | Run #6
SPMV_TIME=0.001954


Schedule = 1 | Chunk size = 10000 | Threads = 8 | Run #7
SPMV_TIME=0.001962


Schedule = 1 | Chunk size = 10000 | Threads = 8 | Run #8
SPMV_TIME=0.001949


Schedule = 1 | Chunk size = 10000 | Threads = 8 | Run #9
SPMV_TIME=0.001935


=== MATRIX: msdoor.mtx ===

Schedule = 1 | Chunk size = 10000 | Threads = 16 | WARM UP RUN
WARMUP_TIME=0.056688


Schedule = 1 | Chunk size = 10000 | Threads = 16 | Run #0
SPMV_TIME=0.001698


Schedule = 1 | Chunk size = 10000 | Threads = 16 | Run #1
SPMV_TIME=0.001347


Schedule = 1 | Chunk size = 10000 | Threads = 16 | Run #2
SPMV_TIME=0.001282


Schedule = 1 | Chunk size = 10000 | Threads = 16 | Run #3
SPMV_TIME=0.001270


Schedule = 1 | Chunk size = 10000 | Threads = 16 | Run #4
SPMV_TIME=0.001269


Schedule = 1 | Chunk size = 10000 | Threads = 16 | Run #5
SPMV_TIME=0.001255


Schedule = 1 | Chunk size = 10000 | Threads = 16 | Run #6
SPMV_TIME=0.001257


Schedule = 1 | Chunk size = 10000 | Threads = 16 | Run #7
SPMV_TIME=0.001243


Schedule = 1 | Chunk size = 10000 | Threads = 16 | Run #8
SPMV_TIME=0.001256


Schedule = 1 | Chunk size = 10000 | Threads = 16 | Run #9
SPMV_TIME=0.001250


=== MATRIX: msdoor.mtx ===

Schedule = 1 | Chunk size = 10000 | Threads = 32 | WARM UP RUN
WARMUP_TIME=0.055378


Schedule = 1 | Chunk size = 10000 | Threads = 32 | Run #0
SPMV_TIME=0.001448


Schedule = 1 | Chunk size = 10000 | Threads = 32 | Run #1
SPMV_TIME=0.001060


Schedule = 1 | Chunk size = 10000 | Threads = 32 | Run #2
SPMV_TIME=0.000939


Schedule = 1 | Chunk size = 10000 | Threads = 32 | Run #3
SPMV_TIME=0.000891


Schedule = 1 | Chunk size = 10000 | Threads = 32 | Run #4
SPMV_TIME=0.000876


Schedule = 1 | Chunk size = 10000 | Threads = 32 | Run #5
SPMV_TIME=0.000873


Schedule = 1 | Chunk size = 10000 | Threads = 32 | Run #6
SPMV_TIME=0.000870


Schedule = 1 | Chunk size = 10000 | Threads = 32 | Run #7
SPMV_TIME=0.000866


Schedule = 1 | Chunk size = 10000 | Threads = 32 | Run #8
SPMV_TIME=0.000853


Schedule = 1 | Chunk size = 10000 | Threads = 32 | Run #9
SPMV_TIME=0.000864


=== MATRIX: msdoor.mtx ===

Schedule = 1 | Chunk size = 10000 | Threads = 64 | WARM UP RUN
WARMUP_TIME=0.063644


Schedule = 1 | Chunk size = 10000 | Threads = 64 | Run #0
SPMV_TIME=0.001372


Schedule = 1 | Chunk size = 10000 | Threads = 64 | Run #1
SPMV_TIME=0.000999


Schedule = 1 | Chunk size = 10000 | Threads = 64 | Run #2
SPMV_TIME=0.000807


Schedule = 1 | Chunk size = 10000 | Threads = 64 | Run #3
SPMV_TIME=0.000753


Schedule = 1 | Chunk size = 10000 | Threads = 64 | Run #4
SPMV_TIME=0.000730


Schedule = 1 | Chunk size = 10000 | Threads = 64 | Run #5
SPMV_TIME=0.000708


Schedule = 1 | Chunk size = 10000 | Threads = 64 | Run #6
SPMV_TIME=0.000720


Schedule = 1 | Chunk size = 10000 | Threads = 64 | Run #7
SPMV_TIME=0.000712


Schedule = 1 | Chunk size = 10000 | Threads = 64 | Run #8
SPMV_TIME=0.000687


Schedule = 1 | Chunk size = 10000 | Threads = 64 | Run #9
SPMV_TIME=0.000697


=== MATRIX: msdoor.mtx ===

Schedule = 2 | Chunk size = 1 | Threads = 1 | WARM UP RUN
WARMUP_TIME=0.046502


Schedule = 2 | Chunk size = 1 | Threads = 1 | Run #0
SPMV_TIME=0.018800


Schedule = 2 | Chunk size = 1 | Threads = 1 | Run #1
SPMV_TIME=0.018707


Schedule = 2 | Chunk size = 1 | Threads = 1 | Run #2
SPMV_TIME=0.018719


Schedule = 2 | Chunk size = 1 | Threads = 1 | Run #3
SPMV_TIME=0.018815


Schedule = 2 | Chunk size = 1 | Threads = 1 | Run #4
SPMV_TIME=0.018929


Schedule = 2 | Chunk size = 1 | Threads = 1 | Run #5
SPMV_TIME=0.019041


Schedule = 2 | Chunk size = 1 | Threads = 1 | Run #6
SPMV_TIME=0.018738


Schedule = 2 | Chunk size = 1 | Threads = 1 | Run #7
SPMV_TIME=0.018701


Schedule = 2 | Chunk size = 1 | Threads = 1 | Run #8
SPMV_TIME=0.018753


Schedule = 2 | Chunk size = 1 | Threads = 1 | Run #9
SPMV_TIME=0.018861


=== MATRIX: msdoor.mtx ===

Schedule = 2 | Chunk size = 1 | Threads = 2 | WARM UP RUN
WARMUP_TIME=0.152641


Schedule = 2 | Chunk size = 1 | Threads = 2 | Run #0
SPMV_TIME=0.031591


Schedule = 2 | Chunk size = 1 | Threads = 2 | Run #1
SPMV_TIME=0.031185


Schedule = 2 | Chunk size = 1 | Threads = 2 | Run #2
SPMV_TIME=0.031570


Schedule = 2 | Chunk size = 1 | Threads = 2 | Run #3
SPMV_TIME=0.031499


Schedule = 2 | Chunk size = 1 | Threads = 2 | Run #4
SPMV_TIME=0.031337


Schedule = 2 | Chunk size = 1 | Threads = 2 | Run #5
SPMV_TIME=0.031551


Schedule = 2 | Chunk size = 1 | Threads = 2 | Run #6
SPMV_TIME=0.031500


Schedule = 2 | Chunk size = 1 | Threads = 2 | Run #7
SPMV_TIME=0.031218


Schedule = 2 | Chunk size = 1 | Threads = 2 | Run #8
SPMV_TIME=0.031340


Schedule = 2 | Chunk size = 1 | Threads = 2 | Run #9
SPMV_TIME=0.031179


=== MATRIX: msdoor.mtx ===

Schedule = 2 | Chunk size = 1 | Threads = 4 | WARM UP RUN
WARMUP_TIME=0.051846


Schedule = 2 | Chunk size = 1 | Threads = 4 | Run #0
SPMV_TIME=0.049412


Schedule = 2 | Chunk size = 1 | Threads = 4 | Run #1
SPMV_TIME=0.048993


Schedule = 2 | Chunk size = 1 | Threads = 4 | Run #2
SPMV_TIME=0.049163


Schedule = 2 | Chunk size = 1 | Threads = 4 | Run #3
SPMV_TIME=0.049279


Schedule = 2 | Chunk size = 1 | Threads = 4 | Run #4
SPMV_TIME=0.049187


Schedule = 2 | Chunk size = 1 | Threads = 4 | Run #5
SPMV_TIME=0.048943


Schedule = 2 | Chunk size = 1 | Threads = 4 | Run #6
SPMV_TIME=0.048886


Schedule = 2 | Chunk size = 1 | Threads = 4 | Run #7
SPMV_TIME=0.048539


Schedule = 2 | Chunk size = 1 | Threads = 4 | Run #8
SPMV_TIME=0.047543


Schedule = 2 | Chunk size = 1 | Threads = 4 | Run #9
SPMV_TIME=0.047496


=== MATRIX: msdoor.mtx ===

Schedule = 2 | Chunk size = 1 | Threads = 8 | WARM UP RUN
WARMUP_TIME=0.043944


Schedule = 2 | Chunk size = 1 | Threads = 8 | Run #0
SPMV_TIME=0.040830


Schedule = 2 | Chunk size = 1 | Threads = 8 | Run #1
SPMV_TIME=0.039994


Schedule = 2 | Chunk size = 1 | Threads = 8 | Run #2
SPMV_TIME=0.039859


Schedule = 2 | Chunk size = 1 | Threads = 8 | Run #3
SPMV_TIME=0.039969


Schedule = 2 | Chunk size = 1 | Threads = 8 | Run #4
SPMV_TIME=0.039853


Schedule = 2 | Chunk size = 1 | Threads = 8 | Run #5
SPMV_TIME=0.039892


Schedule = 2 | Chunk size = 1 | Threads = 8 | Run #6
SPMV_TIME=0.039923


Schedule = 2 | Chunk size = 1 | Threads = 8 | Run #7
SPMV_TIME=0.039842


Schedule = 2 | Chunk size = 1 | Threads = 8 | Run #8
SPMV_TIME=0.043492


Schedule = 2 | Chunk size = 1 | Threads = 8 | Run #9
SPMV_TIME=0.043675


=== MATRIX: msdoor.mtx ===

Schedule = 2 | Chunk size = 1 | Threads = 16 | WARM UP RUN
WARMUP_TIME=0.037096


Schedule = 2 | Chunk size = 1 | Threads = 16 | Run #0
SPMV_TIME=0.033772


Schedule = 2 | Chunk size = 1 | Threads = 16 | Run #1
SPMV_TIME=0.033232


Schedule = 2 | Chunk size = 1 | Threads = 16 | Run #2
SPMV_TIME=0.032996


Schedule = 2 | Chunk size = 1 | Threads = 16 | Run #3
SPMV_TIME=0.032898


Schedule = 2 | Chunk size = 1 | Threads = 16 | Run #4
SPMV_TIME=0.032812


Schedule = 2 | Chunk size = 1 | Threads = 16 | Run #5
SPMV_TIME=0.032783


Schedule = 2 | Chunk size = 1 | Threads = 16 | Run #6
SPMV_TIME=0.032745


Schedule = 2 | Chunk size = 1 | Threads = 16 | Run #7
SPMV_TIME=0.032751


Schedule = 2 | Chunk size = 1 | Threads = 16 | Run #8
SPMV_TIME=0.032750


Schedule = 2 | Chunk size = 1 | Threads = 16 | Run #9
SPMV_TIME=0.032797


=== MATRIX: msdoor.mtx ===

Schedule = 2 | Chunk size = 1 | Threads = 32 | WARM UP RUN
WARMUP_TIME=0.034237


Schedule = 2 | Chunk size = 1 | Threads = 32 | Run #0
SPMV_TIME=0.030782


Schedule = 2 | Chunk size = 1 | Threads = 32 | Run #1
SPMV_TIME=0.030596


Schedule = 2 | Chunk size = 1 | Threads = 32 | Run #2
SPMV_TIME=0.030557


Schedule = 2 | Chunk size = 1 | Threads = 32 | Run #3
SPMV_TIME=0.030489


Schedule = 2 | Chunk size = 1 | Threads = 32 | Run #4
SPMV_TIME=0.030410


Schedule = 2 | Chunk size = 1 | Threads = 32 | Run #5
SPMV_TIME=0.030424


Schedule = 2 | Chunk size = 1 | Threads = 32 | Run #6
SPMV_TIME=0.030276


Schedule = 2 | Chunk size = 1 | Threads = 32 | Run #7
SPMV_TIME=0.030493


Schedule = 2 | Chunk size = 1 | Threads = 32 | Run #8
SPMV_TIME=0.030287


Schedule = 2 | Chunk size = 1 | Threads = 32 | Run #9
SPMV_TIME=0.030308


=== MATRIX: msdoor.mtx ===

Schedule = 2 | Chunk size = 1 | Threads = 64 | WARM UP RUN
WARMUP_TIME=0.055776


Schedule = 2 | Chunk size = 1 | Threads = 64 | Run #0
SPMV_TIME=0.051972


Schedule = 2 | Chunk size = 1 | Threads = 64 | Run #1
SPMV_TIME=0.052000


Schedule = 2 | Chunk size = 1 | Threads = 64 | Run #2
SPMV_TIME=0.051991


Schedule = 2 | Chunk size = 1 | Threads = 64 | Run #3
SPMV_TIME=0.051997


Schedule = 2 | Chunk size = 1 | Threads = 64 | Run #4
SPMV_TIME=0.051997


Schedule = 2 | Chunk size = 1 | Threads = 64 | Run #5
SPMV_TIME=0.051996


Schedule = 2 | Chunk size = 1 | Threads = 64 | Run #6
SPMV_TIME=0.051998


Schedule = 2 | Chunk size = 1 | Threads = 64 | Run #7
SPMV_TIME=0.052000


Schedule = 2 | Chunk size = 1 | Threads = 64 | Run #8
SPMV_TIME=0.051992


Schedule = 2 | Chunk size = 1 | Threads = 64 | Run #9
SPMV_TIME=0.052003


=== MATRIX: msdoor.mtx ===

Schedule = 2 | Chunk size = 10 | Threads = 1 | WARM UP RUN
WARMUP_TIME=0.014570


Schedule = 2 | Chunk size = 10 | Threads = 1 | Run #0
SPMV_TIME=0.011958


Schedule = 2 | Chunk size = 10 | Threads = 1 | Run #1
SPMV_TIME=0.011886


Schedule = 2 | Chunk size = 10 | Threads = 1 | Run #2
SPMV_TIME=0.011902


Schedule = 2 | Chunk size = 10 | Threads = 1 | Run #3
SPMV_TIME=0.011938


Schedule = 2 | Chunk size = 10 | Threads = 1 | Run #4
SPMV_TIME=0.027041


Schedule = 2 | Chunk size = 10 | Threads = 1 | Run #5
SPMV_TIME=0.024121


Schedule = 2 | Chunk size = 10 | Threads = 1 | Run #6
SPMV_TIME=0.012052


Schedule = 2 | Chunk size = 10 | Threads = 1 | Run #7
SPMV_TIME=0.011804


Schedule = 2 | Chunk size = 10 | Threads = 1 | Run #8
SPMV_TIME=0.011990


Schedule = 2 | Chunk size = 10 | Threads = 1 | Run #9
SPMV_TIME=0.011945


=== MATRIX: msdoor.mtx ===

Schedule = 2 | Chunk size = 10 | Threads = 2 | WARM UP RUN
WARMUP_TIME=0.016228


Schedule = 2 | Chunk size = 10 | Threads = 2 | Run #0
SPMV_TIME=0.013938


Schedule = 2 | Chunk size = 10 | Threads = 2 | Run #1
SPMV_TIME=0.013454


Schedule = 2 | Chunk size = 10 | Threads = 2 | Run #2
SPMV_TIME=0.013726


Schedule = 2 | Chunk size = 10 | Threads = 2 | Run #3
SPMV_TIME=0.013769


Schedule = 2 | Chunk size = 10 | Threads = 2 | Run #4
SPMV_TIME=0.013813


Schedule = 2 | Chunk size = 10 | Threads = 2 | Run #5
SPMV_TIME=0.013781


Schedule = 2 | Chunk size = 10 | Threads = 2 | Run #6
SPMV_TIME=0.013808


Schedule = 2 | Chunk size = 10 | Threads = 2 | Run #7
SPMV_TIME=0.013841


Schedule = 2 | Chunk size = 10 | Threads = 2 | Run #8
SPMV_TIME=0.013814


Schedule = 2 | Chunk size = 10 | Threads = 2 | Run #9
SPMV_TIME=0.013819


=== MATRIX: msdoor.mtx ===

Schedule = 2 | Chunk size = 10 | Threads = 4 | WARM UP RUN
WARMUP_TIME=0.013865


Schedule = 2 | Chunk size = 10 | Threads = 4 | Run #0
SPMV_TIME=0.010658


Schedule = 2 | Chunk size = 10 | Threads = 4 | Run #1
SPMV_TIME=0.010181


Schedule = 2 | Chunk size = 10 | Threads = 4 | Run #2
SPMV_TIME=0.010236


Schedule = 2 | Chunk size = 10 | Threads = 4 | Run #3
SPMV_TIME=0.010470


Schedule = 2 | Chunk size = 10 | Threads = 4 | Run #4
SPMV_TIME=0.010463


Schedule = 2 | Chunk size = 10 | Threads = 4 | Run #5
SPMV_TIME=0.010478


Schedule = 2 | Chunk size = 10 | Threads = 4 | Run #6
SPMV_TIME=0.010470


Schedule = 2 | Chunk size = 10 | Threads = 4 | Run #7
SPMV_TIME=0.010465


Schedule = 2 | Chunk size = 10 | Threads = 4 | Run #8
SPMV_TIME=0.010462


Schedule = 2 | Chunk size = 10 | Threads = 4 | Run #9
SPMV_TIME=0.010463


=== MATRIX: msdoor.mtx ===

Schedule = 2 | Chunk size = 10 | Threads = 8 | WARM UP RUN
WARMUP_TIME=0.012441


Schedule = 2 | Chunk size = 10 | Threads = 8 | Run #0
SPMV_TIME=0.007426


Schedule = 2 | Chunk size = 10 | Threads = 8 | Run #1
SPMV_TIME=0.007157


Schedule = 2 | Chunk size = 10 | Threads = 8 | Run #2
SPMV_TIME=0.007182


Schedule = 2 | Chunk size = 10 | Threads = 8 | Run #3
SPMV_TIME=0.007259


Schedule = 2 | Chunk size = 10 | Threads = 8 | Run #4
SPMV_TIME=0.007208


Schedule = 2 | Chunk size = 10 | Threads = 8 | Run #5
SPMV_TIME=0.007196


Schedule = 2 | Chunk size = 10 | Threads = 8 | Run #6
SPMV_TIME=0.007189


Schedule = 2 | Chunk size = 10 | Threads = 8 | Run #7
SPMV_TIME=0.007193


Schedule = 2 | Chunk size = 10 | Threads = 8 | Run #8
SPMV_TIME=0.007203


Schedule = 2 | Chunk size = 10 | Threads = 8 | Run #9
SPMV_TIME=0.007188


=== MATRIX: msdoor.mtx ===

Schedule = 2 | Chunk size = 10 | Threads = 16 | WARM UP RUN
WARMUP_TIME=0.013458


Schedule = 2 | Chunk size = 10 | Threads = 16 | Run #0
SPMV_TIME=0.006192


Schedule = 2 | Chunk size = 10 | Threads = 16 | Run #1
SPMV_TIME=0.005795


Schedule = 2 | Chunk size = 10 | Threads = 16 | Run #2
SPMV_TIME=0.005699


Schedule = 2 | Chunk size = 10 | Threads = 16 | Run #3
SPMV_TIME=0.005665


Schedule = 2 | Chunk size = 10 | Threads = 16 | Run #4
SPMV_TIME=0.005681


Schedule = 2 | Chunk size = 10 | Threads = 16 | Run #5
SPMV_TIME=0.005656


Schedule = 2 | Chunk size = 10 | Threads = 16 | Run #6
SPMV_TIME=0.005655


Schedule = 2 | Chunk size = 10 | Threads = 16 | Run #7
SPMV_TIME=0.005636


Schedule = 2 | Chunk size = 10 | Threads = 16 | Run #8
SPMV_TIME=0.005649


Schedule = 2 | Chunk size = 10 | Threads = 16 | Run #9
SPMV_TIME=0.005633


=== MATRIX: msdoor.mtx ===

Schedule = 2 | Chunk size = 10 | Threads = 32 | WARM UP RUN
WARMUP_TIME=0.030941


Schedule = 2 | Chunk size = 10 | Threads = 32 | Run #0
SPMV_TIME=0.005985


Schedule = 2 | Chunk size = 10 | Threads = 32 | Run #1
SPMV_TIME=0.005439


Schedule = 2 | Chunk size = 10 | Threads = 32 | Run #2
SPMV_TIME=0.005298


Schedule = 2 | Chunk size = 10 | Threads = 32 | Run #3
SPMV_TIME=0.005232


Schedule = 2 | Chunk size = 10 | Threads = 32 | Run #4
SPMV_TIME=0.005235


Schedule = 2 | Chunk size = 10 | Threads = 32 | Run #5
SPMV_TIME=0.005214


Schedule = 2 | Chunk size = 10 | Threads = 32 | Run #6
SPMV_TIME=0.005213


Schedule = 2 | Chunk size = 10 | Threads = 32 | Run #7
SPMV_TIME=0.005218


Schedule = 2 | Chunk size = 10 | Threads = 32 | Run #8
SPMV_TIME=0.005186


Schedule = 2 | Chunk size = 10 | Threads = 32 | Run #9
SPMV_TIME=0.005193


=== MATRIX: msdoor.mtx ===

Schedule = 2 | Chunk size = 10 | Threads = 64 | WARM UP RUN
WARMUP_TIME=0.361740


Schedule = 2 | Chunk size = 10 | Threads = 64 | Run #0
SPMV_TIME=0.003929


Schedule = 2 | Chunk size = 10 | Threads = 64 | Run #1
SPMV_TIME=0.003663


Schedule = 2 | Chunk size = 10 | Threads = 64 | Run #2
SPMV_TIME=0.003603


Schedule = 2 | Chunk size = 10 | Threads = 64 | Run #3
SPMV_TIME=0.003580


Schedule = 2 | Chunk size = 10 | Threads = 64 | Run #4
SPMV_TIME=0.003592


Schedule = 2 | Chunk size = 10 | Threads = 64 | Run #5
SPMV_TIME=0.003567


Schedule = 2 | Chunk size = 10 | Threads = 64 | Run #6
SPMV_TIME=0.003568


Schedule = 2 | Chunk size = 10 | Threads = 64 | Run #7
SPMV_TIME=0.003592


Schedule = 2 | Chunk size = 10 | Threads = 64 | Run #8
SPMV_TIME=0.003568


Schedule = 2 | Chunk size = 10 | Threads = 64 | Run #9
SPMV_TIME=0.003582


=== MATRIX: msdoor.mtx ===

Schedule = 2 | Chunk size = 100 | Threads = 1 | WARM UP RUN
WARMUP_TIME=0.037905


Schedule = 2 | Chunk size = 100 | Threads = 1 | Run #0
SPMV_TIME=0.011277


Schedule = 2 | Chunk size = 100 | Threads = 1 | Run #1
SPMV_TIME=0.011146


Schedule = 2 | Chunk size = 100 | Threads = 1 | Run #2
SPMV_TIME=0.011224


Schedule = 2 | Chunk size = 100 | Threads = 1 | Run #3
SPMV_TIME=0.011186


Schedule = 2 | Chunk size = 100 | Threads = 1 | Run #4
SPMV_TIME=0.011162


Schedule = 2 | Chunk size = 100 | Threads = 1 | Run #5
SPMV_TIME=0.011142


Schedule = 2 | Chunk size = 100 | Threads = 1 | Run #6
SPMV_TIME=0.011160


Schedule = 2 | Chunk size = 100 | Threads = 1 | Run #7
SPMV_TIME=0.011158


Schedule = 2 | Chunk size = 100 | Threads = 1 | Run #8
SPMV_TIME=0.011245


Schedule = 2 | Chunk size = 100 | Threads = 1 | Run #9
SPMV_TIME=0.011303


=== MATRIX: msdoor.mtx ===

Schedule = 2 | Chunk size = 100 | Threads = 2 | WARM UP RUN
WARMUP_TIME=0.054154


Schedule = 2 | Chunk size = 100 | Threads = 2 | Run #0
SPMV_TIME=0.007942


Schedule = 2 | Chunk size = 100 | Threads = 2 | Run #1
SPMV_TIME=0.008663


Schedule = 2 | Chunk size = 100 | Threads = 2 | Run #2
SPMV_TIME=0.008647


Schedule = 2 | Chunk size = 100 | Threads = 2 | Run #3
SPMV_TIME=0.008574


Schedule = 2 | Chunk size = 100 | Threads = 2 | Run #4
SPMV_TIME=0.008607


Schedule = 2 | Chunk size = 100 | Threads = 2 | Run #5
SPMV_TIME=0.008591


Schedule = 2 | Chunk size = 100 | Threads = 2 | Run #6
SPMV_TIME=0.008531


Schedule = 2 | Chunk size = 100 | Threads = 2 | Run #7
SPMV_TIME=0.008553


Schedule = 2 | Chunk size = 100 | Threads = 2 | Run #8
SPMV_TIME=0.008549


Schedule = 2 | Chunk size = 100 | Threads = 2 | Run #9
SPMV_TIME=0.008567


=== MATRIX: msdoor.mtx ===

Schedule = 2 | Chunk size = 100 | Threads = 4 | WARM UP RUN
WARMUP_TIME=0.065507


Schedule = 2 | Chunk size = 100 | Threads = 4 | Run #0
SPMV_TIME=0.005110


Schedule = 2 | Chunk size = 100 | Threads = 4 | Run #1
SPMV_TIME=0.005251


Schedule = 2 | Chunk size = 100 | Threads = 4 | Run #2
SPMV_TIME=0.005136


Schedule = 2 | Chunk size = 100 | Threads = 4 | Run #3
SPMV_TIME=0.005138


Schedule = 2 | Chunk size = 100 | Threads = 4 | Run #4
SPMV_TIME=0.005045


Schedule = 2 | Chunk size = 100 | Threads = 4 | Run #5
SPMV_TIME=0.005038


Schedule = 2 | Chunk size = 100 | Threads = 4 | Run #6
SPMV_TIME=0.005019


Schedule = 2 | Chunk size = 100 | Threads = 4 | Run #7
SPMV_TIME=0.004998


Schedule = 2 | Chunk size = 100 | Threads = 4 | Run #8
SPMV_TIME=0.005037


Schedule = 2 | Chunk size = 100 | Threads = 4 | Run #9
SPMV_TIME=0.004920


=== MATRIX: msdoor.mtx ===

Schedule = 2 | Chunk size = 100 | Threads = 8 | WARM UP RUN
WARMUP_TIME=0.087487


Schedule = 2 | Chunk size = 100 | Threads = 8 | Run #0
SPMV_TIME=0.003258


Schedule = 2 | Chunk size = 100 | Threads = 8 | Run #1
SPMV_TIME=0.003199


Schedule = 2 | Chunk size = 100 | Threads = 8 | Run #2
SPMV_TIME=0.003114


Schedule = 2 | Chunk size = 100 | Threads = 8 | Run #3
SPMV_TIME=0.003094


Schedule = 2 | Chunk size = 100 | Threads = 8 | Run #4
SPMV_TIME=0.003051


Schedule = 2 | Chunk size = 100 | Threads = 8 | Run #5
SPMV_TIME=0.003028


Schedule = 2 | Chunk size = 100 | Threads = 8 | Run #6
SPMV_TIME=0.003037


Schedule = 2 | Chunk size = 100 | Threads = 8 | Run #7
SPMV_TIME=0.003029


Schedule = 2 | Chunk size = 100 | Threads = 8 | Run #8
SPMV_TIME=0.003024


Schedule = 2 | Chunk size = 100 | Threads = 8 | Run #9
SPMV_TIME=0.002989


=== MATRIX: msdoor.mtx ===

Schedule = 2 | Chunk size = 100 | Threads = 16 | WARM UP RUN
WARMUP_TIME=0.025616


Schedule = 2 | Chunk size = 100 | Threads = 16 | Run #0
SPMV_TIME=0.014745


Schedule = 2 | Chunk size = 100 | Threads = 16 | Run #1
SPMV_TIME=0.005078


Schedule = 2 | Chunk size = 100 | Threads = 16 | Run #2
SPMV_TIME=0.004933


Schedule = 2 | Chunk size = 100 | Threads = 16 | Run #3
SPMV_TIME=0.004801


Schedule = 2 | Chunk size = 100 | Threads = 16 | Run #4
SPMV_TIME=0.004728


Schedule = 2 | Chunk size = 100 | Threads = 16 | Run #5
SPMV_TIME=0.004691


Schedule = 2 | Chunk size = 100 | Threads = 16 | Run #6
SPMV_TIME=0.004644


Schedule = 2 | Chunk size = 100 | Threads = 16 | Run #7
SPMV_TIME=0.004584


Schedule = 2 | Chunk size = 100 | Threads = 16 | Run #8
SPMV_TIME=0.004514


Schedule = 2 | Chunk size = 100 | Threads = 16 | Run #9
SPMV_TIME=0.004564


=== MATRIX: msdoor.mtx ===

Schedule = 2 | Chunk size = 100 | Threads = 32 | WARM UP RUN
WARMUP_TIME=0.025446


Schedule = 2 | Chunk size = 100 | Threads = 32 | Run #0
SPMV_TIME=0.013896


Schedule = 2 | Chunk size = 100 | Threads = 32 | Run #1
SPMV_TIME=0.006960


Schedule = 2 | Chunk size = 100 | Threads = 32 | Run #2
SPMV_TIME=0.004710


Schedule = 2 | Chunk size = 100 | Threads = 32 | Run #3
SPMV_TIME=0.004374


Schedule = 2 | Chunk size = 100 | Threads = 32 | Run #4
SPMV_TIME=0.004146


Schedule = 2 | Chunk size = 100 | Threads = 32 | Run #5
SPMV_TIME=0.004066


Schedule = 2 | Chunk size = 100 | Threads = 32 | Run #6
SPMV_TIME=0.004095


Schedule = 2 | Chunk size = 100 | Threads = 32 | Run #7
SPMV_TIME=0.004057


Schedule = 2 | Chunk size = 100 | Threads = 32 | Run #8
SPMV_TIME=0.004052


Schedule = 2 | Chunk size = 100 | Threads = 32 | Run #9
SPMV_TIME=0.004124


=== MATRIX: msdoor.mtx ===

Schedule = 2 | Chunk size = 100 | Threads = 64 | WARM UP RUN
WARMUP_TIME=0.033556


Schedule = 2 | Chunk size = 100 | Threads = 64 | Run #0
SPMV_TIME=0.044985


Schedule = 2 | Chunk size = 100 | Threads = 64 | Run #1
SPMV_TIME=0.046992


Schedule = 2 | Chunk size = 100 | Threads = 64 | Run #2
SPMV_TIME=0.032002


Schedule = 2 | Chunk size = 100 | Threads = 64 | Run #3
SPMV_TIME=0.028002


Schedule = 2 | Chunk size = 100 | Threads = 64 | Run #4
SPMV_TIME=0.040105


Schedule = 2 | Chunk size = 100 | Threads = 64 | Run #5
SPMV_TIME=0.028884


Schedule = 2 | Chunk size = 100 | Threads = 64 | Run #6
SPMV_TIME=0.026995


Schedule = 2 | Chunk size = 100 | Threads = 64 | Run #7
SPMV_TIME=0.025998


Schedule = 2 | Chunk size = 100 | Threads = 64 | Run #8
SPMV_TIME=0.026001


Schedule = 2 | Chunk size = 100 | Threads = 64 | Run #9
SPMV_TIME=0.028101


=== MATRIX: msdoor.mtx ===

Schedule = 2 | Chunk size = 1000 | Threads = 1 | WARM UP RUN
WARMUP_TIME=0.015296


Schedule = 2 | Chunk size = 1000 | Threads = 1 | Run #0
SPMV_TIME=0.013072


Schedule = 2 | Chunk size = 1000 | Threads = 1 | Run #1
SPMV_TIME=0.012954


Schedule = 2 | Chunk size = 1000 | Threads = 1 | Run #2
SPMV_TIME=0.012963


Schedule = 2 | Chunk size = 1000 | Threads = 1 | Run #3
SPMV_TIME=0.012898


Schedule = 2 | Chunk size = 1000 | Threads = 1 | Run #4
SPMV_TIME=0.013060


Schedule = 2 | Chunk size = 1000 | Threads = 1 | Run #5
SPMV_TIME=0.013010


Schedule = 2 | Chunk size = 1000 | Threads = 1 | Run #6
SPMV_TIME=0.012896


Schedule = 2 | Chunk size = 1000 | Threads = 1 | Run #7
SPMV_TIME=0.012934


Schedule = 2 | Chunk size = 1000 | Threads = 1 | Run #8
SPMV_TIME=0.012929


Schedule = 2 | Chunk size = 1000 | Threads = 1 | Run #9
SPMV_TIME=0.012974


=== MATRIX: msdoor.mtx ===

Schedule = 2 | Chunk size = 1000 | Threads = 2 | WARM UP RUN
WARMUP_TIME=0.009704


Schedule = 2 | Chunk size = 1000 | Threads = 2 | Run #0
SPMV_TIME=0.009120


Schedule = 2 | Chunk size = 1000 | Threads = 2 | Run #1
SPMV_TIME=0.008797


Schedule = 2 | Chunk size = 1000 | Threads = 2 | Run #2
SPMV_TIME=0.008729


Schedule = 2 | Chunk size = 1000 | Threads = 2 | Run #3
SPMV_TIME=0.008696


Schedule = 2 | Chunk size = 1000 | Threads = 2 | Run #4
SPMV_TIME=0.008609


Schedule = 2 | Chunk size = 1000 | Threads = 2 | Run #5
SPMV_TIME=0.008644


Schedule = 2 | Chunk size = 1000 | Threads = 2 | Run #6
SPMV_TIME=0.008702


Schedule = 2 | Chunk size = 1000 | Threads = 2 | Run #7
SPMV_TIME=0.008586


Schedule = 2 | Chunk size = 1000 | Threads = 2 | Run #8
SPMV_TIME=0.008552


Schedule = 2 | Chunk size = 1000 | Threads = 2 | Run #9
SPMV_TIME=0.008643


=== MATRIX: msdoor.mtx ===

Schedule = 2 | Chunk size = 1000 | Threads = 4 | WARM UP RUN
WARMUP_TIME=0.004700


Schedule = 2 | Chunk size = 1000 | Threads = 4 | Run #0
SPMV_TIME=0.003983


Schedule = 2 | Chunk size = 1000 | Threads = 4 | Run #1
SPMV_TIME=0.003931


Schedule = 2 | Chunk size = 1000 | Threads = 4 | Run #2
SPMV_TIME=0.003917


Schedule = 2 | Chunk size = 1000 | Threads = 4 | Run #3
SPMV_TIME=0.003882


Schedule = 2 | Chunk size = 1000 | Threads = 4 | Run #4
SPMV_TIME=0.003891


Schedule = 2 | Chunk size = 1000 | Threads = 4 | Run #5
SPMV_TIME=0.003887


Schedule = 2 | Chunk size = 1000 | Threads = 4 | Run #6
SPMV_TIME=0.003890


Schedule = 2 | Chunk size = 1000 | Threads = 4 | Run #7
SPMV_TIME=0.003911


Schedule = 2 | Chunk size = 1000 | Threads = 4 | Run #8
SPMV_TIME=0.003876


Schedule = 2 | Chunk size = 1000 | Threads = 4 | Run #9
SPMV_TIME=0.003889


=== MATRIX: msdoor.mtx ===

Schedule = 2 | Chunk size = 1000 | Threads = 8 | WARM UP RUN
WARMUP_TIME=0.007259


Schedule = 2 | Chunk size = 1000 | Threads = 8 | Run #0
SPMV_TIME=0.005122


Schedule = 2 | Chunk size = 1000 | Threads = 8 | Run #1
SPMV_TIME=0.004785


Schedule = 2 | Chunk size = 1000 | Threads = 8 | Run #2
SPMV_TIME=0.004822


Schedule = 2 | Chunk size = 1000 | Threads = 8 | Run #3
SPMV_TIME=0.004568


Schedule = 2 | Chunk size = 1000 | Threads = 8 | Run #4
SPMV_TIME=0.004629


Schedule = 2 | Chunk size = 1000 | Threads = 8 | Run #5
SPMV_TIME=0.004512


Schedule = 2 | Chunk size = 1000 | Threads = 8 | Run #6
SPMV_TIME=0.004385


Schedule = 2 | Chunk size = 1000 | Threads = 8 | Run #7
SPMV_TIME=0.004416


Schedule = 2 | Chunk size = 1000 | Threads = 8 | Run #8
SPMV_TIME=0.004395


Schedule = 2 | Chunk size = 1000 | Threads = 8 | Run #9
SPMV_TIME=0.004394


=== MATRIX: msdoor.mtx ===

Schedule = 2 | Chunk size = 1000 | Threads = 16 | WARM UP RUN
WARMUP_TIME=0.021244


Schedule = 2 | Chunk size = 1000 | Threads = 16 | Run #0
SPMV_TIME=0.005299


Schedule = 2 | Chunk size = 1000 | Threads = 16 | Run #1
SPMV_TIME=0.004817


Schedule = 2 | Chunk size = 1000 | Threads = 16 | Run #2
SPMV_TIME=0.004658


Schedule = 2 | Chunk size = 1000 | Threads = 16 | Run #3
SPMV_TIME=0.004377


Schedule = 2 | Chunk size = 1000 | Threads = 16 | Run #4
SPMV_TIME=0.004146


Schedule = 2 | Chunk size = 1000 | Threads = 16 | Run #5
SPMV_TIME=0.004107


Schedule = 2 | Chunk size = 1000 | Threads = 16 | Run #6
SPMV_TIME=0.004172


Schedule = 2 | Chunk size = 1000 | Threads = 16 | Run #7
SPMV_TIME=0.003958


Schedule = 2 | Chunk size = 1000 | Threads = 16 | Run #8
SPMV_TIME=0.003931


Schedule = 2 | Chunk size = 1000 | Threads = 16 | Run #9
SPMV_TIME=0.004006


=== MATRIX: msdoor.mtx ===

Schedule = 2 | Chunk size = 1000 | Threads = 32 | WARM UP RUN
WARMUP_TIME=0.026129


Schedule = 2 | Chunk size = 1000 | Threads = 32 | Run #0
SPMV_TIME=0.025989


Schedule = 2 | Chunk size = 1000 | Threads = 32 | Run #1
SPMV_TIME=0.025992


Schedule = 2 | Chunk size = 1000 | Threads = 32 | Run #2
SPMV_TIME=0.010514


Schedule = 2 | Chunk size = 1000 | Threads = 32 | Run #3
SPMV_TIME=0.004074


Schedule = 2 | Chunk size = 1000 | Threads = 32 | Run #4
SPMV_TIME=0.003909


Schedule = 2 | Chunk size = 1000 | Threads = 32 | Run #5
SPMV_TIME=0.003889


Schedule = 2 | Chunk size = 1000 | Threads = 32 | Run #6
SPMV_TIME=0.003831


Schedule = 2 | Chunk size = 1000 | Threads = 32 | Run #7
SPMV_TIME=0.003758


Schedule = 2 | Chunk size = 1000 | Threads = 32 | Run #8
SPMV_TIME=0.003707


Schedule = 2 | Chunk size = 1000 | Threads = 32 | Run #9
SPMV_TIME=0.003891


=== MATRIX: msdoor.mtx ===

Schedule = 2 | Chunk size = 1000 | Threads = 64 | WARM UP RUN
WARMUP_TIME=0.020181


Schedule = 2 | Chunk size = 1000 | Threads = 64 | Run #0
SPMV_TIME=0.050743


Schedule = 2 | Chunk size = 1000 | Threads = 64 | Run #1
SPMV_TIME=0.039455


Schedule = 2 | Chunk size = 1000 | Threads = 64 | Run #2
SPMV_TIME=0.018465


Schedule = 2 | Chunk size = 1000 | Threads = 64 | Run #3
SPMV_TIME=0.007519


Schedule = 2 | Chunk size = 1000 | Threads = 64 | Run #4
SPMV_TIME=0.004504


Schedule = 2 | Chunk size = 1000 | Threads = 64 | Run #5
SPMV_TIME=0.003539


Schedule = 2 | Chunk size = 1000 | Threads = 64 | Run #6
SPMV_TIME=0.003452


Schedule = 2 | Chunk size = 1000 | Threads = 64 | Run #7
SPMV_TIME=0.018046


Schedule = 2 | Chunk size = 1000 | Threads = 64 | Run #8
SPMV_TIME=0.003616


Schedule = 2 | Chunk size = 1000 | Threads = 64 | Run #9
SPMV_TIME=0.003535


=== MATRIX: msdoor.mtx ===

Schedule = 2 | Chunk size = 10000 | Threads = 1 | WARM UP RUN
WARMUP_TIME=0.015472


Schedule = 2 | Chunk size = 10000 | Threads = 1 | Run #0
SPMV_TIME=0.013197


Schedule = 2 | Chunk size = 10000 | Threads = 1 | Run #1
SPMV_TIME=0.013175


Schedule = 2 | Chunk size = 10000 | Threads = 1 | Run #2
SPMV_TIME=0.013196


Schedule = 2 | Chunk size = 10000 | Threads = 1 | Run #3
SPMV_TIME=0.013118


Schedule = 2 | Chunk size = 10000 | Threads = 1 | Run #4
SPMV_TIME=0.013216


Schedule = 2 | Chunk size = 10000 | Threads = 1 | Run #5
SPMV_TIME=0.013101


Schedule = 2 | Chunk size = 10000 | Threads = 1 | Run #6
SPMV_TIME=0.013054


Schedule = 2 | Chunk size = 10000 | Threads = 1 | Run #7
SPMV_TIME=0.013168


Schedule = 2 | Chunk size = 10000 | Threads = 1 | Run #8
SPMV_TIME=0.013029


Schedule = 2 | Chunk size = 10000 | Threads = 1 | Run #9
SPMV_TIME=0.013070


=== MATRIX: msdoor.mtx ===

Schedule = 2 | Chunk size = 10000 | Threads = 2 | WARM UP RUN
WARMUP_TIME=0.008522


Schedule = 2 | Chunk size = 10000 | Threads = 2 | Run #0
SPMV_TIME=0.006601


Schedule = 2 | Chunk size = 10000 | Threads = 2 | Run #1
SPMV_TIME=0.006594


Schedule = 2 | Chunk size = 10000 | Threads = 2 | Run #2
SPMV_TIME=0.006623


Schedule = 2 | Chunk size = 10000 | Threads = 2 | Run #3
SPMV_TIME=0.006622


Schedule = 2 | Chunk size = 10000 | Threads = 2 | Run #4
SPMV_TIME=0.006593


Schedule = 2 | Chunk size = 10000 | Threads = 2 | Run #5
SPMV_TIME=0.006551


Schedule = 2 | Chunk size = 10000 | Threads = 2 | Run #6
SPMV_TIME=0.006611


Schedule = 2 | Chunk size = 10000 | Threads = 2 | Run #7
SPMV_TIME=0.006587


Schedule = 2 | Chunk size = 10000 | Threads = 2 | Run #8
SPMV_TIME=0.006634


Schedule = 2 | Chunk size = 10000 | Threads = 2 | Run #9
SPMV_TIME=0.006592


=== MATRIX: msdoor.mtx ===

Schedule = 2 | Chunk size = 10000 | Threads = 4 | WARM UP RUN
WARMUP_TIME=0.005915


Schedule = 2 | Chunk size = 10000 | Threads = 4 | Run #0
SPMV_TIME=0.005621


Schedule = 2 | Chunk size = 10000 | Threads = 4 | Run #1
SPMV_TIME=0.004968


Schedule = 2 | Chunk size = 10000 | Threads = 4 | Run #2
SPMV_TIME=0.005109


Schedule = 2 | Chunk size = 10000 | Threads = 4 | Run #3
SPMV_TIME=0.005022


Schedule = 2 | Chunk size = 10000 | Threads = 4 | Run #4
SPMV_TIME=0.004853


Schedule = 2 | Chunk size = 10000 | Threads = 4 | Run #5
SPMV_TIME=0.004962


Schedule = 2 | Chunk size = 10000 | Threads = 4 | Run #6
SPMV_TIME=0.004598


Schedule = 2 | Chunk size = 10000 | Threads = 4 | Run #7
SPMV_TIME=0.004483


Schedule = 2 | Chunk size = 10000 | Threads = 4 | Run #8
SPMV_TIME=0.004492


Schedule = 2 | Chunk size = 10000 | Threads = 4 | Run #9
SPMV_TIME=0.004513


=== MATRIX: msdoor.mtx ===

Schedule = 2 | Chunk size = 10000 | Threads = 8 | WARM UP RUN
WARMUP_TIME=0.006882


Schedule = 2 | Chunk size = 10000 | Threads = 8 | Run #0
SPMV_TIME=0.004635


Schedule = 2 | Chunk size = 10000 | Threads = 8 | Run #1
SPMV_TIME=0.004704


Schedule = 2 | Chunk size = 10000 | Threads = 8 | Run #2
SPMV_TIME=0.004194


Schedule = 2 | Chunk size = 10000 | Threads = 8 | Run #3
SPMV_TIME=0.004313


Schedule = 2 | Chunk size = 10000 | Threads = 8 | Run #4
SPMV_TIME=0.004506


Schedule = 2 | Chunk size = 10000 | Threads = 8 | Run #5
SPMV_TIME=0.004424


Schedule = 2 | Chunk size = 10000 | Threads = 8 | Run #6
SPMV_TIME=0.003960


Schedule = 2 | Chunk size = 10000 | Threads = 8 | Run #7
SPMV_TIME=0.004071


Schedule = 2 | Chunk size = 10000 | Threads = 8 | Run #8
SPMV_TIME=0.004414


Schedule = 2 | Chunk size = 10000 | Threads = 8 | Run #9
SPMV_TIME=0.004200


=== MATRIX: msdoor.mtx ===

Schedule = 2 | Chunk size = 10000 | Threads = 16 | WARM UP RUN
WARMUP_TIME=0.013983


Schedule = 2 | Chunk size = 10000 | Threads = 16 | Run #0
SPMV_TIME=0.004644


Schedule = 2 | Chunk size = 10000 | Threads = 16 | Run #1
SPMV_TIME=0.004739


Schedule = 2 | Chunk size = 10000 | Threads = 16 | Run #2
SPMV_TIME=0.003967


Schedule = 2 | Chunk size = 10000 | Threads = 16 | Run #3
SPMV_TIME=0.004320


Schedule = 2 | Chunk size = 10000 | Threads = 16 | Run #4
SPMV_TIME=0.004316


Schedule = 2 | Chunk size = 10000 | Threads = 16 | Run #5
SPMV_TIME=0.003951


Schedule = 2 | Chunk size = 10000 | Threads = 16 | Run #6
SPMV_TIME=0.003959


Schedule = 2 | Chunk size = 10000 | Threads = 16 | Run #7
SPMV_TIME=0.003998


Schedule = 2 | Chunk size = 10000 | Threads = 16 | Run #8
SPMV_TIME=0.004076


Schedule = 2 | Chunk size = 10000 | Threads = 16 | Run #9
SPMV_TIME=0.003705


=== MATRIX: msdoor.mtx ===

Schedule = 2 | Chunk size = 10000 | Threads = 32 | WARM UP RUN
WARMUP_TIME=0.018994


Schedule = 2 | Chunk size = 10000 | Threads = 32 | Run #0
SPMV_TIME=0.004330


Schedule = 2 | Chunk size = 10000 | Threads = 32 | Run #1
SPMV_TIME=0.005205


Schedule = 2 | Chunk size = 10000 | Threads = 32 | Run #2
SPMV_TIME=0.004092


Schedule = 2 | Chunk size = 10000 | Threads = 32 | Run #3
SPMV_TIME=0.004093


Schedule = 2 | Chunk size = 10000 | Threads = 32 | Run #4
SPMV_TIME=0.003690


Schedule = 2 | Chunk size = 10000 | Threads = 32 | Run #5
SPMV_TIME=0.003667


Schedule = 2 | Chunk size = 10000 | Threads = 32 | Run #6
SPMV_TIME=0.003626


Schedule = 2 | Chunk size = 10000 | Threads = 32 | Run #7
SPMV_TIME=0.003688


Schedule = 2 | Chunk size = 10000 | Threads = 32 | Run #8
SPMV_TIME=0.003879


Schedule = 2 | Chunk size = 10000 | Threads = 32 | Run #9
SPMV_TIME=0.003653


=== MATRIX: msdoor.mtx ===

Schedule = 2 | Chunk size = 10000 | Threads = 64 | WARM UP RUN
WARMUP_TIME=0.027180


Schedule = 2 | Chunk size = 10000 | Threads = 64 | Run #0
SPMV_TIME=0.029065


Schedule = 2 | Chunk size = 10000 | Threads = 64 | Run #1
SPMV_TIME=0.025915


Schedule = 2 | Chunk size = 10000 | Threads = 64 | Run #2
SPMV_TIME=0.025997


Schedule = 2 | Chunk size = 10000 | Threads = 64 | Run #3
SPMV_TIME=0.026000


Schedule = 2 | Chunk size = 10000 | Threads = 64 | Run #4
SPMV_TIME=0.025993


Schedule = 2 | Chunk size = 10000 | Threads = 64 | Run #5
SPMV_TIME=0.025999


Schedule = 2 | Chunk size = 10000 | Threads = 64 | Run #6
SPMV_TIME=0.025999


Schedule = 2 | Chunk size = 10000 | Threads = 64 | Run #7
SPMV_TIME=0.022005


Schedule = 2 | Chunk size = 10000 | Threads = 64 | Run #8
SPMV_TIME=0.025993


Schedule = 2 | Chunk size = 10000 | Threads = 64 | Run #9
SPMV_TIME=0.024998


=== MATRIX: msdoor.mtx ===

Schedule = 3 | Chunk size = 1 | Threads = 1 | WARM UP RUN
WARMUP_TIME=0.015262


Schedule = 3 | Chunk size = 1 | Threads = 1 | Run #0
SPMV_TIME=0.012972


Schedule = 3 | Chunk size = 1 | Threads = 1 | Run #1
SPMV_TIME=0.012965


Schedule = 3 | Chunk size = 1 | Threads = 1 | Run #2
SPMV_TIME=0.012940


Schedule = 3 | Chunk size = 1 | Threads = 1 | Run #3
SPMV_TIME=0.012871


Schedule = 3 | Chunk size = 1 | Threads = 1 | Run #4
SPMV_TIME=0.012886


Schedule = 3 | Chunk size = 1 | Threads = 1 | Run #5
SPMV_TIME=0.012904


Schedule = 3 | Chunk size = 1 | Threads = 1 | Run #6
SPMV_TIME=0.012869


Schedule = 3 | Chunk size = 1 | Threads = 1 | Run #7
SPMV_TIME=0.012859


Schedule = 3 | Chunk size = 1 | Threads = 1 | Run #8
SPMV_TIME=0.012972


Schedule = 3 | Chunk size = 1 | Threads = 1 | Run #9
SPMV_TIME=0.012892


=== MATRIX: msdoor.mtx ===

Schedule = 3 | Chunk size = 1 | Threads = 2 | WARM UP RUN
WARMUP_TIME=0.021525


Schedule = 3 | Chunk size = 1 | Threads = 2 | Run #0
SPMV_TIME=0.006526


Schedule = 3 | Chunk size = 1 | Threads = 2 | Run #1
SPMV_TIME=0.006515


Schedule = 3 | Chunk size = 1 | Threads = 2 | Run #2
SPMV_TIME=0.006490


Schedule = 3 | Chunk size = 1 | Threads = 2 | Run #3
SPMV_TIME=0.006507


Schedule = 3 | Chunk size = 1 | Threads = 2 | Run #4
SPMV_TIME=0.006468


Schedule = 3 | Chunk size = 1 | Threads = 2 | Run #5
SPMV_TIME=0.006439


Schedule = 3 | Chunk size = 1 | Threads = 2 | Run #6
SPMV_TIME=0.006461


Schedule = 3 | Chunk size = 1 | Threads = 2 | Run #7
SPMV_TIME=0.006454


Schedule = 3 | Chunk size = 1 | Threads = 2 | Run #8
SPMV_TIME=0.006475


Schedule = 3 | Chunk size = 1 | Threads = 2 | Run #9
SPMV_TIME=0.006512


=== MATRIX: msdoor.mtx ===

Schedule = 3 | Chunk size = 1 | Threads = 4 | WARM UP RUN
WARMUP_TIME=0.012500


Schedule = 3 | Chunk size = 1 | Threads = 4 | Run #0
SPMV_TIME=0.003872


Schedule = 3 | Chunk size = 1 | Threads = 4 | Run #1
SPMV_TIME=0.003793


Schedule = 3 | Chunk size = 1 | Threads = 4 | Run #2
SPMV_TIME=0.003823


Schedule = 3 | Chunk size = 1 | Threads = 4 | Run #3
SPMV_TIME=0.003799


Schedule = 3 | Chunk size = 1 | Threads = 4 | Run #4
SPMV_TIME=0.003798


Schedule = 3 | Chunk size = 1 | Threads = 4 | Run #5
SPMV_TIME=0.003792


Schedule = 3 | Chunk size = 1 | Threads = 4 | Run #6
SPMV_TIME=0.003794


Schedule = 3 | Chunk size = 1 | Threads = 4 | Run #7
SPMV_TIME=0.003799


Schedule = 3 | Chunk size = 1 | Threads = 4 | Run #8
SPMV_TIME=0.003764


Schedule = 3 | Chunk size = 1 | Threads = 4 | Run #9
SPMV_TIME=0.003795


=== MATRIX: msdoor.mtx ===

Schedule = 3 | Chunk size = 1 | Threads = 8 | WARM UP RUN
WARMUP_TIME=0.006042


Schedule = 3 | Chunk size = 1 | Threads = 8 | Run #0
SPMV_TIME=0.006020


Schedule = 3 | Chunk size = 1 | Threads = 8 | Run #1
SPMV_TIME=0.004835


Schedule = 3 | Chunk size = 1 | Threads = 8 | Run #2
SPMV_TIME=0.005181


Schedule = 3 | Chunk size = 1 | Threads = 8 | Run #3
SPMV_TIME=0.004842


Schedule = 3 | Chunk size = 1 | Threads = 8 | Run #4
SPMV_TIME=0.003990


Schedule = 3 | Chunk size = 1 | Threads = 8 | Run #5
SPMV_TIME=0.003979


Schedule = 3 | Chunk size = 1 | Threads = 8 | Run #6
SPMV_TIME=0.003802


Schedule = 3 | Chunk size = 1 | Threads = 8 | Run #7
SPMV_TIME=0.003790


Schedule = 3 | Chunk size = 1 | Threads = 8 | Run #8
SPMV_TIME=0.005135


Schedule = 3 | Chunk size = 1 | Threads = 8 | Run #9
SPMV_TIME=0.004574


=== MATRIX: msdoor.mtx ===

Schedule = 3 | Chunk size = 1 | Threads = 16 | WARM UP RUN
WARMUP_TIME=0.007449


Schedule = 3 | Chunk size = 1 | Threads = 16 | Run #0
SPMV_TIME=0.005297


Schedule = 3 | Chunk size = 1 | Threads = 16 | Run #1
SPMV_TIME=0.004318


Schedule = 3 | Chunk size = 1 | Threads = 16 | Run #2
SPMV_TIME=0.004346


Schedule = 3 | Chunk size = 1 | Threads = 16 | Run #3
SPMV_TIME=0.004351


Schedule = 3 | Chunk size = 1 | Threads = 16 | Run #4
SPMV_TIME=0.004118


Schedule = 3 | Chunk size = 1 | Threads = 16 | Run #5
SPMV_TIME=0.003575


Schedule = 3 | Chunk size = 1 | Threads = 16 | Run #6
SPMV_TIME=0.003880


Schedule = 3 | Chunk size = 1 | Threads = 16 | Run #7
SPMV_TIME=0.003604


Schedule = 3 | Chunk size = 1 | Threads = 16 | Run #8
SPMV_TIME=0.003592


Schedule = 3 | Chunk size = 1 | Threads = 16 | Run #9
SPMV_TIME=0.004144


=== MATRIX: msdoor.mtx ===

Schedule = 3 | Chunk size = 1 | Threads = 32 | WARM UP RUN
WARMUP_TIME=0.025417


Schedule = 3 | Chunk size = 1 | Threads = 32 | Run #0
SPMV_TIME=0.026996


Schedule = 3 | Chunk size = 1 | Threads = 32 | Run #1
SPMV_TIME=0.025994


Schedule = 3 | Chunk size = 1 | Threads = 32 | Run #2
SPMV_TIME=0.025992


Schedule = 3 | Chunk size = 1 | Threads = 32 | Run #3
SPMV_TIME=0.006841


Schedule = 3 | Chunk size = 1 | Threads = 32 | Run #4
SPMV_TIME=0.003453


Schedule = 3 | Chunk size = 1 | Threads = 32 | Run #5
SPMV_TIME=0.003338


Schedule = 3 | Chunk size = 1 | Threads = 32 | Run #6
SPMV_TIME=0.003671


Schedule = 3 | Chunk size = 1 | Threads = 32 | Run #7
SPMV_TIME=0.003685


Schedule = 3 | Chunk size = 1 | Threads = 32 | Run #8
SPMV_TIME=0.003627


Schedule = 3 | Chunk size = 1 | Threads = 32 | Run #9
SPMV_TIME=0.003630


=== MATRIX: msdoor.mtx ===

Schedule = 3 | Chunk size = 1 | Threads = 64 | WARM UP RUN
WARMUP_TIME=0.026369


Schedule = 3 | Chunk size = 1 | Threads = 64 | Run #0
SPMV_TIME=0.062509


Schedule = 3 | Chunk size = 1 | Threads = 64 | Run #1
SPMV_TIME=0.029440


Schedule = 3 | Chunk size = 1 | Threads = 64 | Run #2
SPMV_TIME=0.007267


Schedule = 3 | Chunk size = 1 | Threads = 64 | Run #3
SPMV_TIME=0.003936


Schedule = 3 | Chunk size = 1 | Threads = 64 | Run #4
SPMV_TIME=0.003518


Schedule = 3 | Chunk size = 1 | Threads = 64 | Run #5
SPMV_TIME=0.003498


Schedule = 3 | Chunk size = 1 | Threads = 64 | Run #6
SPMV_TIME=0.003446


Schedule = 3 | Chunk size = 1 | Threads = 64 | Run #7
SPMV_TIME=0.003562


Schedule = 3 | Chunk size = 1 | Threads = 64 | Run #8
SPMV_TIME=0.003554


Schedule = 3 | Chunk size = 1 | Threads = 64 | Run #9
SPMV_TIME=0.003476


=== MATRIX: msdoor.mtx ===

Schedule = 3 | Chunk size = 10 | Threads = 1 | WARM UP RUN
WARMUP_TIME=0.015287


Schedule = 3 | Chunk size = 10 | Threads = 1 | Run #0
SPMV_TIME=0.012972


Schedule = 3 | Chunk size = 10 | Threads = 1 | Run #1
SPMV_TIME=0.012859


Schedule = 3 | Chunk size = 10 | Threads = 1 | Run #2
SPMV_TIME=0.012930


Schedule = 3 | Chunk size = 10 | Threads = 1 | Run #3
SPMV_TIME=0.012835


Schedule = 3 | Chunk size = 10 | Threads = 1 | Run #4
SPMV_TIME=0.012929


Schedule = 3 | Chunk size = 10 | Threads = 1 | Run #5
SPMV_TIME=0.012979


Schedule = 3 | Chunk size = 10 | Threads = 1 | Run #6
SPMV_TIME=0.012875


Schedule = 3 | Chunk size = 10 | Threads = 1 | Run #7
SPMV_TIME=0.012928


Schedule = 3 | Chunk size = 10 | Threads = 1 | Run #8
SPMV_TIME=0.012808


Schedule = 3 | Chunk size = 10 | Threads = 1 | Run #9
SPMV_TIME=0.012827


=== MATRIX: msdoor.mtx ===

Schedule = 3 | Chunk size = 10 | Threads = 2 | WARM UP RUN
WARMUP_TIME=0.007852


Schedule = 3 | Chunk size = 10 | Threads = 2 | Run #0
SPMV_TIME=0.006493


Schedule = 3 | Chunk size = 10 | Threads = 2 | Run #1
SPMV_TIME=0.006511


Schedule = 3 | Chunk size = 10 | Threads = 2 | Run #2
SPMV_TIME=0.006471


Schedule = 3 | Chunk size = 10 | Threads = 2 | Run #3
SPMV_TIME=0.006476


Schedule = 3 | Chunk size = 10 | Threads = 2 | Run #4
SPMV_TIME=0.006461


Schedule = 3 | Chunk size = 10 | Threads = 2 | Run #5
SPMV_TIME=0.006469


Schedule = 3 | Chunk size = 10 | Threads = 2 | Run #6
SPMV_TIME=0.006406


Schedule = 3 | Chunk size = 10 | Threads = 2 | Run #7
SPMV_TIME=0.006417


Schedule = 3 | Chunk size = 10 | Threads = 2 | Run #8
SPMV_TIME=0.006428


Schedule = 3 | Chunk size = 10 | Threads = 2 | Run #9
SPMV_TIME=0.006431


=== MATRIX: msdoor.mtx ===

Schedule = 3 | Chunk size = 10 | Threads = 4 | WARM UP RUN
WARMUP_TIME=0.024470


Schedule = 3 | Chunk size = 10 | Threads = 4 | Run #0
SPMV_TIME=0.004428


Schedule = 3 | Chunk size = 10 | Threads = 4 | Run #1
SPMV_TIME=0.005359


Schedule = 3 | Chunk size = 10 | Threads = 4 | Run #2
SPMV_TIME=0.004282


Schedule = 3 | Chunk size = 10 | Threads = 4 | Run #3
SPMV_TIME=0.004027


Schedule = 3 | Chunk size = 10 | Threads = 4 | Run #4
SPMV_TIME=0.005047


Schedule = 3 | Chunk size = 10 | Threads = 4 | Run #5
SPMV_TIME=0.004842


Schedule = 3 | Chunk size = 10 | Threads = 4 | Run #6
SPMV_TIME=0.004699


Schedule = 3 | Chunk size = 10 | Threads = 4 | Run #7
SPMV_TIME=0.004703


Schedule = 3 | Chunk size = 10 | Threads = 4 | Run #8
SPMV_TIME=0.004721


Schedule = 3 | Chunk size = 10 | Threads = 4 | Run #9
SPMV_TIME=0.003996


=== MATRIX: msdoor.mtx ===

Schedule = 3 | Chunk size = 10 | Threads = 8 | WARM UP RUN
WARMUP_TIME=0.018749


Schedule = 3 | Chunk size = 10 | Threads = 8 | Run #0
SPMV_TIME=0.005589


Schedule = 3 | Chunk size = 10 | Threads = 8 | Run #1
SPMV_TIME=0.004580


Schedule = 3 | Chunk size = 10 | Threads = 8 | Run #2
SPMV_TIME=0.004233


Schedule = 3 | Chunk size = 10 | Threads = 8 | Run #3
SPMV_TIME=0.004406


Schedule = 3 | Chunk size = 10 | Threads = 8 | Run #4
SPMV_TIME=0.003970


Schedule = 3 | Chunk size = 10 | Threads = 8 | Run #5
SPMV_TIME=0.003980


Schedule = 3 | Chunk size = 10 | Threads = 8 | Run #6
SPMV_TIME=0.004455


Schedule = 3 | Chunk size = 10 | Threads = 8 | Run #7
SPMV_TIME=0.004157


Schedule = 3 | Chunk size = 10 | Threads = 8 | Run #8
SPMV_TIME=0.004235


Schedule = 3 | Chunk size = 10 | Threads = 8 | Run #9
SPMV_TIME=0.003680


=== MATRIX: msdoor.mtx ===

Schedule = 3 | Chunk size = 10 | Threads = 16 | WARM UP RUN
WARMUP_TIME=0.025390


Schedule = 3 | Chunk size = 10 | Threads = 16 | Run #0
SPMV_TIME=0.017658


Schedule = 3 | Chunk size = 10 | Threads = 16 | Run #1
SPMV_TIME=0.004510


Schedule = 3 | Chunk size = 10 | Threads = 16 | Run #2
SPMV_TIME=0.004069


Schedule = 3 | Chunk size = 10 | Threads = 16 | Run #3
SPMV_TIME=0.003772


Schedule = 3 | Chunk size = 10 | Threads = 16 | Run #4
SPMV_TIME=0.004425


Schedule = 3 | Chunk size = 10 | Threads = 16 | Run #5
SPMV_TIME=0.004002


Schedule = 3 | Chunk size = 10 | Threads = 16 | Run #6
SPMV_TIME=0.003696


Schedule = 3 | Chunk size = 10 | Threads = 16 | Run #7
SPMV_TIME=0.004047


Schedule = 3 | Chunk size = 10 | Threads = 16 | Run #8
SPMV_TIME=0.003938


Schedule = 3 | Chunk size = 10 | Threads = 16 | Run #9
SPMV_TIME=0.003696


=== MATRIX: msdoor.mtx ===

Schedule = 3 | Chunk size = 10 | Threads = 32 | WARM UP RUN
WARMUP_TIME=0.008504


Schedule = 3 | Chunk size = 10 | Threads = 32 | Run #0
SPMV_TIME=0.016849


Schedule = 3 | Chunk size = 10 | Threads = 32 | Run #1
SPMV_TIME=0.009328


Schedule = 3 | Chunk size = 10 | Threads = 32 | Run #2
SPMV_TIME=0.004516


Schedule = 3 | Chunk size = 10 | Threads = 32 | Run #3
SPMV_TIME=0.003373


Schedule = 3 | Chunk size = 10 | Threads = 32 | Run #4
SPMV_TIME=0.003626


Schedule = 3 | Chunk size = 10 | Threads = 32 | Run #5
SPMV_TIME=0.003301


Schedule = 3 | Chunk size = 10 | Threads = 32 | Run #6
SPMV_TIME=0.003400


Schedule = 3 | Chunk size = 10 | Threads = 32 | Run #7
SPMV_TIME=0.003387


Schedule = 3 | Chunk size = 10 | Threads = 32 | Run #8
SPMV_TIME=0.003499


Schedule = 3 | Chunk size = 10 | Threads = 32 | Run #9
SPMV_TIME=0.003701


=== MATRIX: msdoor.mtx ===

Schedule = 3 | Chunk size = 10 | Threads = 64 | WARM UP RUN
WARMUP_TIME=0.026142


Schedule = 3 | Chunk size = 10 | Threads = 64 | Run #0
SPMV_TIME=0.075976


Schedule = 3 | Chunk size = 10 | Threads = 64 | Run #1
SPMV_TIME=0.051997


Schedule = 3 | Chunk size = 10 | Threads = 64 | Run #2
SPMV_TIME=0.028002


Schedule = 3 | Chunk size = 10 | Threads = 64 | Run #3
SPMV_TIME=0.033561


Schedule = 3 | Chunk size = 10 | Threads = 64 | Run #4
SPMV_TIME=0.038430


Schedule = 3 | Chunk size = 10 | Threads = 64 | Run #5
SPMV_TIME=0.020987


Schedule = 3 | Chunk size = 10 | Threads = 64 | Run #6
SPMV_TIME=0.025995


Schedule = 3 | Chunk size = 10 | Threads = 64 | Run #7
SPMV_TIME=0.025995


Schedule = 3 | Chunk size = 10 | Threads = 64 | Run #8
SPMV_TIME=0.025998


Schedule = 3 | Chunk size = 10 | Threads = 64 | Run #9
SPMV_TIME=0.025995


=== MATRIX: msdoor.mtx ===

Schedule = 3 | Chunk size = 100 | Threads = 1 | WARM UP RUN
WARMUP_TIME=0.015512


Schedule = 3 | Chunk size = 100 | Threads = 1 | Run #0
SPMV_TIME=0.013015


Schedule = 3 | Chunk size = 100 | Threads = 1 | Run #1
SPMV_TIME=0.013040


Schedule = 3 | Chunk size = 100 | Threads = 1 | Run #2
SPMV_TIME=0.012934


Schedule = 3 | Chunk size = 100 | Threads = 1 | Run #3
SPMV_TIME=0.013035


Schedule = 3 | Chunk size = 100 | Threads = 1 | Run #4
SPMV_TIME=0.013032


Schedule = 3 | Chunk size = 100 | Threads = 1 | Run #5
SPMV_TIME=0.013042


Schedule = 3 | Chunk size = 100 | Threads = 1 | Run #6
SPMV_TIME=0.013077


Schedule = 3 | Chunk size = 100 | Threads = 1 | Run #7
SPMV_TIME=0.012897


Schedule = 3 | Chunk size = 100 | Threads = 1 | Run #8
SPMV_TIME=0.012971


Schedule = 3 | Chunk size = 100 | Threads = 1 | Run #9
SPMV_TIME=0.013023


=== MATRIX: msdoor.mtx ===

Schedule = 3 | Chunk size = 100 | Threads = 2 | WARM UP RUN
WARMUP_TIME=0.008483


Schedule = 3 | Chunk size = 100 | Threads = 2 | Run #0
SPMV_TIME=0.007979


Schedule = 3 | Chunk size = 100 | Threads = 2 | Run #1
SPMV_TIME=0.007782


Schedule = 3 | Chunk size = 100 | Threads = 2 | Run #2
SPMV_TIME=0.008710


Schedule = 3 | Chunk size = 100 | Threads = 2 | Run #3
SPMV_TIME=0.009281


Schedule = 3 | Chunk size = 100 | Threads = 2 | Run #4
SPMV_TIME=0.009304


Schedule = 3 | Chunk size = 100 | Threads = 2 | Run #5
SPMV_TIME=0.009369


Schedule = 3 | Chunk size = 100 | Threads = 2 | Run #6
SPMV_TIME=0.009044


Schedule = 3 | Chunk size = 100 | Threads = 2 | Run #7
SPMV_TIME=0.009161


Schedule = 3 | Chunk size = 100 | Threads = 2 | Run #8
SPMV_TIME=0.009217


Schedule = 3 | Chunk size = 100 | Threads = 2 | Run #9
SPMV_TIME=0.008999


=== MATRIX: msdoor.mtx ===

Schedule = 3 | Chunk size = 100 | Threads = 4 | WARM UP RUN
WARMUP_TIME=0.007446


Schedule = 3 | Chunk size = 100 | Threads = 4 | Run #0
SPMV_TIME=0.006096


Schedule = 3 | Chunk size = 100 | Threads = 4 | Run #1
SPMV_TIME=0.005445


Schedule = 3 | Chunk size = 100 | Threads = 4 | Run #2
SPMV_TIME=0.004246


Schedule = 3 | Chunk size = 100 | Threads = 4 | Run #3
SPMV_TIME=0.005394


Schedule = 3 | Chunk size = 100 | Threads = 4 | Run #4
SPMV_TIME=0.004463


Schedule = 3 | Chunk size = 100 | Threads = 4 | Run #5
SPMV_TIME=0.003939


Schedule = 3 | Chunk size = 100 | Threads = 4 | Run #6
SPMV_TIME=0.003838


Schedule = 3 | Chunk size = 100 | Threads = 4 | Run #7
SPMV_TIME=0.003801


Schedule = 3 | Chunk size = 100 | Threads = 4 | Run #8
SPMV_TIME=0.004703


Schedule = 3 | Chunk size = 100 | Threads = 4 | Run #9
SPMV_TIME=0.004680


=== MATRIX: msdoor.mtx ===

Schedule = 3 | Chunk size = 100 | Threads = 8 | WARM UP RUN
WARMUP_TIME=0.016945


Schedule = 3 | Chunk size = 100 | Threads = 8 | Run #0
SPMV_TIME=0.004317


Schedule = 3 | Chunk size = 100 | Threads = 8 | Run #1
SPMV_TIME=0.004321


Schedule = 3 | Chunk size = 100 | Threads = 8 | Run #2
SPMV_TIME=0.004443


Schedule = 3 | Chunk size = 100 | Threads = 8 | Run #3
SPMV_TIME=0.004141


Schedule = 3 | Chunk size = 100 | Threads = 8 | Run #4
SPMV_TIME=0.004170


Schedule = 3 | Chunk size = 100 | Threads = 8 | Run #5
SPMV_TIME=0.003954


Schedule = 3 | Chunk size = 100 | Threads = 8 | Run #6
SPMV_TIME=0.004038


Schedule = 3 | Chunk size = 100 | Threads = 8 | Run #7
SPMV_TIME=0.004105


Schedule = 3 | Chunk size = 100 | Threads = 8 | Run #8
SPMV_TIME=0.003982


Schedule = 3 | Chunk size = 100 | Threads = 8 | Run #9
SPMV_TIME=0.003921


=== MATRIX: msdoor.mtx ===

Schedule = 3 | Chunk size = 100 | Threads = 16 | WARM UP RUN
WARMUP_TIME=0.007061


Schedule = 3 | Chunk size = 100 | Threads = 16 | Run #0
SPMV_TIME=0.006049


Schedule = 3 | Chunk size = 100 | Threads = 16 | Run #1
SPMV_TIME=0.004363


Schedule = 3 | Chunk size = 100 | Threads = 16 | Run #2
SPMV_TIME=0.004443


Schedule = 3 | Chunk size = 100 | Threads = 16 | Run #3
SPMV_TIME=0.004506


Schedule = 3 | Chunk size = 100 | Threads = 16 | Run #4
SPMV_TIME=0.003691


Schedule = 3 | Chunk size = 100 | Threads = 16 | Run #5
SPMV_TIME=0.003834


Schedule = 3 | Chunk size = 100 | Threads = 16 | Run #6
SPMV_TIME=0.003749


Schedule = 3 | Chunk size = 100 | Threads = 16 | Run #7
SPMV_TIME=0.003250


Schedule = 3 | Chunk size = 100 | Threads = 16 | Run #8
SPMV_TIME=0.004099


Schedule = 3 | Chunk size = 100 | Threads = 16 | Run #9
SPMV_TIME=0.003858


=== MATRIX: msdoor.mtx ===

Schedule = 3 | Chunk size = 100 | Threads = 32 | WARM UP RUN
WARMUP_TIME=0.007541


Schedule = 3 | Chunk size = 100 | Threads = 32 | Run #0
SPMV_TIME=0.005427


Schedule = 3 | Chunk size = 100 | Threads = 32 | Run #1
SPMV_TIME=0.004092


Schedule = 3 | Chunk size = 100 | Threads = 32 | Run #2
SPMV_TIME=0.004299


Schedule = 3 | Chunk size = 100 | Threads = 32 | Run #3
SPMV_TIME=0.003686


Schedule = 3 | Chunk size = 100 | Threads = 32 | Run #4
SPMV_TIME=0.003588


Schedule = 3 | Chunk size = 100 | Threads = 32 | Run #5
SPMV_TIME=0.003720


Schedule = 3 | Chunk size = 100 | Threads = 32 | Run #6
SPMV_TIME=0.003550


Schedule = 3 | Chunk size = 100 | Threads = 32 | Run #7
SPMV_TIME=0.003768


Schedule = 3 | Chunk size = 100 | Threads = 32 | Run #8
SPMV_TIME=0.003785


Schedule = 3 | Chunk size = 100 | Threads = 32 | Run #9
SPMV_TIME=0.003693


=== MATRIX: msdoor.mtx ===

Schedule = 3 | Chunk size = 100 | Threads = 64 | WARM UP RUN
WARMUP_TIME=0.029102


Schedule = 3 | Chunk size = 100 | Threads = 64 | Run #0
SPMV_TIME=0.074823


Schedule = 3 | Chunk size = 100 | Threads = 64 | Run #1
SPMV_TIME=0.052011


Schedule = 3 | Chunk size = 100 | Threads = 64 | Run #2
SPMV_TIME=0.051987


Schedule = 3 | Chunk size = 100 | Threads = 64 | Run #3
SPMV_TIME=0.025997


Schedule = 3 | Chunk size = 100 | Threads = 64 | Run #4
SPMV_TIME=0.026001


Schedule = 3 | Chunk size = 100 | Threads = 64 | Run #5
SPMV_TIME=0.025998


Schedule = 3 | Chunk size = 100 | Threads = 64 | Run #6
SPMV_TIME=0.031003


Schedule = 3 | Chunk size = 100 | Threads = 64 | Run #7
SPMV_TIME=0.025998


Schedule = 3 | Chunk size = 100 | Threads = 64 | Run #8
SPMV_TIME=0.026001


Schedule = 3 | Chunk size = 100 | Threads = 64 | Run #9
SPMV_TIME=0.025990


=== MATRIX: msdoor.mtx ===

Schedule = 3 | Chunk size = 1000 | Threads = 1 | WARM UP RUN
WARMUP_TIME=0.015245


Schedule = 3 | Chunk size = 1000 | Threads = 1 | Run #0
SPMV_TIME=0.012853


Schedule = 3 | Chunk size = 1000 | Threads = 1 | Run #1
SPMV_TIME=0.012963


Schedule = 3 | Chunk size = 1000 | Threads = 1 | Run #2
SPMV_TIME=0.012832


Schedule = 3 | Chunk size = 1000 | Threads = 1 | Run #3
SPMV_TIME=0.012906


Schedule = 3 | Chunk size = 1000 | Threads = 1 | Run #4
SPMV_TIME=0.012877


Schedule = 3 | Chunk size = 1000 | Threads = 1 | Run #5
SPMV_TIME=0.012792


Schedule = 3 | Chunk size = 1000 | Threads = 1 | Run #6
SPMV_TIME=0.012812


Schedule = 3 | Chunk size = 1000 | Threads = 1 | Run #7
SPMV_TIME=0.012777


Schedule = 3 | Chunk size = 1000 | Threads = 1 | Run #8
SPMV_TIME=0.012825


Schedule = 3 | Chunk size = 1000 | Threads = 1 | Run #9
SPMV_TIME=0.012817


=== MATRIX: msdoor.mtx ===

Schedule = 3 | Chunk size = 1000 | Threads = 2 | WARM UP RUN
WARMUP_TIME=0.009340


Schedule = 3 | Chunk size = 1000 | Threads = 2 | Run #0
SPMV_TIME=0.009343


Schedule = 3 | Chunk size = 1000 | Threads = 2 | Run #1
SPMV_TIME=0.009606


Schedule = 3 | Chunk size = 1000 | Threads = 2 | Run #2
SPMV_TIME=0.009544


Schedule = 3 | Chunk size = 1000 | Threads = 2 | Run #3
SPMV_TIME=0.009259


Schedule = 3 | Chunk size = 1000 | Threads = 2 | Run #4
SPMV_TIME=0.009452


Schedule = 3 | Chunk size = 1000 | Threads = 2 | Run #5
SPMV_TIME=0.009540


Schedule = 3 | Chunk size = 1000 | Threads = 2 | Run #6
SPMV_TIME=0.009316


Schedule = 3 | Chunk size = 1000 | Threads = 2 | Run #7
SPMV_TIME=0.009444


Schedule = 3 | Chunk size = 1000 | Threads = 2 | Run #8
SPMV_TIME=0.009304


Schedule = 3 | Chunk size = 1000 | Threads = 2 | Run #9
SPMV_TIME=0.009559


=== MATRIX: msdoor.mtx ===

Schedule = 3 | Chunk size = 1000 | Threads = 4 | WARM UP RUN
WARMUP_TIME=0.005729


Schedule = 3 | Chunk size = 1000 | Threads = 4 | Run #0
SPMV_TIME=0.005663


Schedule = 3 | Chunk size = 1000 | Threads = 4 | Run #1
SPMV_TIME=0.005557


Schedule = 3 | Chunk size = 1000 | Threads = 4 | Run #2
SPMV_TIME=0.005312


Schedule = 3 | Chunk size = 1000 | Threads = 4 | Run #3
SPMV_TIME=0.005619


Schedule = 3 | Chunk size = 1000 | Threads = 4 | Run #4
SPMV_TIME=0.005750


Schedule = 3 | Chunk size = 1000 | Threads = 4 | Run #5
SPMV_TIME=0.004244


Schedule = 3 | Chunk size = 1000 | Threads = 4 | Run #6
SPMV_TIME=0.005053


Schedule = 3 | Chunk size = 1000 | Threads = 4 | Run #7
SPMV_TIME=0.005080


Schedule = 3 | Chunk size = 1000 | Threads = 4 | Run #8
SPMV_TIME=0.004296


Schedule = 3 | Chunk size = 1000 | Threads = 4 | Run #9
SPMV_TIME=0.004856


=== MATRIX: msdoor.mtx ===

Schedule = 3 | Chunk size = 1000 | Threads = 8 | WARM UP RUN
WARMUP_TIME=0.025614


Schedule = 3 | Chunk size = 1000 | Threads = 8 | Run #0
SPMV_TIME=0.020012


Schedule = 3 | Chunk size = 1000 | Threads = 8 | Run #1
SPMV_TIME=0.004829


Schedule = 3 | Chunk size = 1000 | Threads = 8 | Run #2
SPMV_TIME=0.004551


Schedule = 3 | Chunk size = 1000 | Threads = 8 | Run #3
SPMV_TIME=0.005065


Schedule = 3 | Chunk size = 1000 | Threads = 8 | Run #4
SPMV_TIME=0.004447


Schedule = 3 | Chunk size = 1000 | Threads = 8 | Run #5
SPMV_TIME=0.004305


Schedule = 3 | Chunk size = 1000 | Threads = 8 | Run #6
SPMV_TIME=0.004513


Schedule = 3 | Chunk size = 1000 | Threads = 8 | Run #7
SPMV_TIME=0.003515


Schedule = 3 | Chunk size = 1000 | Threads = 8 | Run #8
SPMV_TIME=0.004452


Schedule = 3 | Chunk size = 1000 | Threads = 8 | Run #9
SPMV_TIME=0.003729


=== MATRIX: msdoor.mtx ===

Schedule = 3 | Chunk size = 1000 | Threads = 16 | WARM UP RUN
WARMUP_TIME=0.007845


Schedule = 3 | Chunk size = 1000 | Threads = 16 | Run #0
SPMV_TIME=0.004513


Schedule = 3 | Chunk size = 1000 | Threads = 16 | Run #1
SPMV_TIME=0.004890


Schedule = 3 | Chunk size = 1000 | Threads = 16 | Run #2
SPMV_TIME=0.004281


Schedule = 3 | Chunk size = 1000 | Threads = 16 | Run #3
SPMV_TIME=0.004055


Schedule = 3 | Chunk size = 1000 | Threads = 16 | Run #4
SPMV_TIME=0.003904


Schedule = 3 | Chunk size = 1000 | Threads = 16 | Run #5
SPMV_TIME=0.004893


Schedule = 3 | Chunk size = 1000 | Threads = 16 | Run #6
SPMV_TIME=0.003966


Schedule = 3 | Chunk size = 1000 | Threads = 16 | Run #7
SPMV_TIME=0.003932


Schedule = 3 | Chunk size = 1000 | Threads = 16 | Run #8
SPMV_TIME=0.004254


Schedule = 3 | Chunk size = 1000 | Threads = 16 | Run #9
SPMV_TIME=0.003799


=== MATRIX: msdoor.mtx ===

Schedule = 3 | Chunk size = 1000 | Threads = 32 | WARM UP RUN
WARMUP_TIME=0.028414


Schedule = 3 | Chunk size = 1000 | Threads = 32 | Run #0
SPMV_TIME=0.025981


Schedule = 3 | Chunk size = 1000 | Threads = 32 | Run #1
SPMV_TIME=0.023005


Schedule = 3 | Chunk size = 1000 | Threads = 32 | Run #2
SPMV_TIME=0.003379


Schedule = 3 | Chunk size = 1000 | Threads = 32 | Run #3
SPMV_TIME=0.003906


Schedule = 3 | Chunk size = 1000 | Threads = 32 | Run #4
SPMV_TIME=0.003573


Schedule = 3 | Chunk size = 1000 | Threads = 32 | Run #5
SPMV_TIME=0.003676


Schedule = 3 | Chunk size = 1000 | Threads = 32 | Run #6
SPMV_TIME=0.003540


Schedule = 3 | Chunk size = 1000 | Threads = 32 | Run #7
SPMV_TIME=0.003663


Schedule = 3 | Chunk size = 1000 | Threads = 32 | Run #8
SPMV_TIME=0.003972


Schedule = 3 | Chunk size = 1000 | Threads = 32 | Run #9
SPMV_TIME=0.003637


=== MATRIX: msdoor.mtx ===

Schedule = 3 | Chunk size = 1000 | Threads = 64 | WARM UP RUN
WARMUP_TIME=0.040532


Schedule = 3 | Chunk size = 1000 | Threads = 64 | Run #0
SPMV_TIME=0.059004


Schedule = 3 | Chunk size = 1000 | Threads = 64 | Run #1
SPMV_TIME=0.048981


Schedule = 3 | Chunk size = 1000 | Threads = 64 | Run #2
SPMV_TIME=0.044019


Schedule = 3 | Chunk size = 1000 | Threads = 64 | Run #3
SPMV_TIME=0.033012


Schedule = 3 | Chunk size = 1000 | Threads = 64 | Run #4
SPMV_TIME=0.026979


Schedule = 3 | Chunk size = 1000 | Threads = 64 | Run #5
SPMV_TIME=0.025978


Schedule = 3 | Chunk size = 1000 | Threads = 64 | Run #6
SPMV_TIME=0.025998


Schedule = 3 | Chunk size = 1000 | Threads = 64 | Run #7
SPMV_TIME=0.026003


Schedule = 3 | Chunk size = 1000 | Threads = 64 | Run #8
SPMV_TIME=0.025991


Schedule = 3 | Chunk size = 1000 | Threads = 64 | Run #9
SPMV_TIME=0.025990


=== MATRIX: msdoor.mtx ===

Schedule = 3 | Chunk size = 10000 | Threads = 1 | WARM UP RUN
WARMUP_TIME=0.015854


Schedule = 3 | Chunk size = 10000 | Threads = 1 | Run #0
SPMV_TIME=0.013352


Schedule = 3 | Chunk size = 10000 | Threads = 1 | Run #1
SPMV_TIME=0.013292


Schedule = 3 | Chunk size = 10000 | Threads = 1 | Run #2
SPMV_TIME=0.013457


Schedule = 3 | Chunk size = 10000 | Threads = 1 | Run #3
SPMV_TIME=0.013264


Schedule = 3 | Chunk size = 10000 | Threads = 1 | Run #4
SPMV_TIME=0.013207


Schedule = 3 | Chunk size = 10000 | Threads = 1 | Run #5
SPMV_TIME=0.013438


Schedule = 3 | Chunk size = 10000 | Threads = 1 | Run #6
SPMV_TIME=0.013138


Schedule = 3 | Chunk size = 10000 | Threads = 1 | Run #7
SPMV_TIME=0.013306


Schedule = 3 | Chunk size = 10000 | Threads = 1 | Run #8
SPMV_TIME=0.013231


Schedule = 3 | Chunk size = 10000 | Threads = 1 | Run #9
SPMV_TIME=0.013231


=== MATRIX: msdoor.mtx ===

Schedule = 3 | Chunk size = 10000 | Threads = 2 | WARM UP RUN
WARMUP_TIME=0.008824


Schedule = 3 | Chunk size = 10000 | Threads = 2 | Run #0
SPMV_TIME=0.009334


Schedule = 3 | Chunk size = 10000 | Threads = 2 | Run #1
SPMV_TIME=0.009529


Schedule = 3 | Chunk size = 10000 | Threads = 2 | Run #2
SPMV_TIME=0.009431


Schedule = 3 | Chunk size = 10000 | Threads = 2 | Run #3
SPMV_TIME=0.009374


Schedule = 3 | Chunk size = 10000 | Threads = 2 | Run #4
SPMV_TIME=0.009195


Schedule = 3 | Chunk size = 10000 | Threads = 2 | Run #5
SPMV_TIME=0.009723


Schedule = 3 | Chunk size = 10000 | Threads = 2 | Run #6
SPMV_TIME=0.009628


Schedule = 3 | Chunk size = 10000 | Threads = 2 | Run #7
SPMV_TIME=0.009536


Schedule = 3 | Chunk size = 10000 | Threads = 2 | Run #8
SPMV_TIME=0.009426


Schedule = 3 | Chunk size = 10000 | Threads = 2 | Run #9
SPMV_TIME=0.009591


=== MATRIX: msdoor.mtx ===

Schedule = 3 | Chunk size = 10000 | Threads = 4 | WARM UP RUN
WARMUP_TIME=0.025894


Schedule = 3 | Chunk size = 10000 | Threads = 4 | Run #0
SPMV_TIME=0.008317


Schedule = 3 | Chunk size = 10000 | Threads = 4 | Run #1
SPMV_TIME=0.005216


Schedule = 3 | Chunk size = 10000 | Threads = 4 | Run #2
SPMV_TIME=0.005941


Schedule = 3 | Chunk size = 10000 | Threads = 4 | Run #3
SPMV_TIME=0.005952


Schedule = 3 | Chunk size = 10000 | Threads = 4 | Run #4
SPMV_TIME=0.005455


Schedule = 3 | Chunk size = 10000 | Threads = 4 | Run #5
SPMV_TIME=0.004595


Schedule = 3 | Chunk size = 10000 | Threads = 4 | Run #6
SPMV_TIME=0.004187


Schedule = 3 | Chunk size = 10000 | Threads = 4 | Run #7
SPMV_TIME=0.004113


Schedule = 3 | Chunk size = 10000 | Threads = 4 | Run #8
SPMV_TIME=0.004078


Schedule = 3 | Chunk size = 10000 | Threads = 4 | Run #9
SPMV_TIME=0.004057


=== MATRIX: msdoor.mtx ===

Schedule = 3 | Chunk size = 10000 | Threads = 8 | WARM UP RUN
WARMUP_TIME=0.017208


Schedule = 3 | Chunk size = 10000 | Threads = 8 | Run #0
SPMV_TIME=0.004758


Schedule = 3 | Chunk size = 10000 | Threads = 8 | Run #1
SPMV_TIME=0.004868


Schedule = 3 | Chunk size = 10000 | Threads = 8 | Run #2
SPMV_TIME=0.004919


Schedule = 3 | Chunk size = 10000 | Threads = 8 | Run #3
SPMV_TIME=0.005119


Schedule = 3 | Chunk size = 10000 | Threads = 8 | Run #4
SPMV_TIME=0.005478


Schedule = 3 | Chunk size = 10000 | Threads = 8 | Run #5
SPMV_TIME=0.005253


Schedule = 3 | Chunk size = 10000 | Threads = 8 | Run #6
SPMV_TIME=0.004975


Schedule = 3 | Chunk size = 10000 | Threads = 8 | Run #7
SPMV_TIME=0.004476


Schedule = 3 | Chunk size = 10000 | Threads = 8 | Run #8
SPMV_TIME=0.004761


Schedule = 3 | Chunk size = 10000 | Threads = 8 | Run #9
SPMV_TIME=0.004527


=== MATRIX: msdoor.mtx ===

Schedule = 3 | Chunk size = 10000 | Threads = 16 | WARM UP RUN
WARMUP_TIME=0.025516


Schedule = 3 | Chunk size = 10000 | Threads = 16 | Run #0
SPMV_TIME=0.008175


Schedule = 3 | Chunk size = 10000 | Threads = 16 | Run #1
SPMV_TIME=0.004970


Schedule = 3 | Chunk size = 10000 | Threads = 16 | Run #2
SPMV_TIME=0.004758


Schedule = 3 | Chunk size = 10000 | Threads = 16 | Run #3
SPMV_TIME=0.004617


Schedule = 3 | Chunk size = 10000 | Threads = 16 | Run #4
SPMV_TIME=0.004340


Schedule = 3 | Chunk size = 10000 | Threads = 16 | Run #5
SPMV_TIME=0.004242


Schedule = 3 | Chunk size = 10000 | Threads = 16 | Run #6
SPMV_TIME=0.004025


Schedule = 3 | Chunk size = 10000 | Threads = 16 | Run #7
SPMV_TIME=0.004434


Schedule = 3 | Chunk size = 10000 | Threads = 16 | Run #8
SPMV_TIME=0.004275


Schedule = 3 | Chunk size = 10000 | Threads = 16 | Run #9
SPMV_TIME=0.003965


=== MATRIX: msdoor.mtx ===

Schedule = 3 | Chunk size = 10000 | Threads = 32 | WARM UP RUN
WARMUP_TIME=0.019258


Schedule = 3 | Chunk size = 10000 | Threads = 32 | Run #0
SPMV_TIME=0.005182


Schedule = 3 | Chunk size = 10000 | Threads = 32 | Run #1
SPMV_TIME=0.004211


Schedule = 3 | Chunk size = 10000 | Threads = 32 | Run #2
SPMV_TIME=0.003673


Schedule = 3 | Chunk size = 10000 | Threads = 32 | Run #3
SPMV_TIME=0.003433


Schedule = 3 | Chunk size = 10000 | Threads = 32 | Run #4
SPMV_TIME=0.003607


Schedule = 3 | Chunk size = 10000 | Threads = 32 | Run #5
SPMV_TIME=0.003324


Schedule = 3 | Chunk size = 10000 | Threads = 32 | Run #6
SPMV_TIME=0.003490


Schedule = 3 | Chunk size = 10000 | Threads = 32 | Run #7
SPMV_TIME=0.003495


Schedule = 3 | Chunk size = 10000 | Threads = 32 | Run #8
SPMV_TIME=0.003573


Schedule = 3 | Chunk size = 10000 | Threads = 32 | Run #9
SPMV_TIME=0.003758


=== MATRIX: msdoor.mtx ===

Schedule = 3 | Chunk size = 10000 | Threads = 64 | WARM UP RUN
WARMUP_TIME=0.025902


Schedule = 3 | Chunk size = 10000 | Threads = 64 | Run #0
SPMV_TIME=0.051983


Schedule = 3 | Chunk size = 10000 | Threads = 64 | Run #1
SPMV_TIME=0.026001


Schedule = 3 | Chunk size = 10000 | Threads = 64 | Run #2
SPMV_TIME=0.033422


Schedule = 3 | Chunk size = 10000 | Threads = 64 | Run #3
SPMV_TIME=0.035134


Schedule = 3 | Chunk size = 10000 | Threads = 64 | Run #4
SPMV_TIME=0.025435


Schedule = 3 | Chunk size = 10000 | Threads = 64 | Run #5
SPMV_TIME=0.025991


Schedule = 3 | Chunk size = 10000 | Threads = 64 | Run #6
SPMV_TIME=0.025995


Schedule = 3 | Chunk size = 10000 | Threads = 64 | Run #7
SPMV_TIME=0.025996


Schedule = 3 | Chunk size = 10000 | Threads = 64 | Run #8
SPMV_TIME=0.025996


Schedule = 3 | Chunk size = 10000 | Threads = 64 | Run #9
SPMV_TIME=0.025995

