
=== MATRIX: ldoor.mtx ===

Schedule = 1 | Chunk size = 1 | Threads = 1 | WARM UP RUN
WARMUP_TIME=0.035555


Schedule = 1 | Chunk size = 1 | Threads = 1 | Run #0
SPMV_TIME=0.030744


Schedule = 1 | Chunk size = 1 | Threads = 1 | Run #1
SPMV_TIME=0.030619


Schedule = 1 | Chunk size = 1 | Threads = 1 | Run #2
SPMV_TIME=0.030722


Schedule = 1 | Chunk size = 1 | Threads = 1 | Run #3
SPMV_TIME=0.030747


Schedule = 1 | Chunk size = 1 | Threads = 1 | Run #4
SPMV_TIME=0.030720


Schedule = 1 | Chunk size = 1 | Threads = 1 | Run #5
SPMV_TIME=0.030703


Schedule = 1 | Chunk size = 1 | Threads = 1 | Run #6
SPMV_TIME=0.030591


Schedule = 1 | Chunk size = 1 | Threads = 1 | Run #7
SPMV_TIME=0.030598


Schedule = 1 | Chunk size = 1 | Threads = 1 | Run #8
SPMV_TIME=0.030614


Schedule = 1 | Chunk size = 1 | Threads = 1 | Run #9
SPMV_TIME=0.030574


=== MATRIX: ldoor.mtx ===

Schedule = 1 | Chunk size = 1 | Threads = 2 | WARM UP RUN
WARMUP_TIME=0.043640


Schedule = 1 | Chunk size = 1 | Threads = 2 | Run #0
SPMV_TIME=0.031297


Schedule = 1 | Chunk size = 1 | Threads = 2 | Run #1
SPMV_TIME=0.031195


Schedule = 1 | Chunk size = 1 | Threads = 2 | Run #2
SPMV_TIME=0.031199


Schedule = 1 | Chunk size = 1 | Threads = 2 | Run #3
SPMV_TIME=0.031369


Schedule = 1 | Chunk size = 1 | Threads = 2 | Run #4
SPMV_TIME=0.031418


Schedule = 1 | Chunk size = 1 | Threads = 2 | Run #5
SPMV_TIME=0.031283


Schedule = 1 | Chunk size = 1 | Threads = 2 | Run #6
SPMV_TIME=0.031287


Schedule = 1 | Chunk size = 1 | Threads = 2 | Run #7
SPMV_TIME=0.031542


Schedule = 1 | Chunk size = 1 | Threads = 2 | Run #8
SPMV_TIME=0.031280


Schedule = 1 | Chunk size = 1 | Threads = 2 | Run #9
SPMV_TIME=0.031189


=== MATRIX: ldoor.mtx ===

Schedule = 1 | Chunk size = 1 | Threads = 4 | WARM UP RUN
WARMUP_TIME=0.049564


Schedule = 1 | Chunk size = 1 | Threads = 4 | Run #0
SPMV_TIME=0.027793


Schedule = 1 | Chunk size = 1 | Threads = 4 | Run #1
SPMV_TIME=0.027802


Schedule = 1 | Chunk size = 1 | Threads = 4 | Run #2
SPMV_TIME=0.027849


Schedule = 1 | Chunk size = 1 | Threads = 4 | Run #3
SPMV_TIME=0.027838


Schedule = 1 | Chunk size = 1 | Threads = 4 | Run #4
SPMV_TIME=0.027800


Schedule = 1 | Chunk size = 1 | Threads = 4 | Run #5
SPMV_TIME=0.027836


Schedule = 1 | Chunk size = 1 | Threads = 4 | Run #6
SPMV_TIME=0.027816


Schedule = 1 | Chunk size = 1 | Threads = 4 | Run #7
SPMV_TIME=0.027807


Schedule = 1 | Chunk size = 1 | Threads = 4 | Run #8
SPMV_TIME=0.027845


Schedule = 1 | Chunk size = 1 | Threads = 4 | Run #9
SPMV_TIME=0.027780


=== MATRIX: ldoor.mtx ===

Schedule = 1 | Chunk size = 1 | Threads = 8 | WARM UP RUN
WARMUP_TIME=0.040812


Schedule = 1 | Chunk size = 1 | Threads = 8 | Run #0
SPMV_TIME=0.027457


Schedule = 1 | Chunk size = 1 | Threads = 8 | Run #1
SPMV_TIME=0.027657


Schedule = 1 | Chunk size = 1 | Threads = 8 | Run #2
SPMV_TIME=0.027704


Schedule = 1 | Chunk size = 1 | Threads = 8 | Run #3
SPMV_TIME=0.027623


Schedule = 1 | Chunk size = 1 | Threads = 8 | Run #4
SPMV_TIME=0.027504


Schedule = 1 | Chunk size = 1 | Threads = 8 | Run #5
SPMV_TIME=0.027490


Schedule = 1 | Chunk size = 1 | Threads = 8 | Run #6
SPMV_TIME=0.027477


Schedule = 1 | Chunk size = 1 | Threads = 8 | Run #7
SPMV_TIME=0.027649


Schedule = 1 | Chunk size = 1 | Threads = 8 | Run #8
SPMV_TIME=0.027503


Schedule = 1 | Chunk size = 1 | Threads = 8 | Run #9
SPMV_TIME=0.027481


=== MATRIX: ldoor.mtx ===

Schedule = 1 | Chunk size = 1 | Threads = 16 | WARM UP RUN
WARMUP_TIME=0.038979


Schedule = 1 | Chunk size = 1 | Threads = 16 | Run #0
SPMV_TIME=0.023609


Schedule = 1 | Chunk size = 1 | Threads = 16 | Run #1
SPMV_TIME=0.023089


Schedule = 1 | Chunk size = 1 | Threads = 16 | Run #2
SPMV_TIME=0.022932


Schedule = 1 | Chunk size = 1 | Threads = 16 | Run #3
SPMV_TIME=0.022670


Schedule = 1 | Chunk size = 1 | Threads = 16 | Run #4
SPMV_TIME=0.022745


Schedule = 1 | Chunk size = 1 | Threads = 16 | Run #5
SPMV_TIME=0.022720


Schedule = 1 | Chunk size = 1 | Threads = 16 | Run #6
SPMV_TIME=0.022629


Schedule = 1 | Chunk size = 1 | Threads = 16 | Run #7
SPMV_TIME=0.022575


Schedule = 1 | Chunk size = 1 | Threads = 16 | Run #8
SPMV_TIME=0.022618


Schedule = 1 | Chunk size = 1 | Threads = 16 | Run #9
SPMV_TIME=0.022662


=== MATRIX: ldoor.mtx ===

Schedule = 1 | Chunk size = 1 | Threads = 32 | WARM UP RUN
WARMUP_TIME=0.079402


Schedule = 1 | Chunk size = 1 | Threads = 32 | Run #0
SPMV_TIME=0.037928


Schedule = 1 | Chunk size = 1 | Threads = 32 | Run #1
SPMV_TIME=0.036262


Schedule = 1 | Chunk size = 1 | Threads = 32 | Run #2
SPMV_TIME=0.015822


Schedule = 1 | Chunk size = 1 | Threads = 32 | Run #3
SPMV_TIME=0.015545


Schedule = 1 | Chunk size = 1 | Threads = 32 | Run #4
SPMV_TIME=0.015465


Schedule = 1 | Chunk size = 1 | Threads = 32 | Run #5
SPMV_TIME=0.015497


Schedule = 1 | Chunk size = 1 | Threads = 32 | Run #6
SPMV_TIME=0.015457


Schedule = 1 | Chunk size = 1 | Threads = 32 | Run #7
SPMV_TIME=0.015465


Schedule = 1 | Chunk size = 1 | Threads = 32 | Run #8
SPMV_TIME=0.015478


Schedule = 1 | Chunk size = 1 | Threads = 32 | Run #9
SPMV_TIME=0.015454


=== MATRIX: ldoor.mtx ===

Schedule = 1 | Chunk size = 1 | Threads = 64 | WARM UP RUN
WARMUP_TIME=0.152577


Schedule = 1 | Chunk size = 1 | Threads = 64 | Run #0
SPMV_TIME=0.039546


Schedule = 1 | Chunk size = 1 | Threads = 64 | Run #1
SPMV_TIME=0.038567


Schedule = 1 | Chunk size = 1 | Threads = 64 | Run #2
SPMV_TIME=0.041022


Schedule = 1 | Chunk size = 1 | Threads = 64 | Run #3
SPMV_TIME=0.041334


Schedule = 1 | Chunk size = 1 | Threads = 64 | Run #4
SPMV_TIME=0.038993


Schedule = 1 | Chunk size = 1 | Threads = 64 | Run #5
SPMV_TIME=0.038878


Schedule = 1 | Chunk size = 1 | Threads = 64 | Run #6
SPMV_TIME=0.039108


Schedule = 1 | Chunk size = 1 | Threads = 64 | Run #7
SPMV_TIME=0.038930


Schedule = 1 | Chunk size = 1 | Threads = 64 | Run #8
SPMV_TIME=0.039074


Schedule = 1 | Chunk size = 1 | Threads = 64 | Run #9
SPMV_TIME=0.039223


=== MATRIX: ldoor.mtx ===

Schedule = 1 | Chunk size = 10 | Threads = 1 | WARM UP RUN
WARMUP_TIME=0.036133


Schedule = 1 | Chunk size = 10 | Threads = 1 | Run #0
SPMV_TIME=0.030945


Schedule = 1 | Chunk size = 10 | Threads = 1 | Run #1
SPMV_TIME=0.030984


Schedule = 1 | Chunk size = 10 | Threads = 1 | Run #2
SPMV_TIME=0.030789


Schedule = 1 | Chunk size = 10 | Threads = 1 | Run #3
SPMV_TIME=0.030826


Schedule = 1 | Chunk size = 10 | Threads = 1 | Run #4
SPMV_TIME=0.030782


Schedule = 1 | Chunk size = 10 | Threads = 1 | Run #5
SPMV_TIME=0.030758


Schedule = 1 | Chunk size = 10 | Threads = 1 | Run #6
SPMV_TIME=0.030688


Schedule = 1 | Chunk size = 10 | Threads = 1 | Run #7
SPMV_TIME=0.030836


Schedule = 1 | Chunk size = 10 | Threads = 1 | Run #8
SPMV_TIME=0.030664


Schedule = 1 | Chunk size = 10 | Threads = 1 | Run #9
SPMV_TIME=0.030812


=== MATRIX: ldoor.mtx ===

Schedule = 1 | Chunk size = 10 | Threads = 2 | WARM UP RUN
WARMUP_TIME=0.032330


Schedule = 1 | Chunk size = 10 | Threads = 2 | Run #0
SPMV_TIME=0.035000


Schedule = 1 | Chunk size = 10 | Threads = 2 | Run #1
SPMV_TIME=0.034583


Schedule = 1 | Chunk size = 10 | Threads = 2 | Run #2
SPMV_TIME=0.034414


Schedule = 1 | Chunk size = 10 | Threads = 2 | Run #3
SPMV_TIME=0.034242


Schedule = 1 | Chunk size = 10 | Threads = 2 | Run #4
SPMV_TIME=0.034251


Schedule = 1 | Chunk size = 10 | Threads = 2 | Run #5
SPMV_TIME=0.034193


Schedule = 1 | Chunk size = 10 | Threads = 2 | Run #6
SPMV_TIME=0.034191


Schedule = 1 | Chunk size = 10 | Threads = 2 | Run #7
SPMV_TIME=0.034085


Schedule = 1 | Chunk size = 10 | Threads = 2 | Run #8
SPMV_TIME=0.034110


Schedule = 1 | Chunk size = 10 | Threads = 2 | Run #9
SPMV_TIME=0.034051


=== MATRIX: ldoor.mtx ===

Schedule = 1 | Chunk size = 10 | Threads = 4 | WARM UP RUN
WARMUP_TIME=0.071506


Schedule = 1 | Chunk size = 10 | Threads = 4 | Run #0
SPMV_TIME=0.021707


Schedule = 1 | Chunk size = 10 | Threads = 4 | Run #1
SPMV_TIME=0.021548


Schedule = 1 | Chunk size = 10 | Threads = 4 | Run #2
SPMV_TIME=0.021523


Schedule = 1 | Chunk size = 10 | Threads = 4 | Run #3
SPMV_TIME=0.021437


Schedule = 1 | Chunk size = 10 | Threads = 4 | Run #4
SPMV_TIME=0.021452


Schedule = 1 | Chunk size = 10 | Threads = 4 | Run #5
SPMV_TIME=0.021367


Schedule = 1 | Chunk size = 10 | Threads = 4 | Run #6
SPMV_TIME=0.021388


Schedule = 1 | Chunk size = 10 | Threads = 4 | Run #7
SPMV_TIME=0.021352


Schedule = 1 | Chunk size = 10 | Threads = 4 | Run #8
SPMV_TIME=0.021391


Schedule = 1 | Chunk size = 10 | Threads = 4 | Run #9
SPMV_TIME=0.021368


=== MATRIX: ldoor.mtx ===

Schedule = 1 | Chunk size = 10 | Threads = 8 | WARM UP RUN
WARMUP_TIME=0.027079


Schedule = 1 | Chunk size = 10 | Threads = 8 | Run #0
SPMV_TIME=0.016369


Schedule = 1 | Chunk size = 10 | Threads = 8 | Run #1
SPMV_TIME=0.016215


Schedule = 1 | Chunk size = 10 | Threads = 8 | Run #2
SPMV_TIME=0.016144


Schedule = 1 | Chunk size = 10 | Threads = 8 | Run #3
SPMV_TIME=0.016072


Schedule = 1 | Chunk size = 10 | Threads = 8 | Run #4
SPMV_TIME=0.016030


Schedule = 1 | Chunk size = 10 | Threads = 8 | Run #5
SPMV_TIME=0.015963


Schedule = 1 | Chunk size = 10 | Threads = 8 | Run #6
SPMV_TIME=0.015952


Schedule = 1 | Chunk size = 10 | Threads = 8 | Run #7
SPMV_TIME=0.015845


Schedule = 1 | Chunk size = 10 | Threads = 8 | Run #8
SPMV_TIME=0.015822


Schedule = 1 | Chunk size = 10 | Threads = 8 | Run #9
SPMV_TIME=0.015825


=== MATRIX: ldoor.mtx ===

Schedule = 1 | Chunk size = 10 | Threads = 16 | WARM UP RUN
WARMUP_TIME=0.036540


Schedule = 1 | Chunk size = 10 | Threads = 16 | Run #0
SPMV_TIME=0.013660


Schedule = 1 | Chunk size = 10 | Threads = 16 | Run #1
SPMV_TIME=0.013581


Schedule = 1 | Chunk size = 10 | Threads = 16 | Run #2
SPMV_TIME=0.013483


Schedule = 1 | Chunk size = 10 | Threads = 16 | Run #3
SPMV_TIME=0.013457


Schedule = 1 | Chunk size = 10 | Threads = 16 | Run #4
SPMV_TIME=0.013428


Schedule = 1 | Chunk size = 10 | Threads = 16 | Run #5
SPMV_TIME=0.013412


Schedule = 1 | Chunk size = 10 | Threads = 16 | Run #6
SPMV_TIME=0.013438


Schedule = 1 | Chunk size = 10 | Threads = 16 | Run #7
SPMV_TIME=0.013386


Schedule = 1 | Chunk size = 10 | Threads = 16 | Run #8
SPMV_TIME=0.013408


Schedule = 1 | Chunk size = 10 | Threads = 16 | Run #9
SPMV_TIME=0.013371


=== MATRIX: ldoor.mtx ===

Schedule = 1 | Chunk size = 10 | Threads = 32 | WARM UP RUN
WARMUP_TIME=0.081892


Schedule = 1 | Chunk size = 10 | Threads = 32 | Run #0
SPMV_TIME=0.010791


Schedule = 1 | Chunk size = 10 | Threads = 32 | Run #1
SPMV_TIME=0.010545


Schedule = 1 | Chunk size = 10 | Threads = 32 | Run #2
SPMV_TIME=0.010492


Schedule = 1 | Chunk size = 10 | Threads = 32 | Run #3
SPMV_TIME=0.010416


Schedule = 1 | Chunk size = 10 | Threads = 32 | Run #4
SPMV_TIME=0.010414


Schedule = 1 | Chunk size = 10 | Threads = 32 | Run #5
SPMV_TIME=0.010388


Schedule = 1 | Chunk size = 10 | Threads = 32 | Run #6
SPMV_TIME=0.010396


Schedule = 1 | Chunk size = 10 | Threads = 32 | Run #7
SPMV_TIME=0.010376


Schedule = 1 | Chunk size = 10 | Threads = 32 | Run #8
SPMV_TIME=0.010350


Schedule = 1 | Chunk size = 10 | Threads = 32 | Run #9
SPMV_TIME=0.010360


=== MATRIX: ldoor.mtx ===

Schedule = 1 | Chunk size = 10 | Threads = 64 | WARM UP RUN
WARMUP_TIME=0.103903


Schedule = 1 | Chunk size = 10 | Threads = 64 | Run #0
SPMV_TIME=0.025983


Schedule = 1 | Chunk size = 10 | Threads = 64 | Run #1
SPMV_TIME=0.027420


Schedule = 1 | Chunk size = 10 | Threads = 64 | Run #2
SPMV_TIME=0.034624


Schedule = 1 | Chunk size = 10 | Threads = 64 | Run #3
SPMV_TIME=0.041940


Schedule = 1 | Chunk size = 10 | Threads = 64 | Run #4
SPMV_TIME=0.025997


Schedule = 1 | Chunk size = 10 | Threads = 64 | Run #5
SPMV_TIME=0.033997


Schedule = 1 | Chunk size = 10 | Threads = 64 | Run #6
SPMV_TIME=0.028038


Schedule = 1 | Chunk size = 10 | Threads = 64 | Run #7
SPMV_TIME=0.030254


Schedule = 1 | Chunk size = 10 | Threads = 64 | Run #8
SPMV_TIME=0.045700


Schedule = 1 | Chunk size = 10 | Threads = 64 | Run #9
SPMV_TIME=0.025994


=== MATRIX: ldoor.mtx ===

Schedule = 1 | Chunk size = 100 | Threads = 1 | WARM UP RUN
WARMUP_TIME=0.035731


Schedule = 1 | Chunk size = 100 | Threads = 1 | Run #0
SPMV_TIME=0.030634


Schedule = 1 | Chunk size = 100 | Threads = 1 | Run #1
SPMV_TIME=0.030622


Schedule = 1 | Chunk size = 100 | Threads = 1 | Run #2
SPMV_TIME=0.030719


Schedule = 1 | Chunk size = 100 | Threads = 1 | Run #3
SPMV_TIME=0.030428


Schedule = 1 | Chunk size = 100 | Threads = 1 | Run #4
SPMV_TIME=0.030613


Schedule = 1 | Chunk size = 100 | Threads = 1 | Run #5
SPMV_TIME=0.030614


Schedule = 1 | Chunk size = 100 | Threads = 1 | Run #6
SPMV_TIME=0.030504


Schedule = 1 | Chunk size = 100 | Threads = 1 | Run #7
SPMV_TIME=0.030550


Schedule = 1 | Chunk size = 100 | Threads = 1 | Run #8
SPMV_TIME=0.030595


Schedule = 1 | Chunk size = 100 | Threads = 1 | Run #9
SPMV_TIME=0.030633


=== MATRIX: ldoor.mtx ===

Schedule = 1 | Chunk size = 100 | Threads = 2 | WARM UP RUN
WARMUP_TIME=0.023928


Schedule = 1 | Chunk size = 100 | Threads = 2 | Run #0
SPMV_TIME=0.025588


Schedule = 1 | Chunk size = 100 | Threads = 2 | Run #1
SPMV_TIME=0.025495


Schedule = 1 | Chunk size = 100 | Threads = 2 | Run #2
SPMV_TIME=0.025609


Schedule = 1 | Chunk size = 100 | Threads = 2 | Run #3
SPMV_TIME=0.025646


Schedule = 1 | Chunk size = 100 | Threads = 2 | Run #4
SPMV_TIME=0.025515


Schedule = 1 | Chunk size = 100 | Threads = 2 | Run #5
SPMV_TIME=0.025498


Schedule = 1 | Chunk size = 100 | Threads = 2 | Run #6
SPMV_TIME=0.025536


Schedule = 1 | Chunk size = 100 | Threads = 2 | Run #7
SPMV_TIME=0.025461


Schedule = 1 | Chunk size = 100 | Threads = 2 | Run #8
SPMV_TIME=0.025463


Schedule = 1 | Chunk size = 100 | Threads = 2 | Run #9
SPMV_TIME=0.025482


=== MATRIX: ldoor.mtx ===

Schedule = 1 | Chunk size = 100 | Threads = 4 | WARM UP RUN
WARMUP_TIME=0.032551


Schedule = 1 | Chunk size = 100 | Threads = 4 | Run #0
SPMV_TIME=0.014400


Schedule = 1 | Chunk size = 100 | Threads = 4 | Run #1
SPMV_TIME=0.014407


Schedule = 1 | Chunk size = 100 | Threads = 4 | Run #2
SPMV_TIME=0.014199


Schedule = 1 | Chunk size = 100 | Threads = 4 | Run #3
SPMV_TIME=0.014153


Schedule = 1 | Chunk size = 100 | Threads = 4 | Run #4
SPMV_TIME=0.014175


Schedule = 1 | Chunk size = 100 | Threads = 4 | Run #5
SPMV_TIME=0.014270


Schedule = 1 | Chunk size = 100 | Threads = 4 | Run #6
SPMV_TIME=0.014258


Schedule = 1 | Chunk size = 100 | Threads = 4 | Run #7
SPMV_TIME=0.014149


Schedule = 1 | Chunk size = 100 | Threads = 4 | Run #8
SPMV_TIME=0.014176


Schedule = 1 | Chunk size = 100 | Threads = 4 | Run #9
SPMV_TIME=0.014102


=== MATRIX: ldoor.mtx ===

Schedule = 1 | Chunk size = 100 | Threads = 8 | WARM UP RUN
WARMUP_TIME=0.030077


Schedule = 1 | Chunk size = 100 | Threads = 8 | Run #0
SPMV_TIME=0.010444


Schedule = 1 | Chunk size = 100 | Threads = 8 | Run #1
SPMV_TIME=0.010356


Schedule = 1 | Chunk size = 100 | Threads = 8 | Run #2
SPMV_TIME=0.010222


Schedule = 1 | Chunk size = 100 | Threads = 8 | Run #3
SPMV_TIME=0.010160


Schedule = 1 | Chunk size = 100 | Threads = 8 | Run #4
SPMV_TIME=0.010191


Schedule = 1 | Chunk size = 100 | Threads = 8 | Run #5
SPMV_TIME=0.010185


Schedule = 1 | Chunk size = 100 | Threads = 8 | Run #6
SPMV_TIME=0.010159


Schedule = 1 | Chunk size = 100 | Threads = 8 | Run #7
SPMV_TIME=0.010098


Schedule = 1 | Chunk size = 100 | Threads = 8 | Run #8
SPMV_TIME=0.010135


Schedule = 1 | Chunk size = 100 | Threads = 8 | Run #9
SPMV_TIME=0.010100


=== MATRIX: ldoor.mtx ===

Schedule = 1 | Chunk size = 100 | Threads = 16 | WARM UP RUN
WARMUP_TIME=0.028948


Schedule = 1 | Chunk size = 100 | Threads = 16 | Run #0
SPMV_TIME=0.008684


Schedule = 1 | Chunk size = 100 | Threads = 16 | Run #1
SPMV_TIME=0.008374


Schedule = 1 | Chunk size = 100 | Threads = 16 | Run #2
SPMV_TIME=0.008167


Schedule = 1 | Chunk size = 100 | Threads = 16 | Run #3
SPMV_TIME=0.008024


Schedule = 1 | Chunk size = 100 | Threads = 16 | Run #4
SPMV_TIME=0.007947


Schedule = 1 | Chunk size = 100 | Threads = 16 | Run #5
SPMV_TIME=0.007940


Schedule = 1 | Chunk size = 100 | Threads = 16 | Run #6
SPMV_TIME=0.007947


Schedule = 1 | Chunk size = 100 | Threads = 16 | Run #7
SPMV_TIME=0.007892


Schedule = 1 | Chunk size = 100 | Threads = 16 | Run #8
SPMV_TIME=0.007953


Schedule = 1 | Chunk size = 100 | Threads = 16 | Run #9
SPMV_TIME=0.007911


=== MATRIX: ldoor.mtx ===

Schedule = 1 | Chunk size = 100 | Threads = 32 | WARM UP RUN
WARMUP_TIME=0.029329


Schedule = 1 | Chunk size = 100 | Threads = 32 | Run #0
SPMV_TIME=0.009158


Schedule = 1 | Chunk size = 100 | Threads = 32 | Run #1
SPMV_TIME=0.008322


Schedule = 1 | Chunk size = 100 | Threads = 32 | Run #2
SPMV_TIME=0.007996


Schedule = 1 | Chunk size = 100 | Threads = 32 | Run #3
SPMV_TIME=0.007959


Schedule = 1 | Chunk size = 100 | Threads = 32 | Run #4
SPMV_TIME=0.007787


Schedule = 1 | Chunk size = 100 | Threads = 32 | Run #5
SPMV_TIME=0.007766


Schedule = 1 | Chunk size = 100 | Threads = 32 | Run #6
SPMV_TIME=0.007814


Schedule = 1 | Chunk size = 100 | Threads = 32 | Run #7
SPMV_TIME=0.007758


Schedule = 1 | Chunk size = 100 | Threads = 32 | Run #8
SPMV_TIME=0.007738


Schedule = 1 | Chunk size = 100 | Threads = 32 | Run #9
SPMV_TIME=0.007727


=== MATRIX: ldoor.mtx ===

Schedule = 1 | Chunk size = 100 | Threads = 64 | WARM UP RUN
WARMUP_TIME=0.033713


Schedule = 1 | Chunk size = 100 | Threads = 64 | Run #0
SPMV_TIME=0.110208


Schedule = 1 | Chunk size = 100 | Threads = 64 | Run #1
SPMV_TIME=0.108238


Schedule = 1 | Chunk size = 100 | Threads = 64 | Run #2
SPMV_TIME=0.103922


Schedule = 1 | Chunk size = 100 | Threads = 64 | Run #3
SPMV_TIME=0.100014


Schedule = 1 | Chunk size = 100 | Threads = 64 | Run #4
SPMV_TIME=0.101879


Schedule = 1 | Chunk size = 100 | Threads = 64 | Run #5
SPMV_TIME=0.108101


Schedule = 1 | Chunk size = 100 | Threads = 64 | Run #6
SPMV_TIME=0.107120


Schedule = 1 | Chunk size = 100 | Threads = 64 | Run #7
SPMV_TIME=0.106424


Schedule = 1 | Chunk size = 100 | Threads = 64 | Run #8
SPMV_TIME=0.130004


Schedule = 1 | Chunk size = 100 | Threads = 64 | Run #9
SPMV_TIME=0.074405


=== MATRIX: ldoor.mtx ===

Schedule = 1 | Chunk size = 1000 | Threads = 1 | WARM UP RUN
WARMUP_TIME=0.034842


Schedule = 1 | Chunk size = 1000 | Threads = 1 | Run #0
SPMV_TIME=0.031132


Schedule = 1 | Chunk size = 1000 | Threads = 1 | Run #1
SPMV_TIME=0.031064


Schedule = 1 | Chunk size = 1000 | Threads = 1 | Run #2
SPMV_TIME=0.031023


Schedule = 1 | Chunk size = 1000 | Threads = 1 | Run #3
SPMV_TIME=0.031030


Schedule = 1 | Chunk size = 1000 | Threads = 1 | Run #4
SPMV_TIME=0.031116


Schedule = 1 | Chunk size = 1000 | Threads = 1 | Run #5
SPMV_TIME=0.030862


Schedule = 1 | Chunk size = 1000 | Threads = 1 | Run #6
SPMV_TIME=0.030947


Schedule = 1 | Chunk size = 1000 | Threads = 1 | Run #7
SPMV_TIME=0.030974


Schedule = 1 | Chunk size = 1000 | Threads = 1 | Run #8
SPMV_TIME=0.031118


Schedule = 1 | Chunk size = 1000 | Threads = 1 | Run #9
SPMV_TIME=0.057612


=== MATRIX: ldoor.mtx ===

Schedule = 1 | Chunk size = 1000 | Threads = 2 | WARM UP RUN
WARMUP_TIME=0.022735


Schedule = 1 | Chunk size = 1000 | Threads = 2 | Run #0
SPMV_TIME=0.024709


Schedule = 1 | Chunk size = 1000 | Threads = 2 | Run #1
SPMV_TIME=0.024654


Schedule = 1 | Chunk size = 1000 | Threads = 2 | Run #2
SPMV_TIME=0.024355


Schedule = 1 | Chunk size = 1000 | Threads = 2 | Run #3
SPMV_TIME=0.024396


Schedule = 1 | Chunk size = 1000 | Threads = 2 | Run #4
SPMV_TIME=0.024458


Schedule = 1 | Chunk size = 1000 | Threads = 2 | Run #5
SPMV_TIME=0.024389


Schedule = 1 | Chunk size = 1000 | Threads = 2 | Run #6
SPMV_TIME=0.024497


Schedule = 1 | Chunk size = 1000 | Threads = 2 | Run #7
SPMV_TIME=0.024455


Schedule = 1 | Chunk size = 1000 | Threads = 2 | Run #8
SPMV_TIME=0.024519


Schedule = 1 | Chunk size = 1000 | Threads = 2 | Run #9
SPMV_TIME=0.024572


=== MATRIX: ldoor.mtx ===

Schedule = 1 | Chunk size = 1000 | Threads = 4 | WARM UP RUN
WARMUP_TIME=0.013710


Schedule = 1 | Chunk size = 1000 | Threads = 4 | Run #0
SPMV_TIME=0.013678


Schedule = 1 | Chunk size = 1000 | Threads = 4 | Run #1
SPMV_TIME=0.013526


Schedule = 1 | Chunk size = 1000 | Threads = 4 | Run #2
SPMV_TIME=0.013453


Schedule = 1 | Chunk size = 1000 | Threads = 4 | Run #3
SPMV_TIME=0.013541


Schedule = 1 | Chunk size = 1000 | Threads = 4 | Run #4
SPMV_TIME=0.013447


Schedule = 1 | Chunk size = 1000 | Threads = 4 | Run #5
SPMV_TIME=0.013298


Schedule = 1 | Chunk size = 1000 | Threads = 4 | Run #6
SPMV_TIME=0.013322


Schedule = 1 | Chunk size = 1000 | Threads = 4 | Run #7
SPMV_TIME=0.013391


Schedule = 1 | Chunk size = 1000 | Threads = 4 | Run #8
SPMV_TIME=0.013456


Schedule = 1 | Chunk size = 1000 | Threads = 4 | Run #9
SPMV_TIME=0.013416


=== MATRIX: ldoor.mtx ===

Schedule = 1 | Chunk size = 1000 | Threads = 8 | WARM UP RUN
WARMUP_TIME=0.030257


Schedule = 1 | Chunk size = 1000 | Threads = 8 | Run #0
SPMV_TIME=0.025280


Schedule = 1 | Chunk size = 1000 | Threads = 8 | Run #1
SPMV_TIME=0.025980


Schedule = 1 | Chunk size = 1000 | Threads = 8 | Run #2
SPMV_TIME=0.019229


Schedule = 1 | Chunk size = 1000 | Threads = 8 | Run #3
SPMV_TIME=0.008745


Schedule = 1 | Chunk size = 1000 | Threads = 8 | Run #4
SPMV_TIME=0.008810


Schedule = 1 | Chunk size = 1000 | Threads = 8 | Run #5
SPMV_TIME=0.008720


Schedule = 1 | Chunk size = 1000 | Threads = 8 | Run #6
SPMV_TIME=0.008738


Schedule = 1 | Chunk size = 1000 | Threads = 8 | Run #7
SPMV_TIME=0.008671


Schedule = 1 | Chunk size = 1000 | Threads = 8 | Run #8
SPMV_TIME=0.008661


Schedule = 1 | Chunk size = 1000 | Threads = 8 | Run #9
SPMV_TIME=0.008651


=== MATRIX: ldoor.mtx ===

Schedule = 1 | Chunk size = 1000 | Threads = 16 | WARM UP RUN
WARMUP_TIME=0.015669


Schedule = 1 | Chunk size = 1000 | Threads = 16 | Run #0
SPMV_TIME=0.007758


Schedule = 1 | Chunk size = 1000 | Threads = 16 | Run #1
SPMV_TIME=0.007315


Schedule = 1 | Chunk size = 1000 | Threads = 16 | Run #2
SPMV_TIME=0.007117


Schedule = 1 | Chunk size = 1000 | Threads = 16 | Run #3
SPMV_TIME=0.006996


Schedule = 1 | Chunk size = 1000 | Threads = 16 | Run #4
SPMV_TIME=0.006972


Schedule = 1 | Chunk size = 1000 | Threads = 16 | Run #5
SPMV_TIME=0.006957


Schedule = 1 | Chunk size = 1000 | Threads = 16 | Run #6
SPMV_TIME=0.006945


Schedule = 1 | Chunk size = 1000 | Threads = 16 | Run #7
SPMV_TIME=0.006931


Schedule = 1 | Chunk size = 1000 | Threads = 16 | Run #8
SPMV_TIME=0.006943


Schedule = 1 | Chunk size = 1000 | Threads = 16 | Run #9
SPMV_TIME=0.006906


=== MATRIX: ldoor.mtx ===

Schedule = 1 | Chunk size = 1000 | Threads = 32 | WARM UP RUN
WARMUP_TIME=0.016843


Schedule = 1 | Chunk size = 1000 | Threads = 32 | Run #0
SPMV_TIME=0.038046


Schedule = 1 | Chunk size = 1000 | Threads = 32 | Run #1
SPMV_TIME=0.035611


Schedule = 1 | Chunk size = 1000 | Threads = 32 | Run #2
SPMV_TIME=0.028567


Schedule = 1 | Chunk size = 1000 | Threads = 32 | Run #3
SPMV_TIME=0.028823


Schedule = 1 | Chunk size = 1000 | Threads = 32 | Run #4
SPMV_TIME=0.028924


Schedule = 1 | Chunk size = 1000 | Threads = 32 | Run #5
SPMV_TIME=0.027932


Schedule = 1 | Chunk size = 1000 | Threads = 32 | Run #6
SPMV_TIME=0.027693


Schedule = 1 | Chunk size = 1000 | Threads = 32 | Run #7
SPMV_TIME=0.027604


Schedule = 1 | Chunk size = 1000 | Threads = 32 | Run #8
SPMV_TIME=0.029040


Schedule = 1 | Chunk size = 1000 | Threads = 32 | Run #9
SPMV_TIME=0.026980


=== MATRIX: ldoor.mtx ===

Schedule = 1 | Chunk size = 1000 | Threads = 64 | WARM UP RUN
WARMUP_TIME=0.038484


Schedule = 1 | Chunk size = 1000 | Threads = 64 | Run #0
SPMV_TIME=0.097062


Schedule = 1 | Chunk size = 1000 | Threads = 64 | Run #1
SPMV_TIME=0.101198


Schedule = 1 | Chunk size = 1000 | Threads = 64 | Run #2
SPMV_TIME=0.102500


Schedule = 1 | Chunk size = 1000 | Threads = 64 | Run #3
SPMV_TIME=0.100463


Schedule = 1 | Chunk size = 1000 | Threads = 64 | Run #4
SPMV_TIME=0.120540


Schedule = 1 | Chunk size = 1000 | Threads = 64 | Run #5
SPMV_TIME=0.105862


Schedule = 1 | Chunk size = 1000 | Threads = 64 | Run #6
SPMV_TIME=0.124424


Schedule = 1 | Chunk size = 1000 | Threads = 64 | Run #7
SPMV_TIME=0.135615


Schedule = 1 | Chunk size = 1000 | Threads = 64 | Run #8
SPMV_TIME=0.104286


Schedule = 1 | Chunk size = 1000 | Threads = 64 | Run #9
SPMV_TIME=0.041269


=== MATRIX: ldoor.mtx ===

Schedule = 1 | Chunk size = 10000 | Threads = 1 | WARM UP RUN
WARMUP_TIME=0.036263


Schedule = 1 | Chunk size = 10000 | Threads = 1 | Run #0
SPMV_TIME=0.031007


Schedule = 1 | Chunk size = 10000 | Threads = 1 | Run #1
SPMV_TIME=0.030909


Schedule = 1 | Chunk size = 10000 | Threads = 1 | Run #2
SPMV_TIME=0.030774


Schedule = 1 | Chunk size = 10000 | Threads = 1 | Run #3
SPMV_TIME=0.030929


Schedule = 1 | Chunk size = 10000 | Threads = 1 | Run #4
SPMV_TIME=0.030850


Schedule = 1 | Chunk size = 10000 | Threads = 1 | Run #5
SPMV_TIME=0.030977


Schedule = 1 | Chunk size = 10000 | Threads = 1 | Run #6
SPMV_TIME=0.030726


Schedule = 1 | Chunk size = 10000 | Threads = 1 | Run #7
SPMV_TIME=0.030773


Schedule = 1 | Chunk size = 10000 | Threads = 1 | Run #8
SPMV_TIME=0.030695


Schedule = 1 | Chunk size = 10000 | Threads = 1 | Run #9
SPMV_TIME=0.030716


=== MATRIX: ldoor.mtx ===

Schedule = 1 | Chunk size = 10000 | Threads = 2 | WARM UP RUN
WARMUP_TIME=0.017111


Schedule = 1 | Chunk size = 10000 | Threads = 2 | Run #0
SPMV_TIME=0.015157


Schedule = 1 | Chunk size = 10000 | Threads = 2 | Run #1
SPMV_TIME=0.015101


Schedule = 1 | Chunk size = 10000 | Threads = 2 | Run #2
SPMV_TIME=0.015051


Schedule = 1 | Chunk size = 10000 | Threads = 2 | Run #3
SPMV_TIME=0.015082


Schedule = 1 | Chunk size = 10000 | Threads = 2 | Run #4
SPMV_TIME=0.015104


Schedule = 1 | Chunk size = 10000 | Threads = 2 | Run #5
SPMV_TIME=0.015039


Schedule = 1 | Chunk size = 10000 | Threads = 2 | Run #6
SPMV_TIME=0.015040


Schedule = 1 | Chunk size = 10000 | Threads = 2 | Run #7
SPMV_TIME=0.015090


Schedule = 1 | Chunk size = 10000 | Threads = 2 | Run #8
SPMV_TIME=0.015009


Schedule = 1 | Chunk size = 10000 | Threads = 2 | Run #9
SPMV_TIME=0.015049


=== MATRIX: ldoor.mtx ===

Schedule = 1 | Chunk size = 10000 | Threads = 4 | WARM UP RUN
WARMUP_TIME=0.034056


Schedule = 1 | Chunk size = 10000 | Threads = 4 | Run #0
SPMV_TIME=0.012491


Schedule = 1 | Chunk size = 10000 | Threads = 4 | Run #1
SPMV_TIME=0.012395


Schedule = 1 | Chunk size = 10000 | Threads = 4 | Run #2
SPMV_TIME=0.012302


Schedule = 1 | Chunk size = 10000 | Threads = 4 | Run #3
SPMV_TIME=0.012261


Schedule = 1 | Chunk size = 10000 | Threads = 4 | Run #4
SPMV_TIME=0.012221


Schedule = 1 | Chunk size = 10000 | Threads = 4 | Run #5
SPMV_TIME=0.012165


Schedule = 1 | Chunk size = 10000 | Threads = 4 | Run #6
SPMV_TIME=0.012282


Schedule = 1 | Chunk size = 10000 | Threads = 4 | Run #7
SPMV_TIME=0.012165


Schedule = 1 | Chunk size = 10000 | Threads = 4 | Run #8
SPMV_TIME=0.012211


Schedule = 1 | Chunk size = 10000 | Threads = 4 | Run #9
SPMV_TIME=0.012232


=== MATRIX: ldoor.mtx ===

Schedule = 1 | Chunk size = 10000 | Threads = 8 | WARM UP RUN
WARMUP_TIME=0.017425


Schedule = 1 | Chunk size = 10000 | Threads = 8 | Run #0
SPMV_TIME=0.009990


Schedule = 1 | Chunk size = 10000 | Threads = 8 | Run #1
SPMV_TIME=0.009684


Schedule = 1 | Chunk size = 10000 | Threads = 8 | Run #2
SPMV_TIME=0.009581


Schedule = 1 | Chunk size = 10000 | Threads = 8 | Run #3
SPMV_TIME=0.009552


Schedule = 1 | Chunk size = 10000 | Threads = 8 | Run #4
SPMV_TIME=0.009513


Schedule = 1 | Chunk size = 10000 | Threads = 8 | Run #5
SPMV_TIME=0.009602


Schedule = 1 | Chunk size = 10000 | Threads = 8 | Run #6
SPMV_TIME=0.009469


Schedule = 1 | Chunk size = 10000 | Threads = 8 | Run #7
SPMV_TIME=0.009587


Schedule = 1 | Chunk size = 10000 | Threads = 8 | Run #8
SPMV_TIME=0.009503


Schedule = 1 | Chunk size = 10000 | Threads = 8 | Run #9
SPMV_TIME=0.009503


=== MATRIX: ldoor.mtx ===

Schedule = 1 | Chunk size = 10000 | Threads = 16 | WARM UP RUN
WARMUP_TIME=0.028019


Schedule = 1 | Chunk size = 10000 | Threads = 16 | Run #0
SPMV_TIME=0.007468


Schedule = 1 | Chunk size = 10000 | Threads = 16 | Run #1
SPMV_TIME=0.007259


Schedule = 1 | Chunk size = 10000 | Threads = 16 | Run #2
SPMV_TIME=0.007060


Schedule = 1 | Chunk size = 10000 | Threads = 16 | Run #3
SPMV_TIME=0.007021


Schedule = 1 | Chunk size = 10000 | Threads = 16 | Run #4
SPMV_TIME=0.007001


Schedule = 1 | Chunk size = 10000 | Threads = 16 | Run #5
SPMV_TIME=0.006982


Schedule = 1 | Chunk size = 10000 | Threads = 16 | Run #6
SPMV_TIME=0.006892


Schedule = 1 | Chunk size = 10000 | Threads = 16 | Run #7
SPMV_TIME=0.006939


Schedule = 1 | Chunk size = 10000 | Threads = 16 | Run #8
SPMV_TIME=0.006936


Schedule = 1 | Chunk size = 10000 | Threads = 16 | Run #9
SPMV_TIME=0.006953


=== MATRIX: ldoor.mtx ===

Schedule = 1 | Chunk size = 10000 | Threads = 32 | WARM UP RUN
WARMUP_TIME=0.039958


Schedule = 1 | Chunk size = 10000 | Threads = 32 | Run #0
SPMV_TIME=0.026331


Schedule = 1 | Chunk size = 10000 | Threads = 32 | Run #1
SPMV_TIME=0.025999


Schedule = 1 | Chunk size = 10000 | Threads = 32 | Run #2
SPMV_TIME=0.025757


Schedule = 1 | Chunk size = 10000 | Threads = 32 | Run #3
SPMV_TIME=0.018833


Schedule = 1 | Chunk size = 10000 | Threads = 32 | Run #4
SPMV_TIME=0.006946


Schedule = 1 | Chunk size = 10000 | Threads = 32 | Run #5
SPMV_TIME=0.006904


Schedule = 1 | Chunk size = 10000 | Threads = 32 | Run #6
SPMV_TIME=0.006935


Schedule = 1 | Chunk size = 10000 | Threads = 32 | Run #7
SPMV_TIME=0.006908


Schedule = 1 | Chunk size = 10000 | Threads = 32 | Run #8
SPMV_TIME=0.006884


Schedule = 1 | Chunk size = 10000 | Threads = 32 | Run #9
SPMV_TIME=0.006846


=== MATRIX: ldoor.mtx ===

Schedule = 1 | Chunk size = 10000 | Threads = 64 | WARM UP RUN
WARMUP_TIME=0.024734


Schedule = 1 | Chunk size = 10000 | Threads = 64 | Run #0
SPMV_TIME=0.068719


Schedule = 1 | Chunk size = 10000 | Threads = 64 | Run #1
SPMV_TIME=0.075593


Schedule = 1 | Chunk size = 10000 | Threads = 64 | Run #2
SPMV_TIME=0.066743


Schedule = 1 | Chunk size = 10000 | Threads = 64 | Run #3
SPMV_TIME=0.090390


Schedule = 1 | Chunk size = 10000 | Threads = 64 | Run #4
SPMV_TIME=0.069412


Schedule = 1 | Chunk size = 10000 | Threads = 64 | Run #5
SPMV_TIME=0.066846


Schedule = 1 | Chunk size = 10000 | Threads = 64 | Run #6
SPMV_TIME=0.056745


Schedule = 1 | Chunk size = 10000 | Threads = 64 | Run #7
SPMV_TIME=0.088094


Schedule = 1 | Chunk size = 10000 | Threads = 64 | Run #8
SPMV_TIME=0.072789


Schedule = 1 | Chunk size = 10000 | Threads = 64 | Run #9
SPMV_TIME=0.046051


=== MATRIX: ldoor.mtx ===

Schedule = 2 | Chunk size = 1 | Threads = 1 | WARM UP RUN
WARMUP_TIME=0.058506


Schedule = 2 | Chunk size = 1 | Threads = 1 | Run #0
SPMV_TIME=0.053767


Schedule = 2 | Chunk size = 1 | Threads = 1 | Run #1
SPMV_TIME=0.053576


Schedule = 2 | Chunk size = 1 | Threads = 1 | Run #2
SPMV_TIME=0.053819


Schedule = 2 | Chunk size = 1 | Threads = 1 | Run #3
SPMV_TIME=0.053496


Schedule = 2 | Chunk size = 1 | Threads = 1 | Run #4
SPMV_TIME=0.053501


Schedule = 2 | Chunk size = 1 | Threads = 1 | Run #5
SPMV_TIME=0.053298


Schedule = 2 | Chunk size = 1 | Threads = 1 | Run #6
SPMV_TIME=0.053606


Schedule = 2 | Chunk size = 1 | Threads = 1 | Run #7
SPMV_TIME=0.053241


Schedule = 2 | Chunk size = 1 | Threads = 1 | Run #8
SPMV_TIME=0.053586


Schedule = 2 | Chunk size = 1 | Threads = 1 | Run #9
SPMV_TIME=0.053267


=== MATRIX: ldoor.mtx ===

Schedule = 2 | Chunk size = 1 | Threads = 2 | WARM UP RUN
WARMUP_TIME=0.087738


Schedule = 2 | Chunk size = 1 | Threads = 2 | Run #0
SPMV_TIME=0.081771


Schedule = 2 | Chunk size = 1 | Threads = 2 | Run #1
SPMV_TIME=0.080864


Schedule = 2 | Chunk size = 1 | Threads = 2 | Run #2
SPMV_TIME=0.081485


Schedule = 2 | Chunk size = 1 | Threads = 2 | Run #3
SPMV_TIME=0.081553


Schedule = 2 | Chunk size = 1 | Threads = 2 | Run #4
SPMV_TIME=0.080159


Schedule = 2 | Chunk size = 1 | Threads = 2 | Run #5
SPMV_TIME=0.081652


Schedule = 2 | Chunk size = 1 | Threads = 2 | Run #6
SPMV_TIME=0.080947


Schedule = 2 | Chunk size = 1 | Threads = 2 | Run #7
SPMV_TIME=0.081725


Schedule = 2 | Chunk size = 1 | Threads = 2 | Run #8
SPMV_TIME=0.081516


Schedule = 2 | Chunk size = 1 | Threads = 2 | Run #9
SPMV_TIME=0.081141


=== MATRIX: ldoor.mtx ===

Schedule = 2 | Chunk size = 1 | Threads = 4 | WARM UP RUN
WARMUP_TIME=0.097563


Schedule = 2 | Chunk size = 1 | Threads = 4 | Run #0
SPMV_TIME=0.100896


Schedule = 2 | Chunk size = 1 | Threads = 4 | Run #1
SPMV_TIME=0.098923


Schedule = 2 | Chunk size = 1 | Threads = 4 | Run #2
SPMV_TIME=0.098184


Schedule = 2 | Chunk size = 1 | Threads = 4 | Run #3
SPMV_TIME=0.097991


Schedule = 2 | Chunk size = 1 | Threads = 4 | Run #4
SPMV_TIME=0.098007


Schedule = 2 | Chunk size = 1 | Threads = 4 | Run #5
SPMV_TIME=0.097923


Schedule = 2 | Chunk size = 1 | Threads = 4 | Run #6
SPMV_TIME=0.098066


Schedule = 2 | Chunk size = 1 | Threads = 4 | Run #7
SPMV_TIME=0.098067


Schedule = 2 | Chunk size = 1 | Threads = 4 | Run #8
SPMV_TIME=0.097923


Schedule = 2 | Chunk size = 1 | Threads = 4 | Run #9
SPMV_TIME=0.255038


=== MATRIX: ldoor.mtx ===

Schedule = 2 | Chunk size = 1 | Threads = 8 | WARM UP RUN
WARMUP_TIME=0.123705


Schedule = 2 | Chunk size = 1 | Threads = 8 | Run #0
SPMV_TIME=0.105245


Schedule = 2 | Chunk size = 1 | Threads = 8 | Run #1
SPMV_TIME=0.104151


Schedule = 2 | Chunk size = 1 | Threads = 8 | Run #2
SPMV_TIME=0.104140


Schedule = 2 | Chunk size = 1 | Threads = 8 | Run #3
SPMV_TIME=0.103939


Schedule = 2 | Chunk size = 1 | Threads = 8 | Run #4
SPMV_TIME=0.104095


Schedule = 2 | Chunk size = 1 | Threads = 8 | Run #5
SPMV_TIME=0.104266


Schedule = 2 | Chunk size = 1 | Threads = 8 | Run #6
SPMV_TIME=0.104154


Schedule = 2 | Chunk size = 1 | Threads = 8 | Run #7
SPMV_TIME=0.104007


Schedule = 2 | Chunk size = 1 | Threads = 8 | Run #8
SPMV_TIME=0.154962


Schedule = 2 | Chunk size = 1 | Threads = 8 | Run #9
SPMV_TIME=0.215065


=== MATRIX: ldoor.mtx ===

Schedule = 2 | Chunk size = 1 | Threads = 16 | WARM UP RUN
WARMUP_TIME=0.107013


Schedule = 2 | Chunk size = 1 | Threads = 16 | Run #0
SPMV_TIME=0.089292


Schedule = 2 | Chunk size = 1 | Threads = 16 | Run #1
SPMV_TIME=0.088823


Schedule = 2 | Chunk size = 1 | Threads = 16 | Run #2
SPMV_TIME=0.088379


Schedule = 2 | Chunk size = 1 | Threads = 16 | Run #3
SPMV_TIME=0.088201


Schedule = 2 | Chunk size = 1 | Threads = 16 | Run #4
SPMV_TIME=0.088353


Schedule = 2 | Chunk size = 1 | Threads = 16 | Run #5
SPMV_TIME=0.088233


Schedule = 2 | Chunk size = 1 | Threads = 16 | Run #6
SPMV_TIME=0.086615


Schedule = 2 | Chunk size = 1 | Threads = 16 | Run #7
SPMV_TIME=0.093938


Schedule = 2 | Chunk size = 1 | Threads = 16 | Run #8
SPMV_TIME=0.080250


Schedule = 2 | Chunk size = 1 | Threads = 16 | Run #9
SPMV_TIME=0.080218


=== MATRIX: ldoor.mtx ===

Schedule = 2 | Chunk size = 1 | Threads = 32 | WARM UP RUN
WARMUP_TIME=0.091980


Schedule = 2 | Chunk size = 1 | Threads = 32 | Run #0
SPMV_TIME=0.073027


Schedule = 2 | Chunk size = 1 | Threads = 32 | Run #1
SPMV_TIME=0.072823


Schedule = 2 | Chunk size = 1 | Threads = 32 | Run #2
SPMV_TIME=0.072563


Schedule = 2 | Chunk size = 1 | Threads = 32 | Run #3
SPMV_TIME=0.072559


Schedule = 2 | Chunk size = 1 | Threads = 32 | Run #4
SPMV_TIME=0.072477


Schedule = 2 | Chunk size = 1 | Threads = 32 | Run #5
SPMV_TIME=0.072432


Schedule = 2 | Chunk size = 1 | Threads = 32 | Run #6
SPMV_TIME=0.072418


Schedule = 2 | Chunk size = 1 | Threads = 32 | Run #7
SPMV_TIME=0.072297


Schedule = 2 | Chunk size = 1 | Threads = 32 | Run #8
SPMV_TIME=0.072348


Schedule = 2 | Chunk size = 1 | Threads = 32 | Run #9
SPMV_TIME=0.072343


=== MATRIX: ldoor.mtx ===

Schedule = 2 | Chunk size = 1 | Threads = 64 | WARM UP RUN
WARMUP_TIME=0.105534


Schedule = 2 | Chunk size = 1 | Threads = 64 | Run #0
SPMV_TIME=0.101986


Schedule = 2 | Chunk size = 1 | Threads = 64 | Run #1
SPMV_TIME=0.078994


Schedule = 2 | Chunk size = 1 | Threads = 64 | Run #2
SPMV_TIME=0.077140


Schedule = 2 | Chunk size = 1 | Threads = 64 | Run #3
SPMV_TIME=0.066114


Schedule = 2 | Chunk size = 1 | Threads = 64 | Run #4
SPMV_TIME=0.066149


Schedule = 2 | Chunk size = 1 | Threads = 64 | Run #5
SPMV_TIME=0.066206


Schedule = 2 | Chunk size = 1 | Threads = 64 | Run #6
SPMV_TIME=0.066016


Schedule = 2 | Chunk size = 1 | Threads = 64 | Run #7
SPMV_TIME=0.066267


Schedule = 2 | Chunk size = 1 | Threads = 64 | Run #8
SPMV_TIME=0.066169


Schedule = 2 | Chunk size = 1 | Threads = 64 | Run #9
SPMV_TIME=0.066285


=== MATRIX: ldoor.mtx ===

Schedule = 2 | Chunk size = 10 | Threads = 1 | WARM UP RUN
WARMUP_TIME=0.068587


Schedule = 2 | Chunk size = 10 | Threads = 1 | Run #0
SPMV_TIME=0.032865


Schedule = 2 | Chunk size = 10 | Threads = 1 | Run #1
SPMV_TIME=0.032710


Schedule = 2 | Chunk size = 10 | Threads = 1 | Run #2
SPMV_TIME=0.032716


Schedule = 2 | Chunk size = 10 | Threads = 1 | Run #3
SPMV_TIME=0.032672


Schedule = 2 | Chunk size = 10 | Threads = 1 | Run #4
SPMV_TIME=0.032699


Schedule = 2 | Chunk size = 10 | Threads = 1 | Run #5
SPMV_TIME=0.032600


Schedule = 2 | Chunk size = 10 | Threads = 1 | Run #6
SPMV_TIME=0.032650


Schedule = 2 | Chunk size = 10 | Threads = 1 | Run #7
SPMV_TIME=0.032674


Schedule = 2 | Chunk size = 10 | Threads = 1 | Run #8
SPMV_TIME=0.032638


Schedule = 2 | Chunk size = 10 | Threads = 1 | Run #9
SPMV_TIME=0.032608


=== MATRIX: ldoor.mtx ===

Schedule = 2 | Chunk size = 10 | Threads = 2 | WARM UP RUN
WARMUP_TIME=0.039684


Schedule = 2 | Chunk size = 10 | Threads = 2 | Run #0
SPMV_TIME=0.034972


Schedule = 2 | Chunk size = 10 | Threads = 2 | Run #1
SPMV_TIME=0.033856


Schedule = 2 | Chunk size = 10 | Threads = 2 | Run #2
SPMV_TIME=0.033673


Schedule = 2 | Chunk size = 10 | Threads = 2 | Run #3
SPMV_TIME=0.033655


Schedule = 2 | Chunk size = 10 | Threads = 2 | Run #4
SPMV_TIME=0.033574


Schedule = 2 | Chunk size = 10 | Threads = 2 | Run #5
SPMV_TIME=0.033446


Schedule = 2 | Chunk size = 10 | Threads = 2 | Run #6
SPMV_TIME=0.033511


Schedule = 2 | Chunk size = 10 | Threads = 2 | Run #7
SPMV_TIME=0.033526


Schedule = 2 | Chunk size = 10 | Threads = 2 | Run #8
SPMV_TIME=0.033497


Schedule = 2 | Chunk size = 10 | Threads = 2 | Run #9
SPMV_TIME=0.033591


=== MATRIX: ldoor.mtx ===

Schedule = 2 | Chunk size = 10 | Threads = 4 | WARM UP RUN
WARMUP_TIME=0.038368


Schedule = 2 | Chunk size = 10 | Threads = 4 | Run #0
SPMV_TIME=0.018796


Schedule = 2 | Chunk size = 10 | Threads = 4 | Run #1
SPMV_TIME=0.018665


Schedule = 2 | Chunk size = 10 | Threads = 4 | Run #2
SPMV_TIME=0.018595


Schedule = 2 | Chunk size = 10 | Threads = 4 | Run #3
SPMV_TIME=0.018553


Schedule = 2 | Chunk size = 10 | Threads = 4 | Run #4
SPMV_TIME=0.018514


Schedule = 2 | Chunk size = 10 | Threads = 4 | Run #5
SPMV_TIME=0.018514


Schedule = 2 | Chunk size = 10 | Threads = 4 | Run #6
SPMV_TIME=0.018492


Schedule = 2 | Chunk size = 10 | Threads = 4 | Run #7
SPMV_TIME=0.018488


Schedule = 2 | Chunk size = 10 | Threads = 4 | Run #8
SPMV_TIME=0.018494


Schedule = 2 | Chunk size = 10 | Threads = 4 | Run #9
SPMV_TIME=0.018474


=== MATRIX: ldoor.mtx ===

Schedule = 2 | Chunk size = 10 | Threads = 8 | WARM UP RUN
WARMUP_TIME=0.027986


Schedule = 2 | Chunk size = 10 | Threads = 8 | Run #0
SPMV_TIME=0.017804


Schedule = 2 | Chunk size = 10 | Threads = 8 | Run #1
SPMV_TIME=0.016759


Schedule = 2 | Chunk size = 10 | Threads = 8 | Run #2
SPMV_TIME=0.016426


Schedule = 2 | Chunk size = 10 | Threads = 8 | Run #3
SPMV_TIME=0.016250


Schedule = 2 | Chunk size = 10 | Threads = 8 | Run #4
SPMV_TIME=0.016217


Schedule = 2 | Chunk size = 10 | Threads = 8 | Run #5
SPMV_TIME=0.016144


Schedule = 2 | Chunk size = 10 | Threads = 8 | Run #6
SPMV_TIME=0.016122


Schedule = 2 | Chunk size = 10 | Threads = 8 | Run #7
SPMV_TIME=0.016073


Schedule = 2 | Chunk size = 10 | Threads = 8 | Run #8
SPMV_TIME=0.016070


Schedule = 2 | Chunk size = 10 | Threads = 8 | Run #9
SPMV_TIME=0.016065


=== MATRIX: ldoor.mtx ===

Schedule = 2 | Chunk size = 10 | Threads = 16 | WARM UP RUN
WARMUP_TIME=0.030874


Schedule = 2 | Chunk size = 10 | Threads = 16 | Run #0
SPMV_TIME=0.016158


Schedule = 2 | Chunk size = 10 | Threads = 16 | Run #1
SPMV_TIME=0.015176


Schedule = 2 | Chunk size = 10 | Threads = 16 | Run #2
SPMV_TIME=0.014991


Schedule = 2 | Chunk size = 10 | Threads = 16 | Run #3
SPMV_TIME=0.014667


Schedule = 2 | Chunk size = 10 | Threads = 16 | Run #4
SPMV_TIME=0.014645


Schedule = 2 | Chunk size = 10 | Threads = 16 | Run #5
SPMV_TIME=0.014754


Schedule = 2 | Chunk size = 10 | Threads = 16 | Run #6
SPMV_TIME=0.014646


Schedule = 2 | Chunk size = 10 | Threads = 16 | Run #7
SPMV_TIME=0.014602


Schedule = 2 | Chunk size = 10 | Threads = 16 | Run #8
SPMV_TIME=0.014532


Schedule = 2 | Chunk size = 10 | Threads = 16 | Run #9
SPMV_TIME=0.014529


=== MATRIX: ldoor.mtx ===

Schedule = 2 | Chunk size = 10 | Threads = 32 | WARM UP RUN
WARMUP_TIME=0.080728


Schedule = 2 | Chunk size = 10 | Threads = 32 | Run #0
SPMV_TIME=0.014862


Schedule = 2 | Chunk size = 10 | Threads = 32 | Run #1
SPMV_TIME=0.015113


Schedule = 2 | Chunk size = 10 | Threads = 32 | Run #2
SPMV_TIME=0.014652


Schedule = 2 | Chunk size = 10 | Threads = 32 | Run #3
SPMV_TIME=0.015544


Schedule = 2 | Chunk size = 10 | Threads = 32 | Run #4
SPMV_TIME=0.014701


Schedule = 2 | Chunk size = 10 | Threads = 32 | Run #5
SPMV_TIME=0.014823


Schedule = 2 | Chunk size = 10 | Threads = 32 | Run #6
SPMV_TIME=0.014911


Schedule = 2 | Chunk size = 10 | Threads = 32 | Run #7
SPMV_TIME=0.014899


Schedule = 2 | Chunk size = 10 | Threads = 32 | Run #8
SPMV_TIME=0.014908


Schedule = 2 | Chunk size = 10 | Threads = 32 | Run #9
SPMV_TIME=0.015072


=== MATRIX: ldoor.mtx ===

Schedule = 2 | Chunk size = 10 | Threads = 64 | WARM UP RUN
WARMUP_TIME=0.151575


Schedule = 2 | Chunk size = 10 | Threads = 64 | Run #0
SPMV_TIME=0.039993


Schedule = 2 | Chunk size = 10 | Threads = 64 | Run #1
SPMV_TIME=0.035988


Schedule = 2 | Chunk size = 10 | Threads = 64 | Run #2
SPMV_TIME=0.031997


Schedule = 2 | Chunk size = 10 | Threads = 64 | Run #3
SPMV_TIME=0.033994


Schedule = 2 | Chunk size = 10 | Threads = 64 | Run #4
SPMV_TIME=0.030998


Schedule = 2 | Chunk size = 10 | Threads = 64 | Run #5
SPMV_TIME=0.033995


Schedule = 2 | Chunk size = 10 | Threads = 64 | Run #6
SPMV_TIME=0.030998


Schedule = 2 | Chunk size = 10 | Threads = 64 | Run #7
SPMV_TIME=0.030925


Schedule = 2 | Chunk size = 10 | Threads = 64 | Run #8
SPMV_TIME=0.012518


Schedule = 2 | Chunk size = 10 | Threads = 64 | Run #9
SPMV_TIME=0.012488


=== MATRIX: ldoor.mtx ===

Schedule = 2 | Chunk size = 100 | Threads = 1 | WARM UP RUN
WARMUP_TIME=0.035829


Schedule = 2 | Chunk size = 100 | Threads = 1 | Run #0
SPMV_TIME=0.030858


Schedule = 2 | Chunk size = 100 | Threads = 1 | Run #1
SPMV_TIME=0.030954


Schedule = 2 | Chunk size = 100 | Threads = 1 | Run #2
SPMV_TIME=0.030853


Schedule = 2 | Chunk size = 100 | Threads = 1 | Run #3
SPMV_TIME=0.031039


Schedule = 2 | Chunk size = 100 | Threads = 1 | Run #4
SPMV_TIME=0.030837


Schedule = 2 | Chunk size = 100 | Threads = 1 | Run #5
SPMV_TIME=0.030750


Schedule = 2 | Chunk size = 100 | Threads = 1 | Run #6
SPMV_TIME=0.031007


Schedule = 2 | Chunk size = 100 | Threads = 1 | Run #7
SPMV_TIME=0.030871


Schedule = 2 | Chunk size = 100 | Threads = 1 | Run #8
SPMV_TIME=0.030879


Schedule = 2 | Chunk size = 100 | Threads = 1 | Run #9
SPMV_TIME=0.030947


=== MATRIX: ldoor.mtx ===

Schedule = 2 | Chunk size = 100 | Threads = 2 | WARM UP RUN
WARMUP_TIME=0.028348


Schedule = 2 | Chunk size = 100 | Threads = 2 | Run #0
SPMV_TIME=0.024189


Schedule = 2 | Chunk size = 100 | Threads = 2 | Run #1
SPMV_TIME=0.024138


Schedule = 2 | Chunk size = 100 | Threads = 2 | Run #2
SPMV_TIME=0.024276


Schedule = 2 | Chunk size = 100 | Threads = 2 | Run #3
SPMV_TIME=0.023964


Schedule = 2 | Chunk size = 100 | Threads = 2 | Run #4
SPMV_TIME=0.023589


Schedule = 2 | Chunk size = 100 | Threads = 2 | Run #5
SPMV_TIME=0.023613


Schedule = 2 | Chunk size = 100 | Threads = 2 | Run #6
SPMV_TIME=0.023537


Schedule = 2 | Chunk size = 100 | Threads = 2 | Run #7
SPMV_TIME=0.023611


Schedule = 2 | Chunk size = 100 | Threads = 2 | Run #8
SPMV_TIME=0.023495


Schedule = 2 | Chunk size = 100 | Threads = 2 | Run #9
SPMV_TIME=0.023562


=== MATRIX: ldoor.mtx ===

Schedule = 2 | Chunk size = 100 | Threads = 4 | WARM UP RUN
WARMUP_TIME=0.018147


Schedule = 2 | Chunk size = 100 | Threads = 4 | Run #0
SPMV_TIME=0.014810


Schedule = 2 | Chunk size = 100 | Threads = 4 | Run #1
SPMV_TIME=0.014570


Schedule = 2 | Chunk size = 100 | Threads = 4 | Run #2
SPMV_TIME=0.014492


Schedule = 2 | Chunk size = 100 | Threads = 4 | Run #3
SPMV_TIME=0.014469


Schedule = 2 | Chunk size = 100 | Threads = 4 | Run #4
SPMV_TIME=0.013965


Schedule = 2 | Chunk size = 100 | Threads = 4 | Run #5
SPMV_TIME=0.012912


Schedule = 2 | Chunk size = 100 | Threads = 4 | Run #6
SPMV_TIME=0.012298


Schedule = 2 | Chunk size = 100 | Threads = 4 | Run #7
SPMV_TIME=0.012299


Schedule = 2 | Chunk size = 100 | Threads = 4 | Run #8
SPMV_TIME=0.012285


Schedule = 2 | Chunk size = 100 | Threads = 4 | Run #9
SPMV_TIME=0.012368


=== MATRIX: ldoor.mtx ===

Schedule = 2 | Chunk size = 100 | Threads = 8 | WARM UP RUN
WARMUP_TIME=0.018284


Schedule = 2 | Chunk size = 100 | Threads = 8 | Run #0
SPMV_TIME=0.013687


Schedule = 2 | Chunk size = 100 | Threads = 8 | Run #1
SPMV_TIME=0.013156


Schedule = 2 | Chunk size = 100 | Threads = 8 | Run #2
SPMV_TIME=0.012931


Schedule = 2 | Chunk size = 100 | Threads = 8 | Run #3
SPMV_TIME=0.012702


Schedule = 2 | Chunk size = 100 | Threads = 8 | Run #4
SPMV_TIME=0.012781


Schedule = 2 | Chunk size = 100 | Threads = 8 | Run #5
SPMV_TIME=0.012715


Schedule = 2 | Chunk size = 100 | Threads = 8 | Run #6
SPMV_TIME=0.012693


Schedule = 2 | Chunk size = 100 | Threads = 8 | Run #7
SPMV_TIME=0.012593


Schedule = 2 | Chunk size = 100 | Threads = 8 | Run #8
SPMV_TIME=0.012553


Schedule = 2 | Chunk size = 100 | Threads = 8 | Run #9
SPMV_TIME=0.012560


=== MATRIX: ldoor.mtx ===

Schedule = 2 | Chunk size = 100 | Threads = 16 | WARM UP RUN
WARMUP_TIME=0.015105


Schedule = 2 | Chunk size = 100 | Threads = 16 | Run #0
SPMV_TIME=0.013007


Schedule = 2 | Chunk size = 100 | Threads = 16 | Run #1
SPMV_TIME=0.012569


Schedule = 2 | Chunk size = 100 | Threads = 16 | Run #2
SPMV_TIME=0.012288


Schedule = 2 | Chunk size = 100 | Threads = 16 | Run #3
SPMV_TIME=0.012020


Schedule = 2 | Chunk size = 100 | Threads = 16 | Run #4
SPMV_TIME=0.011916


Schedule = 2 | Chunk size = 100 | Threads = 16 | Run #5
SPMV_TIME=0.011912


Schedule = 2 | Chunk size = 100 | Threads = 16 | Run #6
SPMV_TIME=0.011839


Schedule = 2 | Chunk size = 100 | Threads = 16 | Run #7
SPMV_TIME=0.011888


Schedule = 2 | Chunk size = 100 | Threads = 16 | Run #8
SPMV_TIME=0.011887


Schedule = 2 | Chunk size = 100 | Threads = 16 | Run #9
SPMV_TIME=0.011945


=== MATRIX: ldoor.mtx ===

Schedule = 2 | Chunk size = 100 | Threads = 32 | WARM UP RUN
WARMUP_TIME=0.030616


Schedule = 2 | Chunk size = 100 | Threads = 32 | Run #0
SPMV_TIME=0.022046


Schedule = 2 | Chunk size = 100 | Threads = 32 | Run #1
SPMV_TIME=0.024427


Schedule = 2 | Chunk size = 100 | Threads = 32 | Run #2
SPMV_TIME=0.023056


Schedule = 2 | Chunk size = 100 | Threads = 32 | Run #3
SPMV_TIME=0.019279


Schedule = 2 | Chunk size = 100 | Threads = 32 | Run #4
SPMV_TIME=0.019094


Schedule = 2 | Chunk size = 100 | Threads = 32 | Run #5
SPMV_TIME=0.021241


Schedule = 2 | Chunk size = 100 | Threads = 32 | Run #6
SPMV_TIME=0.017491


Schedule = 2 | Chunk size = 100 | Threads = 32 | Run #7
SPMV_TIME=0.017174


Schedule = 2 | Chunk size = 100 | Threads = 32 | Run #8
SPMV_TIME=0.016791


Schedule = 2 | Chunk size = 100 | Threads = 32 | Run #9
SPMV_TIME=0.015807


=== MATRIX: ldoor.mtx ===

Schedule = 2 | Chunk size = 100 | Threads = 64 | WARM UP RUN
WARMUP_TIME=0.046528


Schedule = 2 | Chunk size = 100 | Threads = 64 | Run #0
SPMV_TIME=0.136127


Schedule = 2 | Chunk size = 100 | Threads = 64 | Run #1
SPMV_TIME=0.141167


Schedule = 2 | Chunk size = 100 | Threads = 64 | Run #2
SPMV_TIME=0.132230


Schedule = 2 | Chunk size = 100 | Threads = 64 | Run #3
SPMV_TIME=0.098387


Schedule = 2 | Chunk size = 100 | Threads = 64 | Run #4
SPMV_TIME=0.082853


Schedule = 2 | Chunk size = 100 | Threads = 64 | Run #5
SPMV_TIME=0.091898


Schedule = 2 | Chunk size = 100 | Threads = 64 | Run #6
SPMV_TIME=0.080504


Schedule = 2 | Chunk size = 100 | Threads = 64 | Run #7
SPMV_TIME=0.082336


Schedule = 2 | Chunk size = 100 | Threads = 64 | Run #8
SPMV_TIME=0.077855


Schedule = 2 | Chunk size = 100 | Threads = 64 | Run #9
SPMV_TIME=0.068972


=== MATRIX: ldoor.mtx ===

Schedule = 2 | Chunk size = 1000 | Threads = 1 | WARM UP RUN
WARMUP_TIME=0.036209


Schedule = 2 | Chunk size = 1000 | Threads = 1 | Run #0
SPMV_TIME=0.031049


Schedule = 2 | Chunk size = 1000 | Threads = 1 | Run #1
SPMV_TIME=0.031542


Schedule = 2 | Chunk size = 1000 | Threads = 1 | Run #2
SPMV_TIME=0.030970


Schedule = 2 | Chunk size = 1000 | Threads = 1 | Run #3
SPMV_TIME=0.031280


Schedule = 2 | Chunk size = 1000 | Threads = 1 | Run #4
SPMV_TIME=0.031022


Schedule = 2 | Chunk size = 1000 | Threads = 1 | Run #5
SPMV_TIME=0.031426


Schedule = 2 | Chunk size = 1000 | Threads = 1 | Run #6
SPMV_TIME=0.030873


Schedule = 2 | Chunk size = 1000 | Threads = 1 | Run #7
SPMV_TIME=0.031423


Schedule = 2 | Chunk size = 1000 | Threads = 1 | Run #8
SPMV_TIME=0.031138


Schedule = 2 | Chunk size = 1000 | Threads = 1 | Run #9
SPMV_TIME=0.030301


=== MATRIX: ldoor.mtx ===

Schedule = 2 | Chunk size = 1000 | Threads = 2 | WARM UP RUN
WARMUP_TIME=0.020888


Schedule = 2 | Chunk size = 1000 | Threads = 2 | Run #0
SPMV_TIME=0.021824


Schedule = 2 | Chunk size = 1000 | Threads = 2 | Run #1
SPMV_TIME=0.022234


Schedule = 2 | Chunk size = 1000 | Threads = 2 | Run #2
SPMV_TIME=0.020660


Schedule = 2 | Chunk size = 1000 | Threads = 2 | Run #3
SPMV_TIME=0.020880


Schedule = 2 | Chunk size = 1000 | Threads = 2 | Run #4
SPMV_TIME=0.021696


Schedule = 2 | Chunk size = 1000 | Threads = 2 | Run #5
SPMV_TIME=0.020814


Schedule = 2 | Chunk size = 1000 | Threads = 2 | Run #6
SPMV_TIME=0.020727


Schedule = 2 | Chunk size = 1000 | Threads = 2 | Run #7
SPMV_TIME=0.021616


Schedule = 2 | Chunk size = 1000 | Threads = 2 | Run #8
SPMV_TIME=0.021142


Schedule = 2 | Chunk size = 1000 | Threads = 2 | Run #9
SPMV_TIME=0.020778


=== MATRIX: ldoor.mtx ===

Schedule = 2 | Chunk size = 1000 | Threads = 4 | WARM UP RUN
WARMUP_TIME=0.015602


Schedule = 2 | Chunk size = 1000 | Threads = 4 | Run #0
SPMV_TIME=0.014854


Schedule = 2 | Chunk size = 1000 | Threads = 4 | Run #1
SPMV_TIME=0.014403


Schedule = 2 | Chunk size = 1000 | Threads = 4 | Run #2
SPMV_TIME=0.014224


Schedule = 2 | Chunk size = 1000 | Threads = 4 | Run #3
SPMV_TIME=0.014299


Schedule = 2 | Chunk size = 1000 | Threads = 4 | Run #4
SPMV_TIME=0.014385


Schedule = 2 | Chunk size = 1000 | Threads = 4 | Run #5
SPMV_TIME=0.014303


Schedule = 2 | Chunk size = 1000 | Threads = 4 | Run #6
SPMV_TIME=0.014037


Schedule = 2 | Chunk size = 1000 | Threads = 4 | Run #7
SPMV_TIME=0.014030


Schedule = 2 | Chunk size = 1000 | Threads = 4 | Run #8
SPMV_TIME=0.014020


Schedule = 2 | Chunk size = 1000 | Threads = 4 | Run #9
SPMV_TIME=0.013951


=== MATRIX: ldoor.mtx ===

Schedule = 2 | Chunk size = 1000 | Threads = 8 | WARM UP RUN
WARMUP_TIME=0.011862


Schedule = 2 | Chunk size = 1000 | Threads = 8 | Run #0
SPMV_TIME=0.011695


Schedule = 2 | Chunk size = 1000 | Threads = 8 | Run #1
SPMV_TIME=0.011667


Schedule = 2 | Chunk size = 1000 | Threads = 8 | Run #2
SPMV_TIME=0.011896


Schedule = 2 | Chunk size = 1000 | Threads = 8 | Run #3
SPMV_TIME=0.011674


Schedule = 2 | Chunk size = 1000 | Threads = 8 | Run #4
SPMV_TIME=0.011572


Schedule = 2 | Chunk size = 1000 | Threads = 8 | Run #5
SPMV_TIME=0.011617


Schedule = 2 | Chunk size = 1000 | Threads = 8 | Run #6
SPMV_TIME=0.011587


Schedule = 2 | Chunk size = 1000 | Threads = 8 | Run #7
SPMV_TIME=0.011447


Schedule = 2 | Chunk size = 1000 | Threads = 8 | Run #8
SPMV_TIME=0.011252


Schedule = 2 | Chunk size = 1000 | Threads = 8 | Run #9
SPMV_TIME=0.011406


=== MATRIX: ldoor.mtx ===

Schedule = 2 | Chunk size = 1000 | Threads = 16 | WARM UP RUN
WARMUP_TIME=0.028559


Schedule = 2 | Chunk size = 1000 | Threads = 16 | Run #0
SPMV_TIME=0.012359


Schedule = 2 | Chunk size = 1000 | Threads = 16 | Run #1
SPMV_TIME=0.011943


Schedule = 2 | Chunk size = 1000 | Threads = 16 | Run #2
SPMV_TIME=0.012074


Schedule = 2 | Chunk size = 1000 | Threads = 16 | Run #3
SPMV_TIME=0.011835


Schedule = 2 | Chunk size = 1000 | Threads = 16 | Run #4
SPMV_TIME=0.011748


Schedule = 2 | Chunk size = 1000 | Threads = 16 | Run #5
SPMV_TIME=0.011616


Schedule = 2 | Chunk size = 1000 | Threads = 16 | Run #6
SPMV_TIME=0.011662


Schedule = 2 | Chunk size = 1000 | Threads = 16 | Run #7
SPMV_TIME=0.011389


Schedule = 2 | Chunk size = 1000 | Threads = 16 | Run #8
SPMV_TIME=0.011122


Schedule = 2 | Chunk size = 1000 | Threads = 16 | Run #9
SPMV_TIME=0.011268


=== MATRIX: ldoor.mtx ===

Schedule = 2 | Chunk size = 1000 | Threads = 32 | WARM UP RUN
WARMUP_TIME=0.038997


Schedule = 2 | Chunk size = 1000 | Threads = 32 | Run #0
SPMV_TIME=0.038982


Schedule = 2 | Chunk size = 1000 | Threads = 32 | Run #1
SPMV_TIME=0.038968


Schedule = 2 | Chunk size = 1000 | Threads = 32 | Run #2
SPMV_TIME=0.025970


Schedule = 2 | Chunk size = 1000 | Threads = 32 | Run #3
SPMV_TIME=0.023241


Schedule = 2 | Chunk size = 1000 | Threads = 32 | Run #4
SPMV_TIME=0.013078


Schedule = 2 | Chunk size = 1000 | Threads = 32 | Run #5
SPMV_TIME=0.012355


Schedule = 2 | Chunk size = 1000 | Threads = 32 | Run #6
SPMV_TIME=0.012423


Schedule = 2 | Chunk size = 1000 | Threads = 32 | Run #7
SPMV_TIME=0.011502


Schedule = 2 | Chunk size = 1000 | Threads = 32 | Run #8
SPMV_TIME=0.011232


Schedule = 2 | Chunk size = 1000 | Threads = 32 | Run #9
SPMV_TIME=0.011373


=== MATRIX: ldoor.mtx ===

Schedule = 2 | Chunk size = 1000 | Threads = 64 | WARM UP RUN
WARMUP_TIME=0.052117


Schedule = 2 | Chunk size = 1000 | Threads = 64 | Run #0
SPMV_TIME=0.156000


Schedule = 2 | Chunk size = 1000 | Threads = 64 | Run #1
SPMV_TIME=0.169004


Schedule = 2 | Chunk size = 1000 | Threads = 64 | Run #2
SPMV_TIME=0.180559


Schedule = 2 | Chunk size = 1000 | Threads = 64 | Run #3
SPMV_TIME=0.116051


Schedule = 2 | Chunk size = 1000 | Threads = 64 | Run #4
SPMV_TIME=0.118239


Schedule = 2 | Chunk size = 1000 | Threads = 64 | Run #5
SPMV_TIME=0.117774


Schedule = 2 | Chunk size = 1000 | Threads = 64 | Run #6
SPMV_TIME=0.108051


Schedule = 2 | Chunk size = 1000 | Threads = 64 | Run #7
SPMV_TIME=0.104214


Schedule = 2 | Chunk size = 1000 | Threads = 64 | Run #8
SPMV_TIME=0.045866


Schedule = 2 | Chunk size = 1000 | Threads = 64 | Run #9
SPMV_TIME=0.012706


=== MATRIX: ldoor.mtx ===

Schedule = 2 | Chunk size = 10000 | Threads = 1 | WARM UP RUN
WARMUP_TIME=0.035095


Schedule = 2 | Chunk size = 10000 | Threads = 1 | Run #0
SPMV_TIME=0.030399


Schedule = 2 | Chunk size = 10000 | Threads = 1 | Run #1
SPMV_TIME=0.030267


Schedule = 2 | Chunk size = 10000 | Threads = 1 | Run #2
SPMV_TIME=0.030271


Schedule = 2 | Chunk size = 10000 | Threads = 1 | Run #3
SPMV_TIME=0.030287


Schedule = 2 | Chunk size = 10000 | Threads = 1 | Run #4
SPMV_TIME=0.030296


Schedule = 2 | Chunk size = 10000 | Threads = 1 | Run #5
SPMV_TIME=0.030206


Schedule = 2 | Chunk size = 10000 | Threads = 1 | Run #6
SPMV_TIME=0.030247


Schedule = 2 | Chunk size = 10000 | Threads = 1 | Run #7
SPMV_TIME=0.030197


Schedule = 2 | Chunk size = 10000 | Threads = 1 | Run #8
SPMV_TIME=0.030235


Schedule = 2 | Chunk size = 10000 | Threads = 1 | Run #9
SPMV_TIME=0.030244


=== MATRIX: ldoor.mtx ===

Schedule = 2 | Chunk size = 10000 | Threads = 2 | WARM UP RUN
WARMUP_TIME=0.029178


Schedule = 2 | Chunk size = 10000 | Threads = 2 | Run #0
SPMV_TIME=0.016776


Schedule = 2 | Chunk size = 10000 | Threads = 2 | Run #1
SPMV_TIME=0.015957


Schedule = 2 | Chunk size = 10000 | Threads = 2 | Run #2
SPMV_TIME=0.015820


Schedule = 2 | Chunk size = 10000 | Threads = 2 | Run #3
SPMV_TIME=0.015824


Schedule = 2 | Chunk size = 10000 | Threads = 2 | Run #4
SPMV_TIME=0.015759


Schedule = 2 | Chunk size = 10000 | Threads = 2 | Run #5
SPMV_TIME=0.015809


Schedule = 2 | Chunk size = 10000 | Threads = 2 | Run #6
SPMV_TIME=0.015830


Schedule = 2 | Chunk size = 10000 | Threads = 2 | Run #7
SPMV_TIME=0.015872


Schedule = 2 | Chunk size = 10000 | Threads = 2 | Run #8
SPMV_TIME=0.015823


Schedule = 2 | Chunk size = 10000 | Threads = 2 | Run #9
SPMV_TIME=0.015868


=== MATRIX: ldoor.mtx ===

Schedule = 2 | Chunk size = 10000 | Threads = 4 | WARM UP RUN
WARMUP_TIME=0.017184


Schedule = 2 | Chunk size = 10000 | Threads = 4 | Run #0
SPMV_TIME=0.014823


Schedule = 2 | Chunk size = 10000 | Threads = 4 | Run #1
SPMV_TIME=0.014084


Schedule = 2 | Chunk size = 10000 | Threads = 4 | Run #2
SPMV_TIME=0.014185


Schedule = 2 | Chunk size = 10000 | Threads = 4 | Run #3
SPMV_TIME=0.013710


Schedule = 2 | Chunk size = 10000 | Threads = 4 | Run #4
SPMV_TIME=0.014062


Schedule = 2 | Chunk size = 10000 | Threads = 4 | Run #5
SPMV_TIME=0.013925


Schedule = 2 | Chunk size = 10000 | Threads = 4 | Run #6
SPMV_TIME=0.014237


Schedule = 2 | Chunk size = 10000 | Threads = 4 | Run #7
SPMV_TIME=0.013691


Schedule = 2 | Chunk size = 10000 | Threads = 4 | Run #8
SPMV_TIME=0.013726


Schedule = 2 | Chunk size = 10000 | Threads = 4 | Run #9
SPMV_TIME=0.013810


=== MATRIX: ldoor.mtx ===

Schedule = 2 | Chunk size = 10000 | Threads = 8 | WARM UP RUN
WARMUP_TIME=0.024467


Schedule = 2 | Chunk size = 10000 | Threads = 8 | Run #0
SPMV_TIME=0.013886


Schedule = 2 | Chunk size = 10000 | Threads = 8 | Run #1
SPMV_TIME=0.014185


Schedule = 2 | Chunk size = 10000 | Threads = 8 | Run #2
SPMV_TIME=0.012866


Schedule = 2 | Chunk size = 10000 | Threads = 8 | Run #3
SPMV_TIME=0.012087


Schedule = 2 | Chunk size = 10000 | Threads = 8 | Run #4
SPMV_TIME=0.013895


Schedule = 2 | Chunk size = 10000 | Threads = 8 | Run #5
SPMV_TIME=0.013021


Schedule = 2 | Chunk size = 10000 | Threads = 8 | Run #6
SPMV_TIME=0.012995


Schedule = 2 | Chunk size = 10000 | Threads = 8 | Run #7
SPMV_TIME=0.012854


Schedule = 2 | Chunk size = 10000 | Threads = 8 | Run #8
SPMV_TIME=0.012947


Schedule = 2 | Chunk size = 10000 | Threads = 8 | Run #9
SPMV_TIME=0.013023


=== MATRIX: ldoor.mtx ===

Schedule = 2 | Chunk size = 10000 | Threads = 16 | WARM UP RUN
WARMUP_TIME=0.046839


Schedule = 2 | Chunk size = 10000 | Threads = 16 | Run #0
SPMV_TIME=0.011903


Schedule = 2 | Chunk size = 10000 | Threads = 16 | Run #1
SPMV_TIME=0.009713


Schedule = 2 | Chunk size = 10000 | Threads = 16 | Run #2
SPMV_TIME=0.009534


Schedule = 2 | Chunk size = 10000 | Threads = 16 | Run #3
SPMV_TIME=0.009800


Schedule = 2 | Chunk size = 10000 | Threads = 16 | Run #4
SPMV_TIME=0.009483


Schedule = 2 | Chunk size = 10000 | Threads = 16 | Run #5
SPMV_TIME=0.009611


Schedule = 2 | Chunk size = 10000 | Threads = 16 | Run #6
SPMV_TIME=0.009666


Schedule = 2 | Chunk size = 10000 | Threads = 16 | Run #7
SPMV_TIME=0.009370


Schedule = 2 | Chunk size = 10000 | Threads = 16 | Run #8
SPMV_TIME=0.009819


Schedule = 2 | Chunk size = 10000 | Threads = 16 | Run #9
SPMV_TIME=0.009231


=== MATRIX: ldoor.mtx ===

Schedule = 2 | Chunk size = 10000 | Threads = 32 | WARM UP RUN
WARMUP_TIME=0.027001


Schedule = 2 | Chunk size = 10000 | Threads = 32 | Run #0
SPMV_TIME=0.040741


Schedule = 2 | Chunk size = 10000 | Threads = 32 | Run #1
SPMV_TIME=0.028557


Schedule = 2 | Chunk size = 10000 | Threads = 32 | Run #2
SPMV_TIME=0.036239


Schedule = 2 | Chunk size = 10000 | Threads = 32 | Run #3
SPMV_TIME=0.019926


Schedule = 2 | Chunk size = 10000 | Threads = 32 | Run #4
SPMV_TIME=0.026028


Schedule = 2 | Chunk size = 10000 | Threads = 32 | Run #5
SPMV_TIME=0.026138


Schedule = 2 | Chunk size = 10000 | Threads = 32 | Run #6
SPMV_TIME=0.023442


Schedule = 2 | Chunk size = 10000 | Threads = 32 | Run #7
SPMV_TIME=0.022048


Schedule = 2 | Chunk size = 10000 | Threads = 32 | Run #8
SPMV_TIME=0.014352


Schedule = 2 | Chunk size = 10000 | Threads = 32 | Run #9
SPMV_TIME=0.017629


=== MATRIX: ldoor.mtx ===

Schedule = 2 | Chunk size = 10000 | Threads = 64 | WARM UP RUN
WARMUP_TIME=0.028256


Schedule = 2 | Chunk size = 10000 | Threads = 64 | Run #0
SPMV_TIME=0.122162


Schedule = 2 | Chunk size = 10000 | Threads = 64 | Run #1
SPMV_TIME=0.105876


Schedule = 2 | Chunk size = 10000 | Threads = 64 | Run #2
SPMV_TIME=0.109572


Schedule = 2 | Chunk size = 10000 | Threads = 64 | Run #3
SPMV_TIME=0.106654


Schedule = 2 | Chunk size = 10000 | Threads = 64 | Run #4
SPMV_TIME=0.102927


Schedule = 2 | Chunk size = 10000 | Threads = 64 | Run #5
SPMV_TIME=0.086731


Schedule = 2 | Chunk size = 10000 | Threads = 64 | Run #6
SPMV_TIME=0.079469


Schedule = 2 | Chunk size = 10000 | Threads = 64 | Run #7
SPMV_TIME=0.065252


Schedule = 2 | Chunk size = 10000 | Threads = 64 | Run #8
SPMV_TIME=0.062531


Schedule = 2 | Chunk size = 10000 | Threads = 64 | Run #9
SPMV_TIME=0.044635


=== MATRIX: ldoor.mtx ===

Schedule = 3 | Chunk size = 1 | Threads = 1 | WARM UP RUN
WARMUP_TIME=0.035344


Schedule = 3 | Chunk size = 1 | Threads = 1 | Run #0
SPMV_TIME=0.030546


Schedule = 3 | Chunk size = 1 | Threads = 1 | Run #1
SPMV_TIME=0.030383


Schedule = 3 | Chunk size = 1 | Threads = 1 | Run #2
SPMV_TIME=0.030317


Schedule = 3 | Chunk size = 1 | Threads = 1 | Run #3
SPMV_TIME=0.030377


Schedule = 3 | Chunk size = 1 | Threads = 1 | Run #4
SPMV_TIME=0.030333


Schedule = 3 | Chunk size = 1 | Threads = 1 | Run #5
SPMV_TIME=0.030402


Schedule = 3 | Chunk size = 1 | Threads = 1 | Run #6
SPMV_TIME=0.030302


Schedule = 3 | Chunk size = 1 | Threads = 1 | Run #7
SPMV_TIME=0.030238


Schedule = 3 | Chunk size = 1 | Threads = 1 | Run #8
SPMV_TIME=0.030300


Schedule = 3 | Chunk size = 1 | Threads = 1 | Run #9
SPMV_TIME=0.030332


=== MATRIX: ldoor.mtx ===

Schedule = 3 | Chunk size = 1 | Threads = 2 | WARM UP RUN
WARMUP_TIME=0.026094


Schedule = 3 | Chunk size = 1 | Threads = 2 | Run #0
SPMV_TIME=0.015853


Schedule = 3 | Chunk size = 1 | Threads = 2 | Run #1
SPMV_TIME=0.015786


Schedule = 3 | Chunk size = 1 | Threads = 2 | Run #2
SPMV_TIME=0.015783


Schedule = 3 | Chunk size = 1 | Threads = 2 | Run #3
SPMV_TIME=0.015735


Schedule = 3 | Chunk size = 1 | Threads = 2 | Run #4
SPMV_TIME=0.015806


Schedule = 3 | Chunk size = 1 | Threads = 2 | Run #5
SPMV_TIME=0.015800


Schedule = 3 | Chunk size = 1 | Threads = 2 | Run #6
SPMV_TIME=0.015725


Schedule = 3 | Chunk size = 1 | Threads = 2 | Run #7
SPMV_TIME=0.015785


Schedule = 3 | Chunk size = 1 | Threads = 2 | Run #8
SPMV_TIME=0.015719


Schedule = 3 | Chunk size = 1 | Threads = 2 | Run #9
SPMV_TIME=0.015790


=== MATRIX: ldoor.mtx ===

Schedule = 3 | Chunk size = 1 | Threads = 4 | WARM UP RUN
WARMUP_TIME=0.010907


Schedule = 3 | Chunk size = 1 | Threads = 4 | Run #0
SPMV_TIME=0.009583


Schedule = 3 | Chunk size = 1 | Threads = 4 | Run #1
SPMV_TIME=0.009385


Schedule = 3 | Chunk size = 1 | Threads = 4 | Run #2
SPMV_TIME=0.009405


Schedule = 3 | Chunk size = 1 | Threads = 4 | Run #3
SPMV_TIME=0.009419


Schedule = 3 | Chunk size = 1 | Threads = 4 | Run #4
SPMV_TIME=0.009414


Schedule = 3 | Chunk size = 1 | Threads = 4 | Run #5
SPMV_TIME=0.009452


Schedule = 3 | Chunk size = 1 | Threads = 4 | Run #6
SPMV_TIME=0.009412


Schedule = 3 | Chunk size = 1 | Threads = 4 | Run #7
SPMV_TIME=0.009410


Schedule = 3 | Chunk size = 1 | Threads = 4 | Run #8
SPMV_TIME=0.009359


Schedule = 3 | Chunk size = 1 | Threads = 4 | Run #9
SPMV_TIME=0.009366


=== MATRIX: ldoor.mtx ===

Schedule = 3 | Chunk size = 1 | Threads = 8 | WARM UP RUN
WARMUP_TIME=0.025500


Schedule = 3 | Chunk size = 1 | Threads = 8 | Run #0
SPMV_TIME=0.013765


Schedule = 3 | Chunk size = 1 | Threads = 8 | Run #1
SPMV_TIME=0.010991


Schedule = 3 | Chunk size = 1 | Threads = 8 | Run #2
SPMV_TIME=0.013334


Schedule = 3 | Chunk size = 1 | Threads = 8 | Run #3
SPMV_TIME=0.014656


Schedule = 3 | Chunk size = 1 | Threads = 8 | Run #4
SPMV_TIME=0.010810


Schedule = 3 | Chunk size = 1 | Threads = 8 | Run #5
SPMV_TIME=0.011849


Schedule = 3 | Chunk size = 1 | Threads = 8 | Run #6
SPMV_TIME=0.011801


Schedule = 3 | Chunk size = 1 | Threads = 8 | Run #7
SPMV_TIME=0.010508


Schedule = 3 | Chunk size = 1 | Threads = 8 | Run #8
SPMV_TIME=0.011053


Schedule = 3 | Chunk size = 1 | Threads = 8 | Run #9
SPMV_TIME=0.010364


=== MATRIX: ldoor.mtx ===

Schedule = 3 | Chunk size = 1 | Threads = 16 | WARM UP RUN
WARMUP_TIME=0.016191


Schedule = 3 | Chunk size = 1 | Threads = 16 | Run #0
SPMV_TIME=0.012443


Schedule = 3 | Chunk size = 1 | Threads = 16 | Run #1
SPMV_TIME=0.013173


Schedule = 3 | Chunk size = 1 | Threads = 16 | Run #2
SPMV_TIME=0.012359


Schedule = 3 | Chunk size = 1 | Threads = 16 | Run #3
SPMV_TIME=0.010990


Schedule = 3 | Chunk size = 1 | Threads = 16 | Run #4
SPMV_TIME=0.012883


Schedule = 3 | Chunk size = 1 | Threads = 16 | Run #5
SPMV_TIME=0.010304


Schedule = 3 | Chunk size = 1 | Threads = 16 | Run #6
SPMV_TIME=0.011984


Schedule = 3 | Chunk size = 1 | Threads = 16 | Run #7
SPMV_TIME=0.011186


Schedule = 3 | Chunk size = 1 | Threads = 16 | Run #8
SPMV_TIME=0.011561


Schedule = 3 | Chunk size = 1 | Threads = 16 | Run #9
SPMV_TIME=0.010141


=== MATRIX: ldoor.mtx ===

Schedule = 3 | Chunk size = 1 | Threads = 32 | WARM UP RUN
WARMUP_TIME=0.016174


Schedule = 3 | Chunk size = 1 | Threads = 32 | Run #0
SPMV_TIME=0.081802


Schedule = 3 | Chunk size = 1 | Threads = 32 | Run #1
SPMV_TIME=0.080621


Schedule = 3 | Chunk size = 1 | Threads = 32 | Run #2
SPMV_TIME=0.065073


Schedule = 3 | Chunk size = 1 | Threads = 32 | Run #3
SPMV_TIME=0.063180


Schedule = 3 | Chunk size = 1 | Threads = 32 | Run #4
SPMV_TIME=0.071782


Schedule = 3 | Chunk size = 1 | Threads = 32 | Run #5
SPMV_TIME=0.055254


Schedule = 3 | Chunk size = 1 | Threads = 32 | Run #6
SPMV_TIME=0.047867


Schedule = 3 | Chunk size = 1 | Threads = 32 | Run #7
SPMV_TIME=0.050245


Schedule = 3 | Chunk size = 1 | Threads = 32 | Run #8
SPMV_TIME=0.051046


Schedule = 3 | Chunk size = 1 | Threads = 32 | Run #9
SPMV_TIME=0.034740


=== MATRIX: ldoor.mtx ===

Schedule = 3 | Chunk size = 1 | Threads = 64 | WARM UP RUN
WARMUP_TIME=0.024997


Schedule = 3 | Chunk size = 1 | Threads = 64 | Run #0
SPMV_TIME=0.142070


Schedule = 3 | Chunk size = 1 | Threads = 64 | Run #1
SPMV_TIME=0.144516


Schedule = 3 | Chunk size = 1 | Threads = 64 | Run #2
SPMV_TIME=0.136681


Schedule = 3 | Chunk size = 1 | Threads = 64 | Run #3
SPMV_TIME=0.127618


Schedule = 3 | Chunk size = 1 | Threads = 64 | Run #4
SPMV_TIME=0.115099


Schedule = 3 | Chunk size = 1 | Threads = 64 | Run #5
SPMV_TIME=0.111326


Schedule = 3 | Chunk size = 1 | Threads = 64 | Run #6
SPMV_TIME=0.102696


Schedule = 3 | Chunk size = 1 | Threads = 64 | Run #7
SPMV_TIME=0.093590


Schedule = 3 | Chunk size = 1 | Threads = 64 | Run #8
SPMV_TIME=0.086591


Schedule = 3 | Chunk size = 1 | Threads = 64 | Run #9
SPMV_TIME=0.084959


=== MATRIX: ldoor.mtx ===

Schedule = 3 | Chunk size = 10 | Threads = 1 | WARM UP RUN
WARMUP_TIME=0.031601


Schedule = 3 | Chunk size = 10 | Threads = 1 | Run #0
SPMV_TIME=0.026469


Schedule = 3 | Chunk size = 10 | Threads = 1 | Run #1
SPMV_TIME=0.026398


Schedule = 3 | Chunk size = 10 | Threads = 1 | Run #2
SPMV_TIME=0.026287


Schedule = 3 | Chunk size = 10 | Threads = 1 | Run #3
SPMV_TIME=0.026219


Schedule = 3 | Chunk size = 10 | Threads = 1 | Run #4
SPMV_TIME=0.026310


Schedule = 3 | Chunk size = 10 | Threads = 1 | Run #5
SPMV_TIME=0.026276


Schedule = 3 | Chunk size = 10 | Threads = 1 | Run #6
SPMV_TIME=0.026189


Schedule = 3 | Chunk size = 10 | Threads = 1 | Run #7
SPMV_TIME=0.026328


Schedule = 3 | Chunk size = 10 | Threads = 1 | Run #8
SPMV_TIME=0.026276


Schedule = 3 | Chunk size = 10 | Threads = 1 | Run #9
SPMV_TIME=0.026315


=== MATRIX: ldoor.mtx ===

Schedule = 3 | Chunk size = 10 | Threads = 2 | WARM UP RUN
WARMUP_TIME=0.018559


Schedule = 3 | Chunk size = 10 | Threads = 2 | Run #0
SPMV_TIME=0.020084


Schedule = 3 | Chunk size = 10 | Threads = 2 | Run #1
SPMV_TIME=0.021419


Schedule = 3 | Chunk size = 10 | Threads = 2 | Run #2
SPMV_TIME=0.020975


Schedule = 3 | Chunk size = 10 | Threads = 2 | Run #3
SPMV_TIME=0.020994


Schedule = 3 | Chunk size = 10 | Threads = 2 | Run #4
SPMV_TIME=0.021004


Schedule = 3 | Chunk size = 10 | Threads = 2 | Run #5
SPMV_TIME=0.020926


Schedule = 3 | Chunk size = 10 | Threads = 2 | Run #6
SPMV_TIME=0.020962


Schedule = 3 | Chunk size = 10 | Threads = 2 | Run #7
SPMV_TIME=0.020964


Schedule = 3 | Chunk size = 10 | Threads = 2 | Run #8
SPMV_TIME=0.020893


Schedule = 3 | Chunk size = 10 | Threads = 2 | Run #9
SPMV_TIME=0.020881


=== MATRIX: ldoor.mtx ===

Schedule = 3 | Chunk size = 10 | Threads = 4 | WARM UP RUN
WARMUP_TIME=0.015831


Schedule = 3 | Chunk size = 10 | Threads = 4 | Run #0
SPMV_TIME=0.013837


Schedule = 3 | Chunk size = 10 | Threads = 4 | Run #1
SPMV_TIME=0.014777


Schedule = 3 | Chunk size = 10 | Threads = 4 | Run #2
SPMV_TIME=0.014387


Schedule = 3 | Chunk size = 10 | Threads = 4 | Run #3
SPMV_TIME=0.014539


Schedule = 3 | Chunk size = 10 | Threads = 4 | Run #4
SPMV_TIME=0.013859


Schedule = 3 | Chunk size = 10 | Threads = 4 | Run #5
SPMV_TIME=0.014622


Schedule = 3 | Chunk size = 10 | Threads = 4 | Run #6
SPMV_TIME=0.013459


Schedule = 3 | Chunk size = 10 | Threads = 4 | Run #7
SPMV_TIME=0.012341


Schedule = 3 | Chunk size = 10 | Threads = 4 | Run #8
SPMV_TIME=0.012520


Schedule = 3 | Chunk size = 10 | Threads = 4 | Run #9
SPMV_TIME=0.014518


=== MATRIX: ldoor.mtx ===

Schedule = 3 | Chunk size = 10 | Threads = 8 | WARM UP RUN
WARMUP_TIME=0.016621


Schedule = 3 | Chunk size = 10 | Threads = 8 | Run #0
SPMV_TIME=0.008659


Schedule = 3 | Chunk size = 10 | Threads = 8 | Run #1
SPMV_TIME=0.010053


Schedule = 3 | Chunk size = 10 | Threads = 8 | Run #2
SPMV_TIME=0.010155


Schedule = 3 | Chunk size = 10 | Threads = 8 | Run #3
SPMV_TIME=0.010087


Schedule = 3 | Chunk size = 10 | Threads = 8 | Run #4
SPMV_TIME=0.010103


Schedule = 3 | Chunk size = 10 | Threads = 8 | Run #5
SPMV_TIME=0.008420


Schedule = 3 | Chunk size = 10 | Threads = 8 | Run #6
SPMV_TIME=0.010524


Schedule = 3 | Chunk size = 10 | Threads = 8 | Run #7
SPMV_TIME=0.009930


Schedule = 3 | Chunk size = 10 | Threads = 8 | Run #8
SPMV_TIME=0.010002


Schedule = 3 | Chunk size = 10 | Threads = 8 | Run #9
SPMV_TIME=0.010144


=== MATRIX: ldoor.mtx ===

Schedule = 3 | Chunk size = 10 | Threads = 16 | WARM UP RUN
WARMUP_TIME=0.015471


Schedule = 3 | Chunk size = 10 | Threads = 16 | Run #0
SPMV_TIME=0.012266


Schedule = 3 | Chunk size = 10 | Threads = 16 | Run #1
SPMV_TIME=0.011135


Schedule = 3 | Chunk size = 10 | Threads = 16 | Run #2
SPMV_TIME=0.010537


Schedule = 3 | Chunk size = 10 | Threads = 16 | Run #3
SPMV_TIME=0.011393


Schedule = 3 | Chunk size = 10 | Threads = 16 | Run #4
SPMV_TIME=0.010878


Schedule = 3 | Chunk size = 10 | Threads = 16 | Run #5
SPMV_TIME=0.010896


Schedule = 3 | Chunk size = 10 | Threads = 16 | Run #6
SPMV_TIME=0.009811


Schedule = 3 | Chunk size = 10 | Threads = 16 | Run #7
SPMV_TIME=0.011163


Schedule = 3 | Chunk size = 10 | Threads = 16 | Run #8
SPMV_TIME=0.009776


Schedule = 3 | Chunk size = 10 | Threads = 16 | Run #9
SPMV_TIME=0.010278


=== MATRIX: ldoor.mtx ===

Schedule = 3 | Chunk size = 10 | Threads = 32 | WARM UP RUN
WARMUP_TIME=0.016294


Schedule = 3 | Chunk size = 10 | Threads = 32 | Run #0
SPMV_TIME=0.065396


Schedule = 3 | Chunk size = 10 | Threads = 32 | Run #1
SPMV_TIME=0.068831


Schedule = 3 | Chunk size = 10 | Threads = 32 | Run #2
SPMV_TIME=0.087955


Schedule = 3 | Chunk size = 10 | Threads = 32 | Run #3
SPMV_TIME=0.075696


Schedule = 3 | Chunk size = 10 | Threads = 32 | Run #4
SPMV_TIME=0.076097


Schedule = 3 | Chunk size = 10 | Threads = 32 | Run #5
SPMV_TIME=0.042041


Schedule = 3 | Chunk size = 10 | Threads = 32 | Run #6
SPMV_TIME=0.040428


Schedule = 3 | Chunk size = 10 | Threads = 32 | Run #7
SPMV_TIME=0.041666


Schedule = 3 | Chunk size = 10 | Threads = 32 | Run #8
SPMV_TIME=0.034726


Schedule = 3 | Chunk size = 10 | Threads = 32 | Run #9
SPMV_TIME=0.058715


=== MATRIX: ldoor.mtx ===

Schedule = 3 | Chunk size = 10 | Threads = 64 | WARM UP RUN
WARMUP_TIME=0.018058


Schedule = 3 | Chunk size = 10 | Threads = 64 | Run #0
SPMV_TIME=0.146363


Schedule = 3 | Chunk size = 10 | Threads = 64 | Run #1
SPMV_TIME=0.141502


Schedule = 3 | Chunk size = 10 | Threads = 64 | Run #2
SPMV_TIME=0.130305


Schedule = 3 | Chunk size = 10 | Threads = 64 | Run #3
SPMV_TIME=0.137345


Schedule = 3 | Chunk size = 10 | Threads = 64 | Run #4
SPMV_TIME=0.111619


Schedule = 3 | Chunk size = 10 | Threads = 64 | Run #5
SPMV_TIME=0.126763


Schedule = 3 | Chunk size = 10 | Threads = 64 | Run #6
SPMV_TIME=0.104711


Schedule = 3 | Chunk size = 10 | Threads = 64 | Run #7
SPMV_TIME=0.099903


Schedule = 3 | Chunk size = 10 | Threads = 64 | Run #8
SPMV_TIME=0.097331


Schedule = 3 | Chunk size = 10 | Threads = 64 | Run #9
SPMV_TIME=0.088203


=== MATRIX: ldoor.mtx ===

Schedule = 3 | Chunk size = 100 | Threads = 1 | WARM UP RUN
WARMUP_TIME=0.030998


Schedule = 3 | Chunk size = 100 | Threads = 1 | Run #0
SPMV_TIME=0.026211


Schedule = 3 | Chunk size = 100 | Threads = 1 | Run #1
SPMV_TIME=0.026210


Schedule = 3 | Chunk size = 100 | Threads = 1 | Run #2
SPMV_TIME=0.026211


Schedule = 3 | Chunk size = 100 | Threads = 1 | Run #3
SPMV_TIME=0.026188


Schedule = 3 | Chunk size = 100 | Threads = 1 | Run #4
SPMV_TIME=0.026169


Schedule = 3 | Chunk size = 100 | Threads = 1 | Run #5
SPMV_TIME=0.026142


Schedule = 3 | Chunk size = 100 | Threads = 1 | Run #6
SPMV_TIME=0.026123


Schedule = 3 | Chunk size = 100 | Threads = 1 | Run #7
SPMV_TIME=0.026155


Schedule = 3 | Chunk size = 100 | Threads = 1 | Run #8
SPMV_TIME=0.027903


Schedule = 3 | Chunk size = 100 | Threads = 1 | Run #9
SPMV_TIME=0.026124


=== MATRIX: ldoor.mtx ===

Schedule = 3 | Chunk size = 100 | Threads = 2 | WARM UP RUN
WARMUP_TIME=0.018909


Schedule = 3 | Chunk size = 100 | Threads = 2 | Run #0
SPMV_TIME=0.018190


Schedule = 3 | Chunk size = 100 | Threads = 2 | Run #1
SPMV_TIME=0.019857


Schedule = 3 | Chunk size = 100 | Threads = 2 | Run #2
SPMV_TIME=0.021357


Schedule = 3 | Chunk size = 100 | Threads = 2 | Run #3
SPMV_TIME=0.021104


Schedule = 3 | Chunk size = 100 | Threads = 2 | Run #4
SPMV_TIME=0.020810


Schedule = 3 | Chunk size = 100 | Threads = 2 | Run #5
SPMV_TIME=0.020871


Schedule = 3 | Chunk size = 100 | Threads = 2 | Run #6
SPMV_TIME=0.021119


Schedule = 3 | Chunk size = 100 | Threads = 2 | Run #7
SPMV_TIME=0.020928


Schedule = 3 | Chunk size = 100 | Threads = 2 | Run #8
SPMV_TIME=0.020832


Schedule = 3 | Chunk size = 100 | Threads = 2 | Run #9
SPMV_TIME=0.020997


=== MATRIX: ldoor.mtx ===

Schedule = 3 | Chunk size = 100 | Threads = 4 | WARM UP RUN
WARMUP_TIME=0.015642


Schedule = 3 | Chunk size = 100 | Threads = 4 | Run #0
SPMV_TIME=0.011463


Schedule = 3 | Chunk size = 100 | Threads = 4 | Run #1
SPMV_TIME=0.012876


Schedule = 3 | Chunk size = 100 | Threads = 4 | Run #2
SPMV_TIME=0.014260


Schedule = 3 | Chunk size = 100 | Threads = 4 | Run #3
SPMV_TIME=0.013843


Schedule = 3 | Chunk size = 100 | Threads = 4 | Run #4
SPMV_TIME=0.013695


Schedule = 3 | Chunk size = 100 | Threads = 4 | Run #5
SPMV_TIME=0.012719


Schedule = 3 | Chunk size = 100 | Threads = 4 | Run #6
SPMV_TIME=0.012550


Schedule = 3 | Chunk size = 100 | Threads = 4 | Run #7
SPMV_TIME=0.012583


Schedule = 3 | Chunk size = 100 | Threads = 4 | Run #8
SPMV_TIME=0.013342


Schedule = 3 | Chunk size = 100 | Threads = 4 | Run #9
SPMV_TIME=0.013069


=== MATRIX: ldoor.mtx ===

Schedule = 3 | Chunk size = 100 | Threads = 8 | WARM UP RUN
WARMUP_TIME=0.014035


Schedule = 3 | Chunk size = 100 | Threads = 8 | Run #0
SPMV_TIME=0.010622


Schedule = 3 | Chunk size = 100 | Threads = 8 | Run #1
SPMV_TIME=0.012345


Schedule = 3 | Chunk size = 100 | Threads = 8 | Run #2
SPMV_TIME=0.013208


Schedule = 3 | Chunk size = 100 | Threads = 8 | Run #3
SPMV_TIME=0.011666


Schedule = 3 | Chunk size = 100 | Threads = 8 | Run #4
SPMV_TIME=0.011029


Schedule = 3 | Chunk size = 100 | Threads = 8 | Run #5
SPMV_TIME=0.010313


Schedule = 3 | Chunk size = 100 | Threads = 8 | Run #6
SPMV_TIME=0.011331


Schedule = 3 | Chunk size = 100 | Threads = 8 | Run #7
SPMV_TIME=0.010608


Schedule = 3 | Chunk size = 100 | Threads = 8 | Run #8
SPMV_TIME=0.012480


Schedule = 3 | Chunk size = 100 | Threads = 8 | Run #9
SPMV_TIME=0.011268


=== MATRIX: ldoor.mtx ===

Schedule = 3 | Chunk size = 100 | Threads = 16 | WARM UP RUN
WARMUP_TIME=0.016389


Schedule = 3 | Chunk size = 100 | Threads = 16 | Run #0
SPMV_TIME=0.010675


Schedule = 3 | Chunk size = 100 | Threads = 16 | Run #1
SPMV_TIME=0.010432


Schedule = 3 | Chunk size = 100 | Threads = 16 | Run #2
SPMV_TIME=0.009764


Schedule = 3 | Chunk size = 100 | Threads = 16 | Run #3
SPMV_TIME=0.009445


Schedule = 3 | Chunk size = 100 | Threads = 16 | Run #4
SPMV_TIME=0.010392


Schedule = 3 | Chunk size = 100 | Threads = 16 | Run #5
SPMV_TIME=0.009685


Schedule = 3 | Chunk size = 100 | Threads = 16 | Run #6
SPMV_TIME=0.010207


Schedule = 3 | Chunk size = 100 | Threads = 16 | Run #7
SPMV_TIME=0.009932


Schedule = 3 | Chunk size = 100 | Threads = 16 | Run #8
SPMV_TIME=0.010311


Schedule = 3 | Chunk size = 100 | Threads = 16 | Run #9
SPMV_TIME=0.010174


=== MATRIX: ldoor.mtx ===

Schedule = 3 | Chunk size = 100 | Threads = 32 | WARM UP RUN
WARMUP_TIME=0.016374


Schedule = 3 | Chunk size = 100 | Threads = 32 | Run #0
SPMV_TIME=0.047452


Schedule = 3 | Chunk size = 100 | Threads = 32 | Run #1
SPMV_TIME=0.036904


Schedule = 3 | Chunk size = 100 | Threads = 32 | Run #2
SPMV_TIME=0.034905


Schedule = 3 | Chunk size = 100 | Threads = 32 | Run #3
SPMV_TIME=0.038758


Schedule = 3 | Chunk size = 100 | Threads = 32 | Run #4
SPMV_TIME=0.038307


Schedule = 3 | Chunk size = 100 | Threads = 32 | Run #5
SPMV_TIME=0.032812


Schedule = 3 | Chunk size = 100 | Threads = 32 | Run #6
SPMV_TIME=0.035567


Schedule = 3 | Chunk size = 100 | Threads = 32 | Run #7
SPMV_TIME=0.023285


Schedule = 3 | Chunk size = 100 | Threads = 32 | Run #8
SPMV_TIME=0.038354


Schedule = 3 | Chunk size = 100 | Threads = 32 | Run #9
SPMV_TIME=0.028041


=== MATRIX: ldoor.mtx ===

Schedule = 3 | Chunk size = 100 | Threads = 64 | WARM UP RUN
WARMUP_TIME=0.040705


Schedule = 3 | Chunk size = 100 | Threads = 64 | Run #0
SPMV_TIME=0.167932


Schedule = 3 | Chunk size = 100 | Threads = 64 | Run #1
SPMV_TIME=0.161952


Schedule = 3 | Chunk size = 100 | Threads = 64 | Run #2
SPMV_TIME=0.141302


Schedule = 3 | Chunk size = 100 | Threads = 64 | Run #3
SPMV_TIME=0.130683


Schedule = 3 | Chunk size = 100 | Threads = 64 | Run #4
SPMV_TIME=0.109907


Schedule = 3 | Chunk size = 100 | Threads = 64 | Run #5
SPMV_TIME=0.109934


Schedule = 3 | Chunk size = 100 | Threads = 64 | Run #6
SPMV_TIME=0.097684


Schedule = 3 | Chunk size = 100 | Threads = 64 | Run #7
SPMV_TIME=0.094649


Schedule = 3 | Chunk size = 100 | Threads = 64 | Run #8
SPMV_TIME=0.094503


Schedule = 3 | Chunk size = 100 | Threads = 64 | Run #9
SPMV_TIME=0.095873


=== MATRIX: ldoor.mtx ===

Schedule = 3 | Chunk size = 1000 | Threads = 1 | WARM UP RUN
WARMUP_TIME=0.027585


Schedule = 3 | Chunk size = 1000 | Threads = 1 | Run #0
SPMV_TIME=0.025287


Schedule = 3 | Chunk size = 1000 | Threads = 1 | Run #1
SPMV_TIME=0.025407


Schedule = 3 | Chunk size = 1000 | Threads = 1 | Run #2
SPMV_TIME=0.025324


Schedule = 3 | Chunk size = 1000 | Threads = 1 | Run #3
SPMV_TIME=0.025206


Schedule = 3 | Chunk size = 1000 | Threads = 1 | Run #4
SPMV_TIME=0.025387


Schedule = 3 | Chunk size = 1000 | Threads = 1 | Run #5
SPMV_TIME=0.025376


Schedule = 3 | Chunk size = 1000 | Threads = 1 | Run #6
SPMV_TIME=0.025284


Schedule = 3 | Chunk size = 1000 | Threads = 1 | Run #7
SPMV_TIME=0.025289


Schedule = 3 | Chunk size = 1000 | Threads = 1 | Run #8
SPMV_TIME=0.025318


Schedule = 3 | Chunk size = 1000 | Threads = 1 | Run #9
SPMV_TIME=0.025308


=== MATRIX: ldoor.mtx ===

Schedule = 3 | Chunk size = 1000 | Threads = 2 | WARM UP RUN
WARMUP_TIME=0.017820


Schedule = 3 | Chunk size = 1000 | Threads = 2 | Run #0
SPMV_TIME=0.019586


Schedule = 3 | Chunk size = 1000 | Threads = 2 | Run #1
SPMV_TIME=0.020768


Schedule = 3 | Chunk size = 1000 | Threads = 2 | Run #2
SPMV_TIME=0.020724


Schedule = 3 | Chunk size = 1000 | Threads = 2 | Run #3
SPMV_TIME=0.020418


Schedule = 3 | Chunk size = 1000 | Threads = 2 | Run #4
SPMV_TIME=0.020540


Schedule = 3 | Chunk size = 1000 | Threads = 2 | Run #5
SPMV_TIME=0.020655


Schedule = 3 | Chunk size = 1000 | Threads = 2 | Run #6
SPMV_TIME=0.020571


Schedule = 3 | Chunk size = 1000 | Threads = 2 | Run #7
SPMV_TIME=0.020468


Schedule = 3 | Chunk size = 1000 | Threads = 2 | Run #8
SPMV_TIME=0.020386


Schedule = 3 | Chunk size = 1000 | Threads = 2 | Run #9
SPMV_TIME=0.020562


=== MATRIX: ldoor.mtx ===

Schedule = 3 | Chunk size = 1000 | Threads = 4 | WARM UP RUN
WARMUP_TIME=0.015560


Schedule = 3 | Chunk size = 1000 | Threads = 4 | Run #0
SPMV_TIME=0.014564


Schedule = 3 | Chunk size = 1000 | Threads = 4 | Run #1
SPMV_TIME=0.014564


Schedule = 3 | Chunk size = 1000 | Threads = 4 | Run #2
SPMV_TIME=0.013965


Schedule = 3 | Chunk size = 1000 | Threads = 4 | Run #3
SPMV_TIME=0.014047


Schedule = 3 | Chunk size = 1000 | Threads = 4 | Run #4
SPMV_TIME=0.013087


Schedule = 3 | Chunk size = 1000 | Threads = 4 | Run #5
SPMV_TIME=0.010768


Schedule = 3 | Chunk size = 1000 | Threads = 4 | Run #6
SPMV_TIME=0.012980


Schedule = 3 | Chunk size = 1000 | Threads = 4 | Run #7
SPMV_TIME=0.013198


Schedule = 3 | Chunk size = 1000 | Threads = 4 | Run #8
SPMV_TIME=0.010827


Schedule = 3 | Chunk size = 1000 | Threads = 4 | Run #9
SPMV_TIME=0.012802


=== MATRIX: ldoor.mtx ===

Schedule = 3 | Chunk size = 1000 | Threads = 8 | WARM UP RUN
WARMUP_TIME=0.014311


Schedule = 3 | Chunk size = 1000 | Threads = 8 | Run #0
SPMV_TIME=0.010679


Schedule = 3 | Chunk size = 1000 | Threads = 8 | Run #1
SPMV_TIME=0.011814


Schedule = 3 | Chunk size = 1000 | Threads = 8 | Run #2
SPMV_TIME=0.011393


Schedule = 3 | Chunk size = 1000 | Threads = 8 | Run #3
SPMV_TIME=0.010397


Schedule = 3 | Chunk size = 1000 | Threads = 8 | Run #4
SPMV_TIME=0.011808


Schedule = 3 | Chunk size = 1000 | Threads = 8 | Run #5
SPMV_TIME=0.011203


Schedule = 3 | Chunk size = 1000 | Threads = 8 | Run #6
SPMV_TIME=0.011507


Schedule = 3 | Chunk size = 1000 | Threads = 8 | Run #7
SPMV_TIME=0.011215


Schedule = 3 | Chunk size = 1000 | Threads = 8 | Run #8
SPMV_TIME=0.009880


Schedule = 3 | Chunk size = 1000 | Threads = 8 | Run #9
SPMV_TIME=0.011624


=== MATRIX: ldoor.mtx ===

Schedule = 3 | Chunk size = 1000 | Threads = 16 | WARM UP RUN
WARMUP_TIME=0.015130


Schedule = 3 | Chunk size = 1000 | Threads = 16 | Run #0
SPMV_TIME=0.012023


Schedule = 3 | Chunk size = 1000 | Threads = 16 | Run #1
SPMV_TIME=0.010696


Schedule = 3 | Chunk size = 1000 | Threads = 16 | Run #2
SPMV_TIME=0.010829


Schedule = 3 | Chunk size = 1000 | Threads = 16 | Run #3
SPMV_TIME=0.011703


Schedule = 3 | Chunk size = 1000 | Threads = 16 | Run #4
SPMV_TIME=0.010041


Schedule = 3 | Chunk size = 1000 | Threads = 16 | Run #5
SPMV_TIME=0.010799


Schedule = 3 | Chunk size = 1000 | Threads = 16 | Run #6
SPMV_TIME=0.011061


Schedule = 3 | Chunk size = 1000 | Threads = 16 | Run #7
SPMV_TIME=0.009886


Schedule = 3 | Chunk size = 1000 | Threads = 16 | Run #8
SPMV_TIME=0.009428


Schedule = 3 | Chunk size = 1000 | Threads = 16 | Run #9
SPMV_TIME=0.009362


=== MATRIX: ldoor.mtx ===

Schedule = 3 | Chunk size = 1000 | Threads = 32 | WARM UP RUN
WARMUP_TIME=0.016557


Schedule = 3 | Chunk size = 1000 | Threads = 32 | Run #0
SPMV_TIME=0.051778


Schedule = 3 | Chunk size = 1000 | Threads = 32 | Run #1
SPMV_TIME=0.040390


Schedule = 3 | Chunk size = 1000 | Threads = 32 | Run #2
SPMV_TIME=0.052048


Schedule = 3 | Chunk size = 1000 | Threads = 32 | Run #3
SPMV_TIME=0.035727


Schedule = 3 | Chunk size = 1000 | Threads = 32 | Run #4
SPMV_TIME=0.034792


Schedule = 3 | Chunk size = 1000 | Threads = 32 | Run #5
SPMV_TIME=0.035845


Schedule = 3 | Chunk size = 1000 | Threads = 32 | Run #6
SPMV_TIME=0.037209


Schedule = 3 | Chunk size = 1000 | Threads = 32 | Run #7
SPMV_TIME=0.030103


Schedule = 3 | Chunk size = 1000 | Threads = 32 | Run #8
SPMV_TIME=0.022674


Schedule = 3 | Chunk size = 1000 | Threads = 32 | Run #9
SPMV_TIME=0.019208


=== MATRIX: ldoor.mtx ===

Schedule = 3 | Chunk size = 1000 | Threads = 64 | WARM UP RUN
WARMUP_TIME=0.017490


Schedule = 3 | Chunk size = 1000 | Threads = 64 | Run #0
SPMV_TIME=0.165054


Schedule = 3 | Chunk size = 1000 | Threads = 64 | Run #1
SPMV_TIME=0.155654


Schedule = 3 | Chunk size = 1000 | Threads = 64 | Run #2
SPMV_TIME=0.140971


Schedule = 3 | Chunk size = 1000 | Threads = 64 | Run #3
SPMV_TIME=0.132005


Schedule = 3 | Chunk size = 1000 | Threads = 64 | Run #4
SPMV_TIME=0.112813


Schedule = 3 | Chunk size = 1000 | Threads = 64 | Run #5
SPMV_TIME=0.098309


Schedule = 3 | Chunk size = 1000 | Threads = 64 | Run #6
SPMV_TIME=0.108431


Schedule = 3 | Chunk size = 1000 | Threads = 64 | Run #7
SPMV_TIME=0.102044


Schedule = 3 | Chunk size = 1000 | Threads = 64 | Run #8
SPMV_TIME=0.107336


Schedule = 3 | Chunk size = 1000 | Threads = 64 | Run #9
SPMV_TIME=0.100954


=== MATRIX: ldoor.mtx ===

Schedule = 3 | Chunk size = 10000 | Threads = 1 | WARM UP RUN
WARMUP_TIME=0.031636


Schedule = 3 | Chunk size = 10000 | Threads = 1 | Run #0
SPMV_TIME=0.026338


Schedule = 3 | Chunk size = 10000 | Threads = 1 | Run #1
SPMV_TIME=0.026172


Schedule = 3 | Chunk size = 10000 | Threads = 1 | Run #2
SPMV_TIME=0.026203


Schedule = 3 | Chunk size = 10000 | Threads = 1 | Run #3
SPMV_TIME=0.026226


Schedule = 3 | Chunk size = 10000 | Threads = 1 | Run #4
SPMV_TIME=0.026201


Schedule = 3 | Chunk size = 10000 | Threads = 1 | Run #5
SPMV_TIME=0.026197


Schedule = 3 | Chunk size = 10000 | Threads = 1 | Run #6
SPMV_TIME=0.026159


Schedule = 3 | Chunk size = 10000 | Threads = 1 | Run #7
SPMV_TIME=0.027979


Schedule = 3 | Chunk size = 10000 | Threads = 1 | Run #8
SPMV_TIME=0.026204


Schedule = 3 | Chunk size = 10000 | Threads = 1 | Run #9
SPMV_TIME=0.026130


=== MATRIX: ldoor.mtx ===

Schedule = 3 | Chunk size = 10000 | Threads = 2 | WARM UP RUN
WARMUP_TIME=0.018554


Schedule = 3 | Chunk size = 10000 | Threads = 2 | Run #0
SPMV_TIME=0.017916


Schedule = 3 | Chunk size = 10000 | Threads = 2 | Run #1
SPMV_TIME=0.019788


Schedule = 3 | Chunk size = 10000 | Threads = 2 | Run #2
SPMV_TIME=0.021021


Schedule = 3 | Chunk size = 10000 | Threads = 2 | Run #3
SPMV_TIME=0.021178


Schedule = 3 | Chunk size = 10000 | Threads = 2 | Run #4
SPMV_TIME=0.020756


Schedule = 3 | Chunk size = 10000 | Threads = 2 | Run #5
SPMV_TIME=0.020771


Schedule = 3 | Chunk size = 10000 | Threads = 2 | Run #6
SPMV_TIME=0.020922


Schedule = 3 | Chunk size = 10000 | Threads = 2 | Run #7
SPMV_TIME=0.020804


Schedule = 3 | Chunk size = 10000 | Threads = 2 | Run #8
SPMV_TIME=0.020852


Schedule = 3 | Chunk size = 10000 | Threads = 2 | Run #9
SPMV_TIME=0.020637


=== MATRIX: ldoor.mtx ===

Schedule = 3 | Chunk size = 10000 | Threads = 4 | WARM UP RUN
WARMUP_TIME=0.015740


Schedule = 3 | Chunk size = 10000 | Threads = 4 | Run #0
SPMV_TIME=0.013998


Schedule = 3 | Chunk size = 10000 | Threads = 4 | Run #1
SPMV_TIME=0.013544


Schedule = 3 | Chunk size = 10000 | Threads = 4 | Run #2
SPMV_TIME=0.013650


Schedule = 3 | Chunk size = 10000 | Threads = 4 | Run #3
SPMV_TIME=0.013426


Schedule = 3 | Chunk size = 10000 | Threads = 4 | Run #4
SPMV_TIME=0.012657


Schedule = 3 | Chunk size = 10000 | Threads = 4 | Run #5
SPMV_TIME=0.012318


Schedule = 3 | Chunk size = 10000 | Threads = 4 | Run #6
SPMV_TIME=0.012601


Schedule = 3 | Chunk size = 10000 | Threads = 4 | Run #7
SPMV_TIME=0.012276


Schedule = 3 | Chunk size = 10000 | Threads = 4 | Run #8
SPMV_TIME=0.012295


Schedule = 3 | Chunk size = 10000 | Threads = 4 | Run #9
SPMV_TIME=0.012248


=== MATRIX: ldoor.mtx ===

Schedule = 3 | Chunk size = 10000 | Threads = 8 | WARM UP RUN
WARMUP_TIME=0.017031


Schedule = 3 | Chunk size = 10000 | Threads = 8 | Run #0
SPMV_TIME=0.010457


Schedule = 3 | Chunk size = 10000 | Threads = 8 | Run #1
SPMV_TIME=0.009986


Schedule = 3 | Chunk size = 10000 | Threads = 8 | Run #2
SPMV_TIME=0.010139


Schedule = 3 | Chunk size = 10000 | Threads = 8 | Run #3
SPMV_TIME=0.008783


Schedule = 3 | Chunk size = 10000 | Threads = 8 | Run #4
SPMV_TIME=0.010407


Schedule = 3 | Chunk size = 10000 | Threads = 8 | Run #5
SPMV_TIME=0.010408


Schedule = 3 | Chunk size = 10000 | Threads = 8 | Run #6
SPMV_TIME=0.010128


Schedule = 3 | Chunk size = 10000 | Threads = 8 | Run #7
SPMV_TIME=0.010049


Schedule = 3 | Chunk size = 10000 | Threads = 8 | Run #8
SPMV_TIME=0.010156


Schedule = 3 | Chunk size = 10000 | Threads = 8 | Run #9
SPMV_TIME=0.009643


=== MATRIX: ldoor.mtx ===

Schedule = 3 | Chunk size = 10000 | Threads = 16 | WARM UP RUN
WARMUP_TIME=0.015533


Schedule = 3 | Chunk size = 10000 | Threads = 16 | Run #0
SPMV_TIME=0.011761


Schedule = 3 | Chunk size = 10000 | Threads = 16 | Run #1
SPMV_TIME=0.010676


Schedule = 3 | Chunk size = 10000 | Threads = 16 | Run #2
SPMV_TIME=0.009717


Schedule = 3 | Chunk size = 10000 | Threads = 16 | Run #3
SPMV_TIME=0.011889


Schedule = 3 | Chunk size = 10000 | Threads = 16 | Run #4
SPMV_TIME=0.009603


Schedule = 3 | Chunk size = 10000 | Threads = 16 | Run #5
SPMV_TIME=0.011424


Schedule = 3 | Chunk size = 10000 | Threads = 16 | Run #6
SPMV_TIME=0.010876


Schedule = 3 | Chunk size = 10000 | Threads = 16 | Run #7
SPMV_TIME=0.011182


Schedule = 3 | Chunk size = 10000 | Threads = 16 | Run #8
SPMV_TIME=0.011015


Schedule = 3 | Chunk size = 10000 | Threads = 16 | Run #9
SPMV_TIME=0.010827


=== MATRIX: ldoor.mtx ===

Schedule = 3 | Chunk size = 10000 | Threads = 32 | WARM UP RUN
WARMUP_TIME=0.016814


Schedule = 3 | Chunk size = 10000 | Threads = 32 | Run #0
SPMV_TIME=0.068090


Schedule = 3 | Chunk size = 10000 | Threads = 32 | Run #1
SPMV_TIME=0.037625


Schedule = 3 | Chunk size = 10000 | Threads = 32 | Run #2
SPMV_TIME=0.042252


Schedule = 3 | Chunk size = 10000 | Threads = 32 | Run #3
SPMV_TIME=0.056155


Schedule = 3 | Chunk size = 10000 | Threads = 32 | Run #4
SPMV_TIME=0.042177


Schedule = 3 | Chunk size = 10000 | Threads = 32 | Run #5
SPMV_TIME=0.047613


Schedule = 3 | Chunk size = 10000 | Threads = 32 | Run #6
SPMV_TIME=0.069934


Schedule = 3 | Chunk size = 10000 | Threads = 32 | Run #7
SPMV_TIME=0.020819


Schedule = 3 | Chunk size = 10000 | Threads = 32 | Run #8
SPMV_TIME=0.029762


Schedule = 3 | Chunk size = 10000 | Threads = 32 | Run #9
SPMV_TIME=0.025985


=== MATRIX: ldoor.mtx ===

Schedule = 3 | Chunk size = 10000 | Threads = 64 | WARM UP RUN
WARMUP_TIME=0.018359


Schedule = 3 | Chunk size = 10000 | Threads = 64 | Run #0
SPMV_TIME=0.145524


Schedule = 3 | Chunk size = 10000 | Threads = 64 | Run #1
SPMV_TIME=0.116823


Schedule = 3 | Chunk size = 10000 | Threads = 64 | Run #2
SPMV_TIME=0.092306


Schedule = 3 | Chunk size = 10000 | Threads = 64 | Run #3
SPMV_TIME=0.080747


Schedule = 3 | Chunk size = 10000 | Threads = 64 | Run #4
SPMV_TIME=0.088762


Schedule = 3 | Chunk size = 10000 | Threads = 64 | Run #5
SPMV_TIME=0.086990


Schedule = 3 | Chunk size = 10000 | Threads = 64 | Run #6
SPMV_TIME=0.084930


Schedule = 3 | Chunk size = 10000 | Threads = 64 | Run #7
SPMV_TIME=0.057913


Schedule = 3 | Chunk size = 10000 | Threads = 64 | Run #8
SPMV_TIME=0.055894


Schedule = 3 | Chunk size = 10000 | Threads = 64 | Run #9
SPMV_TIME=0.057188

