
=== MATRIX: crankseg_1.mtx ===

Schedule = 1 | Chunk size = 1 | Threads = 1 | WARM UP RUN
WARMUP_TIME=0.007519


Schedule = 1 | Chunk size = 1 | Threads = 1 | Run #0
SPMV_TIME=0.007086


Schedule = 1 | Chunk size = 1 | Threads = 1 | Run #1
SPMV_TIME=0.007096


Schedule = 1 | Chunk size = 1 | Threads = 1 | Run #2
SPMV_TIME=0.007094


Schedule = 1 | Chunk size = 1 | Threads = 1 | Run #3
SPMV_TIME=0.007068


Schedule = 1 | Chunk size = 1 | Threads = 1 | Run #4
SPMV_TIME=0.007063


Schedule = 1 | Chunk size = 1 | Threads = 1 | Run #5
SPMV_TIME=0.007072


Schedule = 1 | Chunk size = 1 | Threads = 1 | Run #6
SPMV_TIME=0.007180


Schedule = 1 | Chunk size = 1 | Threads = 1 | Run #7
SPMV_TIME=0.007164


Schedule = 1 | Chunk size = 1 | Threads = 1 | Run #8
SPMV_TIME=0.007158


Schedule = 1 | Chunk size = 1 | Threads = 1 | Run #9
SPMV_TIME=0.007160


=== MATRIX: crankseg_1.mtx ===

Schedule = 1 | Chunk size = 1 | Threads = 2 | WARM UP RUN
WARMUP_TIME=0.012598


Schedule = 1 | Chunk size = 1 | Threads = 2 | Run #0
SPMV_TIME=0.005667


Schedule = 1 | Chunk size = 1 | Threads = 2 | Run #1
SPMV_TIME=0.005615


Schedule = 1 | Chunk size = 1 | Threads = 2 | Run #2
SPMV_TIME=0.005578


Schedule = 1 | Chunk size = 1 | Threads = 2 | Run #3
SPMV_TIME=0.005555


Schedule = 1 | Chunk size = 1 | Threads = 2 | Run #4
SPMV_TIME=0.005588


Schedule = 1 | Chunk size = 1 | Threads = 2 | Run #5
SPMV_TIME=0.005655


Schedule = 1 | Chunk size = 1 | Threads = 2 | Run #6
SPMV_TIME=0.005546


Schedule = 1 | Chunk size = 1 | Threads = 2 | Run #7
SPMV_TIME=0.005483


Schedule = 1 | Chunk size = 1 | Threads = 2 | Run #8
SPMV_TIME=0.005602


Schedule = 1 | Chunk size = 1 | Threads = 2 | Run #9
SPMV_TIME=0.005472


=== MATRIX: crankseg_1.mtx ===

Schedule = 1 | Chunk size = 1 | Threads = 4 | WARM UP RUN
WARMUP_TIME=0.005859


Schedule = 1 | Chunk size = 1 | Threads = 4 | Run #0
SPMV_TIME=0.005997


Schedule = 1 | Chunk size = 1 | Threads = 4 | Run #1
SPMV_TIME=0.005462


Schedule = 1 | Chunk size = 1 | Threads = 4 | Run #2
SPMV_TIME=0.005452


Schedule = 1 | Chunk size = 1 | Threads = 4 | Run #3
SPMV_TIME=0.005452


Schedule = 1 | Chunk size = 1 | Threads = 4 | Run #4
SPMV_TIME=0.005418


Schedule = 1 | Chunk size = 1 | Threads = 4 | Run #5
SPMV_TIME=0.005389


Schedule = 1 | Chunk size = 1 | Threads = 4 | Run #6
SPMV_TIME=0.005371


Schedule = 1 | Chunk size = 1 | Threads = 4 | Run #7
SPMV_TIME=0.005380


Schedule = 1 | Chunk size = 1 | Threads = 4 | Run #8
SPMV_TIME=0.005343


Schedule = 1 | Chunk size = 1 | Threads = 4 | Run #9
SPMV_TIME=0.005335


=== MATRIX: crankseg_1.mtx ===

Schedule = 1 | Chunk size = 1 | Threads = 8 | WARM UP RUN
WARMUP_TIME=0.005854


Schedule = 1 | Chunk size = 1 | Threads = 8 | Run #0
SPMV_TIME=0.004441


Schedule = 1 | Chunk size = 1 | Threads = 8 | Run #1
SPMV_TIME=0.003841


Schedule = 1 | Chunk size = 1 | Threads = 8 | Run #2
SPMV_TIME=0.003659


Schedule = 1 | Chunk size = 1 | Threads = 8 | Run #3
SPMV_TIME=0.003553


Schedule = 1 | Chunk size = 1 | Threads = 8 | Run #4
SPMV_TIME=0.003474


Schedule = 1 | Chunk size = 1 | Threads = 8 | Run #5
SPMV_TIME=0.003449


Schedule = 1 | Chunk size = 1 | Threads = 8 | Run #6
SPMV_TIME=0.003359


Schedule = 1 | Chunk size = 1 | Threads = 8 | Run #7
SPMV_TIME=0.003342


Schedule = 1 | Chunk size = 1 | Threads = 8 | Run #8
SPMV_TIME=0.003291


Schedule = 1 | Chunk size = 1 | Threads = 8 | Run #9
SPMV_TIME=0.003299


=== MATRIX: crankseg_1.mtx ===

Schedule = 1 | Chunk size = 1 | Threads = 16 | WARM UP RUN
WARMUP_TIME=0.005151


Schedule = 1 | Chunk size = 1 | Threads = 16 | Run #0
SPMV_TIME=0.002059


Schedule = 1 | Chunk size = 1 | Threads = 16 | Run #1
SPMV_TIME=0.001614


Schedule = 1 | Chunk size = 1 | Threads = 16 | Run #2
SPMV_TIME=0.001440


Schedule = 1 | Chunk size = 1 | Threads = 16 | Run #3
SPMV_TIME=0.002146


Schedule = 1 | Chunk size = 1 | Threads = 16 | Run #4
SPMV_TIME=0.001351


Schedule = 1 | Chunk size = 1 | Threads = 16 | Run #5
SPMV_TIME=0.001330


Schedule = 1 | Chunk size = 1 | Threads = 16 | Run #6
SPMV_TIME=0.001298


Schedule = 1 | Chunk size = 1 | Threads = 16 | Run #7
SPMV_TIME=0.001301


Schedule = 1 | Chunk size = 1 | Threads = 16 | Run #8
SPMV_TIME=0.001307


Schedule = 1 | Chunk size = 1 | Threads = 16 | Run #9
SPMV_TIME=0.001308


=== MATRIX: crankseg_1.mtx ===

Schedule = 1 | Chunk size = 1 | Threads = 32 | WARM UP RUN
WARMUP_TIME=0.026817


Schedule = 1 | Chunk size = 1 | Threads = 32 | Run #0
SPMV_TIME=0.025914


Schedule = 1 | Chunk size = 1 | Threads = 32 | Run #1
SPMV_TIME=0.025920


Schedule = 1 | Chunk size = 1 | Threads = 32 | Run #2
SPMV_TIME=0.022123


Schedule = 1 | Chunk size = 1 | Threads = 32 | Run #3
SPMV_TIME=0.025850


Schedule = 1 | Chunk size = 1 | Threads = 32 | Run #4
SPMV_TIME=0.026002


Schedule = 1 | Chunk size = 1 | Threads = 32 | Run #5
SPMV_TIME=0.003700


Schedule = 1 | Chunk size = 1 | Threads = 32 | Run #6
SPMV_TIME=0.000770


Schedule = 1 | Chunk size = 1 | Threads = 32 | Run #7
SPMV_TIME=0.000762


Schedule = 1 | Chunk size = 1 | Threads = 32 | Run #8
SPMV_TIME=0.000749


Schedule = 1 | Chunk size = 1 | Threads = 32 | Run #9
SPMV_TIME=0.000753


=== MATRIX: crankseg_1.mtx ===

Schedule = 1 | Chunk size = 1 | Threads = 64 | WARM UP RUN
WARMUP_TIME=0.033543


Schedule = 1 | Chunk size = 1 | Threads = 64 | Run #0
SPMV_TIME=0.027474


Schedule = 1 | Chunk size = 1 | Threads = 64 | Run #1
SPMV_TIME=0.025905


Schedule = 1 | Chunk size = 1 | Threads = 64 | Run #2
SPMV_TIME=0.025931


Schedule = 1 | Chunk size = 1 | Threads = 64 | Run #3
SPMV_TIME=0.025964


Schedule = 1 | Chunk size = 1 | Threads = 64 | Run #4
SPMV_TIME=0.025991


Schedule = 1 | Chunk size = 1 | Threads = 64 | Run #5
SPMV_TIME=0.025995


Schedule = 1 | Chunk size = 1 | Threads = 64 | Run #6
SPMV_TIME=0.025990


Schedule = 1 | Chunk size = 1 | Threads = 64 | Run #7
SPMV_TIME=0.025991


Schedule = 1 | Chunk size = 1 | Threads = 64 | Run #8
SPMV_TIME=0.025996


Schedule = 1 | Chunk size = 1 | Threads = 64 | Run #9
SPMV_TIME=0.025998


=== MATRIX: crankseg_1.mtx ===

Schedule = 1 | Chunk size = 10 | Threads = 1 | WARM UP RUN
WARMUP_TIME=0.007477


Schedule = 1 | Chunk size = 10 | Threads = 1 | Run #0
SPMV_TIME=0.007108


Schedule = 1 | Chunk size = 10 | Threads = 1 | Run #1
SPMV_TIME=0.007084


Schedule = 1 | Chunk size = 10 | Threads = 1 | Run #2
SPMV_TIME=0.007091


Schedule = 1 | Chunk size = 10 | Threads = 1 | Run #3
SPMV_TIME=0.007112


Schedule = 1 | Chunk size = 10 | Threads = 1 | Run #4
SPMV_TIME=0.007099


Schedule = 1 | Chunk size = 10 | Threads = 1 | Run #5
SPMV_TIME=0.007084


Schedule = 1 | Chunk size = 10 | Threads = 1 | Run #6
SPMV_TIME=0.007077


Schedule = 1 | Chunk size = 10 | Threads = 1 | Run #7
SPMV_TIME=0.007063


Schedule = 1 | Chunk size = 10 | Threads = 1 | Run #8
SPMV_TIME=0.007081


Schedule = 1 | Chunk size = 10 | Threads = 1 | Run #9
SPMV_TIME=0.007080


=== MATRIX: crankseg_1.mtx ===

Schedule = 1 | Chunk size = 10 | Threads = 2 | WARM UP RUN
WARMUP_TIME=0.004366


Schedule = 1 | Chunk size = 10 | Threads = 2 | Run #0
SPMV_TIME=0.003954


Schedule = 1 | Chunk size = 10 | Threads = 2 | Run #1
SPMV_TIME=0.004776


Schedule = 1 | Chunk size = 10 | Threads = 2 | Run #2
SPMV_TIME=0.003938


Schedule = 1 | Chunk size = 10 | Threads = 2 | Run #3
SPMV_TIME=0.003943


Schedule = 1 | Chunk size = 10 | Threads = 2 | Run #4
SPMV_TIME=0.003952


Schedule = 1 | Chunk size = 10 | Threads = 2 | Run #5
SPMV_TIME=0.003966


Schedule = 1 | Chunk size = 10 | Threads = 2 | Run #6
SPMV_TIME=0.003953


Schedule = 1 | Chunk size = 10 | Threads = 2 | Run #7
SPMV_TIME=0.003953


Schedule = 1 | Chunk size = 10 | Threads = 2 | Run #8
SPMV_TIME=0.003938


Schedule = 1 | Chunk size = 10 | Threads = 2 | Run #9
SPMV_TIME=0.003951


=== MATRIX: crankseg_1.mtx ===

Schedule = 1 | Chunk size = 10 | Threads = 4 | WARM UP RUN
WARMUP_TIME=0.025442


Schedule = 1 | Chunk size = 10 | Threads = 4 | Run #0
SPMV_TIME=0.002763


Schedule = 1 | Chunk size = 10 | Threads = 4 | Run #1
SPMV_TIME=0.002426


Schedule = 1 | Chunk size = 10 | Threads = 4 | Run #2
SPMV_TIME=0.002194


Schedule = 1 | Chunk size = 10 | Threads = 4 | Run #3
SPMV_TIME=0.002122


Schedule = 1 | Chunk size = 10 | Threads = 4 | Run #4
SPMV_TIME=0.002098


Schedule = 1 | Chunk size = 10 | Threads = 4 | Run #5
SPMV_TIME=0.002090


Schedule = 1 | Chunk size = 10 | Threads = 4 | Run #6
SPMV_TIME=0.002073


Schedule = 1 | Chunk size = 10 | Threads = 4 | Run #7
SPMV_TIME=0.002088


Schedule = 1 | Chunk size = 10 | Threads = 4 | Run #8
SPMV_TIME=0.002076


Schedule = 1 | Chunk size = 10 | Threads = 4 | Run #9
SPMV_TIME=0.002081


=== MATRIX: crankseg_1.mtx ===

Schedule = 1 | Chunk size = 10 | Threads = 8 | WARM UP RUN
WARMUP_TIME=0.007657


Schedule = 1 | Chunk size = 10 | Threads = 8 | Run #0
SPMV_TIME=0.001421


Schedule = 1 | Chunk size = 10 | Threads = 8 | Run #1
SPMV_TIME=0.001216


Schedule = 1 | Chunk size = 10 | Threads = 8 | Run #2
SPMV_TIME=0.001129


Schedule = 1 | Chunk size = 10 | Threads = 8 | Run #3
SPMV_TIME=0.001071


Schedule = 1 | Chunk size = 10 | Threads = 8 | Run #4
SPMV_TIME=0.001075


Schedule = 1 | Chunk size = 10 | Threads = 8 | Run #5
SPMV_TIME=0.001062


Schedule = 1 | Chunk size = 10 | Threads = 8 | Run #6
SPMV_TIME=0.001055


Schedule = 1 | Chunk size = 10 | Threads = 8 | Run #7
SPMV_TIME=0.001062


Schedule = 1 | Chunk size = 10 | Threads = 8 | Run #8
SPMV_TIME=0.001056


Schedule = 1 | Chunk size = 10 | Threads = 8 | Run #9
SPMV_TIME=0.001057


=== MATRIX: crankseg_1.mtx ===

Schedule = 1 | Chunk size = 10 | Threads = 16 | WARM UP RUN
WARMUP_TIME=0.025855


Schedule = 1 | Chunk size = 10 | Threads = 16 | Run #0
SPMV_TIME=0.009729


Schedule = 1 | Chunk size = 10 | Threads = 16 | Run #1
SPMV_TIME=0.000892


Schedule = 1 | Chunk size = 10 | Threads = 16 | Run #2
SPMV_TIME=0.000744


Schedule = 1 | Chunk size = 10 | Threads = 16 | Run #3
SPMV_TIME=0.000687


Schedule = 1 | Chunk size = 10 | Threads = 16 | Run #4
SPMV_TIME=0.000688


Schedule = 1 | Chunk size = 10 | Threads = 16 | Run #5
SPMV_TIME=0.000683


Schedule = 1 | Chunk size = 10 | Threads = 16 | Run #6
SPMV_TIME=0.000660


Schedule = 1 | Chunk size = 10 | Threads = 16 | Run #7
SPMV_TIME=0.000675


Schedule = 1 | Chunk size = 10 | Threads = 16 | Run #8
SPMV_TIME=0.000672


Schedule = 1 | Chunk size = 10 | Threads = 16 | Run #9
SPMV_TIME=0.000655


=== MATRIX: crankseg_1.mtx ===

Schedule = 1 | Chunk size = 10 | Threads = 32 | WARM UP RUN
WARMUP_TIME=0.038435


Schedule = 1 | Chunk size = 10 | Threads = 32 | Run #0
SPMV_TIME=0.003271


Schedule = 1 | Chunk size = 10 | Threads = 32 | Run #1
SPMV_TIME=0.000321


Schedule = 1 | Chunk size = 10 | Threads = 32 | Run #2
SPMV_TIME=0.000275


Schedule = 1 | Chunk size = 10 | Threads = 32 | Run #3
SPMV_TIME=0.000287


Schedule = 1 | Chunk size = 10 | Threads = 32 | Run #4
SPMV_TIME=0.000269


Schedule = 1 | Chunk size = 10 | Threads = 32 | Run #5
SPMV_TIME=0.000276


Schedule = 1 | Chunk size = 10 | Threads = 32 | Run #6
SPMV_TIME=0.000276


Schedule = 1 | Chunk size = 10 | Threads = 32 | Run #7
SPMV_TIME=0.000269


Schedule = 1 | Chunk size = 10 | Threads = 32 | Run #8
SPMV_TIME=0.000270


Schedule = 1 | Chunk size = 10 | Threads = 32 | Run #9
SPMV_TIME=0.000273


=== MATRIX: crankseg_1.mtx ===

Schedule = 1 | Chunk size = 10 | Threads = 64 | WARM UP RUN
WARMUP_TIME=0.025511


Schedule = 1 | Chunk size = 10 | Threads = 64 | Run #0
SPMV_TIME=0.004845


Schedule = 1 | Chunk size = 10 | Threads = 64 | Run #1
SPMV_TIME=0.000188


Schedule = 1 | Chunk size = 10 | Threads = 64 | Run #2
SPMV_TIME=0.000169


Schedule = 1 | Chunk size = 10 | Threads = 64 | Run #3
SPMV_TIME=0.000158


Schedule = 1 | Chunk size = 10 | Threads = 64 | Run #4
SPMV_TIME=0.000171


Schedule = 1 | Chunk size = 10 | Threads = 64 | Run #5
SPMV_TIME=0.000164


Schedule = 1 | Chunk size = 10 | Threads = 64 | Run #6
SPMV_TIME=0.000163


Schedule = 1 | Chunk size = 10 | Threads = 64 | Run #7
SPMV_TIME=0.000167


Schedule = 1 | Chunk size = 10 | Threads = 64 | Run #8
SPMV_TIME=0.000175


Schedule = 1 | Chunk size = 10 | Threads = 64 | Run #9
SPMV_TIME=0.000156


=== MATRIX: crankseg_1.mtx ===

Schedule = 1 | Chunk size = 100 | Threads = 1 | WARM UP RUN
WARMUP_TIME=0.007412


Schedule = 1 | Chunk size = 100 | Threads = 1 | Run #0
SPMV_TIME=0.007027


Schedule = 1 | Chunk size = 100 | Threads = 1 | Run #1
SPMV_TIME=0.007062


Schedule = 1 | Chunk size = 100 | Threads = 1 | Run #2
SPMV_TIME=0.007060


Schedule = 1 | Chunk size = 100 | Threads = 1 | Run #3
SPMV_TIME=0.007082


Schedule = 1 | Chunk size = 100 | Threads = 1 | Run #4
SPMV_TIME=0.007084


Schedule = 1 | Chunk size = 100 | Threads = 1 | Run #5
SPMV_TIME=0.007080


Schedule = 1 | Chunk size = 100 | Threads = 1 | Run #6
SPMV_TIME=0.007062


Schedule = 1 | Chunk size = 100 | Threads = 1 | Run #7
SPMV_TIME=0.007053


Schedule = 1 | Chunk size = 100 | Threads = 1 | Run #8
SPMV_TIME=0.007044


Schedule = 1 | Chunk size = 100 | Threads = 1 | Run #9
SPMV_TIME=0.007046


=== MATRIX: crankseg_1.mtx ===

Schedule = 1 | Chunk size = 100 | Threads = 2 | WARM UP RUN
WARMUP_TIME=0.014655


Schedule = 1 | Chunk size = 100 | Threads = 2 | Run #0
SPMV_TIME=0.003658


Schedule = 1 | Chunk size = 100 | Threads = 2 | Run #1
SPMV_TIME=0.003639


Schedule = 1 | Chunk size = 100 | Threads = 2 | Run #2
SPMV_TIME=0.003631


Schedule = 1 | Chunk size = 100 | Threads = 2 | Run #3
SPMV_TIME=0.003647


Schedule = 1 | Chunk size = 100 | Threads = 2 | Run #4
SPMV_TIME=0.003647


Schedule = 1 | Chunk size = 100 | Threads = 2 | Run #5
SPMV_TIME=0.003626


Schedule = 1 | Chunk size = 100 | Threads = 2 | Run #6
SPMV_TIME=0.003640


Schedule = 1 | Chunk size = 100 | Threads = 2 | Run #7
SPMV_TIME=0.003637


Schedule = 1 | Chunk size = 100 | Threads = 2 | Run #8
SPMV_TIME=0.003624


Schedule = 1 | Chunk size = 100 | Threads = 2 | Run #9
SPMV_TIME=0.003640


=== MATRIX: crankseg_1.mtx ===

Schedule = 1 | Chunk size = 100 | Threads = 4 | WARM UP RUN
WARMUP_TIME=0.002652


Schedule = 1 | Chunk size = 100 | Threads = 4 | Run #0
SPMV_TIME=0.002541


Schedule = 1 | Chunk size = 100 | Threads = 4 | Run #1
SPMV_TIME=0.002223


Schedule = 1 | Chunk size = 100 | Threads = 4 | Run #2
SPMV_TIME=0.001945


Schedule = 1 | Chunk size = 100 | Threads = 4 | Run #3
SPMV_TIME=0.001852


Schedule = 1 | Chunk size = 100 | Threads = 4 | Run #4
SPMV_TIME=0.001849


Schedule = 1 | Chunk size = 100 | Threads = 4 | Run #5
SPMV_TIME=0.001854


Schedule = 1 | Chunk size = 100 | Threads = 4 | Run #6
SPMV_TIME=0.001852


Schedule = 1 | Chunk size = 100 | Threads = 4 | Run #7
SPMV_TIME=0.001849


Schedule = 1 | Chunk size = 100 | Threads = 4 | Run #8
SPMV_TIME=0.001851


Schedule = 1 | Chunk size = 100 | Threads = 4 | Run #9
SPMV_TIME=0.001860


=== MATRIX: crankseg_1.mtx ===

Schedule = 1 | Chunk size = 100 | Threads = 8 | WARM UP RUN
WARMUP_TIME=0.008588


Schedule = 1 | Chunk size = 100 | Threads = 8 | Run #0
SPMV_TIME=0.001806


Schedule = 1 | Chunk size = 100 | Threads = 8 | Run #1
SPMV_TIME=0.001228


Schedule = 1 | Chunk size = 100 | Threads = 8 | Run #2
SPMV_TIME=0.001006


Schedule = 1 | Chunk size = 100 | Threads = 8 | Run #3
SPMV_TIME=0.000945


Schedule = 1 | Chunk size = 100 | Threads = 8 | Run #4
SPMV_TIME=0.000932


Schedule = 1 | Chunk size = 100 | Threads = 8 | Run #5
SPMV_TIME=0.000929


Schedule = 1 | Chunk size = 100 | Threads = 8 | Run #6
SPMV_TIME=0.000921


Schedule = 1 | Chunk size = 100 | Threads = 8 | Run #7
SPMV_TIME=0.000930


Schedule = 1 | Chunk size = 100 | Threads = 8 | Run #8
SPMV_TIME=0.000930


Schedule = 1 | Chunk size = 100 | Threads = 8 | Run #9
SPMV_TIME=0.000930


=== MATRIX: crankseg_1.mtx ===

Schedule = 1 | Chunk size = 100 | Threads = 16 | WARM UP RUN
WARMUP_TIME=0.015857


Schedule = 1 | Chunk size = 100 | Threads = 16 | Run #0
SPMV_TIME=0.001453


Schedule = 1 | Chunk size = 100 | Threads = 16 | Run #1
SPMV_TIME=0.001088


Schedule = 1 | Chunk size = 100 | Threads = 16 | Run #2
SPMV_TIME=0.000867


Schedule = 1 | Chunk size = 100 | Threads = 16 | Run #3
SPMV_TIME=0.000793


Schedule = 1 | Chunk size = 100 | Threads = 16 | Run #4
SPMV_TIME=0.000786


Schedule = 1 | Chunk size = 100 | Threads = 16 | Run #5
SPMV_TIME=0.000774


Schedule = 1 | Chunk size = 100 | Threads = 16 | Run #6
SPMV_TIME=0.000753


Schedule = 1 | Chunk size = 100 | Threads = 16 | Run #7
SPMV_TIME=0.000763


Schedule = 1 | Chunk size = 100 | Threads = 16 | Run #8
SPMV_TIME=0.000753


Schedule = 1 | Chunk size = 100 | Threads = 16 | Run #9
SPMV_TIME=0.000754


=== MATRIX: crankseg_1.mtx ===

Schedule = 1 | Chunk size = 100 | Threads = 32 | WARM UP RUN
WARMUP_TIME=0.026221


Schedule = 1 | Chunk size = 100 | Threads = 32 | Run #0
SPMV_TIME=0.025977


Schedule = 1 | Chunk size = 100 | Threads = 32 | Run #1
SPMV_TIME=0.013078


Schedule = 1 | Chunk size = 100 | Threads = 32 | Run #2
SPMV_TIME=0.000244


Schedule = 1 | Chunk size = 100 | Threads = 32 | Run #3
SPMV_TIME=0.000243


Schedule = 1 | Chunk size = 100 | Threads = 32 | Run #4
SPMV_TIME=0.000257


Schedule = 1 | Chunk size = 100 | Threads = 32 | Run #5
SPMV_TIME=0.000241


Schedule = 1 | Chunk size = 100 | Threads = 32 | Run #6
SPMV_TIME=0.000247


Schedule = 1 | Chunk size = 100 | Threads = 32 | Run #7
SPMV_TIME=0.000244


Schedule = 1 | Chunk size = 100 | Threads = 32 | Run #8
SPMV_TIME=0.000256


Schedule = 1 | Chunk size = 100 | Threads = 32 | Run #9
SPMV_TIME=0.000244


=== MATRIX: crankseg_1.mtx ===

Schedule = 1 | Chunk size = 100 | Threads = 64 | WARM UP RUN
WARMUP_TIME=0.026203


Schedule = 1 | Chunk size = 100 | Threads = 64 | Run #0
SPMV_TIME=0.026949


Schedule = 1 | Chunk size = 100 | Threads = 64 | Run #1
SPMV_TIME=0.025991


Schedule = 1 | Chunk size = 100 | Threads = 64 | Run #2
SPMV_TIME=0.026001


Schedule = 1 | Chunk size = 100 | Threads = 64 | Run #3
SPMV_TIME=0.026000


Schedule = 1 | Chunk size = 100 | Threads = 64 | Run #4
SPMV_TIME=0.025993


Schedule = 1 | Chunk size = 100 | Threads = 64 | Run #5
SPMV_TIME=0.026003


Schedule = 1 | Chunk size = 100 | Threads = 64 | Run #6
SPMV_TIME=0.025998


Schedule = 1 | Chunk size = 100 | Threads = 64 | Run #7
SPMV_TIME=0.025997


Schedule = 1 | Chunk size = 100 | Threads = 64 | Run #8
SPMV_TIME=0.026003


Schedule = 1 | Chunk size = 100 | Threads = 64 | Run #9
SPMV_TIME=0.025997


=== MATRIX: crankseg_1.mtx ===

Schedule = 1 | Chunk size = 1000 | Threads = 1 | WARM UP RUN
WARMUP_TIME=0.007372


Schedule = 1 | Chunk size = 1000 | Threads = 1 | Run #0
SPMV_TIME=0.007028


Schedule = 1 | Chunk size = 1000 | Threads = 1 | Run #1
SPMV_TIME=0.007010


Schedule = 1 | Chunk size = 1000 | Threads = 1 | Run #2
SPMV_TIME=0.007020


Schedule = 1 | Chunk size = 1000 | Threads = 1 | Run #3
SPMV_TIME=0.007040


Schedule = 1 | Chunk size = 1000 | Threads = 1 | Run #4
SPMV_TIME=0.007022


Schedule = 1 | Chunk size = 1000 | Threads = 1 | Run #5
SPMV_TIME=0.006995


Schedule = 1 | Chunk size = 1000 | Threads = 1 | Run #6
SPMV_TIME=0.007001


Schedule = 1 | Chunk size = 1000 | Threads = 1 | Run #7
SPMV_TIME=0.007016


Schedule = 1 | Chunk size = 1000 | Threads = 1 | Run #8
SPMV_TIME=0.006996


Schedule = 1 | Chunk size = 1000 | Threads = 1 | Run #9
SPMV_TIME=0.006990


=== MATRIX: crankseg_1.mtx ===

Schedule = 1 | Chunk size = 1000 | Threads = 2 | WARM UP RUN
WARMUP_TIME=0.029638


Schedule = 1 | Chunk size = 1000 | Threads = 2 | Run #0
SPMV_TIME=0.025852


Schedule = 1 | Chunk size = 1000 | Threads = 2 | Run #1
SPMV_TIME=0.026003


Schedule = 1 | Chunk size = 1000 | Threads = 2 | Run #2
SPMV_TIME=0.025985


Schedule = 1 | Chunk size = 1000 | Threads = 2 | Run #3
SPMV_TIME=0.020018


Schedule = 1 | Chunk size = 1000 | Threads = 2 | Run #4
SPMV_TIME=0.003662


Schedule = 1 | Chunk size = 1000 | Threads = 2 | Run #5
SPMV_TIME=0.003659


Schedule = 1 | Chunk size = 1000 | Threads = 2 | Run #6
SPMV_TIME=0.003649


Schedule = 1 | Chunk size = 1000 | Threads = 2 | Run #7
SPMV_TIME=0.003662


Schedule = 1 | Chunk size = 1000 | Threads = 2 | Run #8
SPMV_TIME=0.003650


Schedule = 1 | Chunk size = 1000 | Threads = 2 | Run #9
SPMV_TIME=0.003650


=== MATRIX: crankseg_1.mtx ===

Schedule = 1 | Chunk size = 1000 | Threads = 4 | WARM UP RUN
WARMUP_TIME=0.018879


Schedule = 1 | Chunk size = 1000 | Threads = 4 | Run #0
SPMV_TIME=0.002491


Schedule = 1 | Chunk size = 1000 | Threads = 4 | Run #1
SPMV_TIME=0.002075


Schedule = 1 | Chunk size = 1000 | Threads = 4 | Run #2
SPMV_TIME=0.001896


Schedule = 1 | Chunk size = 1000 | Threads = 4 | Run #3
SPMV_TIME=0.001900


Schedule = 1 | Chunk size = 1000 | Threads = 4 | Run #4
SPMV_TIME=0.001912


Schedule = 1 | Chunk size = 1000 | Threads = 4 | Run #5
SPMV_TIME=0.001903


Schedule = 1 | Chunk size = 1000 | Threads = 4 | Run #6
SPMV_TIME=0.001899


Schedule = 1 | Chunk size = 1000 | Threads = 4 | Run #7
SPMV_TIME=0.001904


Schedule = 1 | Chunk size = 1000 | Threads = 4 | Run #8
SPMV_TIME=0.001903


Schedule = 1 | Chunk size = 1000 | Threads = 4 | Run #9
SPMV_TIME=0.001907


=== MATRIX: crankseg_1.mtx ===

Schedule = 1 | Chunk size = 1000 | Threads = 8 | WARM UP RUN
WARMUP_TIME=0.002711


Schedule = 1 | Chunk size = 1000 | Threads = 8 | Run #0
SPMV_TIME=0.001502


Schedule = 1 | Chunk size = 1000 | Threads = 8 | Run #1
SPMV_TIME=0.001192


Schedule = 1 | Chunk size = 1000 | Threads = 8 | Run #2
SPMV_TIME=0.001000


Schedule = 1 | Chunk size = 1000 | Threads = 8 | Run #3
SPMV_TIME=0.000990


Schedule = 1 | Chunk size = 1000 | Threads = 8 | Run #4
SPMV_TIME=0.000998


Schedule = 1 | Chunk size = 1000 | Threads = 8 | Run #5
SPMV_TIME=0.001000


Schedule = 1 | Chunk size = 1000 | Threads = 8 | Run #6
SPMV_TIME=0.000998


Schedule = 1 | Chunk size = 1000 | Threads = 8 | Run #7
SPMV_TIME=0.000996


Schedule = 1 | Chunk size = 1000 | Threads = 8 | Run #8
SPMV_TIME=0.001002


Schedule = 1 | Chunk size = 1000 | Threads = 8 | Run #9
SPMV_TIME=0.001005


=== MATRIX: crankseg_1.mtx ===

Schedule = 1 | Chunk size = 1000 | Threads = 16 | WARM UP RUN
WARMUP_TIME=0.003685


Schedule = 1 | Chunk size = 1000 | Threads = 16 | Run #0
SPMV_TIME=0.000979


Schedule = 1 | Chunk size = 1000 | Threads = 16 | Run #1
SPMV_TIME=0.000591


Schedule = 1 | Chunk size = 1000 | Threads = 16 | Run #2
SPMV_TIME=0.000562


Schedule = 1 | Chunk size = 1000 | Threads = 16 | Run #3
SPMV_TIME=0.000546


Schedule = 1 | Chunk size = 1000 | Threads = 16 | Run #4
SPMV_TIME=0.000561


Schedule = 1 | Chunk size = 1000 | Threads = 16 | Run #5
SPMV_TIME=0.000560


Schedule = 1 | Chunk size = 1000 | Threads = 16 | Run #6
SPMV_TIME=0.000541


Schedule = 1 | Chunk size = 1000 | Threads = 16 | Run #7
SPMV_TIME=0.000559


Schedule = 1 | Chunk size = 1000 | Threads = 16 | Run #8
SPMV_TIME=0.000546


Schedule = 1 | Chunk size = 1000 | Threads = 16 | Run #9
SPMV_TIME=0.000556


=== MATRIX: crankseg_1.mtx ===

Schedule = 1 | Chunk size = 1000 | Threads = 32 | WARM UP RUN
WARMUP_TIME=0.026336


Schedule = 1 | Chunk size = 1000 | Threads = 32 | Run #0
SPMV_TIME=0.025669


Schedule = 1 | Chunk size = 1000 | Threads = 32 | Run #1
SPMV_TIME=0.025961


Schedule = 1 | Chunk size = 1000 | Threads = 32 | Run #2
SPMV_TIME=0.026000


Schedule = 1 | Chunk size = 1000 | Threads = 32 | Run #3
SPMV_TIME=0.025969


Schedule = 1 | Chunk size = 1000 | Threads = 32 | Run #4
SPMV_TIME=0.025994


Schedule = 1 | Chunk size = 1000 | Threads = 32 | Run #5
SPMV_TIME=0.014007


Schedule = 1 | Chunk size = 1000 | Threads = 32 | Run #6
SPMV_TIME=0.000363


Schedule = 1 | Chunk size = 1000 | Threads = 32 | Run #7
SPMV_TIME=0.000363


Schedule = 1 | Chunk size = 1000 | Threads = 32 | Run #8
SPMV_TIME=0.000378


Schedule = 1 | Chunk size = 1000 | Threads = 32 | Run #9
SPMV_TIME=0.000358


=== MATRIX: crankseg_1.mtx ===

Schedule = 1 | Chunk size = 1000 | Threads = 64 | WARM UP RUN
WARMUP_TIME=0.008396


Schedule = 1 | Chunk size = 1000 | Threads = 64 | Run #0
SPMV_TIME=0.000431


Schedule = 1 | Chunk size = 1000 | Threads = 64 | Run #1
SPMV_TIME=0.000242


Schedule = 1 | Chunk size = 1000 | Threads = 64 | Run #2
SPMV_TIME=0.000244


Schedule = 1 | Chunk size = 1000 | Threads = 64 | Run #3
SPMV_TIME=0.000226


Schedule = 1 | Chunk size = 1000 | Threads = 64 | Run #4
SPMV_TIME=0.000226


Schedule = 1 | Chunk size = 1000 | Threads = 64 | Run #5
SPMV_TIME=0.000231


Schedule = 1 | Chunk size = 1000 | Threads = 64 | Run #6
SPMV_TIME=0.000236


Schedule = 1 | Chunk size = 1000 | Threads = 64 | Run #7
SPMV_TIME=0.000243


Schedule = 1 | Chunk size = 1000 | Threads = 64 | Run #8
SPMV_TIME=0.000232


Schedule = 1 | Chunk size = 1000 | Threads = 64 | Run #9
SPMV_TIME=0.000227


=== MATRIX: crankseg_1.mtx ===

Schedule = 1 | Chunk size = 10000 | Threads = 1 | WARM UP RUN
WARMUP_TIME=0.007520


Schedule = 1 | Chunk size = 10000 | Threads = 1 | Run #0
SPMV_TIME=0.007095


Schedule = 1 | Chunk size = 10000 | Threads = 1 | Run #1
SPMV_TIME=0.007090


Schedule = 1 | Chunk size = 10000 | Threads = 1 | Run #2
SPMV_TIME=0.007080


Schedule = 1 | Chunk size = 10000 | Threads = 1 | Run #3
SPMV_TIME=0.007106


Schedule = 1 | Chunk size = 10000 | Threads = 1 | Run #4
SPMV_TIME=0.007100


Schedule = 1 | Chunk size = 10000 | Threads = 1 | Run #5
SPMV_TIME=0.007075


Schedule = 1 | Chunk size = 10000 | Threads = 1 | Run #6
SPMV_TIME=0.007077


Schedule = 1 | Chunk size = 10000 | Threads = 1 | Run #7
SPMV_TIME=0.007064


Schedule = 1 | Chunk size = 10000 | Threads = 1 | Run #8
SPMV_TIME=0.007075


Schedule = 1 | Chunk size = 10000 | Threads = 1 | Run #9
SPMV_TIME=0.007047


=== MATRIX: crankseg_1.mtx ===

Schedule = 1 | Chunk size = 10000 | Threads = 2 | WARM UP RUN
WARMUP_TIME=0.029528


Schedule = 1 | Chunk size = 10000 | Threads = 2 | Run #0
SPMV_TIME=0.018433


Schedule = 1 | Chunk size = 10000 | Threads = 2 | Run #1
SPMV_TIME=0.003599


Schedule = 1 | Chunk size = 10000 | Threads = 2 | Run #2
SPMV_TIME=0.003677


Schedule = 1 | Chunk size = 10000 | Threads = 2 | Run #3
SPMV_TIME=0.003587


Schedule = 1 | Chunk size = 10000 | Threads = 2 | Run #4
SPMV_TIME=0.003596


Schedule = 1 | Chunk size = 10000 | Threads = 2 | Run #5
SPMV_TIME=0.003607


Schedule = 1 | Chunk size = 10000 | Threads = 2 | Run #6
SPMV_TIME=0.003594


Schedule = 1 | Chunk size = 10000 | Threads = 2 | Run #7
SPMV_TIME=0.003598


Schedule = 1 | Chunk size = 10000 | Threads = 2 | Run #8
SPMV_TIME=0.003579


Schedule = 1 | Chunk size = 10000 | Threads = 2 | Run #9
SPMV_TIME=0.003601


=== MATRIX: crankseg_1.mtx ===

Schedule = 1 | Chunk size = 10000 | Threads = 4 | WARM UP RUN
WARMUP_TIME=0.016375


Schedule = 1 | Chunk size = 10000 | Threads = 4 | Run #0
SPMV_TIME=0.002101


Schedule = 1 | Chunk size = 10000 | Threads = 4 | Run #1
SPMV_TIME=0.002074


Schedule = 1 | Chunk size = 10000 | Threads = 4 | Run #2
SPMV_TIME=0.002069


Schedule = 1 | Chunk size = 10000 | Threads = 4 | Run #3
SPMV_TIME=0.002070


Schedule = 1 | Chunk size = 10000 | Threads = 4 | Run #4
SPMV_TIME=0.002077


Schedule = 1 | Chunk size = 10000 | Threads = 4 | Run #5
SPMV_TIME=0.002164


Schedule = 1 | Chunk size = 10000 | Threads = 4 | Run #6
SPMV_TIME=0.002070


Schedule = 1 | Chunk size = 10000 | Threads = 4 | Run #7
SPMV_TIME=0.002077


Schedule = 1 | Chunk size = 10000 | Threads = 4 | Run #8
SPMV_TIME=0.002084


Schedule = 1 | Chunk size = 10000 | Threads = 4 | Run #9
SPMV_TIME=0.002096


=== MATRIX: crankseg_1.mtx ===

Schedule = 1 | Chunk size = 10000 | Threads = 8 | WARM UP RUN
WARMUP_TIME=0.003002


Schedule = 1 | Chunk size = 10000 | Threads = 8 | Run #0
SPMV_TIME=0.002355


Schedule = 1 | Chunk size = 10000 | Threads = 8 | Run #1
SPMV_TIME=0.002213


Schedule = 1 | Chunk size = 10000 | Threads = 8 | Run #2
SPMV_TIME=0.002129


Schedule = 1 | Chunk size = 10000 | Threads = 8 | Run #3
SPMV_TIME=0.002085


Schedule = 1 | Chunk size = 10000 | Threads = 8 | Run #4
SPMV_TIME=0.002058


Schedule = 1 | Chunk size = 10000 | Threads = 8 | Run #5
SPMV_TIME=0.002070


Schedule = 1 | Chunk size = 10000 | Threads = 8 | Run #6
SPMV_TIME=0.002079


Schedule = 1 | Chunk size = 10000 | Threads = 8 | Run #7
SPMV_TIME=0.002068


Schedule = 1 | Chunk size = 10000 | Threads = 8 | Run #8
SPMV_TIME=0.002069


Schedule = 1 | Chunk size = 10000 | Threads = 8 | Run #9
SPMV_TIME=0.002060


=== MATRIX: crankseg_1.mtx ===

Schedule = 1 | Chunk size = 10000 | Threads = 16 | WARM UP RUN
WARMUP_TIME=0.025982


Schedule = 1 | Chunk size = 10000 | Threads = 16 | Run #0
SPMV_TIME=0.025939


Schedule = 1 | Chunk size = 10000 | Threads = 16 | Run #1
SPMV_TIME=0.025975


Schedule = 1 | Chunk size = 10000 | Threads = 16 | Run #2
SPMV_TIME=0.025015


Schedule = 1 | Chunk size = 10000 | Threads = 16 | Run #3
SPMV_TIME=0.001567


Schedule = 1 | Chunk size = 10000 | Threads = 16 | Run #4
SPMV_TIME=0.001533


Schedule = 1 | Chunk size = 10000 | Threads = 16 | Run #5
SPMV_TIME=0.001549


Schedule = 1 | Chunk size = 10000 | Threads = 16 | Run #6
SPMV_TIME=0.001536


Schedule = 1 | Chunk size = 10000 | Threads = 16 | Run #7
SPMV_TIME=0.001539


Schedule = 1 | Chunk size = 10000 | Threads = 16 | Run #8
SPMV_TIME=0.001530


Schedule = 1 | Chunk size = 10000 | Threads = 16 | Run #9
SPMV_TIME=0.001543


=== MATRIX: crankseg_1.mtx ===

Schedule = 1 | Chunk size = 10000 | Threads = 32 | WARM UP RUN
WARMUP_TIME=0.004311


Schedule = 1 | Chunk size = 10000 | Threads = 32 | Run #0
SPMV_TIME=0.001859


Schedule = 1 | Chunk size = 10000 | Threads = 32 | Run #1
SPMV_TIME=0.001694


Schedule = 1 | Chunk size = 10000 | Threads = 32 | Run #2
SPMV_TIME=0.001575


Schedule = 1 | Chunk size = 10000 | Threads = 32 | Run #3
SPMV_TIME=0.001588


Schedule = 1 | Chunk size = 10000 | Threads = 32 | Run #4
SPMV_TIME=0.001588


Schedule = 1 | Chunk size = 10000 | Threads = 32 | Run #5
SPMV_TIME=0.001655


Schedule = 1 | Chunk size = 10000 | Threads = 32 | Run #6
SPMV_TIME=0.001595


Schedule = 1 | Chunk size = 10000 | Threads = 32 | Run #7
SPMV_TIME=0.001580


Schedule = 1 | Chunk size = 10000 | Threads = 32 | Run #8
SPMV_TIME=0.001587


Schedule = 1 | Chunk size = 10000 | Threads = 32 | Run #9
SPMV_TIME=0.001598


=== MATRIX: crankseg_1.mtx ===

Schedule = 1 | Chunk size = 10000 | Threads = 64 | WARM UP RUN
WARMUP_TIME=0.028622


Schedule = 1 | Chunk size = 10000 | Threads = 64 | Run #0
SPMV_TIME=0.026919


Schedule = 1 | Chunk size = 10000 | Threads = 64 | Run #1
SPMV_TIME=0.028158


Schedule = 1 | Chunk size = 10000 | Threads = 64 | Run #2
SPMV_TIME=0.025991


Schedule = 1 | Chunk size = 10000 | Threads = 64 | Run #3
SPMV_TIME=0.022002


Schedule = 1 | Chunk size = 10000 | Threads = 64 | Run #4
SPMV_TIME=0.025998


Schedule = 1 | Chunk size = 10000 | Threads = 64 | Run #5
SPMV_TIME=0.028535


Schedule = 1 | Chunk size = 10000 | Threads = 64 | Run #6
SPMV_TIME=0.024525


Schedule = 1 | Chunk size = 10000 | Threads = 64 | Run #7
SPMV_TIME=0.036044


Schedule = 1 | Chunk size = 10000 | Threads = 64 | Run #8
SPMV_TIME=0.027712


Schedule = 1 | Chunk size = 10000 | Threads = 64 | Run #9
SPMV_TIME=0.025173


=== MATRIX: crankseg_1.mtx ===

Schedule = 2 | Chunk size = 1 | Threads = 1 | WARM UP RUN
WARMUP_TIME=0.009003


Schedule = 2 | Chunk size = 1 | Threads = 1 | Run #0
SPMV_TIME=0.008605


Schedule = 2 | Chunk size = 1 | Threads = 1 | Run #1
SPMV_TIME=0.008660


Schedule = 2 | Chunk size = 1 | Threads = 1 | Run #2
SPMV_TIME=0.008676


Schedule = 2 | Chunk size = 1 | Threads = 1 | Run #3
SPMV_TIME=0.008623


Schedule = 2 | Chunk size = 1 | Threads = 1 | Run #4
SPMV_TIME=0.008624


Schedule = 2 | Chunk size = 1 | Threads = 1 | Run #5
SPMV_TIME=0.008585


Schedule = 2 | Chunk size = 1 | Threads = 1 | Run #6
SPMV_TIME=0.008605


Schedule = 2 | Chunk size = 1 | Threads = 1 | Run #7
SPMV_TIME=0.008639


Schedule = 2 | Chunk size = 1 | Threads = 1 | Run #8
SPMV_TIME=0.008670


Schedule = 2 | Chunk size = 1 | Threads = 1 | Run #9
SPMV_TIME=0.008688


=== MATRIX: crankseg_1.mtx ===

Schedule = 2 | Chunk size = 1 | Threads = 2 | WARM UP RUN
WARMUP_TIME=0.012686


Schedule = 2 | Chunk size = 1 | Threads = 2 | Run #0
SPMV_TIME=0.012104


Schedule = 2 | Chunk size = 1 | Threads = 2 | Run #1
SPMV_TIME=0.011606


Schedule = 2 | Chunk size = 1 | Threads = 2 | Run #2
SPMV_TIME=0.011456


Schedule = 2 | Chunk size = 1 | Threads = 2 | Run #3
SPMV_TIME=0.011522


Schedule = 2 | Chunk size = 1 | Threads = 2 | Run #4
SPMV_TIME=0.011442


Schedule = 2 | Chunk size = 1 | Threads = 2 | Run #5
SPMV_TIME=0.011519


Schedule = 2 | Chunk size = 1 | Threads = 2 | Run #6
SPMV_TIME=0.011502


Schedule = 2 | Chunk size = 1 | Threads = 2 | Run #7
SPMV_TIME=0.011489


Schedule = 2 | Chunk size = 1 | Threads = 2 | Run #8
SPMV_TIME=0.011498


Schedule = 2 | Chunk size = 1 | Threads = 2 | Run #9
SPMV_TIME=0.011448


=== MATRIX: crankseg_1.mtx ===

Schedule = 2 | Chunk size = 1 | Threads = 4 | WARM UP RUN
WARMUP_TIME=0.009887


Schedule = 2 | Chunk size = 1 | Threads = 4 | Run #0
SPMV_TIME=0.009130


Schedule = 2 | Chunk size = 1 | Threads = 4 | Run #1
SPMV_TIME=0.008874


Schedule = 2 | Chunk size = 1 | Threads = 4 | Run #2
SPMV_TIME=0.008840


Schedule = 2 | Chunk size = 1 | Threads = 4 | Run #3
SPMV_TIME=0.008838


Schedule = 2 | Chunk size = 1 | Threads = 4 | Run #4
SPMV_TIME=0.008809


Schedule = 2 | Chunk size = 1 | Threads = 4 | Run #5
SPMV_TIME=0.008833


Schedule = 2 | Chunk size = 1 | Threads = 4 | Run #6
SPMV_TIME=0.008814


Schedule = 2 | Chunk size = 1 | Threads = 4 | Run #7
SPMV_TIME=0.008811


Schedule = 2 | Chunk size = 1 | Threads = 4 | Run #8
SPMV_TIME=0.008807


Schedule = 2 | Chunk size = 1 | Threads = 4 | Run #9
SPMV_TIME=0.008810


=== MATRIX: crankseg_1.mtx ===

Schedule = 2 | Chunk size = 1 | Threads = 8 | WARM UP RUN
WARMUP_TIME=0.011204


Schedule = 2 | Chunk size = 1 | Threads = 8 | Run #0
SPMV_TIME=0.006270


Schedule = 2 | Chunk size = 1 | Threads = 8 | Run #1
SPMV_TIME=0.006134


Schedule = 2 | Chunk size = 1 | Threads = 8 | Run #2
SPMV_TIME=0.006110


Schedule = 2 | Chunk size = 1 | Threads = 8 | Run #3
SPMV_TIME=0.006088


Schedule = 2 | Chunk size = 1 | Threads = 8 | Run #4
SPMV_TIME=0.006103


Schedule = 2 | Chunk size = 1 | Threads = 8 | Run #5
SPMV_TIME=0.006075


Schedule = 2 | Chunk size = 1 | Threads = 8 | Run #6
SPMV_TIME=0.006082


Schedule = 2 | Chunk size = 1 | Threads = 8 | Run #7
SPMV_TIME=0.006107


Schedule = 2 | Chunk size = 1 | Threads = 8 | Run #8
SPMV_TIME=0.006110


Schedule = 2 | Chunk size = 1 | Threads = 8 | Run #9
SPMV_TIME=0.006089


=== MATRIX: crankseg_1.mtx ===

Schedule = 2 | Chunk size = 1 | Threads = 16 | WARM UP RUN
WARMUP_TIME=0.020378


Schedule = 2 | Chunk size = 1 | Threads = 16 | Run #0
SPMV_TIME=0.007250


Schedule = 2 | Chunk size = 1 | Threads = 16 | Run #1
SPMV_TIME=0.005127


Schedule = 2 | Chunk size = 1 | Threads = 16 | Run #2
SPMV_TIME=0.005109


Schedule = 2 | Chunk size = 1 | Threads = 16 | Run #3
SPMV_TIME=0.005098


Schedule = 2 | Chunk size = 1 | Threads = 16 | Run #4
SPMV_TIME=0.005103


Schedule = 2 | Chunk size = 1 | Threads = 16 | Run #5
SPMV_TIME=0.005069


Schedule = 2 | Chunk size = 1 | Threads = 16 | Run #6
SPMV_TIME=0.005075


Schedule = 2 | Chunk size = 1 | Threads = 16 | Run #7
SPMV_TIME=0.005057


Schedule = 2 | Chunk size = 1 | Threads = 16 | Run #8
SPMV_TIME=0.005083


Schedule = 2 | Chunk size = 1 | Threads = 16 | Run #9
SPMV_TIME=0.005064


=== MATRIX: crankseg_1.mtx ===

Schedule = 2 | Chunk size = 1 | Threads = 32 | WARM UP RUN
WARMUP_TIME=0.027310


Schedule = 2 | Chunk size = 1 | Threads = 32 | Run #0
SPMV_TIME=0.017014


Schedule = 2 | Chunk size = 1 | Threads = 32 | Run #1
SPMV_TIME=0.004344


Schedule = 2 | Chunk size = 1 | Threads = 32 | Run #2
SPMV_TIME=0.004120


Schedule = 2 | Chunk size = 1 | Threads = 32 | Run #3
SPMV_TIME=0.004138


Schedule = 2 | Chunk size = 1 | Threads = 32 | Run #4
SPMV_TIME=0.004123


Schedule = 2 | Chunk size = 1 | Threads = 32 | Run #5
SPMV_TIME=0.004130


Schedule = 2 | Chunk size = 1 | Threads = 32 | Run #6
SPMV_TIME=0.004112


Schedule = 2 | Chunk size = 1 | Threads = 32 | Run #7
SPMV_TIME=0.004123


Schedule = 2 | Chunk size = 1 | Threads = 32 | Run #8
SPMV_TIME=0.004134


Schedule = 2 | Chunk size = 1 | Threads = 32 | Run #9
SPMV_TIME=0.004118


=== MATRIX: crankseg_1.mtx ===

Schedule = 2 | Chunk size = 1 | Threads = 64 | WARM UP RUN
WARMUP_TIME=0.025002


Schedule = 2 | Chunk size = 1 | Threads = 64 | Run #0
SPMV_TIME=0.003957


Schedule = 2 | Chunk size = 1 | Threads = 64 | Run #1
SPMV_TIME=0.003903


Schedule = 2 | Chunk size = 1 | Threads = 64 | Run #2
SPMV_TIME=0.003886


Schedule = 2 | Chunk size = 1 | Threads = 64 | Run #3
SPMV_TIME=0.003893


Schedule = 2 | Chunk size = 1 | Threads = 64 | Run #4
SPMV_TIME=0.003895


Schedule = 2 | Chunk size = 1 | Threads = 64 | Run #5
SPMV_TIME=0.003885


Schedule = 2 | Chunk size = 1 | Threads = 64 | Run #6
SPMV_TIME=0.003868


Schedule = 2 | Chunk size = 1 | Threads = 64 | Run #7
SPMV_TIME=0.005189


Schedule = 2 | Chunk size = 1 | Threads = 64 | Run #8
SPMV_TIME=0.003874


Schedule = 2 | Chunk size = 1 | Threads = 64 | Run #9
SPMV_TIME=0.004263


=== MATRIX: crankseg_1.mtx ===

Schedule = 2 | Chunk size = 10 | Threads = 1 | WARM UP RUN
WARMUP_TIME=0.007557


Schedule = 2 | Chunk size = 10 | Threads = 1 | Run #0
SPMV_TIME=0.007208


Schedule = 2 | Chunk size = 10 | Threads = 1 | Run #1
SPMV_TIME=0.007176


Schedule = 2 | Chunk size = 10 | Threads = 1 | Run #2
SPMV_TIME=0.007181


Schedule = 2 | Chunk size = 10 | Threads = 1 | Run #3
SPMV_TIME=0.007152


Schedule = 2 | Chunk size = 10 | Threads = 1 | Run #4
SPMV_TIME=0.007170


Schedule = 2 | Chunk size = 10 | Threads = 1 | Run #5
SPMV_TIME=0.007153


Schedule = 2 | Chunk size = 10 | Threads = 1 | Run #6
SPMV_TIME=0.007186


Schedule = 2 | Chunk size = 10 | Threads = 1 | Run #7
SPMV_TIME=0.007146


Schedule = 2 | Chunk size = 10 | Threads = 1 | Run #8
SPMV_TIME=0.007177


Schedule = 2 | Chunk size = 10 | Threads = 1 | Run #9
SPMV_TIME=0.007158


=== MATRIX: crankseg_1.mtx ===

Schedule = 2 | Chunk size = 10 | Threads = 2 | WARM UP RUN
WARMUP_TIME=0.005385


Schedule = 2 | Chunk size = 10 | Threads = 2 | Run #0
SPMV_TIME=0.005217


Schedule = 2 | Chunk size = 10 | Threads = 2 | Run #1
SPMV_TIME=0.005130


Schedule = 2 | Chunk size = 10 | Threads = 2 | Run #2
SPMV_TIME=0.005063


Schedule = 2 | Chunk size = 10 | Threads = 2 | Run #3
SPMV_TIME=0.005044


Schedule = 2 | Chunk size = 10 | Threads = 2 | Run #4
SPMV_TIME=0.005005


Schedule = 2 | Chunk size = 10 | Threads = 2 | Run #5
SPMV_TIME=0.005002


Schedule = 2 | Chunk size = 10 | Threads = 2 | Run #6
SPMV_TIME=0.004985


Schedule = 2 | Chunk size = 10 | Threads = 2 | Run #7
SPMV_TIME=0.004961


Schedule = 2 | Chunk size = 10 | Threads = 2 | Run #8
SPMV_TIME=0.004950


Schedule = 2 | Chunk size = 10 | Threads = 2 | Run #9
SPMV_TIME=0.004944


=== MATRIX: crankseg_1.mtx ===

Schedule = 2 | Chunk size = 10 | Threads = 4 | WARM UP RUN
WARMUP_TIME=0.017991


Schedule = 2 | Chunk size = 10 | Threads = 4 | Run #0
SPMV_TIME=0.002689


Schedule = 2 | Chunk size = 10 | Threads = 4 | Run #1
SPMV_TIME=0.002619


Schedule = 2 | Chunk size = 10 | Threads = 4 | Run #2
SPMV_TIME=0.002542


Schedule = 2 | Chunk size = 10 | Threads = 4 | Run #3
SPMV_TIME=0.002514


Schedule = 2 | Chunk size = 10 | Threads = 4 | Run #4
SPMV_TIME=0.002486


Schedule = 2 | Chunk size = 10 | Threads = 4 | Run #5
SPMV_TIME=0.002519


Schedule = 2 | Chunk size = 10 | Threads = 4 | Run #6
SPMV_TIME=0.002424


Schedule = 2 | Chunk size = 10 | Threads = 4 | Run #7
SPMV_TIME=0.002426


Schedule = 2 | Chunk size = 10 | Threads = 4 | Run #8
SPMV_TIME=0.002409


Schedule = 2 | Chunk size = 10 | Threads = 4 | Run #9
SPMV_TIME=0.002478


=== MATRIX: crankseg_1.mtx ===

Schedule = 2 | Chunk size = 10 | Threads = 8 | WARM UP RUN
WARMUP_TIME=0.024091


Schedule = 2 | Chunk size = 10 | Threads = 8 | Run #0
SPMV_TIME=0.002470


Schedule = 2 | Chunk size = 10 | Threads = 8 | Run #1
SPMV_TIME=0.002279


Schedule = 2 | Chunk size = 10 | Threads = 8 | Run #2
SPMV_TIME=0.002102


Schedule = 2 | Chunk size = 10 | Threads = 8 | Run #3
SPMV_TIME=0.002035


Schedule = 2 | Chunk size = 10 | Threads = 8 | Run #4
SPMV_TIME=0.001951


Schedule = 2 | Chunk size = 10 | Threads = 8 | Run #5
SPMV_TIME=0.001900


Schedule = 2 | Chunk size = 10 | Threads = 8 | Run #6
SPMV_TIME=0.001861


Schedule = 2 | Chunk size = 10 | Threads = 8 | Run #7
SPMV_TIME=0.001856


Schedule = 2 | Chunk size = 10 | Threads = 8 | Run #8
SPMV_TIME=0.001822


Schedule = 2 | Chunk size = 10 | Threads = 8 | Run #9
SPMV_TIME=0.001801


=== MATRIX: crankseg_1.mtx ===

Schedule = 2 | Chunk size = 10 | Threads = 16 | WARM UP RUN
WARMUP_TIME=0.025188


Schedule = 2 | Chunk size = 10 | Threads = 16 | Run #0
SPMV_TIME=0.022019


Schedule = 2 | Chunk size = 10 | Threads = 16 | Run #1
SPMV_TIME=0.002501


Schedule = 2 | Chunk size = 10 | Threads = 16 | Run #2
SPMV_TIME=0.002235


Schedule = 2 | Chunk size = 10 | Threads = 16 | Run #3
SPMV_TIME=0.002079


Schedule = 2 | Chunk size = 10 | Threads = 16 | Run #4
SPMV_TIME=0.002017


Schedule = 2 | Chunk size = 10 | Threads = 16 | Run #5
SPMV_TIME=0.001964


Schedule = 2 | Chunk size = 10 | Threads = 16 | Run #6
SPMV_TIME=0.001916


Schedule = 2 | Chunk size = 10 | Threads = 16 | Run #7
SPMV_TIME=0.001881


Schedule = 2 | Chunk size = 10 | Threads = 16 | Run #8
SPMV_TIME=0.001885


Schedule = 2 | Chunk size = 10 | Threads = 16 | Run #9
SPMV_TIME=0.001837


=== MATRIX: crankseg_1.mtx ===

Schedule = 2 | Chunk size = 10 | Threads = 32 | WARM UP RUN
WARMUP_TIME=0.006097


Schedule = 2 | Chunk size = 10 | Threads = 32 | Run #0
SPMV_TIME=0.003012


Schedule = 2 | Chunk size = 10 | Threads = 32 | Run #1
SPMV_TIME=0.002163


Schedule = 2 | Chunk size = 10 | Threads = 32 | Run #2
SPMV_TIME=0.001860


Schedule = 2 | Chunk size = 10 | Threads = 32 | Run #3
SPMV_TIME=0.001746


Schedule = 2 | Chunk size = 10 | Threads = 32 | Run #4
SPMV_TIME=0.001711


Schedule = 2 | Chunk size = 10 | Threads = 32 | Run #5
SPMV_TIME=0.001712


Schedule = 2 | Chunk size = 10 | Threads = 32 | Run #6
SPMV_TIME=0.001734


Schedule = 2 | Chunk size = 10 | Threads = 32 | Run #7
SPMV_TIME=0.001679


Schedule = 2 | Chunk size = 10 | Threads = 32 | Run #8
SPMV_TIME=0.001672


Schedule = 2 | Chunk size = 10 | Threads = 32 | Run #9
SPMV_TIME=0.001669


=== MATRIX: crankseg_1.mtx ===

Schedule = 2 | Chunk size = 10 | Threads = 64 | WARM UP RUN
WARMUP_TIME=0.037338


Schedule = 2 | Chunk size = 10 | Threads = 64 | Run #0
SPMV_TIME=0.040977


Schedule = 2 | Chunk size = 10 | Threads = 64 | Run #1
SPMV_TIME=0.032996


Schedule = 2 | Chunk size = 10 | Threads = 64 | Run #2
SPMV_TIME=0.057001


Schedule = 2 | Chunk size = 10 | Threads = 64 | Run #3
SPMV_TIME=0.068323


Schedule = 2 | Chunk size = 10 | Threads = 64 | Run #4
SPMV_TIME=0.044719


Schedule = 2 | Chunk size = 10 | Threads = 64 | Run #5
SPMV_TIME=0.044948


Schedule = 2 | Chunk size = 10 | Threads = 64 | Run #6
SPMV_TIME=0.025987


Schedule = 2 | Chunk size = 10 | Threads = 64 | Run #7
SPMV_TIME=0.025997


Schedule = 2 | Chunk size = 10 | Threads = 64 | Run #8
SPMV_TIME=0.023000


Schedule = 2 | Chunk size = 10 | Threads = 64 | Run #9
SPMV_TIME=0.025999


=== MATRIX: crankseg_1.mtx ===

Schedule = 2 | Chunk size = 100 | Threads = 1 | WARM UP RUN
WARMUP_TIME=0.007664


Schedule = 2 | Chunk size = 100 | Threads = 1 | Run #0
SPMV_TIME=0.007196


Schedule = 2 | Chunk size = 100 | Threads = 1 | Run #1
SPMV_TIME=0.007187


Schedule = 2 | Chunk size = 100 | Threads = 1 | Run #2
SPMV_TIME=0.007162


Schedule = 2 | Chunk size = 100 | Threads = 1 | Run #3
SPMV_TIME=0.007153


Schedule = 2 | Chunk size = 100 | Threads = 1 | Run #4
SPMV_TIME=0.007153


Schedule = 2 | Chunk size = 100 | Threads = 1 | Run #5
SPMV_TIME=0.007180


Schedule = 2 | Chunk size = 100 | Threads = 1 | Run #6
SPMV_TIME=0.007152


Schedule = 2 | Chunk size = 100 | Threads = 1 | Run #7
SPMV_TIME=0.007172


Schedule = 2 | Chunk size = 100 | Threads = 1 | Run #8
SPMV_TIME=0.007122


Schedule = 2 | Chunk size = 100 | Threads = 1 | Run #9
SPMV_TIME=0.007143


=== MATRIX: crankseg_1.mtx ===

Schedule = 2 | Chunk size = 100 | Threads = 2 | WARM UP RUN
WARMUP_TIME=0.004981


Schedule = 2 | Chunk size = 100 | Threads = 2 | Run #0
SPMV_TIME=0.003669


Schedule = 2 | Chunk size = 100 | Threads = 2 | Run #1
SPMV_TIME=0.003659


Schedule = 2 | Chunk size = 100 | Threads = 2 | Run #2
SPMV_TIME=0.003656


Schedule = 2 | Chunk size = 100 | Threads = 2 | Run #3
SPMV_TIME=0.003678


Schedule = 2 | Chunk size = 100 | Threads = 2 | Run #4
SPMV_TIME=0.003669


Schedule = 2 | Chunk size = 100 | Threads = 2 | Run #5
SPMV_TIME=0.003641


Schedule = 2 | Chunk size = 100 | Threads = 2 | Run #6
SPMV_TIME=0.003653


Schedule = 2 | Chunk size = 100 | Threads = 2 | Run #7
SPMV_TIME=0.003655


Schedule = 2 | Chunk size = 100 | Threads = 2 | Run #8
SPMV_TIME=0.003647


Schedule = 2 | Chunk size = 100 | Threads = 2 | Run #9
SPMV_TIME=0.003650


=== MATRIX: crankseg_1.mtx ===

Schedule = 2 | Chunk size = 100 | Threads = 4 | WARM UP RUN
WARMUP_TIME=0.015464


Schedule = 2 | Chunk size = 100 | Threads = 4 | Run #0
SPMV_TIME=0.002642


Schedule = 2 | Chunk size = 100 | Threads = 4 | Run #1
SPMV_TIME=0.002621


Schedule = 2 | Chunk size = 100 | Threads = 4 | Run #2
SPMV_TIME=0.002510


Schedule = 2 | Chunk size = 100 | Threads = 4 | Run #3
SPMV_TIME=0.002437


Schedule = 2 | Chunk size = 100 | Threads = 4 | Run #4
SPMV_TIME=0.002435


Schedule = 2 | Chunk size = 100 | Threads = 4 | Run #5
SPMV_TIME=0.002387


Schedule = 2 | Chunk size = 100 | Threads = 4 | Run #6
SPMV_TIME=0.002327


Schedule = 2 | Chunk size = 100 | Threads = 4 | Run #7
SPMV_TIME=0.002347


Schedule = 2 | Chunk size = 100 | Threads = 4 | Run #8
SPMV_TIME=0.002311


Schedule = 2 | Chunk size = 100 | Threads = 4 | Run #9
SPMV_TIME=0.002258


=== MATRIX: crankseg_1.mtx ===

Schedule = 2 | Chunk size = 100 | Threads = 8 | WARM UP RUN
WARMUP_TIME=0.006258


Schedule = 2 | Chunk size = 100 | Threads = 8 | Run #0
SPMV_TIME=0.002230


Schedule = 2 | Chunk size = 100 | Threads = 8 | Run #1
SPMV_TIME=0.002002


Schedule = 2 | Chunk size = 100 | Threads = 8 | Run #2
SPMV_TIME=0.001914


Schedule = 2 | Chunk size = 100 | Threads = 8 | Run #3
SPMV_TIME=0.001900


Schedule = 2 | Chunk size = 100 | Threads = 8 | Run #4
SPMV_TIME=0.001774


Schedule = 2 | Chunk size = 100 | Threads = 8 | Run #5
SPMV_TIME=0.001638


Schedule = 2 | Chunk size = 100 | Threads = 8 | Run #6
SPMV_TIME=0.001706


Schedule = 2 | Chunk size = 100 | Threads = 8 | Run #7
SPMV_TIME=0.001622


Schedule = 2 | Chunk size = 100 | Threads = 8 | Run #8
SPMV_TIME=0.001573


Schedule = 2 | Chunk size = 100 | Threads = 8 | Run #9
SPMV_TIME=0.001517


=== MATRIX: crankseg_1.mtx ===

Schedule = 2 | Chunk size = 100 | Threads = 16 | WARM UP RUN
WARMUP_TIME=0.025602


Schedule = 2 | Chunk size = 100 | Threads = 16 | Run #0
SPMV_TIME=0.025980


Schedule = 2 | Chunk size = 100 | Threads = 16 | Run #1
SPMV_TIME=0.003826


Schedule = 2 | Chunk size = 100 | Threads = 16 | Run #2
SPMV_TIME=0.001647


Schedule = 2 | Chunk size = 100 | Threads = 16 | Run #3
SPMV_TIME=0.001583


Schedule = 2 | Chunk size = 100 | Threads = 16 | Run #4
SPMV_TIME=0.001530


Schedule = 2 | Chunk size = 100 | Threads = 16 | Run #5
SPMV_TIME=0.001535


Schedule = 2 | Chunk size = 100 | Threads = 16 | Run #6
SPMV_TIME=0.001417


Schedule = 2 | Chunk size = 100 | Threads = 16 | Run #7
SPMV_TIME=0.001476


Schedule = 2 | Chunk size = 100 | Threads = 16 | Run #8
SPMV_TIME=0.001354


Schedule = 2 | Chunk size = 100 | Threads = 16 | Run #9
SPMV_TIME=0.001422


=== MATRIX: crankseg_1.mtx ===

Schedule = 2 | Chunk size = 100 | Threads = 32 | WARM UP RUN
WARMUP_TIME=0.011483


Schedule = 2 | Chunk size = 100 | Threads = 32 | Run #0
SPMV_TIME=0.007813


Schedule = 2 | Chunk size = 100 | Threads = 32 | Run #1
SPMV_TIME=0.001867


Schedule = 2 | Chunk size = 100 | Threads = 32 | Run #2
SPMV_TIME=0.002838


Schedule = 2 | Chunk size = 100 | Threads = 32 | Run #3
SPMV_TIME=0.001388


Schedule = 2 | Chunk size = 100 | Threads = 32 | Run #4
SPMV_TIME=0.001360


Schedule = 2 | Chunk size = 100 | Threads = 32 | Run #5
SPMV_TIME=0.001314


Schedule = 2 | Chunk size = 100 | Threads = 32 | Run #6
SPMV_TIME=0.001315


Schedule = 2 | Chunk size = 100 | Threads = 32 | Run #7
SPMV_TIME=0.001340


Schedule = 2 | Chunk size = 100 | Threads = 32 | Run #8
SPMV_TIME=0.001291


Schedule = 2 | Chunk size = 100 | Threads = 32 | Run #9
SPMV_TIME=0.001210


=== MATRIX: crankseg_1.mtx ===

Schedule = 2 | Chunk size = 100 | Threads = 64 | WARM UP RUN
WARMUP_TIME=0.016120


Schedule = 2 | Chunk size = 100 | Threads = 64 | Run #0
SPMV_TIME=0.013944


Schedule = 2 | Chunk size = 100 | Threads = 64 | Run #1
SPMV_TIME=0.001579


Schedule = 2 | Chunk size = 100 | Threads = 64 | Run #2
SPMV_TIME=0.001857


Schedule = 2 | Chunk size = 100 | Threads = 64 | Run #3
SPMV_TIME=0.001177


Schedule = 2 | Chunk size = 100 | Threads = 64 | Run #4
SPMV_TIME=0.001138


Schedule = 2 | Chunk size = 100 | Threads = 64 | Run #5
SPMV_TIME=0.001148


Schedule = 2 | Chunk size = 100 | Threads = 64 | Run #6
SPMV_TIME=0.001135


Schedule = 2 | Chunk size = 100 | Threads = 64 | Run #7
SPMV_TIME=0.001057


Schedule = 2 | Chunk size = 100 | Threads = 64 | Run #8
SPMV_TIME=0.001894


Schedule = 2 | Chunk size = 100 | Threads = 64 | Run #9
SPMV_TIME=0.001110


=== MATRIX: crankseg_1.mtx ===

Schedule = 2 | Chunk size = 1000 | Threads = 1 | WARM UP RUN
WARMUP_TIME=0.007491


Schedule = 2 | Chunk size = 1000 | Threads = 1 | Run #0
SPMV_TIME=0.007092


Schedule = 2 | Chunk size = 1000 | Threads = 1 | Run #1
SPMV_TIME=0.007051


Schedule = 2 | Chunk size = 1000 | Threads = 1 | Run #2
SPMV_TIME=0.007070


Schedule = 2 | Chunk size = 1000 | Threads = 1 | Run #3
SPMV_TIME=0.007057


Schedule = 2 | Chunk size = 1000 | Threads = 1 | Run #4
SPMV_TIME=0.007080


Schedule = 2 | Chunk size = 1000 | Threads = 1 | Run #5
SPMV_TIME=0.007096


Schedule = 2 | Chunk size = 1000 | Threads = 1 | Run #6
SPMV_TIME=0.007152


Schedule = 2 | Chunk size = 1000 | Threads = 1 | Run #7
SPMV_TIME=0.007131


Schedule = 2 | Chunk size = 1000 | Threads = 1 | Run #8
SPMV_TIME=0.007140


Schedule = 2 | Chunk size = 1000 | Threads = 1 | Run #9
SPMV_TIME=0.007127


=== MATRIX: crankseg_1.mtx ===

Schedule = 2 | Chunk size = 1000 | Threads = 2 | WARM UP RUN
WARMUP_TIME=0.004037


Schedule = 2 | Chunk size = 1000 | Threads = 2 | Run #0
SPMV_TIME=0.003641


Schedule = 2 | Chunk size = 1000 | Threads = 2 | Run #1
SPMV_TIME=0.003629


Schedule = 2 | Chunk size = 1000 | Threads = 2 | Run #2
SPMV_TIME=0.003650


Schedule = 2 | Chunk size = 1000 | Threads = 2 | Run #3
SPMV_TIME=0.003626


Schedule = 2 | Chunk size = 1000 | Threads = 2 | Run #4
SPMV_TIME=0.003610


Schedule = 2 | Chunk size = 1000 | Threads = 2 | Run #5
SPMV_TIME=0.003642


Schedule = 2 | Chunk size = 1000 | Threads = 2 | Run #6
SPMV_TIME=0.003638


Schedule = 2 | Chunk size = 1000 | Threads = 2 | Run #7
SPMV_TIME=0.003617


Schedule = 2 | Chunk size = 1000 | Threads = 2 | Run #8
SPMV_TIME=0.003631


Schedule = 2 | Chunk size = 1000 | Threads = 2 | Run #9
SPMV_TIME=0.003639


=== MATRIX: crankseg_1.mtx ===

Schedule = 2 | Chunk size = 1000 | Threads = 4 | WARM UP RUN
WARMUP_TIME=0.013627


Schedule = 2 | Chunk size = 1000 | Threads = 4 | Run #0
SPMV_TIME=0.002754


Schedule = 2 | Chunk size = 1000 | Threads = 4 | Run #1
SPMV_TIME=0.002640


Schedule = 2 | Chunk size = 1000 | Threads = 4 | Run #2
SPMV_TIME=0.002450


Schedule = 2 | Chunk size = 1000 | Threads = 4 | Run #3
SPMV_TIME=0.002531


Schedule = 2 | Chunk size = 1000 | Threads = 4 | Run #4
SPMV_TIME=0.002473


Schedule = 2 | Chunk size = 1000 | Threads = 4 | Run #5
SPMV_TIME=0.002332


Schedule = 2 | Chunk size = 1000 | Threads = 4 | Run #6
SPMV_TIME=0.002371


Schedule = 2 | Chunk size = 1000 | Threads = 4 | Run #7
SPMV_TIME=0.002296


Schedule = 2 | Chunk size = 1000 | Threads = 4 | Run #8
SPMV_TIME=0.002319


Schedule = 2 | Chunk size = 1000 | Threads = 4 | Run #9
SPMV_TIME=0.002300


=== MATRIX: crankseg_1.mtx ===

Schedule = 2 | Chunk size = 1000 | Threads = 8 | WARM UP RUN
WARMUP_TIME=0.002435


Schedule = 2 | Chunk size = 1000 | Threads = 8 | Run #0
SPMV_TIME=0.002021


Schedule = 2 | Chunk size = 1000 | Threads = 8 | Run #1
SPMV_TIME=0.001817


Schedule = 2 | Chunk size = 1000 | Threads = 8 | Run #2
SPMV_TIME=0.001632


Schedule = 2 | Chunk size = 1000 | Threads = 8 | Run #3
SPMV_TIME=0.001771


Schedule = 2 | Chunk size = 1000 | Threads = 8 | Run #4
SPMV_TIME=0.002508


Schedule = 2 | Chunk size = 1000 | Threads = 8 | Run #5
SPMV_TIME=0.001545


Schedule = 2 | Chunk size = 1000 | Threads = 8 | Run #6
SPMV_TIME=0.001558


Schedule = 2 | Chunk size = 1000 | Threads = 8 | Run #7
SPMV_TIME=0.001775


Schedule = 2 | Chunk size = 1000 | Threads = 8 | Run #8
SPMV_TIME=0.001536


Schedule = 2 | Chunk size = 1000 | Threads = 8 | Run #9
SPMV_TIME=0.001497


=== MATRIX: crankseg_1.mtx ===

Schedule = 2 | Chunk size = 1000 | Threads = 16 | WARM UP RUN
WARMUP_TIME=0.025710


Schedule = 2 | Chunk size = 1000 | Threads = 16 | Run #0
SPMV_TIME=0.019012


Schedule = 2 | Chunk size = 1000 | Threads = 16 | Run #1
SPMV_TIME=0.001727


Schedule = 2 | Chunk size = 1000 | Threads = 16 | Run #2
SPMV_TIME=0.001676


Schedule = 2 | Chunk size = 1000 | Threads = 16 | Run #3
SPMV_TIME=0.001598


Schedule = 2 | Chunk size = 1000 | Threads = 16 | Run #4
SPMV_TIME=0.001216


Schedule = 2 | Chunk size = 1000 | Threads = 16 | Run #5
SPMV_TIME=0.001453


Schedule = 2 | Chunk size = 1000 | Threads = 16 | Run #6
SPMV_TIME=0.001413


Schedule = 2 | Chunk size = 1000 | Threads = 16 | Run #7
SPMV_TIME=0.001200


Schedule = 2 | Chunk size = 1000 | Threads = 16 | Run #8
SPMV_TIME=0.001282


Schedule = 2 | Chunk size = 1000 | Threads = 16 | Run #9
SPMV_TIME=0.001366


=== MATRIX: crankseg_1.mtx ===

Schedule = 2 | Chunk size = 1000 | Threads = 32 | WARM UP RUN
WARMUP_TIME=0.025951


Schedule = 2 | Chunk size = 1000 | Threads = 32 | Run #0
SPMV_TIME=0.025986


Schedule = 2 | Chunk size = 1000 | Threads = 32 | Run #1
SPMV_TIME=0.025996


Schedule = 2 | Chunk size = 1000 | Threads = 32 | Run #2
SPMV_TIME=0.025997


Schedule = 2 | Chunk size = 1000 | Threads = 32 | Run #3
SPMV_TIME=0.002541


Schedule = 2 | Chunk size = 1000 | Threads = 32 | Run #4
SPMV_TIME=0.001372


Schedule = 2 | Chunk size = 1000 | Threads = 32 | Run #5
SPMV_TIME=0.001043


Schedule = 2 | Chunk size = 1000 | Threads = 32 | Run #6
SPMV_TIME=0.001160


Schedule = 2 | Chunk size = 1000 | Threads = 32 | Run #7
SPMV_TIME=0.001172


Schedule = 2 | Chunk size = 1000 | Threads = 32 | Run #8
SPMV_TIME=0.001187


Schedule = 2 | Chunk size = 1000 | Threads = 32 | Run #9
SPMV_TIME=0.001172


=== MATRIX: crankseg_1.mtx ===

Schedule = 2 | Chunk size = 1000 | Threads = 64 | WARM UP RUN
WARMUP_TIME=0.026664


Schedule = 2 | Chunk size = 1000 | Threads = 64 | Run #0
SPMV_TIME=0.032156


Schedule = 2 | Chunk size = 1000 | Threads = 64 | Run #1
SPMV_TIME=0.023298


Schedule = 2 | Chunk size = 1000 | Threads = 64 | Run #2
SPMV_TIME=0.046518


Schedule = 2 | Chunk size = 1000 | Threads = 64 | Run #3
SPMV_TIME=0.068209


Schedule = 2 | Chunk size = 1000 | Threads = 64 | Run #4
SPMV_TIME=0.084877


Schedule = 2 | Chunk size = 1000 | Threads = 64 | Run #5
SPMV_TIME=0.052156


Schedule = 2 | Chunk size = 1000 | Threads = 64 | Run #6
SPMV_TIME=0.025750


Schedule = 2 | Chunk size = 1000 | Threads = 64 | Run #7
SPMV_TIME=0.024004


Schedule = 2 | Chunk size = 1000 | Threads = 64 | Run #8
SPMV_TIME=0.025997


Schedule = 2 | Chunk size = 1000 | Threads = 64 | Run #9
SPMV_TIME=0.025995


=== MATRIX: crankseg_1.mtx ===

Schedule = 2 | Chunk size = 10000 | Threads = 1 | WARM UP RUN
WARMUP_TIME=0.007515


Schedule = 2 | Chunk size = 10000 | Threads = 1 | Run #0
SPMV_TIME=0.007121


Schedule = 2 | Chunk size = 10000 | Threads = 1 | Run #1
SPMV_TIME=0.007115


Schedule = 2 | Chunk size = 10000 | Threads = 1 | Run #2
SPMV_TIME=0.007123


Schedule = 2 | Chunk size = 10000 | Threads = 1 | Run #3
SPMV_TIME=0.007089


Schedule = 2 | Chunk size = 10000 | Threads = 1 | Run #4
SPMV_TIME=0.007097


Schedule = 2 | Chunk size = 10000 | Threads = 1 | Run #5
SPMV_TIME=0.007077


Schedule = 2 | Chunk size = 10000 | Threads = 1 | Run #6
SPMV_TIME=0.007093


Schedule = 2 | Chunk size = 10000 | Threads = 1 | Run #7
SPMV_TIME=0.007079


Schedule = 2 | Chunk size = 10000 | Threads = 1 | Run #8
SPMV_TIME=0.007111


Schedule = 2 | Chunk size = 10000 | Threads = 1 | Run #9
SPMV_TIME=0.007093


=== MATRIX: crankseg_1.mtx ===

Schedule = 2 | Chunk size = 10000 | Threads = 2 | WARM UP RUN
WARMUP_TIME=0.003881


Schedule = 2 | Chunk size = 10000 | Threads = 2 | Run #0
SPMV_TIME=0.003602


Schedule = 2 | Chunk size = 10000 | Threads = 2 | Run #1
SPMV_TIME=0.003609


Schedule = 2 | Chunk size = 10000 | Threads = 2 | Run #2
SPMV_TIME=0.003614


Schedule = 2 | Chunk size = 10000 | Threads = 2 | Run #3
SPMV_TIME=0.003601


Schedule = 2 | Chunk size = 10000 | Threads = 2 | Run #4
SPMV_TIME=0.003625


Schedule = 2 | Chunk size = 10000 | Threads = 2 | Run #5
SPMV_TIME=0.003602


Schedule = 2 | Chunk size = 10000 | Threads = 2 | Run #6
SPMV_TIME=0.003615


Schedule = 2 | Chunk size = 10000 | Threads = 2 | Run #7
SPMV_TIME=0.003619


Schedule = 2 | Chunk size = 10000 | Threads = 2 | Run #8
SPMV_TIME=0.003601


Schedule = 2 | Chunk size = 10000 | Threads = 2 | Run #9
SPMV_TIME=0.003592


=== MATRIX: crankseg_1.mtx ===

Schedule = 2 | Chunk size = 10000 | Threads = 4 | WARM UP RUN
WARMUP_TIME=0.002728


Schedule = 2 | Chunk size = 10000 | Threads = 4 | Run #0
SPMV_TIME=0.002067


Schedule = 2 | Chunk size = 10000 | Threads = 4 | Run #1
SPMV_TIME=0.002068


Schedule = 2 | Chunk size = 10000 | Threads = 4 | Run #2
SPMV_TIME=0.002614


Schedule = 2 | Chunk size = 10000 | Threads = 4 | Run #3
SPMV_TIME=0.002215


Schedule = 2 | Chunk size = 10000 | Threads = 4 | Run #4
SPMV_TIME=0.002286


Schedule = 2 | Chunk size = 10000 | Threads = 4 | Run #5
SPMV_TIME=0.002063


Schedule = 2 | Chunk size = 10000 | Threads = 4 | Run #6
SPMV_TIME=0.002157


Schedule = 2 | Chunk size = 10000 | Threads = 4 | Run #7
SPMV_TIME=0.002199


Schedule = 2 | Chunk size = 10000 | Threads = 4 | Run #8
SPMV_TIME=0.002074


Schedule = 2 | Chunk size = 10000 | Threads = 4 | Run #9
SPMV_TIME=0.002169


=== MATRIX: crankseg_1.mtx ===

Schedule = 2 | Chunk size = 10000 | Threads = 8 | WARM UP RUN
WARMUP_TIME=0.015907


Schedule = 2 | Chunk size = 10000 | Threads = 8 | Run #0
SPMV_TIME=0.003301


Schedule = 2 | Chunk size = 10000 | Threads = 8 | Run #1
SPMV_TIME=0.002430


Schedule = 2 | Chunk size = 10000 | Threads = 8 | Run #2
SPMV_TIME=0.002473


Schedule = 2 | Chunk size = 10000 | Threads = 8 | Run #3
SPMV_TIME=0.002381


Schedule = 2 | Chunk size = 10000 | Threads = 8 | Run #4
SPMV_TIME=0.002335


Schedule = 2 | Chunk size = 10000 | Threads = 8 | Run #5
SPMV_TIME=0.002183


Schedule = 2 | Chunk size = 10000 | Threads = 8 | Run #6
SPMV_TIME=0.002212


Schedule = 2 | Chunk size = 10000 | Threads = 8 | Run #7
SPMV_TIME=0.002419


Schedule = 2 | Chunk size = 10000 | Threads = 8 | Run #8
SPMV_TIME=0.002204


Schedule = 2 | Chunk size = 10000 | Threads = 8 | Run #9
SPMV_TIME=0.002202


=== MATRIX: crankseg_1.mtx ===

Schedule = 2 | Chunk size = 10000 | Threads = 16 | WARM UP RUN
WARMUP_TIME=0.016379


Schedule = 2 | Chunk size = 10000 | Threads = 16 | Run #0
SPMV_TIME=0.002900


Schedule = 2 | Chunk size = 10000 | Threads = 16 | Run #1
SPMV_TIME=0.002731


Schedule = 2 | Chunk size = 10000 | Threads = 16 | Run #2
SPMV_TIME=0.002617


Schedule = 2 | Chunk size = 10000 | Threads = 16 | Run #3
SPMV_TIME=0.002455


Schedule = 2 | Chunk size = 10000 | Threads = 16 | Run #4
SPMV_TIME=0.002173


Schedule = 2 | Chunk size = 10000 | Threads = 16 | Run #5
SPMV_TIME=0.002510


Schedule = 2 | Chunk size = 10000 | Threads = 16 | Run #6
SPMV_TIME=0.002611


Schedule = 2 | Chunk size = 10000 | Threads = 16 | Run #7
SPMV_TIME=0.002443


Schedule = 2 | Chunk size = 10000 | Threads = 16 | Run #8
SPMV_TIME=0.002243


Schedule = 2 | Chunk size = 10000 | Threads = 16 | Run #9
SPMV_TIME=0.002250


=== MATRIX: crankseg_1.mtx ===

Schedule = 2 | Chunk size = 10000 | Threads = 32 | WARM UP RUN
WARMUP_TIME=0.025371


Schedule = 2 | Chunk size = 10000 | Threads = 32 | Run #0
SPMV_TIME=0.025985


Schedule = 2 | Chunk size = 10000 | Threads = 32 | Run #1
SPMV_TIME=0.025994


Schedule = 2 | Chunk size = 10000 | Threads = 32 | Run #2
SPMV_TIME=0.025990


Schedule = 2 | Chunk size = 10000 | Threads = 32 | Run #3
SPMV_TIME=0.025998


Schedule = 2 | Chunk size = 10000 | Threads = 32 | Run #4
SPMV_TIME=0.025993


Schedule = 2 | Chunk size = 10000 | Threads = 32 | Run #5
SPMV_TIME=0.008019


Schedule = 2 | Chunk size = 10000 | Threads = 32 | Run #6
SPMV_TIME=0.002267


Schedule = 2 | Chunk size = 10000 | Threads = 32 | Run #7
SPMV_TIME=0.002201


Schedule = 2 | Chunk size = 10000 | Threads = 32 | Run #8
SPMV_TIME=0.002212


Schedule = 2 | Chunk size = 10000 | Threads = 32 | Run #9
SPMV_TIME=0.002574


=== MATRIX: crankseg_1.mtx ===

Schedule = 2 | Chunk size = 10000 | Threads = 64 | WARM UP RUN
WARMUP_TIME=0.016179


Schedule = 2 | Chunk size = 10000 | Threads = 64 | Run #0
SPMV_TIME=0.006558


Schedule = 2 | Chunk size = 10000 | Threads = 64 | Run #1
SPMV_TIME=0.003862


Schedule = 2 | Chunk size = 10000 | Threads = 64 | Run #2
SPMV_TIME=0.002702


Schedule = 2 | Chunk size = 10000 | Threads = 64 | Run #3
SPMV_TIME=0.002444


Schedule = 2 | Chunk size = 10000 | Threads = 64 | Run #4
SPMV_TIME=0.002824


Schedule = 2 | Chunk size = 10000 | Threads = 64 | Run #5
SPMV_TIME=0.002820


Schedule = 2 | Chunk size = 10000 | Threads = 64 | Run #6
SPMV_TIME=0.002931


Schedule = 2 | Chunk size = 10000 | Threads = 64 | Run #7
SPMV_TIME=0.002451


Schedule = 2 | Chunk size = 10000 | Threads = 64 | Run #8
SPMV_TIME=0.002967


Schedule = 2 | Chunk size = 10000 | Threads = 64 | Run #9
SPMV_TIME=0.002245


=== MATRIX: crankseg_1.mtx ===

Schedule = 3 | Chunk size = 1 | Threads = 1 | WARM UP RUN
WARMUP_TIME=0.007496


Schedule = 3 | Chunk size = 1 | Threads = 1 | Run #0
SPMV_TIME=0.007101


Schedule = 3 | Chunk size = 1 | Threads = 1 | Run #1
SPMV_TIME=0.007080


Schedule = 3 | Chunk size = 1 | Threads = 1 | Run #2
SPMV_TIME=0.007080


Schedule = 3 | Chunk size = 1 | Threads = 1 | Run #3
SPMV_TIME=0.007088


Schedule = 3 | Chunk size = 1 | Threads = 1 | Run #4
SPMV_TIME=0.007077


Schedule = 3 | Chunk size = 1 | Threads = 1 | Run #5
SPMV_TIME=0.007057


Schedule = 3 | Chunk size = 1 | Threads = 1 | Run #6
SPMV_TIME=0.007056


Schedule = 3 | Chunk size = 1 | Threads = 1 | Run #7
SPMV_TIME=0.007062


Schedule = 3 | Chunk size = 1 | Threads = 1 | Run #8
SPMV_TIME=0.007082


Schedule = 3 | Chunk size = 1 | Threads = 1 | Run #9
SPMV_TIME=0.007068


=== MATRIX: crankseg_1.mtx ===

Schedule = 3 | Chunk size = 1 | Threads = 2 | WARM UP RUN
WARMUP_TIME=0.004182


Schedule = 3 | Chunk size = 1 | Threads = 2 | Run #0
SPMV_TIME=0.004373


Schedule = 3 | Chunk size = 1 | Threads = 2 | Run #1
SPMV_TIME=0.004253


Schedule = 3 | Chunk size = 1 | Threads = 2 | Run #2
SPMV_TIME=0.004321


Schedule = 3 | Chunk size = 1 | Threads = 2 | Run #3
SPMV_TIME=0.004139


Schedule = 3 | Chunk size = 1 | Threads = 2 | Run #4
SPMV_TIME=0.004125


Schedule = 3 | Chunk size = 1 | Threads = 2 | Run #5
SPMV_TIME=0.004145


Schedule = 3 | Chunk size = 1 | Threads = 2 | Run #6
SPMV_TIME=0.004101


Schedule = 3 | Chunk size = 1 | Threads = 2 | Run #7
SPMV_TIME=0.004066


Schedule = 3 | Chunk size = 1 | Threads = 2 | Run #8
SPMV_TIME=0.004156


Schedule = 3 | Chunk size = 1 | Threads = 2 | Run #9
SPMV_TIME=0.004073


=== MATRIX: crankseg_1.mtx ===

Schedule = 3 | Chunk size = 1 | Threads = 4 | WARM UP RUN
WARMUP_TIME=0.003314


Schedule = 3 | Chunk size = 1 | Threads = 4 | Run #0
SPMV_TIME=0.002665


Schedule = 3 | Chunk size = 1 | Threads = 4 | Run #1
SPMV_TIME=0.002697


Schedule = 3 | Chunk size = 1 | Threads = 4 | Run #2
SPMV_TIME=0.002609


Schedule = 3 | Chunk size = 1 | Threads = 4 | Run #3
SPMV_TIME=0.002580


Schedule = 3 | Chunk size = 1 | Threads = 4 | Run #4
SPMV_TIME=0.002241


Schedule = 3 | Chunk size = 1 | Threads = 4 | Run #5
SPMV_TIME=0.002557


Schedule = 3 | Chunk size = 1 | Threads = 4 | Run #6
SPMV_TIME=0.002353


Schedule = 3 | Chunk size = 1 | Threads = 4 | Run #7
SPMV_TIME=0.002212


Schedule = 3 | Chunk size = 1 | Threads = 4 | Run #8
SPMV_TIME=0.002331


Schedule = 3 | Chunk size = 1 | Threads = 4 | Run #9
SPMV_TIME=0.002226


=== MATRIX: crankseg_1.mtx ===

Schedule = 3 | Chunk size = 1 | Threads = 8 | WARM UP RUN
WARMUP_TIME=0.002496


Schedule = 3 | Chunk size = 1 | Threads = 8 | Run #0
SPMV_TIME=0.001848


Schedule = 3 | Chunk size = 1 | Threads = 8 | Run #1
SPMV_TIME=0.002090


Schedule = 3 | Chunk size = 1 | Threads = 8 | Run #2
SPMV_TIME=0.001797


Schedule = 3 | Chunk size = 1 | Threads = 8 | Run #3
SPMV_TIME=0.001508


Schedule = 3 | Chunk size = 1 | Threads = 8 | Run #4
SPMV_TIME=0.001256


Schedule = 3 | Chunk size = 1 | Threads = 8 | Run #5
SPMV_TIME=0.001726


Schedule = 3 | Chunk size = 1 | Threads = 8 | Run #6
SPMV_TIME=0.001444


Schedule = 3 | Chunk size = 1 | Threads = 8 | Run #7
SPMV_TIME=0.001240


Schedule = 3 | Chunk size = 1 | Threads = 8 | Run #8
SPMV_TIME=0.001192


Schedule = 3 | Chunk size = 1 | Threads = 8 | Run #9
SPMV_TIME=0.001638


=== MATRIX: crankseg_1.mtx ===

Schedule = 3 | Chunk size = 1 | Threads = 16 | WARM UP RUN
WARMUP_TIME=0.008699


Schedule = 3 | Chunk size = 1 | Threads = 16 | Run #0
SPMV_TIME=0.001919


Schedule = 3 | Chunk size = 1 | Threads = 16 | Run #1
SPMV_TIME=0.002224


Schedule = 3 | Chunk size = 1 | Threads = 16 | Run #2
SPMV_TIME=0.001849


Schedule = 3 | Chunk size = 1 | Threads = 16 | Run #3
SPMV_TIME=0.001257


Schedule = 3 | Chunk size = 1 | Threads = 16 | Run #4
SPMV_TIME=0.001574


Schedule = 3 | Chunk size = 1 | Threads = 16 | Run #5
SPMV_TIME=0.001394


Schedule = 3 | Chunk size = 1 | Threads = 16 | Run #6
SPMV_TIME=0.001233


Schedule = 3 | Chunk size = 1 | Threads = 16 | Run #7
SPMV_TIME=0.001432


Schedule = 3 | Chunk size = 1 | Threads = 16 | Run #8
SPMV_TIME=0.001405


Schedule = 3 | Chunk size = 1 | Threads = 16 | Run #9
SPMV_TIME=0.001391


=== MATRIX: crankseg_1.mtx ===

Schedule = 3 | Chunk size = 1 | Threads = 32 | WARM UP RUN
WARMUP_TIME=0.025754


Schedule = 3 | Chunk size = 1 | Threads = 32 | Run #0
SPMV_TIME=0.025990


Schedule = 3 | Chunk size = 1 | Threads = 32 | Run #1
SPMV_TIME=0.025998


Schedule = 3 | Chunk size = 1 | Threads = 32 | Run #2
SPMV_TIME=0.025999


Schedule = 3 | Chunk size = 1 | Threads = 32 | Run #3
SPMV_TIME=0.025001


Schedule = 3 | Chunk size = 1 | Threads = 32 | Run #4
SPMV_TIME=0.001251


Schedule = 3 | Chunk size = 1 | Threads = 32 | Run #5
SPMV_TIME=0.001211


Schedule = 3 | Chunk size = 1 | Threads = 32 | Run #6
SPMV_TIME=0.001014


Schedule = 3 | Chunk size = 1 | Threads = 32 | Run #7
SPMV_TIME=0.001223


Schedule = 3 | Chunk size = 1 | Threads = 32 | Run #8
SPMV_TIME=0.001297


Schedule = 3 | Chunk size = 1 | Threads = 32 | Run #9
SPMV_TIME=0.001426


=== MATRIX: crankseg_1.mtx ===

Schedule = 3 | Chunk size = 1 | Threads = 64 | WARM UP RUN
WARMUP_TIME=0.043630


Schedule = 3 | Chunk size = 1 | Threads = 64 | Run #0
SPMV_TIME=0.051995


Schedule = 3 | Chunk size = 1 | Threads = 64 | Run #1
SPMV_TIME=0.025988


Schedule = 3 | Chunk size = 1 | Threads = 64 | Run #2
SPMV_TIME=0.036000


Schedule = 3 | Chunk size = 1 | Threads = 64 | Run #3
SPMV_TIME=0.047001


Schedule = 3 | Chunk size = 1 | Threads = 64 | Run #4
SPMV_TIME=0.053921


Schedule = 3 | Chunk size = 1 | Threads = 64 | Run #5
SPMV_TIME=0.035136


Schedule = 3 | Chunk size = 1 | Threads = 64 | Run #6
SPMV_TIME=0.030056


Schedule = 3 | Chunk size = 1 | Threads = 64 | Run #7
SPMV_TIME=0.025880


Schedule = 3 | Chunk size = 1 | Threads = 64 | Run #8
SPMV_TIME=0.026001


Schedule = 3 | Chunk size = 1 | Threads = 64 | Run #9
SPMV_TIME=0.028918


=== MATRIX: crankseg_1.mtx ===

Schedule = 3 | Chunk size = 10 | Threads = 1 | WARM UP RUN
WARMUP_TIME=0.007523


Schedule = 3 | Chunk size = 10 | Threads = 1 | Run #0
SPMV_TIME=0.007099


Schedule = 3 | Chunk size = 10 | Threads = 1 | Run #1
SPMV_TIME=0.007107


Schedule = 3 | Chunk size = 10 | Threads = 1 | Run #2
SPMV_TIME=0.007127


Schedule = 3 | Chunk size = 10 | Threads = 1 | Run #3
SPMV_TIME=0.007168


Schedule = 3 | Chunk size = 10 | Threads = 1 | Run #4
SPMV_TIME=0.007126


Schedule = 3 | Chunk size = 10 | Threads = 1 | Run #5
SPMV_TIME=0.007135


Schedule = 3 | Chunk size = 10 | Threads = 1 | Run #6
SPMV_TIME=0.007150


Schedule = 3 | Chunk size = 10 | Threads = 1 | Run #7
SPMV_TIME=0.007135


Schedule = 3 | Chunk size = 10 | Threads = 1 | Run #8
SPMV_TIME=0.007132


Schedule = 3 | Chunk size = 10 | Threads = 1 | Run #9
SPMV_TIME=0.007117


=== MATRIX: crankseg_1.mtx ===

Schedule = 3 | Chunk size = 10 | Threads = 2 | WARM UP RUN
WARMUP_TIME=0.004350


Schedule = 3 | Chunk size = 10 | Threads = 2 | Run #0
SPMV_TIME=0.004423


Schedule = 3 | Chunk size = 10 | Threads = 2 | Run #1
SPMV_TIME=0.004309


Schedule = 3 | Chunk size = 10 | Threads = 2 | Run #2
SPMV_TIME=0.004176


Schedule = 3 | Chunk size = 10 | Threads = 2 | Run #3
SPMV_TIME=0.004016


Schedule = 3 | Chunk size = 10 | Threads = 2 | Run #4
SPMV_TIME=0.004006


Schedule = 3 | Chunk size = 10 | Threads = 2 | Run #5
SPMV_TIME=0.003994


Schedule = 3 | Chunk size = 10 | Threads = 2 | Run #6
SPMV_TIME=0.003977


Schedule = 3 | Chunk size = 10 | Threads = 2 | Run #7
SPMV_TIME=0.003978


Schedule = 3 | Chunk size = 10 | Threads = 2 | Run #8
SPMV_TIME=0.003970


Schedule = 3 | Chunk size = 10 | Threads = 2 | Run #9
SPMV_TIME=0.003967


=== MATRIX: crankseg_1.mtx ===

Schedule = 3 | Chunk size = 10 | Threads = 4 | WARM UP RUN
WARMUP_TIME=0.013314


Schedule = 3 | Chunk size = 10 | Threads = 4 | Run #0
SPMV_TIME=0.002748


Schedule = 3 | Chunk size = 10 | Threads = 4 | Run #1
SPMV_TIME=0.002565


Schedule = 3 | Chunk size = 10 | Threads = 4 | Run #2
SPMV_TIME=0.002953


Schedule = 3 | Chunk size = 10 | Threads = 4 | Run #3
SPMV_TIME=0.002366


Schedule = 3 | Chunk size = 10 | Threads = 4 | Run #4
SPMV_TIME=0.002163


Schedule = 3 | Chunk size = 10 | Threads = 4 | Run #5
SPMV_TIME=0.002096


Schedule = 3 | Chunk size = 10 | Threads = 4 | Run #6
SPMV_TIME=0.002382


Schedule = 3 | Chunk size = 10 | Threads = 4 | Run #7
SPMV_TIME=0.002121


Schedule = 3 | Chunk size = 10 | Threads = 4 | Run #8
SPMV_TIME=0.002086


Schedule = 3 | Chunk size = 10 | Threads = 4 | Run #9
SPMV_TIME=0.002307


=== MATRIX: crankseg_1.mtx ===

Schedule = 3 | Chunk size = 10 | Threads = 8 | WARM UP RUN
WARMUP_TIME=0.025582


Schedule = 3 | Chunk size = 10 | Threads = 8 | Run #0
SPMV_TIME=0.025984


Schedule = 3 | Chunk size = 10 | Threads = 8 | Run #1
SPMV_TIME=0.026005


Schedule = 3 | Chunk size = 10 | Threads = 8 | Run #2
SPMV_TIME=0.025989


Schedule = 3 | Chunk size = 10 | Threads = 8 | Run #3
SPMV_TIME=0.005704


Schedule = 3 | Chunk size = 10 | Threads = 8 | Run #4
SPMV_TIME=0.001332


Schedule = 3 | Chunk size = 10 | Threads = 8 | Run #5
SPMV_TIME=0.001489


Schedule = 3 | Chunk size = 10 | Threads = 8 | Run #6
SPMV_TIME=0.001359


Schedule = 3 | Chunk size = 10 | Threads = 8 | Run #7
SPMV_TIME=0.001467


Schedule = 3 | Chunk size = 10 | Threads = 8 | Run #8
SPMV_TIME=0.001391


Schedule = 3 | Chunk size = 10 | Threads = 8 | Run #9
SPMV_TIME=0.001301


=== MATRIX: crankseg_1.mtx ===

Schedule = 3 | Chunk size = 10 | Threads = 16 | WARM UP RUN
WARMUP_TIME=0.025951


Schedule = 3 | Chunk size = 10 | Threads = 16 | Run #0
SPMV_TIME=0.008321


Schedule = 3 | Chunk size = 10 | Threads = 16 | Run #1
SPMV_TIME=0.001574


Schedule = 3 | Chunk size = 10 | Threads = 16 | Run #2
SPMV_TIME=0.001573


Schedule = 3 | Chunk size = 10 | Threads = 16 | Run #3
SPMV_TIME=0.001259


Schedule = 3 | Chunk size = 10 | Threads = 16 | Run #4
SPMV_TIME=0.001416


Schedule = 3 | Chunk size = 10 | Threads = 16 | Run #5
SPMV_TIME=0.001273


Schedule = 3 | Chunk size = 10 | Threads = 16 | Run #6
SPMV_TIME=0.001255


Schedule = 3 | Chunk size = 10 | Threads = 16 | Run #7
SPMV_TIME=0.001207


Schedule = 3 | Chunk size = 10 | Threads = 16 | Run #8
SPMV_TIME=0.001032


Schedule = 3 | Chunk size = 10 | Threads = 16 | Run #9
SPMV_TIME=0.001408


=== MATRIX: crankseg_1.mtx ===

Schedule = 3 | Chunk size = 10 | Threads = 32 | WARM UP RUN
WARMUP_TIME=0.026100


Schedule = 3 | Chunk size = 10 | Threads = 32 | Run #0
SPMV_TIME=0.014333


Schedule = 3 | Chunk size = 10 | Threads = 32 | Run #1
SPMV_TIME=0.001613


Schedule = 3 | Chunk size = 10 | Threads = 32 | Run #2
SPMV_TIME=0.001264


Schedule = 3 | Chunk size = 10 | Threads = 32 | Run #3
SPMV_TIME=0.001175


Schedule = 3 | Chunk size = 10 | Threads = 32 | Run #4
SPMV_TIME=0.001124


Schedule = 3 | Chunk size = 10 | Threads = 32 | Run #5
SPMV_TIME=0.000970


Schedule = 3 | Chunk size = 10 | Threads = 32 | Run #6
SPMV_TIME=0.001192


Schedule = 3 | Chunk size = 10 | Threads = 32 | Run #7
SPMV_TIME=0.001122


Schedule = 3 | Chunk size = 10 | Threads = 32 | Run #8
SPMV_TIME=0.001366


Schedule = 3 | Chunk size = 10 | Threads = 32 | Run #9
SPMV_TIME=0.001198


=== MATRIX: crankseg_1.mtx ===

Schedule = 3 | Chunk size = 10 | Threads = 64 | WARM UP RUN
WARMUP_TIME=0.025944


Schedule = 3 | Chunk size = 10 | Threads = 64 | Run #0
SPMV_TIME=0.051983


Schedule = 3 | Chunk size = 10 | Threads = 64 | Run #1
SPMV_TIME=0.025994


Schedule = 3 | Chunk size = 10 | Threads = 64 | Run #2
SPMV_TIME=0.026000


Schedule = 3 | Chunk size = 10 | Threads = 64 | Run #3
SPMV_TIME=0.025998


Schedule = 3 | Chunk size = 10 | Threads = 64 | Run #4
SPMV_TIME=0.012095


Schedule = 3 | Chunk size = 10 | Threads = 64 | Run #5
SPMV_TIME=0.001638


Schedule = 3 | Chunk size = 10 | Threads = 64 | Run #6
SPMV_TIME=0.001163


Schedule = 3 | Chunk size = 10 | Threads = 64 | Run #7
SPMV_TIME=0.001231


Schedule = 3 | Chunk size = 10 | Threads = 64 | Run #8
SPMV_TIME=0.001127


Schedule = 3 | Chunk size = 10 | Threads = 64 | Run #9
SPMV_TIME=0.001125


=== MATRIX: crankseg_1.mtx ===

Schedule = 3 | Chunk size = 100 | Threads = 1 | WARM UP RUN
WARMUP_TIME=0.007529


Schedule = 3 | Chunk size = 100 | Threads = 1 | Run #0
SPMV_TIME=0.007101


Schedule = 3 | Chunk size = 100 | Threads = 1 | Run #1
SPMV_TIME=0.007108


Schedule = 3 | Chunk size = 100 | Threads = 1 | Run #2
SPMV_TIME=0.007093


Schedule = 3 | Chunk size = 100 | Threads = 1 | Run #3
SPMV_TIME=0.007083


Schedule = 3 | Chunk size = 100 | Threads = 1 | Run #4
SPMV_TIME=0.007080


Schedule = 3 | Chunk size = 100 | Threads = 1 | Run #5
SPMV_TIME=0.007089


Schedule = 3 | Chunk size = 100 | Threads = 1 | Run #6
SPMV_TIME=0.007134


Schedule = 3 | Chunk size = 100 | Threads = 1 | Run #7
SPMV_TIME=0.007153


Schedule = 3 | Chunk size = 100 | Threads = 1 | Run #8
SPMV_TIME=0.007157


Schedule = 3 | Chunk size = 100 | Threads = 1 | Run #9
SPMV_TIME=0.007121


=== MATRIX: crankseg_1.mtx ===

Schedule = 3 | Chunk size = 100 | Threads = 2 | WARM UP RUN
WARMUP_TIME=0.014961


Schedule = 3 | Chunk size = 100 | Threads = 2 | Run #0
SPMV_TIME=0.003573


Schedule = 3 | Chunk size = 100 | Threads = 2 | Run #1
SPMV_TIME=0.003571


Schedule = 3 | Chunk size = 100 | Threads = 2 | Run #2
SPMV_TIME=0.003580


Schedule = 3 | Chunk size = 100 | Threads = 2 | Run #3
SPMV_TIME=0.003590


Schedule = 3 | Chunk size = 100 | Threads = 2 | Run #4
SPMV_TIME=0.003579


Schedule = 3 | Chunk size = 100 | Threads = 2 | Run #5
SPMV_TIME=0.003611


Schedule = 3 | Chunk size = 100 | Threads = 2 | Run #6
SPMV_TIME=0.003584


Schedule = 3 | Chunk size = 100 | Threads = 2 | Run #7
SPMV_TIME=0.003590


Schedule = 3 | Chunk size = 100 | Threads = 2 | Run #8
SPMV_TIME=0.003600


Schedule = 3 | Chunk size = 100 | Threads = 2 | Run #9
SPMV_TIME=0.003578


=== MATRIX: crankseg_1.mtx ===

Schedule = 3 | Chunk size = 100 | Threads = 4 | WARM UP RUN
WARMUP_TIME=0.006228


Schedule = 3 | Chunk size = 100 | Threads = 4 | Run #0
SPMV_TIME=0.002385


Schedule = 3 | Chunk size = 100 | Threads = 4 | Run #1
SPMV_TIME=0.002054


Schedule = 3 | Chunk size = 100 | Threads = 4 | Run #2
SPMV_TIME=0.002454


Schedule = 3 | Chunk size = 100 | Threads = 4 | Run #3
SPMV_TIME=0.002005


Schedule = 3 | Chunk size = 100 | Threads = 4 | Run #4
SPMV_TIME=0.002195


Schedule = 3 | Chunk size = 100 | Threads = 4 | Run #5
SPMV_TIME=0.001979


Schedule = 3 | Chunk size = 100 | Threads = 4 | Run #6
SPMV_TIME=0.001896


Schedule = 3 | Chunk size = 100 | Threads = 4 | Run #7
SPMV_TIME=0.001825


Schedule = 3 | Chunk size = 100 | Threads = 4 | Run #8
SPMV_TIME=0.001820


Schedule = 3 | Chunk size = 100 | Threads = 4 | Run #9
SPMV_TIME=0.001795


=== MATRIX: crankseg_1.mtx ===

Schedule = 3 | Chunk size = 100 | Threads = 8 | WARM UP RUN
WARMUP_TIME=0.020648


Schedule = 3 | Chunk size = 100 | Threads = 8 | Run #0
SPMV_TIME=0.020025


Schedule = 3 | Chunk size = 100 | Threads = 8 | Run #1
SPMV_TIME=0.002136


Schedule = 3 | Chunk size = 100 | Threads = 8 | Run #2
SPMV_TIME=0.001414


Schedule = 3 | Chunk size = 100 | Threads = 8 | Run #3
SPMV_TIME=0.001320


Schedule = 3 | Chunk size = 100 | Threads = 8 | Run #4
SPMV_TIME=0.001552


Schedule = 3 | Chunk size = 100 | Threads = 8 | Run #5
SPMV_TIME=0.001714


Schedule = 3 | Chunk size = 100 | Threads = 8 | Run #6
SPMV_TIME=0.001444


Schedule = 3 | Chunk size = 100 | Threads = 8 | Run #7
SPMV_TIME=0.001391


Schedule = 3 | Chunk size = 100 | Threads = 8 | Run #8
SPMV_TIME=0.001530


Schedule = 3 | Chunk size = 100 | Threads = 8 | Run #9
SPMV_TIME=0.001250


=== MATRIX: crankseg_1.mtx ===

Schedule = 3 | Chunk size = 100 | Threads = 16 | WARM UP RUN
WARMUP_TIME=0.007107


Schedule = 3 | Chunk size = 100 | Threads = 16 | Run #0
SPMV_TIME=0.002352


Schedule = 3 | Chunk size = 100 | Threads = 16 | Run #1
SPMV_TIME=0.002200


Schedule = 3 | Chunk size = 100 | Threads = 16 | Run #2
SPMV_TIME=0.001397


Schedule = 3 | Chunk size = 100 | Threads = 16 | Run #3
SPMV_TIME=0.001717


Schedule = 3 | Chunk size = 100 | Threads = 16 | Run #4
SPMV_TIME=0.001464


Schedule = 3 | Chunk size = 100 | Threads = 16 | Run #5
SPMV_TIME=0.001519


Schedule = 3 | Chunk size = 100 | Threads = 16 | Run #6
SPMV_TIME=0.001428


Schedule = 3 | Chunk size = 100 | Threads = 16 | Run #7
SPMV_TIME=0.001405


Schedule = 3 | Chunk size = 100 | Threads = 16 | Run #8
SPMV_TIME=0.001378


Schedule = 3 | Chunk size = 100 | Threads = 16 | Run #9
SPMV_TIME=0.001242


=== MATRIX: crankseg_1.mtx ===

Schedule = 3 | Chunk size = 100 | Threads = 32 | WARM UP RUN
WARMUP_TIME=0.012348


Schedule = 3 | Chunk size = 100 | Threads = 32 | Run #0
SPMV_TIME=0.002938


Schedule = 3 | Chunk size = 100 | Threads = 32 | Run #1
SPMV_TIME=0.001419


Schedule = 3 | Chunk size = 100 | Threads = 32 | Run #2
SPMV_TIME=0.001315


Schedule = 3 | Chunk size = 100 | Threads = 32 | Run #3
SPMV_TIME=0.001387


Schedule = 3 | Chunk size = 100 | Threads = 32 | Run #4
SPMV_TIME=0.001230


Schedule = 3 | Chunk size = 100 | Threads = 32 | Run #5
SPMV_TIME=0.001266


Schedule = 3 | Chunk size = 100 | Threads = 32 | Run #6
SPMV_TIME=0.001220


Schedule = 3 | Chunk size = 100 | Threads = 32 | Run #7
SPMV_TIME=0.001049


Schedule = 3 | Chunk size = 100 | Threads = 32 | Run #8
SPMV_TIME=0.001289


Schedule = 3 | Chunk size = 100 | Threads = 32 | Run #9
SPMV_TIME=0.001110


=== MATRIX: crankseg_1.mtx ===

Schedule = 3 | Chunk size = 100 | Threads = 64 | WARM UP RUN
WARMUP_TIME=0.026206


Schedule = 3 | Chunk size = 100 | Threads = 64 | Run #0
SPMV_TIME=0.025985


Schedule = 3 | Chunk size = 100 | Threads = 64 | Run #1
SPMV_TIME=0.025996


Schedule = 3 | Chunk size = 100 | Threads = 64 | Run #2
SPMV_TIME=0.025998


Schedule = 3 | Chunk size = 100 | Threads = 64 | Run #3
SPMV_TIME=0.025995


Schedule = 3 | Chunk size = 100 | Threads = 64 | Run #4
SPMV_TIME=0.026001


Schedule = 3 | Chunk size = 100 | Threads = 64 | Run #5
SPMV_TIME=0.025993


Schedule = 3 | Chunk size = 100 | Threads = 64 | Run #6
SPMV_TIME=0.026003


Schedule = 3 | Chunk size = 100 | Threads = 64 | Run #7
SPMV_TIME=0.026002


Schedule = 3 | Chunk size = 100 | Threads = 64 | Run #8
SPMV_TIME=0.026001


Schedule = 3 | Chunk size = 100 | Threads = 64 | Run #9
SPMV_TIME=0.025996


=== MATRIX: crankseg_1.mtx ===

Schedule = 3 | Chunk size = 1000 | Threads = 1 | WARM UP RUN
WARMUP_TIME=0.007523


Schedule = 3 | Chunk size = 1000 | Threads = 1 | Run #0
SPMV_TIME=0.007075


Schedule = 3 | Chunk size = 1000 | Threads = 1 | Run #1
SPMV_TIME=0.007107


Schedule = 3 | Chunk size = 1000 | Threads = 1 | Run #2
SPMV_TIME=0.007096


Schedule = 3 | Chunk size = 1000 | Threads = 1 | Run #3
SPMV_TIME=0.007096


Schedule = 3 | Chunk size = 1000 | Threads = 1 | Run #4
SPMV_TIME=0.007080


Schedule = 3 | Chunk size = 1000 | Threads = 1 | Run #5
SPMV_TIME=0.007075


Schedule = 3 | Chunk size = 1000 | Threads = 1 | Run #6
SPMV_TIME=0.007080


Schedule = 3 | Chunk size = 1000 | Threads = 1 | Run #7
SPMV_TIME=0.007086


Schedule = 3 | Chunk size = 1000 | Threads = 1 | Run #8
SPMV_TIME=0.007087


Schedule = 3 | Chunk size = 1000 | Threads = 1 | Run #9
SPMV_TIME=0.007054


=== MATRIX: crankseg_1.mtx ===

Schedule = 3 | Chunk size = 1000 | Threads = 2 | WARM UP RUN
WARMUP_TIME=0.011717


Schedule = 3 | Chunk size = 1000 | Threads = 2 | Run #0
SPMV_TIME=0.003581


Schedule = 3 | Chunk size = 1000 | Threads = 2 | Run #1
SPMV_TIME=0.003577


Schedule = 3 | Chunk size = 1000 | Threads = 2 | Run #2
SPMV_TIME=0.003569


Schedule = 3 | Chunk size = 1000 | Threads = 2 | Run #3
SPMV_TIME=0.003569


Schedule = 3 | Chunk size = 1000 | Threads = 2 | Run #4
SPMV_TIME=0.003562


Schedule = 3 | Chunk size = 1000 | Threads = 2 | Run #5
SPMV_TIME=0.003577


Schedule = 3 | Chunk size = 1000 | Threads = 2 | Run #6
SPMV_TIME=0.003564


Schedule = 3 | Chunk size = 1000 | Threads = 2 | Run #7
SPMV_TIME=0.003583


Schedule = 3 | Chunk size = 1000 | Threads = 2 | Run #8
SPMV_TIME=0.003574


Schedule = 3 | Chunk size = 1000 | Threads = 2 | Run #9
SPMV_TIME=0.003572


=== MATRIX: crankseg_1.mtx ===

Schedule = 3 | Chunk size = 1000 | Threads = 4 | WARM UP RUN
WARMUP_TIME=0.004215


Schedule = 3 | Chunk size = 1000 | Threads = 4 | Run #0
SPMV_TIME=0.002445


Schedule = 3 | Chunk size = 1000 | Threads = 4 | Run #1
SPMV_TIME=0.002460


Schedule = 3 | Chunk size = 1000 | Threads = 4 | Run #2
SPMV_TIME=0.003349


Schedule = 3 | Chunk size = 1000 | Threads = 4 | Run #3
SPMV_TIME=0.002376


Schedule = 3 | Chunk size = 1000 | Threads = 4 | Run #4
SPMV_TIME=0.002185


Schedule = 3 | Chunk size = 1000 | Threads = 4 | Run #5
SPMV_TIME=0.002046


Schedule = 3 | Chunk size = 1000 | Threads = 4 | Run #6
SPMV_TIME=0.001963


Schedule = 3 | Chunk size = 1000 | Threads = 4 | Run #7
SPMV_TIME=0.001956


Schedule = 3 | Chunk size = 1000 | Threads = 4 | Run #8
SPMV_TIME=0.001912


Schedule = 3 | Chunk size = 1000 | Threads = 4 | Run #9
SPMV_TIME=0.001872


=== MATRIX: crankseg_1.mtx ===

Schedule = 3 | Chunk size = 1000 | Threads = 8 | WARM UP RUN
WARMUP_TIME=0.005653


Schedule = 3 | Chunk size = 1000 | Threads = 8 | Run #0
SPMV_TIME=0.002541


Schedule = 3 | Chunk size = 1000 | Threads = 8 | Run #1
SPMV_TIME=0.001818


Schedule = 3 | Chunk size = 1000 | Threads = 8 | Run #2
SPMV_TIME=0.001566


Schedule = 3 | Chunk size = 1000 | Threads = 8 | Run #3
SPMV_TIME=0.001473


Schedule = 3 | Chunk size = 1000 | Threads = 8 | Run #4
SPMV_TIME=0.002567


Schedule = 3 | Chunk size = 1000 | Threads = 8 | Run #5
SPMV_TIME=0.001917


Schedule = 3 | Chunk size = 1000 | Threads = 8 | Run #6
SPMV_TIME=0.001784


Schedule = 3 | Chunk size = 1000 | Threads = 8 | Run #7
SPMV_TIME=0.001665


Schedule = 3 | Chunk size = 1000 | Threads = 8 | Run #8
SPMV_TIME=0.001416


Schedule = 3 | Chunk size = 1000 | Threads = 8 | Run #9
SPMV_TIME=0.001307


=== MATRIX: crankseg_1.mtx ===

Schedule = 3 | Chunk size = 1000 | Threads = 16 | WARM UP RUN
WARMUP_TIME=0.018620


Schedule = 3 | Chunk size = 1000 | Threads = 16 | Run #0
SPMV_TIME=0.001997


Schedule = 3 | Chunk size = 1000 | Threads = 16 | Run #1
SPMV_TIME=0.001980


Schedule = 3 | Chunk size = 1000 | Threads = 16 | Run #2
SPMV_TIME=0.001611


Schedule = 3 | Chunk size = 1000 | Threads = 16 | Run #3
SPMV_TIME=0.001432


Schedule = 3 | Chunk size = 1000 | Threads = 16 | Run #4
SPMV_TIME=0.001543


Schedule = 3 | Chunk size = 1000 | Threads = 16 | Run #5
SPMV_TIME=0.001425


Schedule = 3 | Chunk size = 1000 | Threads = 16 | Run #6
SPMV_TIME=0.001379


Schedule = 3 | Chunk size = 1000 | Threads = 16 | Run #7
SPMV_TIME=0.001307


Schedule = 3 | Chunk size = 1000 | Threads = 16 | Run #8
SPMV_TIME=0.001380


Schedule = 3 | Chunk size = 1000 | Threads = 16 | Run #9
SPMV_TIME=0.001455


=== MATRIX: crankseg_1.mtx ===

Schedule = 3 | Chunk size = 1000 | Threads = 32 | WARM UP RUN
WARMUP_TIME=0.025780


Schedule = 3 | Chunk size = 1000 | Threads = 32 | Run #0
SPMV_TIME=0.008138


Schedule = 3 | Chunk size = 1000 | Threads = 32 | Run #1
SPMV_TIME=0.001532


Schedule = 3 | Chunk size = 1000 | Threads = 32 | Run #2
SPMV_TIME=0.001435


Schedule = 3 | Chunk size = 1000 | Threads = 32 | Run #3
SPMV_TIME=0.001437


Schedule = 3 | Chunk size = 1000 | Threads = 32 | Run #4
SPMV_TIME=0.001282


Schedule = 3 | Chunk size = 1000 | Threads = 32 | Run #5
SPMV_TIME=0.001089


Schedule = 3 | Chunk size = 1000 | Threads = 32 | Run #6
SPMV_TIME=0.001361


Schedule = 3 | Chunk size = 1000 | Threads = 32 | Run #7
SPMV_TIME=0.001202


Schedule = 3 | Chunk size = 1000 | Threads = 32 | Run #8
SPMV_TIME=0.001232


Schedule = 3 | Chunk size = 1000 | Threads = 32 | Run #9
SPMV_TIME=0.001073


=== MATRIX: crankseg_1.mtx ===

Schedule = 3 | Chunk size = 1000 | Threads = 64 | WARM UP RUN
WARMUP_TIME=0.016336


Schedule = 3 | Chunk size = 1000 | Threads = 64 | Run #0
SPMV_TIME=0.006894


Schedule = 3 | Chunk size = 1000 | Threads = 64 | Run #1
SPMV_TIME=0.001425


Schedule = 3 | Chunk size = 1000 | Threads = 64 | Run #2
SPMV_TIME=0.001208


Schedule = 3 | Chunk size = 1000 | Threads = 64 | Run #3
SPMV_TIME=0.001678


Schedule = 3 | Chunk size = 1000 | Threads = 64 | Run #4
SPMV_TIME=0.001056


Schedule = 3 | Chunk size = 1000 | Threads = 64 | Run #5
SPMV_TIME=0.001291


Schedule = 3 | Chunk size = 1000 | Threads = 64 | Run #6
SPMV_TIME=0.001022


Schedule = 3 | Chunk size = 1000 | Threads = 64 | Run #7
SPMV_TIME=0.001448


Schedule = 3 | Chunk size = 1000 | Threads = 64 | Run #8
SPMV_TIME=0.000922


Schedule = 3 | Chunk size = 1000 | Threads = 64 | Run #9
SPMV_TIME=0.001369


=== MATRIX: crankseg_1.mtx ===

Schedule = 3 | Chunk size = 10000 | Threads = 1 | WARM UP RUN
WARMUP_TIME=0.007558


Schedule = 3 | Chunk size = 10000 | Threads = 1 | Run #0
SPMV_TIME=0.007146


Schedule = 3 | Chunk size = 10000 | Threads = 1 | Run #1
SPMV_TIME=0.007138


Schedule = 3 | Chunk size = 10000 | Threads = 1 | Run #2
SPMV_TIME=0.007155


Schedule = 3 | Chunk size = 10000 | Threads = 1 | Run #3
SPMV_TIME=0.007151


Schedule = 3 | Chunk size = 10000 | Threads = 1 | Run #4
SPMV_TIME=0.007127


Schedule = 3 | Chunk size = 10000 | Threads = 1 | Run #5
SPMV_TIME=0.007122


Schedule = 3 | Chunk size = 10000 | Threads = 1 | Run #6
SPMV_TIME=0.007104


Schedule = 3 | Chunk size = 10000 | Threads = 1 | Run #7
SPMV_TIME=0.007109


Schedule = 3 | Chunk size = 10000 | Threads = 1 | Run #8
SPMV_TIME=0.007102


Schedule = 3 | Chunk size = 10000 | Threads = 1 | Run #9
SPMV_TIME=0.007117


=== MATRIX: crankseg_1.mtx ===

Schedule = 3 | Chunk size = 10000 | Threads = 2 | WARM UP RUN
WARMUP_TIME=0.011318


Schedule = 3 | Chunk size = 10000 | Threads = 2 | Run #0
SPMV_TIME=0.003605


Schedule = 3 | Chunk size = 10000 | Threads = 2 | Run #1
SPMV_TIME=0.003609


Schedule = 3 | Chunk size = 10000 | Threads = 2 | Run #2
SPMV_TIME=0.003582


Schedule = 3 | Chunk size = 10000 | Threads = 2 | Run #3
SPMV_TIME=0.003589


Schedule = 3 | Chunk size = 10000 | Threads = 2 | Run #4
SPMV_TIME=0.003598


Schedule = 3 | Chunk size = 10000 | Threads = 2 | Run #5
SPMV_TIME=0.003591


Schedule = 3 | Chunk size = 10000 | Threads = 2 | Run #6
SPMV_TIME=0.003610


Schedule = 3 | Chunk size = 10000 | Threads = 2 | Run #7
SPMV_TIME=0.003584


Schedule = 3 | Chunk size = 10000 | Threads = 2 | Run #8
SPMV_TIME=0.003597


Schedule = 3 | Chunk size = 10000 | Threads = 2 | Run #9
SPMV_TIME=0.003602


=== MATRIX: crankseg_1.mtx ===

Schedule = 3 | Chunk size = 10000 | Threads = 4 | WARM UP RUN
WARMUP_TIME=0.003591


Schedule = 3 | Chunk size = 10000 | Threads = 4 | Run #0
SPMV_TIME=0.002976


Schedule = 3 | Chunk size = 10000 | Threads = 4 | Run #1
SPMV_TIME=0.002692


Schedule = 3 | Chunk size = 10000 | Threads = 4 | Run #2
SPMV_TIME=0.002686


Schedule = 3 | Chunk size = 10000 | Threads = 4 | Run #3
SPMV_TIME=0.002671


Schedule = 3 | Chunk size = 10000 | Threads = 4 | Run #4
SPMV_TIME=0.002663


Schedule = 3 | Chunk size = 10000 | Threads = 4 | Run #5
SPMV_TIME=0.002666


Schedule = 3 | Chunk size = 10000 | Threads = 4 | Run #6
SPMV_TIME=0.002672


Schedule = 3 | Chunk size = 10000 | Threads = 4 | Run #7
SPMV_TIME=0.002657


Schedule = 3 | Chunk size = 10000 | Threads = 4 | Run #8
SPMV_TIME=0.002663


Schedule = 3 | Chunk size = 10000 | Threads = 4 | Run #9
SPMV_TIME=0.002665


=== MATRIX: crankseg_1.mtx ===

Schedule = 3 | Chunk size = 10000 | Threads = 8 | WARM UP RUN
WARMUP_TIME=0.025442


Schedule = 3 | Chunk size = 10000 | Threads = 8 | Run #0
SPMV_TIME=0.013698


Schedule = 3 | Chunk size = 10000 | Threads = 8 | Run #1
SPMV_TIME=0.002333


Schedule = 3 | Chunk size = 10000 | Threads = 8 | Run #2
SPMV_TIME=0.002072


Schedule = 3 | Chunk size = 10000 | Threads = 8 | Run #3
SPMV_TIME=0.002249


Schedule = 3 | Chunk size = 10000 | Threads = 8 | Run #4
SPMV_TIME=0.002162


Schedule = 3 | Chunk size = 10000 | Threads = 8 | Run #5
SPMV_TIME=0.002022


Schedule = 3 | Chunk size = 10000 | Threads = 8 | Run #6
SPMV_TIME=0.001983


Schedule = 3 | Chunk size = 10000 | Threads = 8 | Run #7
SPMV_TIME=0.002083


Schedule = 3 | Chunk size = 10000 | Threads = 8 | Run #8
SPMV_TIME=0.002069


Schedule = 3 | Chunk size = 10000 | Threads = 8 | Run #9
SPMV_TIME=0.002202


=== MATRIX: crankseg_1.mtx ===

Schedule = 3 | Chunk size = 10000 | Threads = 16 | WARM UP RUN
WARMUP_TIME=0.025185


Schedule = 3 | Chunk size = 10000 | Threads = 16 | Run #0
SPMV_TIME=0.025988


Schedule = 3 | Chunk size = 10000 | Threads = 16 | Run #1
SPMV_TIME=0.020047


Schedule = 3 | Chunk size = 10000 | Threads = 16 | Run #2
SPMV_TIME=0.002663


Schedule = 3 | Chunk size = 10000 | Threads = 16 | Run #3
SPMV_TIME=0.002228


Schedule = 3 | Chunk size = 10000 | Threads = 16 | Run #4
SPMV_TIME=0.002340


Schedule = 3 | Chunk size = 10000 | Threads = 16 | Run #5
SPMV_TIME=0.002177


Schedule = 3 | Chunk size = 10000 | Threads = 16 | Run #6
SPMV_TIME=0.001903


Schedule = 3 | Chunk size = 10000 | Threads = 16 | Run #7
SPMV_TIME=0.002307


Schedule = 3 | Chunk size = 10000 | Threads = 16 | Run #8
SPMV_TIME=0.002260


Schedule = 3 | Chunk size = 10000 | Threads = 16 | Run #9
SPMV_TIME=0.002614


=== MATRIX: crankseg_1.mtx ===

Schedule = 3 | Chunk size = 10000 | Threads = 32 | WARM UP RUN
WARMUP_TIME=0.025134


Schedule = 3 | Chunk size = 10000 | Threads = 32 | Run #0
SPMV_TIME=0.016012


Schedule = 3 | Chunk size = 10000 | Threads = 32 | Run #1
SPMV_TIME=0.002447


Schedule = 3 | Chunk size = 10000 | Threads = 32 | Run #2
SPMV_TIME=0.002339


Schedule = 3 | Chunk size = 10000 | Threads = 32 | Run #3
SPMV_TIME=0.002028


Schedule = 3 | Chunk size = 10000 | Threads = 32 | Run #4
SPMV_TIME=0.002473


Schedule = 3 | Chunk size = 10000 | Threads = 32 | Run #5
SPMV_TIME=0.002314


Schedule = 3 | Chunk size = 10000 | Threads = 32 | Run #6
SPMV_TIME=0.002300


Schedule = 3 | Chunk size = 10000 | Threads = 32 | Run #7
SPMV_TIME=0.002088


Schedule = 3 | Chunk size = 10000 | Threads = 32 | Run #8
SPMV_TIME=0.002119


Schedule = 3 | Chunk size = 10000 | Threads = 32 | Run #9
SPMV_TIME=0.002468


=== MATRIX: crankseg_1.mtx ===

Schedule = 3 | Chunk size = 10000 | Threads = 64 | WARM UP RUN
WARMUP_TIME=0.036579


Schedule = 3 | Chunk size = 10000 | Threads = 64 | Run #0
SPMV_TIME=0.060980


Schedule = 3 | Chunk size = 10000 | Threads = 64 | Run #1
SPMV_TIME=0.044995


Schedule = 3 | Chunk size = 10000 | Threads = 64 | Run #2
SPMV_TIME=0.054999


Schedule = 3 | Chunk size = 10000 | Threads = 64 | Run #3
SPMV_TIME=0.068801


Schedule = 3 | Chunk size = 10000 | Threads = 64 | Run #4
SPMV_TIME=0.035196


Schedule = 3 | Chunk size = 10000 | Threads = 64 | Run #5
SPMV_TIME=0.025062


Schedule = 3 | Chunk size = 10000 | Threads = 64 | Run #6
SPMV_TIME=0.026987


Schedule = 3 | Chunk size = 10000 | Threads = 64 | Run #7
SPMV_TIME=0.025940


Schedule = 3 | Chunk size = 10000 | Threads = 64 | Run #8
SPMV_TIME=0.025999


Schedule = 3 | Chunk size = 10000 | Threads = 64 | Run #9
SPMV_TIME=0.025995

